This file contains any messages produced by compilers while
running configure, to aid debugging if configure makes a mistake.

It was created by opcodes configure 2.33.50, which was
generated by GNU Autoconf 2.69.  Invocation command line was

  $ /home/koda.xu/github_prj/debug_tools/gdb/gdb-9.1/opcodes/configure --srcdir=/home/koda.xu/github_prj/debug_tools/gdb/gdb-9.1/opcodes --cache-file=./config.cache --prefix=/home/koda.xu/github_prj/debug_tools/gdb/output/gdb-9.1/gcc_6.4.0 --program-transform-name=s&^&arm-linux-gnueabihf-6.4.0-& --disable-option-checking --build=x86_64-pc-linux-gnu --host=arm-linux --target=arm-linux

## --------- ##
## Platform. ##
## --------- ##

hostname = szbcl06402
uname -m = x86_64
uname -r = 4.15.0-200-generic
uname -s = Linux
uname -v = #211-Ubuntu SMP Thu Nov 24 18:16:04 UTC 2022

/usr/bin/uname -p = unknown
/bin/uname -X     = unknown

/bin/arch              = unknown
/usr/bin/arch -k       = unknown
/usr/convex/getsysinfo = unknown
/usr/bin/hostinfo      = unknown
/bin/machine           = unknown
/usr/bin/oslevel       = unknown
/bin/universe          = unknown

PATH: /home/koda.xu/tmp/cus_xiaomi/sourcecode/project/cus_toolchain/gcc-linaro-6.4.0-2022.05-x86_64_arm-linux-gnueabihf/bin
PATH: /tools/toolchain/gcc-sigmastar-9.1.0-2020.07-x86_64_arm-linux-gnueabihf/bin/
PATH: /tools/toolchain/gcc-sigmastar-9.1.0-2020.07-x86_64_arm-linux-gnueabihf/bin/
PATH: /home/koda.xu/tmp/cus_xiaomi/sourcecode/project/cus_toolchain/gcc-linaro-6.4.0-2022.05-x86_64_arm-linux-gnueabihf/bin
PATH: /tools/toolchain/gcc-sigmastar-9.1.0-2020.07-x86_64_arm-linux-gnueabihf/bin/
PATH: /home/koda.xu/Qt/Qt5.15.0/qt5.15_lib/bin
PATH: /tools/toolchain/gcc-arm-8.2-2018.08-x86_64-arm-linux-gnueabihf/bin
PATH: /home/koda.xu/tmp/cus_xiaomi/sourcecode/project/cus_toolchain/gcc-linaro-6.4.0-2022.05-x86_64_arm-linux-gnueabihf/bin
PATH: /home/koda.xu/Qt/Qt5.15.0/qt5.15_lib/bin
PATH: /tools/toolchain/gcc-arm-8.2-2018.08-x86_64-arm-linux-gnueabihf/bin
PATH: /tools/bin
PATH: /tools/software/anaconda3/condabin
PATH: /home/koda.xu/Qt/Qt5.15.0/qt5.15_lib/bin
PATH: /tools/toolchain/gcc-arm-8.2-2018.08-x86_64-arm-linux-gnueabihf/bin
PATH: /usr/local/sbin
PATH: /usr/local/bin
PATH: /usr/sbin
PATH: /usr/bin
PATH: /sbin
PATH: /bin
PATH: /usr/games
PATH: /usr/local/games
PATH: /snap/bin


## ----------- ##
## Core tests. ##
## ----------- ##

configure:2220: loading cache ./config.cache
configure:2339: checking build system type
configure:2353: result: x86_64-pc-linux-gnu
configure:2373: checking host system type
configure:2386: result: arm-unknown-linux-gnu
configure:2406: checking target system type
configure:2419: result: arm-unknown-linux-gnu
configure:2456: checking for arm-linux-gcc
configure:2483: result: arm-linux-gnueabihf-gcc
configure:2752: checking for C compiler version
configure:2761: arm-linux-gnueabihf-gcc --version >&5
arm-linux-gnueabihf-gcc (GCC) 6.4.0
Copyright (C) 2017 Free Software Foundation, Inc.
This is free software; see the source for copying conditions.  There is NO
warranty; not even for MERCHANTABILITY or FITNESS FOR A PARTICULAR PURPOSE.

configure:2772: $? = 0
configure:2761: arm-linux-gnueabihf-gcc -v >&5
Using built-in specs.
COLLECT_GCC=arm-linux-gnueabihf-gcc
COLLECT_LTO_WRAPPER=/home/koda.xu/tmp/cus_xiaomi/sourcecode/project/cus_toolchain/gcc-linaro-6.4.0-2022.05-x86_64_arm-linux-gnueabihf/bin/../libexec/gcc/arm-linux-gnueabihf/6.4.0/lto-wrapper
Target: arm-linux-gnueabihf
Configured with: '/home/carlson.que/linaro_abe_91/build/snapshots/gcc.git~releases~gcc-9.1.0/configure' SHELL=/bin/bash --with-mpc=/home/carlson.que/linaro_abe_91/build/builds/destdir/x86_64-unknown-linux-gnu --with-mpfr=/home/carlson.que/linaro_abe_91/build/builds/destdir/x86_64-unknown-linux-gnu --with-gmp=/home/carlson.que/linaro_abe_91/build/builds/destdir/x86_64-unknown-linux-gnu --with-gnu-as --with-gnu-ld --disable-libmudflap --enable-lto --enable-shared --without-included-gettext --enable-nls --with-system-zlib --disable-sjlj-exceptions --enable-gnu-unique-object --enable-linker-build-id --disable-libstdcxx-pch --enable-c99 --enable-clocale=gnu --enable-libstdcxx-debug --enable-long-long --with-cloog=no --with-ppl=no --with-isl=no --disable-multilib --with-float=hard --with-fpu=vfpv3-d16 --with-mode=thumb --with-tune=cortex-a9 --with-arch=armv7-a --enable-threads=posix --enable-multiarch --enable-libstdcxx-time=yes --enable-gnu-indirect-function --with-build-sysroot=/home/carlson.que/linaro_abe_91/build/sysroots/arm-linux-gnueabihf --with-sysroot=/home/carlson.que/linaro_abe_91/build/builds/destdir/x86_64-unknown-linux-gnu/arm-linux-gnueabihf/libc --enable-checking=release --disable-bootstrap --enable-languages=c,c++,fortran,lto --build=x86_64-unknown-linux-gnu --host=x86_64-unknown-linux-gnu --target=arm-linux-gnueabihf --prefix=/home/carlson.que/linaro_abe_91/build/builds/destdir/x86_64-unknown-linux-gnu
Thread model: posix
gcc version 6.4.0 (GCC) 
configure:2772: $? = 0
configure:2761: arm-linux-gnueabihf-gcc -V >&5
arm-linux-gnueabihf-gcc: error: unrecognized command line option '-V'
arm-linux-gnueabihf-gcc: fatal error: no input files
compilation terminated.
configure:2772: $? = 1
configure:2761: arm-linux-gnueabihf-gcc -qversion >&5
arm-linux-gnueabihf-gcc: error: unrecognized command line option '-qversion'; did you mean '--version'?
arm-linux-gnueabihf-gcc: fatal error: no input files
compilation terminated.
configure:2772: $? = 1
configure:2792: checking whether the C compiler works
configure:2814: arm-linux-gnueabihf-gcc -g -O2    conftest.c  >&5
configure:2818: $? = 0
configure:2866: result: yes
configure:2869: checking for C compiler default output file name
configure:2871: result: a.out
configure:2877: checking for suffix of executables
configure:2884: arm-linux-gnueabihf-gcc -o conftest -g -O2    conftest.c  >&5
configure:2888: $? = 0
configure:2910: result: 
configure:2932: checking whether we are cross compiling
configure:2970: result: yes
configure:2975: checking for suffix of object files
configure:3022: result: o
configure:3026: checking whether we are using the GNU C compiler
configure:3054: result: yes
configure:3063: checking whether arm-linux-gnueabihf-gcc accepts -g
configure:3124: result: yes
configure:3141: checking for arm-linux-gnueabihf-gcc option to accept ISO C89
configure:3217: result: none needed
configure:3242: checking whether arm-linux-gnueabihf-gcc understands -c and -o together
configure:3279: result: yes
configure:3297: checking for library containing strerror
configure:3345: result: none required
configure:3370: checking for a BSD-compatible install
configure:3438: result: /usr/bin/install -c
configure:3449: checking whether build environment is sane
configure:3504: result: yes
configure:3560: checking for arm-linux-strip
configure:3587: result: strip
configure:3652: checking for a thread-safe mkdir -p
configure:3691: result: /bin/mkdir -p
configure:3698: checking for gawk
configure:3725: result: gawk
configure:3736: checking whether make sets $(MAKE)
configure:3758: result: yes
configure:3788: checking for style of include used by make
configure:3816: result: GNU
configure:3850: checking whether make supports nested variables
configure:3867: result: yes
configure:3952: checking dependency style of arm-linux-gnueabihf-gcc
configure:4063: result: gcc3
configure:4130: checking for arm-linux-gcc
configure:4157: result: arm-linux-gnueabihf-gcc
configure:4426: checking for C compiler version
configure:4435: arm-linux-gnueabihf-gcc --version >&5
arm-linux-gnueabihf-gcc (GCC) 6.4.0
Copyright (C) 2017 Free Software Foundation, Inc.
This is free software; see the source for copying conditions.  There is NO
warranty; not even for MERCHANTABILITY or FITNESS FOR A PARTICULAR PURPOSE.

configure:4446: $? = 0
configure:4435: arm-linux-gnueabihf-gcc -v >&5
Using built-in specs.
COLLECT_GCC=arm-linux-gnueabihf-gcc
COLLECT_LTO_WRAPPER=/home/koda.xu/tmp/cus_xiaomi/sourcecode/project/cus_toolchain/gcc-linaro-6.4.0-2022.05-x86_64_arm-linux-gnueabihf/bin/../libexec/gcc/arm-linux-gnueabihf/6.4.0/lto-wrapper
Target: arm-linux-gnueabihf
Configured with: '/home/carlson.que/linaro_abe_91/build/snapshots/gcc.git~releases~gcc-9.1.0/configure' SHELL=/bin/bash --with-mpc=/home/carlson.que/linaro_abe_91/build/builds/destdir/x86_64-unknown-linux-gnu --with-mpfr=/home/carlson.que/linaro_abe_91/build/builds/destdir/x86_64-unknown-linux-gnu --with-gmp=/home/carlson.que/linaro_abe_91/build/builds/destdir/x86_64-unknown-linux-gnu --with-gnu-as --with-gnu-ld --disable-libmudflap --enable-lto --enable-shared --without-included-gettext --enable-nls --with-system-zlib --disable-sjlj-exceptions --enable-gnu-unique-object --enable-linker-build-id --disable-libstdcxx-pch --enable-c99 --enable-clocale=gnu --enable-libstdcxx-debug --enable-long-long --with-cloog=no --with-ppl=no --with-isl=no --disable-multilib --with-float=hard --with-fpu=vfpv3-d16 --with-mode=thumb --with-tune=cortex-a9 --with-arch=armv7-a --enable-threads=posix --enable-multiarch --enable-libstdcxx-time=yes --enable-gnu-indirect-function --with-build-sysroot=/home/carlson.que/linaro_abe_91/build/sysroots/arm-linux-gnueabihf --with-sysroot=/home/carlson.que/linaro_abe_91/build/builds/destdir/x86_64-unknown-linux-gnu/arm-linux-gnueabihf/libc --enable-checking=release --disable-bootstrap --enable-languages=c,c++,fortran,lto --build=x86_64-unknown-linux-gnu --host=x86_64-unknown-linux-gnu --target=arm-linux-gnueabihf --prefix=/home/carlson.que/linaro_abe_91/build/builds/destdir/x86_64-unknown-linux-gnu
Thread model: posix
gcc version 6.4.0 (GCC) 
configure:4446: $? = 0
configure:4435: arm-linux-gnueabihf-gcc -V >&5
arm-linux-gnueabihf-gcc: error: unrecognized command line option '-V'
arm-linux-gnueabihf-gcc: fatal error: no input files
compilation terminated.
configure:4446: $? = 1
configure:4435: arm-linux-gnueabihf-gcc -qversion >&5
arm-linux-gnueabihf-gcc: error: unrecognized command line option '-qversion'; did you mean '--version'?
arm-linux-gnueabihf-gcc: fatal error: no input files
compilation terminated.
configure:4446: $? = 1
configure:4450: checking whether we are using the GNU C compiler
configure:4478: result: yes
configure:4487: checking whether arm-linux-gnueabihf-gcc accepts -g
configure:4548: result: yes
configure:4565: checking for arm-linux-gnueabihf-gcc option to accept ISO C89
configure:4641: result: none needed
configure:4666: checking whether arm-linux-gnueabihf-gcc understands -c and -o together
configure:4703: result: yes
configure:4725: checking how to run the C preprocessor
configure:4795: result: arm-linux-gnueabihf-gcc -E
configure:4815: arm-linux-gnueabihf-gcc -E  conftest.c
configure:4815: $? = 0
configure:4829: arm-linux-gnueabihf-gcc -E  conftest.c
conftest.c:11:28: fatal error: ac_nonexistent.h: No such file or directory
 #include <ac_nonexistent.h>
                            ^
compilation terminated.
configure:4829: $? = 1
configure: failed program was:
| /* confdefs.h */
| #define PACKAGE_NAME "opcodes"
| #define PACKAGE_TARNAME "opcodes"
| #define PACKAGE_VERSION "2.33.50"
| #define PACKAGE_STRING "opcodes 2.33.50"
| #define PACKAGE_BUGREPORT ""
| #define PACKAGE_URL ""
| #define PACKAGE "opcodes"
| #define VERSION "2.33.50"
| /* end confdefs.h.  */
| #include <ac_nonexistent.h>
configure:4858: checking for grep that handles long lines and -e
configure:4916: result: /bin/grep
configure:4921: checking for egrep
configure:4983: result: /bin/grep -E
configure:4988: checking for ANSI C header files
configure:5092: result: yes
configure:5105: checking for sys/types.h
configure:5105: result: yes
configure:5105: checking for sys/stat.h
configure:5105: result: yes
configure:5105: checking for stdlib.h
configure:5105: result: yes
configure:5105: checking for string.h
configure:5105: result: yes
configure:5105: checking for memory.h
configure:5105: result: yes
configure:5105: checking for strings.h
configure:5105: result: yes
configure:5105: checking for inttypes.h
configure:5105: result: yes
configure:5105: checking for stdint.h
configure:5105: result: yes
configure:5105: checking for unistd.h
configure:5105: result: yes
configure:5118: checking for minix/config.h
configure:5118: result: no
configure:5139: checking whether it is safe to define __EXTENSIONS__
configure:5164: result: yes
configure:5184: checking for arm-linux-ar
configure:5211: result: arm-linux-gnueabihf-ar
configure:5276: checking for arm-linux-ranlib
configure:5303: result: true
configure:5444: checking how to print strings
configure:5471: result: printf
configure:5492: checking for a sed that does not truncate output
configure:5556: result: /bin/sed
configure:5574: checking for fgrep
configure:5636: result: /bin/grep -F
configure:5671: checking for ld used by arm-linux-gnueabihf-gcc
configure:5738: result: arm-linux-gnueabihf-ld
configure:5745: checking if the linker (arm-linux-gnueabihf-ld) is GNU ld
configure:5760: result: yes
configure:5772: checking for BSD- or MS-compatible name lister (nm)
configure:5821: result: arm-linux-nm
configure:5951: checking the name lister (arm-linux-nm) interface
configure:5971: result: BSD nm
configure:5974: checking whether ln -s works
configure:5978: result: yes
configure:5986: checking the maximum length of command line arguments
configure:6111: result: 1572864
configure:6128: checking whether the shell understands some XSI constructs
configure:6138: result: yes
configure:6142: checking whether the shell understands "+="
configure:6148: result: yes
configure:6183: checking for arm-linux-gnueabihf-ld option to reload object files
configure:6190: result: -r
configure:6219: checking for arm-linux-objdump
configure:6246: result: arm-linux-objdump
configure:6318: checking how to recognize dependent libraries
configure:6519: result: pass_all
configure:6539: checking for arm-linux-ar
configure:6566: result: arm-linux-gnueabihf-ar
configure:6644: checking for arm-linux-strip
configure:6671: result: strip
configure:6743: checking for arm-linux-ranlib
configure:6770: result: true
configure:6912: checking command to parse arm-linux-nm output from arm-linux-gnueabihf-gcc object
configure:7132: result: failed
configure:7983: checking for dlfcn.h
configure:7983: result: yes
configure:8140: checking for objdir
configure:8155: result: .libs
configure:8426: checking if arm-linux-gnueabihf-gcc supports -fno-rtti -fno-exceptions
configure:8461: result: no
configure:8481: checking for arm-linux-gnueabihf-gcc option to produce PIC
configure:8767: result: -fPIC -DPIC
configure:8779: checking if arm-linux-gnueabihf-gcc PIC flag -fPIC -DPIC works
configure:8814: result: yes
configure:8838: checking if arm-linux-gnueabihf-gcc static flag -static works
configure:8866: result: yes
configure:8881: checking if arm-linux-gnueabihf-gcc supports -c -o file.o
configure:8928: result: yes
configure:8936: checking if arm-linux-gnueabihf-gcc supports -c -o file.o
configure:8983: result: yes
configure:9016: checking whether the arm-linux-gnueabihf-gcc linker (arm-linux-gnueabihf-ld) supports shared libraries
configure:10087: result: yes
configure:10332: checking dynamic linker characteristics
configure:11005: result: GNU/Linux ld.so
configure:11112: checking how to hardcode library paths into programs
configure:11137: result: immediate
configure:11677: checking whether stripping libraries is possible
configure:11682: result: yes
configure:11717: checking if libtool supports shared libraries
configure:11719: result: yes
configure:11722: checking whether to build shared libraries
configure:11743: result: no
configure:11746: checking whether to build static libraries
configure:11750: result: yes
configure:11960: checking whether to enable maintainer-specific portions of Makefiles
configure:11969: result: no
configure:11997: checking whether to install libbfd
configure:12010: result: yes
configure:12056: checking whether NLS is requested
configure:12062: result: yes
configure:12068: checking for catalogs to be installed
configure:12100: result:  da de es fi fr ga id it nl pt_BR ro sr sv tr uk vi zh_CN da de es fi fr ga id it nl pt_BR ro sr sv tr uk vi zh_CN
configure:12127: checking whether NLS is requested
configure:12136: result: yes
configure:12174: checking for msgfmt
configure:12205: result: /usr/bin/msgfmt
configure:12214: checking for gmsgfmt
configure:12245: result: /usr/bin/msgfmt
configure:12285: checking for xgettext
configure:12316: result: /usr/bin/xgettext
configure:12356: checking for msgmerge
configure:12386: result: /usr/bin/msgmerge
configure:12437: checking for build system executable suffix
configure:12455: result: no
configure:12468: checking for string.h
configure:12468: result: yes
configure:12468: checking for strings.h
configure:12468: result: yes
configure:12468: checking for stdlib.h
configure:12468: result: yes
configure:12468: checking for limits.h
configure:12468: result: yes
configure:12478: checking whether string.h and strings.h may both be included
configure:12502: result: yes
configure:12511: checking whether basename is declared
configure:12511: result: yes
configure:12521: checking whether stpcpy is declared
configure:12521: result: yes
configure:12535: checking for sigsetjmp
configure:12553: arm-linux-gnueabihf-gcc -c -g -O2  conftest.c >&5
configure:12553: $? = 0
configure:12560: result: 
configure:12604: checking linker --as-needed support
configure:12615: result: yes
configure:12706: checking for cos in -lm
configure:12740: result: yes
configure:13104: checking that generated files are newer than configure
configure:13110: result: done
configure:13145: creating ./config.status

## ---------------------- ##
## Running config.status. ##
## ---------------------- ##

This file was extended by opcodes config.status 2.33.50, which was
generated by GNU Autoconf 2.69.  Invocation command line was

  CONFIG_FILES    = 
  CONFIG_HEADERS  = 
  CONFIG_LINKS    = 
  CONFIG_COMMANDS = 
  $ ./config.status 

on szbcl06402

config.status:1137: creating Makefile
config.status:1137: creating po/Makefile.in
config.status:1137: creating config.h
config.status:1303: config.h is unchanged
config.status:1351: executing depfiles commands
config.status:1351: executing libtool commands
config.status:1351: executing default-1 commands

## ---------------- ##
## Cache variables. ##
## ---------------- ##

ac_cv_build=x86_64-pc-linux-gnu
ac_cv_c_compiler_gnu=yes
ac_cv_env_CC_set=set
ac_cv_env_CC_value=arm-linux-gnueabihf-gcc
ac_cv_env_CFLAGS_set=set
ac_cv_env_CFLAGS_value='-g -O2'
ac_cv_env_CPPFLAGS_set=
ac_cv_env_CPPFLAGS_value=
ac_cv_env_CPP_set=
ac_cv_env_CPP_value=
ac_cv_env_LDFLAGS_set=set
ac_cv_env_LDFLAGS_value=' '
ac_cv_env_LIBS_set=
ac_cv_env_LIBS_value=
ac_cv_env_build_alias_set=set
ac_cv_env_build_alias_value=x86_64-pc-linux-gnu
ac_cv_env_host_alias_set=set
ac_cv_env_host_alias_value=arm-linux
ac_cv_env_target_alias_set=set
ac_cv_env_target_alias_value=arm-linux
ac_cv_have_decl_basename=yes
ac_cv_have_decl_stpcpy=yes
ac_cv_header_dlfcn_h=yes
ac_cv_header_inttypes_h=yes
ac_cv_header_limits_h=yes
ac_cv_header_memory_h=yes
ac_cv_header_minix_config_h=no
ac_cv_header_stdc=yes
ac_cv_header_stdint_h=yes
ac_cv_header_stdlib_h=yes
ac_cv_header_string_h=yes
ac_cv_header_strings_h=yes
ac_cv_header_sys_stat_h=yes
ac_cv_header_sys_types_h=yes
ac_cv_header_unistd_h=yes
ac_cv_host=arm-unknown-linux-gnu
ac_cv_lib_m_cos=yes
ac_cv_objext=o
ac_cv_path_EGREP='/bin/grep -E'
ac_cv_path_FGREP='/bin/grep -F'
ac_cv_path_GMSGFMT=/usr/bin/msgfmt
ac_cv_path_GREP=/bin/grep
ac_cv_path_MSGFMT=/usr/bin/msgfmt
ac_cv_path_MSGMERGE=/usr/bin/msgmerge
ac_cv_path_SED=/bin/sed
ac_cv_path_XGETTEXT=/usr/bin/xgettext
ac_cv_path_mkdir=/bin/mkdir
ac_cv_prog_AR=arm-linux-gnueabihf-ar
ac_cv_prog_AWK=gawk
ac_cv_prog_CC=arm-linux-gnueabihf-gcc
ac_cv_prog_CPP='arm-linux-gnueabihf-gcc -E'
ac_cv_prog_OBJDUMP=arm-linux-objdump
ac_cv_prog_RANLIB=true
ac_cv_prog_STRIP=strip
ac_cv_prog_ac_ct_STRIP=strip
ac_cv_prog_cc_c89=
ac_cv_prog_cc_g=yes
ac_cv_prog_make_make_set=yes
ac_cv_safe_to_define___extensions__=yes
ac_cv_search_strerror='none required'
ac_cv_target=arm-unknown-linux-gnu
am_cv_CC_dependencies_compiler_type=gcc3
am_cv_make_support_nested_variables=yes
am_cv_prog_cc_c_o=yes
bfd_cv_build_exeext=no
bfd_cv_func_sigsetjmp=yes
bfd_cv_ld_as_needed=yes
gcc_cv_header_string=yes
lt_cv_deplibs_check_method=pass_all
lt_cv_file_magic_cmd='$MAGIC_CMD'
lt_cv_file_magic_test_file=
lt_cv_ld_reload_flag=-r
lt_cv_nm_interface='BSD nm'
lt_cv_objdir=.libs
lt_cv_path_LD=arm-linux-gnueabihf-ld
lt_cv_path_NM=arm-linux-nm
lt_cv_prog_compiler_c_o=yes
lt_cv_prog_compiler_pic_works=yes
lt_cv_prog_compiler_rtti_exceptions=no
lt_cv_prog_compiler_static_works=yes
lt_cv_prog_gnu_ld=yes
lt_cv_shlibpath_overrides_runpath=no
lt_cv_sys_global_symbol_pipe=
lt_cv_sys_global_symbol_to_c_name_address='sed -n -e '\''s/^: \([^ ]*\) $/  {\"\1\", (void *) 0},/p'\'' -e '\''s/^[BCDEGRST]* \([^ ]*\) \([^ ]*\)$/  {"\2", (void *) \&\2},/p'\'''
lt_cv_sys_global_symbol_to_c_name_address_lib_prefix='sed -n -e '\''s/^: \([^ ]*\) $/  {\"\1\", (void *) 0},/p'\'' -e '\''s/^[BCDEGRST]* \([^ ]*\) \(lib[^ ]*\)$/  {"\2", (void *) \&\2},/p'\'' -e '\''s/^[BCDEGRST]* \([^ ]*\) \([^ ]*\)$/  {"lib\2", (void *) \&\2},/p'\'''
lt_cv_sys_global_symbol_to_cdecl=
lt_cv_sys_max_cmd_len=1572864

## ----------------- ##
## Output variables. ##
## ----------------- ##

ACLOCAL='${SHELL} /home/koda.xu/github_prj/debug_tools/gdb/gdb-9.1/missing aclocal-1.15'
AMDEPBACKSLASH='\'
AMDEP_FALSE='#'
AMDEP_TRUE=''
AMTAR='$${TAR-tar}'
AM_BACKSLASH='\'
AM_DEFAULT_V='$(AM_DEFAULT_VERBOSITY)'
AM_DEFAULT_VERBOSITY='1'
AM_V='$(V)'
AR='arm-linux-gnueabihf-ar'
AUTOCONF='${SHELL} /home/koda.xu/github_prj/debug_tools/gdb/gdb-9.1/missing autoconf'
AUTOHEADER='${SHELL} /home/koda.xu/github_prj/debug_tools/gdb/gdb-9.1/missing autoheader'
AUTOMAKE='${SHELL} /home/koda.xu/github_prj/debug_tools/gdb/gdb-9.1/missing automake-1.15'
AWK='gawk'
BFD_MACHINES=' arm-dis.lo'
BUILD_LIBS='-liberty '
BUILD_LIB_DEPS=' '
CATALOGS=' da.gmo de.gmo es.gmo fi.gmo fr.gmo ga.gmo id.gmo it.gmo nl.gmo pt_BR.gmo ro.gmo sr.gmo sv.gmo tr.gmo uk.gmo vi.gmo zh_CN.gmo da.gmo de.gmo es.gmo fi.gmo fr.gmo ga.gmo id.gmo it.gmo nl.gmo pt_BR.gmo ro.gmo sr.gmo sv.gmo tr.gmo uk.gmo vi.gmo zh_CN.gmo'
CATOBJEXT='.gmo'
CC='arm-linux-gnueabihf-gcc'
CCDEPMODE='depmode=gcc3'
CC_FOR_BUILD='gcc'
CFLAGS='-g -O2'
CGEN_MAINT_FALSE=''
CGEN_MAINT_TRUE='#'
CPP='arm-linux-gnueabihf-gcc -E'
CPPFLAGS=''
CYGPATH_W='echo'
DATADIRNAME='share'
DEFS='-DHAVE_CONFIG_H'
DEPDIR='.deps'
DSYMUTIL=''
DUMPBIN=''
ECHO_C=''
ECHO_N='-n'
ECHO_T=''
EGREP='/bin/grep -E'
EXEEXT=''
EXEEXT_FOR_BUILD=''
FGREP='/bin/grep -F'
GENCAT='gencat'
GMSGFMT='/usr/bin/msgfmt'
GREP='/bin/grep'
HDEFINES=''
INCINTL=''
INSTALL_DATA='/usr/bin/install -c -m 644'
INSTALL_LIBBFD_FALSE='#'
INSTALL_LIBBFD_TRUE=''
INSTALL_PROGRAM='/usr/bin/install -c'
INSTALL_SCRIPT='/usr/bin/install -c'
INSTALL_STRIP_PROGRAM='$(install_sh) -c -s'
INSTOBJEXT='.mo'
LD='arm-linux-gnueabihf-ld'
LDFLAGS=' '
LIBINTL=''
LIBINTL_DEP=''
LIBM='-lm'
LIBOBJS=''
LIBS=''
LIBTOOL='$(SHELL) $(top_builddir)/libtool'
LIPO=''
LN_S='ln -s'
LTLIBOBJS=''
MAINT='#'
MAINTAINER_MODE_FALSE=''
MAINTAINER_MODE_TRUE='#'
MAKEINFO='makeinfo --split-size=5000000'
MKDIR_P='/bin/mkdir -p'
MKINSTALLDIRS='/home/koda.xu/github_prj/debug_tools/gdb/gdb-9.1/opcodes/../mkinstalldirs'
MSGFMT='/usr/bin/msgfmt'
MSGMERGE='/usr/bin/msgmerge'
NM='arm-linux-nm'
NMEDIT=''
NO_WERROR=''
OBJDUMP='arm-linux-objdump'
OBJEXT='o'
OTOOL64=''
OTOOL=''
PACKAGE='opcodes'
PACKAGE_BUGREPORT=''
PACKAGE_NAME='opcodes'
PACKAGE_STRING='opcodes 2.33.50'
PACKAGE_TARNAME='opcodes'
PACKAGE_URL=''
PACKAGE_VERSION='2.33.50'
PATH_SEPARATOR=':'
POSUB='po'
RANLIB='true'
SED='/bin/sed'
SET_MAKE=''
SHARED_DEPENDENCIES=''
SHARED_LDFLAGS=''
SHARED_LIBADD=''
SHELL='/bin/sh'
STRIP='strip'
USE_NLS='yes'
VERSION='2.33.50'
WARN_CFLAGS='-W -Wall -Wstrict-prototypes -Wmissing-prototypes -Wshadow -Wstack-usage=262144'
WARN_CFLAGS_FOR_BUILD='-W -Wall -Wstrict-prototypes -Wmissing-prototypes -Wshadow -Wstack-usage=262144'
WARN_WRITE_STRINGS='-Wwrite-strings'
XGETTEXT='/usr/bin/xgettext'
ac_ct_CC=''
ac_ct_DUMPBIN=''
am__EXEEXT_FALSE=''
am__EXEEXT_TRUE='#'
am__fastdepCC_FALSE='#'
am__fastdepCC_TRUE=''
am__include='include'
am__isrc=' -I$(srcdir)'
am__leading_dot='.'
am__nodep='_no'
am__quote=''
am__tar='$${TAR-tar} chof - "$$tardir"'
am__untar='$${TAR-tar} xf -'
archdefs=' -DARCH_arm'
bfdincludedir='$(includedir)'
bfdlibdir='$(libdir)'
bindir='${exec_prefix}/bin'
build='x86_64-pc-linux-gnu'
build_alias='x86_64-pc-linux-gnu'
build_cpu='x86_64'
build_os='linux-gnu'
build_vendor='pc'
cgendir='$(srcdir)/../cgen'
datadir='${datarootdir}'
datarootdir='${prefix}/share'
docdir='${datarootdir}/doc/${PACKAGE_TARNAME}'
dvidir='${docdir}'
exec_prefix='${prefix}'
host='arm-unknown-linux-gnu'
host_alias='arm-linux'
host_cpu='arm'
host_noncanonical='arm-linux'
host_os='linux-gnu'
host_vendor='unknown'
htmldir='${docdir}'
includedir='${prefix}/include'
infodir='${datarootdir}/info'
install_sh='${SHELL} /home/koda.xu/github_prj/debug_tools/gdb/gdb-9.1/install-sh'
libdir='${exec_prefix}/lib'
libexecdir='${exec_prefix}/libexec'
localedir='${datarootdir}/locale'
localstatedir='${prefix}/var'
mandir='${datarootdir}/man'
mkdir_p='$(MKDIR_P)'
oldincludedir='/usr/include'
pdfdir='${docdir}'
prefix='/home/koda.xu/github_prj/debug_tools/gdb/output/gdb-9.1/gcc_6.4.0'
program_transform_name='s&^&arm-linux-gnueabihf-6.4.0-&'
psdir='${docdir}'
sbindir='${exec_prefix}/sbin'
sharedstatedir='${prefix}/com'
sysconfdir='${prefix}/etc'
target='arm-unknown-linux-gnu'
target_alias='arm-linux'
target_cpu='arm'
target_noncanonical='arm-linux'
target_os='linux-gnu'
target_vendor='unknown'

## ----------- ##
## confdefs.h. ##
## ----------- ##

/* confdefs.h */
#define PACKAGE_NAME "opcodes"
#define PACKAGE_TARNAME "opcodes"
#define PACKAGE_VERSION "2.33.50"
#define PACKAGE_STRING "opcodes 2.33.50"
#define PACKAGE_BUGREPORT ""
#define PACKAGE_URL ""
#define PACKAGE "opcodes"
#define VERSION "2.33.50"
#define STDC_HEADERS 1
#define HAVE_SYS_TYPES_H 1
#define HAVE_SYS_STAT_H 1
#define HAVE_STDLIB_H 1
#define HAVE_STRING_H 1
#define HAVE_MEMORY_H 1
#define HAVE_STRINGS_H 1
#define HAVE_INTTYPES_H 1
#define HAVE_STDINT_H 1
#define HAVE_UNISTD_H 1
#define __EXTENSIONS__ 1
#define _ALL_SOURCE 1
#define _GNU_SOURCE 1
#define _POSIX_PTHREAD_SEMANTICS 1
#define _TANDEM_SOURCE 1
#define HAVE_DLFCN_H 1
#define LT_OBJDIR ".libs/"
#define ENABLE_NLS 1
#define HAVE_STRING_H 1
#define HAVE_STRINGS_H 1
#define HAVE_STDLIB_H 1
#define HAVE_LIMITS_H 1
#define STRING_WITH_STRINGS 1
#define HAVE_DECL_BASENAME 1
#define HAVE_DECL_STPCPY 1
#define HAVE_SIGSETJMP 1

configure: exit 0
