This file contains any messages produced by compilers while
running configure, to aid debugging if configure makes a mistake.

It was created by configure, which was
generated by GNU Autoconf 2.69.  Invocation command line was

  $ /home/koda.xu/github_prj/debug_tools/gdb/gdb-9.1/gdb/gdbserver/../../libiberty/configure --disable-option-checking --prefix=/home/koda.xu/github_prj/debug_tools/gdb/output/gdb-9.1/gcc_6.4.0 --program-transform-name=s&^&arm-linux-gnueabihf-6.4.0-& --build=x86_64-pc-linux-gnu --host=arm-linux --target=arm-linux build_alias=x86_64-pc-linux-gnu host_alias=arm-linux target_alias=arm-linux CC=arm-linux-gnueabihf-gcc CFLAGS=-g -O2 LDFLAGS=  CXX=arm-linux-gnueabihf-g++ CXXFLAGS=-g -O2 MAKEINFO=makeinfo --split-size=5000000 YACC=bison -y --cache-file=.././config.cache --srcdir=/home/koda.xu/github_prj/debug_tools/gdb/gdb-9.1/gdb/gdbserver/../../libiberty

## --------- ##
## Platform. ##
## --------- ##

hostname = szbcl06402
uname -m = x86_64
uname -r = 4.15.0-200-generic
uname -s = Linux
uname -v = #211-Ubuntu SMP Thu Nov 24 18:16:04 UTC 2022

/usr/bin/uname -p = unknown
/bin/uname -X     = unknown

/bin/arch              = unknown
/usr/bin/arch -k       = unknown
/usr/convex/getsysinfo = unknown
/usr/bin/hostinfo      = unknown
/bin/machine           = unknown
/usr/bin/oslevel       = unknown
/bin/universe          = unknown

PATH: /home/koda.xu/tmp/cus_xiaomi/sourcecode/project/cus_toolchain/gcc-linaro-6.4.0-2022.05-x86_64_arm-linux-gnueabihf/bin
PATH: /tools/toolchain/gcc-sigmastar-9.1.0-2020.07-x86_64_arm-linux-gnueabihf/bin/
PATH: /tools/toolchain/gcc-sigmastar-9.1.0-2020.07-x86_64_arm-linux-gnueabihf/bin/
PATH: /home/koda.xu/tmp/cus_xiaomi/sourcecode/project/cus_toolchain/gcc-linaro-6.4.0-2022.05-x86_64_arm-linux-gnueabihf/bin
PATH: /tools/toolchain/gcc-sigmastar-9.1.0-2020.07-x86_64_arm-linux-gnueabihf/bin/
PATH: /home/koda.xu/Qt/Qt5.15.0/qt5.15_lib/bin
PATH: /tools/toolchain/gcc-arm-8.2-2018.08-x86_64-arm-linux-gnueabihf/bin
PATH: /home/koda.xu/tmp/cus_xiaomi/sourcecode/project/cus_toolchain/gcc-linaro-6.4.0-2022.05-x86_64_arm-linux-gnueabihf/bin
PATH: /home/koda.xu/Qt/Qt5.15.0/qt5.15_lib/bin
PATH: /tools/toolchain/gcc-arm-8.2-2018.08-x86_64-arm-linux-gnueabihf/bin
PATH: /tools/bin
PATH: /tools/software/anaconda3/condabin
PATH: /home/koda.xu/Qt/Qt5.15.0/qt5.15_lib/bin
PATH: /tools/toolchain/gcc-arm-8.2-2018.08-x86_64-arm-linux-gnueabihf/bin
PATH: /usr/local/sbin
PATH: /usr/local/bin
PATH: /usr/sbin
PATH: /usr/bin
PATH: /sbin
PATH: /bin
PATH: /usr/games
PATH: /usr/local/games
PATH: /snap/bin


## ----------- ##
## Core tests. ##
## ----------- ##

configure:2372: loading cache .././config.cache
configure:2540: checking whether to enable maintainer-specific portions of Makefiles
configure:2550: result: no
configure:2565: checking for makeinfo
configure:2592: result: makeinfo --split-size=5000000
configure:2632: checking for perl
configure:2659: result: perl
configure:2678: checking build system type
configure:2692: result: x86_64-pc-linux-gnu
configure:2712: checking host system type
configure:2725: result: arm-unknown-linux-gnu
configure:2750: checking for arm-linux-ar
configure:2777: result: arm-linux-gnueabihf-ar
configure:2842: checking for arm-linux-ranlib
configure:2869: result: true
configure:2954: checking whether to install libiberty headers and static library
configure:2977: result: no
configure:2979: target_header_dir = 
configure:2991: checking for arm-linux-gcc
configure:3018: result: arm-linux-gnueabihf-gcc
configure:3287: checking for C compiler version
configure:3296: arm-linux-gnueabihf-gcc --version >&5
arm-linux-gnueabihf-gcc (GCC) 6.4.0
Copyright (C) 2017 Free Software Foundation, Inc.
This is free software; see the source for copying conditions.  There is NO
warranty; not even for MERCHANTABILITY or FITNESS FOR A PARTICULAR PURPOSE.

configure:3307: $? = 0
configure:3296: arm-linux-gnueabihf-gcc -v >&5
Using built-in specs.
COLLECT_GCC=arm-linux-gnueabihf-gcc
COLLECT_LTO_WRAPPER=/home/koda.xu/tmp/cus_xiaomi/sourcecode/project/cus_toolchain/gcc-linaro-6.4.0-2022.05-x86_64_arm-linux-gnueabihf/bin/../libexec/gcc/arm-linux-gnueabihf/6.4.0/lto-wrapper
Target: arm-linux-gnueabihf
Configured with: '/home/carlson.que/linaro_abe_91/build/snapshots/gcc.git~releases~gcc-9.1.0/configure' SHELL=/bin/bash --with-mpc=/home/carlson.que/linaro_abe_91/build/builds/destdir/x86_64-unknown-linux-gnu --with-mpfr=/home/carlson.que/linaro_abe_91/build/builds/destdir/x86_64-unknown-linux-gnu --with-gmp=/home/carlson.que/linaro_abe_91/build/builds/destdir/x86_64-unknown-linux-gnu --with-gnu-as --with-gnu-ld --disable-libmudflap --enable-lto --enable-shared --without-included-gettext --enable-nls --with-system-zlib --disable-sjlj-exceptions --enable-gnu-unique-object --enable-linker-build-id --disable-libstdcxx-pch --enable-c99 --enable-clocale=gnu --enable-libstdcxx-debug --enable-long-long --with-cloog=no --with-ppl=no --with-isl=no --disable-multilib --with-float=hard --with-fpu=vfpv3-d16 --with-mode=thumb --with-tune=cortex-a9 --with-arch=armv7-a --enable-threads=posix --enable-multiarch --enable-libstdcxx-time=yes --enable-gnu-indirect-function --with-build-sysroot=/home/carlson.que/linaro_abe_91/build/sysroots/arm-linux-gnueabihf --with-sysroot=/home/carlson.que/linaro_abe_91/build/builds/destdir/x86_64-unknown-linux-gnu/arm-linux-gnueabihf/libc --enable-checking=release --disable-bootstrap --enable-languages=c,c++,fortran,lto --build=x86_64-unknown-linux-gnu --host=x86_64-unknown-linux-gnu --target=arm-linux-gnueabihf --prefix=/home/carlson.que/linaro_abe_91/build/builds/destdir/x86_64-unknown-linux-gnu
Thread model: posix
gcc version 6.4.0 (GCC) 
configure:3307: $? = 0
configure:3296: arm-linux-gnueabihf-gcc -V >&5
arm-linux-gnueabihf-gcc: error: unrecognized command line option '-V'
arm-linux-gnueabihf-gcc: fatal error: no input files
compilation terminated.
configure:3307: $? = 1
configure:3296: arm-linux-gnueabihf-gcc -qversion >&5
arm-linux-gnueabihf-gcc: error: unrecognized command line option '-qversion'; did you mean '--version'?
arm-linux-gnueabihf-gcc: fatal error: no input files
compilation terminated.
configure:3307: $? = 1
configure:3323: arm-linux-gnueabihf-gcc -o conftest -g -O2    conftest.c  >&5
configure:3326: $? = 0
configure:3355: checking whether the C compiler works
configure:3377: arm-linux-gnueabihf-gcc -g -O2    conftest.c  >&5
configure:3381: $? = 0
configure:3429: result: yes
configure:3432: checking for C compiler default output file name
configure:3434: result: a.out
configure:3440: checking for suffix of executables
configure:3447: arm-linux-gnueabihf-gcc -o conftest -g -O2    conftest.c  >&5
configure:3451: $? = 0
configure:3473: result: 
configure:3495: checking whether we are cross compiling
configure:3533: result: yes
configure:3539: checking for suffix of object files
configure:3586: result: o
configure:3590: checking whether we are using the GNU C compiler
configure:3618: result: yes
configure:3627: checking whether arm-linux-gnueabihf-gcc accepts -g
configure:3688: result: yes
configure:3705: checking for arm-linux-gnueabihf-gcc option to accept ISO C89
configure:3781: result: none needed
configure:3807: checking how to run the C preprocessor
configure:3877: result: arm-linux-gnueabihf-gcc -E
configure:3897: arm-linux-gnueabihf-gcc -E  conftest.c
configure:3897: $? = 0
configure:3911: arm-linux-gnueabihf-gcc -E  conftest.c
conftest.c:9:28: fatal error: ac_nonexistent.h: No such file or directory
 #include <ac_nonexistent.h>
                            ^
compilation terminated.
configure:3911: $? = 1
configure: failed program was:
| /* confdefs.h */
| #define PACKAGE_NAME ""
| #define PACKAGE_TARNAME ""
| #define PACKAGE_VERSION ""
| #define PACKAGE_STRING ""
| #define PACKAGE_BUGREPORT ""
| #define PACKAGE_URL ""
| /* end confdefs.h.  */
| #include <ac_nonexistent.h>
configure:3940: checking for grep that handles long lines and -e
configure:3998: result: /bin/grep
configure:4003: checking for egrep
configure:4065: result: /bin/grep -E
configure:4070: checking for ANSI C header files
configure:4174: result: yes
configure:4187: checking for sys/types.h
configure:4187: result: yes
configure:4187: checking for sys/stat.h
configure:4187: result: yes
configure:4187: checking for stdlib.h
configure:4187: result: yes
configure:4187: checking for string.h
configure:4187: result: yes
configure:4187: checking for memory.h
configure:4187: result: yes
configure:4187: checking for strings.h
configure:4187: result: yes
configure:4187: checking for inttypes.h
configure:4187: result: yes
configure:4187: checking for stdint.h
configure:4187: result: yes
configure:4187: checking for unistd.h
configure:4187: result: yes
configure:4200: checking for minix/config.h
configure:4200: result: no
configure:4221: checking whether it is safe to define __EXTENSIONS__
configure:4246: result: yes
configure:4268: checking for special C compiler options needed for large files
configure:4313: result: no
configure:4319: checking for _FILE_OFFSET_BITS value needed for large files
configure:4376: result: 64
configure:4483: checking whether arm-linux-gnueabihf-gcc supports -W
configure:4509: result: yes
configure:4483: checking whether arm-linux-gnueabihf-gcc supports -Wall
configure:4509: result: yes
configure:4483: checking whether arm-linux-gnueabihf-gcc supports -Wwrite-strings
configure:4509: result: yes
configure:4483: checking whether arm-linux-gnueabihf-gcc supports -Wc++-compat
configure:4509: result: yes
configure:4483: checking whether arm-linux-gnueabihf-gcc supports -Wstrict-prototypes
configure:4509: result: yes
configure:4483: checking whether arm-linux-gnueabihf-gcc supports -Wshadow=local
configure:4509: result: yes
configure:4532: checking whether arm-linux-gnueabihf-gcc supports -pedantic 
configure:4558: result: yes
configure:4574: checking whether arm-linux-gnueabihf-gcc and cc understand -c and -o together
configure:4674: result: yes
configure:4693: checking for an ANSI C-conforming const
configure:4766: result: yes
configure:4774: checking for inline
configure:4798: result: inline
configure:4816: checking whether byte ordering is bigendian
configure:5022: result: no
configure:5061: checking for a BSD-compatible install
configure:5129: result: /usr/bin/install -c
configure:5294: checking for sys/file.h
configure:5294: result: yes
configure:5294: checking for sys/param.h
configure:5294: result: yes
configure:5294: checking for limits.h
configure:5294: result: yes
configure:5294: checking for stdlib.h
configure:5294: result: yes
configure:5294: checking for malloc.h
configure:5294: result: yes
configure:5294: checking for string.h
configure:5294: result: yes
configure:5294: checking for unistd.h
configure:5294: result: yes
configure:5294: checking for strings.h
configure:5294: result: yes
configure:5294: checking for sys/time.h
configure:5294: result: yes
configure:5294: checking for time.h
configure:5294: result: yes
configure:5294: checking for sys/resource.h
configure:5294: result: yes
configure:5294: checking for sys/stat.h
configure:5294: result: yes
configure:5294: checking for sys/mman.h
configure:5294: result: yes
configure:5294: checking for fcntl.h
configure:5294: result: yes
configure:5294: checking for alloca.h
configure:5294: result: yes
configure:5294: checking for sys/pstat.h
configure:5294: result: no
configure:5294: checking for sys/sysmp.h
configure:5294: result: no
configure:5294: checking for sys/sysinfo.h
configure:5294: result: yes
configure:5294: checking for machine/hal_sysinfo.h
configure:5294: result: no
configure:5294: checking for sys/table.h
configure:5294: result: no
configure:5294: checking for sys/sysctl.h
configure:5294: result: no
configure:5294: checking for sys/systemcfg.h
configure:5294: result: no
configure:5294: checking for stdint.h
configure:5294: result: yes
configure:5294: checking for stdio_ext.h
configure:5294: result: yes
configure:5294: checking for process.h
configure:5294: result: no
configure:5294: checking for sys/prctl.h
configure:5294: result: yes
configure:5303: checking for sys/wait.h that is POSIX.1 compatible
configure:5336: result: yes
configure:5344: checking whether time.h and sys/time.h may both be included
configure:5371: result: yes
configure:5380: checking whether errno must be declared
configure:5403: result: no
configure:5417: checking size of int
configure:5436: result: 4
configure:5450: checking size of long
configure:5469: result: 4
configure:5483: checking size of size_t
configure:5502: result: 4
configure:5514: checking for long long
configure:5514: result: yes
configure:5522: checking size of long long
configure:5541: result: 8
configure:5555: checking for a 64-bit type
configure:5623: result: uint64_t
configure:5634: checking for intptr_t
configure:5634: result: yes
configure:5670: checking for uintptr_t
configure:5670: result: yes
configure:5706: checking for ssize_t
configure:5706: result: yes
configure:5725: checking for pid_t
configure:5725: result: yes
configure:6407: checking for library containing strerror
configure:6458: result: none required
configure:6469: checking for asprintf
configure:6469: result: yes
configure:6469: checking for atexit
configure:6469: result: yes
configure:6469: checking for basename
configure:6469: result: yes
configure:6469: checking for bcmp
configure:6469: result: yes
configure:6469: checking for bcopy
configure:6469: result: yes
configure:6469: checking for bsearch
configure:6469: result: yes
configure:6469: checking for bzero
configure:6469: result: yes
configure:6469: checking for calloc
configure:6469: result: yes
configure:6469: checking for clock
configure:6469: result: yes
configure:6469: checking for ffs
configure:6469: result: yes
configure:6469: checking for getcwd
configure:6469: result: yes
configure:6469: checking for getpagesize
configure:6469: result: yes
configure:6469: checking for gettimeofday
configure:6469: result: yes
configure:6469: checking for index
configure:6469: result: yes
configure:6469: checking for insque
configure:6469: result: yes
configure:6469: checking for memchr
configure:6469: result: yes
configure:6469: checking for memcmp
configure:6469: result: yes
configure:6469: checking for memcpy
configure:6469: result: yes
configure:6469: checking for memmem
configure:6469: result: yes
configure:6469: checking for memmove
configure:6469: result: yes
configure:6469: checking for mempcpy
configure:6469: result: yes
configure:6469: checking for memset
configure:6469: result: yes
configure:6469: checking for mkstemps
configure:6469: result: yes
configure:6469: checking for putenv
configure:6469: result: yes
configure:6469: checking for random
configure:6469: result: yes
configure:6469: checking for rename
configure:6469: result: yes
configure:6469: checking for rindex
configure:6469: result: yes
configure:6469: checking for setenv
configure:6469: result: yes
configure:6469: checking for snprintf
configure:6469: result: yes
configure:6469: checking for sigsetmask
configure:6469: result: yes
configure:6469: checking for stpcpy
configure:6469: result: yes
configure:6469: checking for stpncpy
configure:6469: result: yes
configure:6469: checking for strcasecmp
configure:6469: result: yes
configure:6469: checking for strchr
configure:6469: result: yes
configure:6469: checking for strdup
configure:6469: result: yes
configure:6469: checking for strncasecmp
configure:6469: result: yes
configure:6469: checking for strndup
configure:6469: result: yes
configure:6469: checking for strnlen
configure:6469: result: yes
configure:6469: checking for strrchr
configure:6469: result: yes
configure:6469: checking for strstr
configure:6469: result: yes
configure:6469: checking for strtod
configure:6469: result: yes
configure:6469: checking for strtol
configure:6469: result: yes
configure:6469: checking for strtoul
configure:6469: result: yes
configure:6469: checking for strtoll
configure:6469: result: yes
configure:6469: checking for strtoull
configure:6469: result: yes
configure:6469: checking for strverscmp
configure:6469: result: yes
configure:6469: checking for tmpnam
configure:6469: result: yes
configure:6469: checking for vasprintf
configure:6469: result: yes
configure:6469: checking for vfprintf
configure:6469: result: yes
configure:6469: checking for vprintf
configure:6469: result: yes
configure:6469: checking for vsnprintf
configure:6469: result: yes
configure:6469: checking for vsprintf
configure:6469: result: yes
configure:6469: checking for waitpid
configure:6469: result: yes
configure:6469: checking for setproctitle
configure:6469: result: no
configure:6485: checking whether alloca needs Cray hooks
configure:6508: result: no
configure:6525: checking stack direction for C alloca
configure:6562: result: 0
configure:6572: checking for vfork.h
configure:6572: result: no
configure:6584: checking for fork
configure:6584: result: yes
configure:6584: checking for vfork
configure:6584: result: yes
configure:6594: checking for working fork
configure:6626: result: yes
configure:6647: checking for working vfork
configure:6757: result: yes
configure:6811: checking for _doprnt
configure:6811: result: no
configure:6823: checking for sys_errlist
configure:6852: result: yes
configure:6823: checking for sys_nerr
configure:6852: result: yes
configure:6823: checking for sys_siglist
configure:6852: result: yes
configure:6867: checking for external symbol _system_configuration
configure:6880: arm-linux-gnueabihf-gcc -c -g -O2  conftest.c >&5
conftest.c:116:27: fatal error: sys/systemcfg.h: No such file or directory
 #include <sys/systemcfg.h>
                           ^
compilation terminated.
configure:6880: $? = 1
configure: failed program was:
| /* confdefs.h */
| #define PACKAGE_NAME ""
| #define PACKAGE_TARNAME ""
| #define PACKAGE_VERSION ""
| #define PACKAGE_STRING ""
| #define PACKAGE_BUGREPORT ""
| #define PACKAGE_URL ""
| #define STDC_HEADERS 1
| #define HAVE_SYS_TYPES_H 1
| #define HAVE_SYS_STAT_H 1
| #define HAVE_STDLIB_H 1
| #define HAVE_STRING_H 1
| #define HAVE_MEMORY_H 1
| #define HAVE_STRINGS_H 1
| #define HAVE_INTTYPES_H 1
| #define HAVE_STDINT_H 1
| #define HAVE_UNISTD_H 1
| #define __EXTENSIONS__ 1
| #define _ALL_SOURCE 1
| #define _GNU_SOURCE 1
| #define _POSIX_PTHREAD_SEMANTICS 1
| #define _TANDEM_SOURCE 1
| #define _FILE_OFFSET_BITS 64
| #define HAVE_SYS_FILE_H 1
| #define HAVE_SYS_PARAM_H 1
| #define HAVE_LIMITS_H 1
| #define HAVE_STDLIB_H 1
| #define HAVE_MALLOC_H 1
| #define HAVE_STRING_H 1
| #define HAVE_UNISTD_H 1
| #define HAVE_STRINGS_H 1
| #define HAVE_SYS_TIME_H 1
| #define HAVE_TIME_H 1
| #define HAVE_SYS_RESOURCE_H 1
| #define HAVE_SYS_STAT_H 1
| #define HAVE_SYS_MMAN_H 1
| #define HAVE_FCNTL_H 1
| #define HAVE_ALLOCA_H 1
| #define HAVE_SYS_SYSINFO_H 1
| #define HAVE_STDINT_H 1
| #define HAVE_STDIO_EXT_H 1
| #define HAVE_SYS_PRCTL_H 1
| #define HAVE_SYS_WAIT_H 1
| #define TIME_WITH_SYS_TIME 1
| #define SIZEOF_INT 4
| #define SIZEOF_LONG 4
| #define SIZEOF_SIZE_T 4
| #define HAVE_LONG_LONG 1
| #define SIZEOF_LONG_LONG 8
| #define UNSIGNED_64BIT_TYPE uint64_t
| #define HAVE_INTPTR_T 1
| #define HAVE_UINTPTR_T 1
| #define HAVE_UINTPTR_T 1
| #define HAVE_ASPRINTF 1
| #define HAVE_ATEXIT 1
| #define HAVE_BASENAME 1
| #define HAVE_BCMP 1
| #define HAVE_BCOPY 1
| #define HAVE_BSEARCH 1
| #define HAVE_BZERO 1
| #define HAVE_CALLOC 1
| #define HAVE_CLOCK 1
| #define HAVE_FFS 1
| #define HAVE_GETCWD 1
| #define HAVE_GETPAGESIZE 1
| #define HAVE_GETTIMEOFDAY 1
| #define HAVE_INDEX 1
| #define HAVE_INSQUE 1
| #define HAVE_MEMCHR 1
| #define HAVE_MEMCMP 1
| #define HAVE_MEMCPY 1
| #define HAVE_MEMMEM 1
| #define HAVE_MEMMOVE 1
| #define HAVE_MEMPCPY 1
| #define HAVE_MEMSET 1
| #define HAVE_MKSTEMPS 1
| #define HAVE_PUTENV 1
| #define HAVE_RANDOM 1
| #define HAVE_RENAME 1
| #define HAVE_RINDEX 1
| #define HAVE_SETENV 1
| #define HAVE_SNPRINTF 1
| #define HAVE_SIGSETMASK 1
| #define HAVE_STPCPY 1
| #define HAVE_STPNCPY 1
| #define HAVE_STRCASECMP 1
| #define HAVE_STRCHR 1
| #define HAVE_STRDUP 1
| #define HAVE_STRNCASECMP 1
| #define HAVE_STRNDUP 1
| #define HAVE_STRNLEN 1
| #define HAVE_STRRCHR 1
| #define HAVE_STRSTR 1
| #define HAVE_STRTOD 1
| #define HAVE_STRTOL 1
| #define HAVE_STRTOUL 1
| #define HAVE_STRTOLL 1
| #define HAVE_STRTOULL 1
| #define HAVE_STRVERSCMP 1
| #define HAVE_TMPNAM 1
| #define HAVE_VASPRINTF 1
| #define HAVE_VFPRINTF 1
| #define HAVE_VPRINTF 1
| #define HAVE_VSNPRINTF 1
| #define HAVE_VSPRINTF 1
| #define HAVE_WAITPID 1
| #define STACK_DIRECTION 0
| #define HAVE_FORK 1
| #define HAVE_VFORK 1
| #define HAVE_WORKING_VFORK 1
| #define HAVE_WORKING_FORK 1
| #define HAVE_SYS_ERRLIST 1
| #define HAVE_SYS_NERR 1
| #define HAVE_SYS_SIGLIST 1
| /* end confdefs.h.  */
| #include <sys/systemcfg.h>
| int
| main ()
| {
| double x = _system_configuration.physmem;
|   ;
|   return 0;
| }
configure:6887: result: no
configure:6895: checking for __fsetlocking
configure:6895: result: yes
configure:6895: checking for canonicalize_file_name
configure:6895: result: yes
configure:6895: checking for dup3
configure:6895: result: yes
configure:6895: checking for getrlimit
configure:6895: result: yes
configure:6895: checking for getrusage
configure:6895: result: yes
configure:6895: checking for getsysinfo
configure:6895: result: no
configure:6895: checking for gettimeofday
configure:6895: result: yes
configure:6895: checking for on_exit
configure:6895: result: yes
configure:6895: checking for pipe2
configure:6895: result: yes
configure:6895: checking for psignal
configure:6895: result: yes
configure:6895: checking for pstat_getdynamic
configure:6895: result: no
configure:6895: checking for pstat_getstatic
configure:6895: result: no
configure:6895: checking for realpath
configure:6895: result: yes
configure:6895: checking for setrlimit
configure:6895: result: yes
configure:6895: checking for sbrk
configure:6895: result: yes
configure:6895: checking for spawnve
configure:6895: result: no
configure:6895: checking for spawnvpe
configure:6895: result: no
configure:6895: checking for strerror
configure:6895: result: yes
configure:6895: checking for strsignal
configure:6895: result: yes
configure:6895: checking for sysconf
configure:6895: result: yes
configure:6895: checking for sysctl
configure:6895: result: yes
configure:6895: checking for sysmp
configure:6895: result: no
configure:6895: checking for table
configure:6895: result: no
configure:6895: checking for times
configure:6895: result: yes
configure:6895: checking for wait3
configure:6895: result: yes
configure:6895: checking for wait4
configure:6895: result: yes
configure:6905: checking whether basename is declared
configure:6905: result: yes
configure:6915: checking whether ffs is declared
configure:6915: result: yes
configure:6925: checking whether asprintf is declared
configure:6925: result: yes
configure:6935: checking whether vasprintf is declared
configure:6935: result: yes
configure:6945: checking whether snprintf is declared
configure:6945: result: yes
configure:6955: checking whether vsnprintf is declared
configure:6955: result: yes
configure:6966: checking whether calloc is declared
configure:6966: result: yes
configure:6976: checking whether getenv is declared
configure:6976: result: yes
configure:6986: checking whether getopt is declared
configure:6986: result: yes
configure:6996: checking whether malloc is declared
configure:6996: result: yes
configure:7006: checking whether realloc is declared
configure:7006: result: yes
configure:7016: checking whether sbrk is declared
configure:7016: result: yes
configure:7027: checking whether strtol is declared
configure:7027: result: yes
configure:7037: checking whether strtoul is declared
configure:7037: result: yes
configure:7047: checking whether strtoll is declared
configure:7047: result: yes
configure:7057: checking whether strtoull is declared
configure:7057: result: yes
configure:7068: checking whether strverscmp is declared
configure:7068: result: yes
configure:7079: checking whether strnlen is declared
configure:7079: result: yes
configure:7090: checking whether canonicalize_file_name must be declared
configure:7129: result: no
configure:7154: checking for stdlib.h
configure:7154: result: yes
configure:7154: checking for unistd.h
configure:7154: result: yes
configure:7154: checking for sys/param.h
configure:7154: result: yes
configure:7355: checking for working strncmp
configure:7438: result: yes
configure:7593: creating ./config.status

## ---------------------- ##
## Running config.status. ##
## ---------------------- ##

This file was extended by config.status, which was
generated by GNU Autoconf 2.69.  Invocation command line was

  CONFIG_FILES    = 
  CONFIG_HEADERS  = 
  CONFIG_LINKS    = 
  CONFIG_COMMANDS = 
  $ ./config.status 

on szbcl06402

config.status:1011: creating Makefile
config.status:1011: creating testsuite/Makefile
config.status:1011: creating config.h
config.status:1176: config.h is unchanged
config.status:1190: executing default commands

## ---------------- ##
## Cache variables. ##
## ---------------- ##

ac_cv_build=x86_64-pc-linux-gnu
ac_cv_c_bigendian=no
ac_cv_c_compiler_gnu=yes
ac_cv_c_const=yes
ac_cv_c_flexmember=yes
ac_cv_c_inline=inline
ac_cv_c_restrict=__restrict
ac_cv_c_stack_direction=0
ac_cv_env_CC_set=set
ac_cv_env_CC_value=arm-linux-gnueabihf-gcc
ac_cv_env_CFLAGS_set=set
ac_cv_env_CFLAGS_value='-g -O2'
ac_cv_env_CPPFLAGS_set=
ac_cv_env_CPPFLAGS_value=
ac_cv_env_CPP_set=
ac_cv_env_CPP_value=
ac_cv_env_LDFLAGS_set=set
ac_cv_env_LDFLAGS_value=' '
ac_cv_env_LIBS_set=
ac_cv_env_LIBS_value=
ac_cv_env_build_alias_set=set
ac_cv_env_build_alias_value=x86_64-pc-linux-gnu
ac_cv_env_host_alias_set=set
ac_cv_env_host_alias_value=arm-linux
ac_cv_env_target_alias_set=set
ac_cv_env_target_alias_value=arm-linux
ac_cv_func___fsetlocking=yes
ac_cv_func___xpg_strerror_r=yes
ac_cv_func__doprnt=no
ac_cv_func__set_invalid_parameter_handler=no
ac_cv_func_alloca_works=yes
ac_cv_func_asprintf=yes
ac_cv_func_atexit=yes
ac_cv_func_basename=yes
ac_cv_func_bcmp=yes
ac_cv_func_bcopy=yes
ac_cv_func_bsearch=yes
ac_cv_func_btowc=yes
ac_cv_func_bzero=yes
ac_cv_func_calloc=yes
ac_cv_func_canonicalize_file_name=yes
ac_cv_func_catgets=yes
ac_cv_func_clock=yes
ac_cv_func_closedir=yes
ac_cv_func_dirfd=yes
ac_cv_func_dup3=yes
ac_cv_func_fchdir=yes
ac_cv_func_fcntl=yes
ac_cv_func_fdopendir=yes
ac_cv_func_ffs=yes
ac_cv_func_fork=yes
ac_cv_func_fork_works=yes
ac_cv_func_fstatat=yes
ac_cv_func_getcwd=yes
ac_cv_func_getdtablesize=yes
ac_cv_func_getegid=yes
ac_cv_func_geteuid=yes
ac_cv_func_getexecname=no
ac_cv_func_getgid=yes
ac_cv_func_getlogin_r=yes
ac_cv_func_getpagesize=yes
ac_cv_func_getprogname=no
ac_cv_func_getpwnam_r=yes
ac_cv_func_getrlimit=yes
ac_cv_func_getrusage=yes
ac_cv_func_getsysinfo=no
ac_cv_func_gettimeofday=yes
ac_cv_func_getuid=yes
ac_cv_func_index=yes
ac_cv_func_insque=yes
ac_cv_func_isblank=yes
ac_cv_func_iswcntrl=yes
ac_cv_func_iswctype=yes
ac_cv_func_link=yes
ac_cv_func_localtime_r=yes
ac_cv_func_lstat=yes
ac_cv_func_malloc_0_nonnull=yes
ac_cv_func_mbrtowc=yes
ac_cv_func_mbsinit=yes
ac_cv_func_mbsrtowcs=yes
ac_cv_func_memchr=yes
ac_cv_func_memcmp=yes
ac_cv_func_memcpy=yes
ac_cv_func_memmem=yes
ac_cv_func_memmove=yes
ac_cv_func_mempcpy=yes
ac_cv_func_memrchr=yes
ac_cv_func_memset=yes
ac_cv_func_mkdtemp=yes
ac_cv_func_mkostemp=yes
ac_cv_func_mkstemps=yes
ac_cv_func_mmap=yes
ac_cv_func_mmap_fixed_mapped=no
ac_cv_func_mprotect=yes
ac_cv_func_on_exit=yes
ac_cv_func_openat=yes
ac_cv_func_opendir=yes
ac_cv_func_pipe2=yes
ac_cv_func_pipe=yes
ac_cv_func_psignal=yes
ac_cv_func_pstat_getdynamic=no
ac_cv_func_pstat_getstatic=no
ac_cv_func_putenv=yes
ac_cv_func_random=yes
ac_cv_func_rawmemchr=yes
ac_cv_func_readdir=yes
ac_cv_func_readlink=yes
ac_cv_func_realpath=yes
ac_cv_func_rename=yes
ac_cv_func_rewinddir=yes
ac_cv_func_rindex=yes
ac_cv_func_sbrk=yes
ac_cv_func_secure_getenv=yes
ac_cv_func_setenv=yes
ac_cv_func_setproctitle=no
ac_cv_func_setrlimit=yes
ac_cv_func_shutdown=yes
ac_cv_func_sigsetmask=yes
ac_cv_func_snprintf=yes
ac_cv_func_spawnve=no
ac_cv_func_spawnvpe=no
ac_cv_func_stpcpy=yes
ac_cv_func_stpncpy=yes
ac_cv_func_strcasecmp=yes
ac_cv_func_strchr=yes
ac_cv_func_strchrnul=yes
ac_cv_func_strdup=yes
ac_cv_func_strerror=yes
ac_cv_func_strerror_r=yes
ac_cv_func_strncasecmp=yes
ac_cv_func_strncmp_works=yes
ac_cv_func_strndup=yes
ac_cv_func_strnlen=yes
ac_cv_func_strrchr=yes
ac_cv_func_strsignal=yes
ac_cv_func_strstr=yes
ac_cv_func_strtod=yes
ac_cv_func_strtok_r=yes
ac_cv_func_strtol=yes
ac_cv_func_strtoll=yes
ac_cv_func_strtoul=yes
ac_cv_func_strtoull=yes
ac_cv_func_strverscmp=yes
ac_cv_func_symlink=yes
ac_cv_func_sysconf=yes
ac_cv_func_sysctl=yes
ac_cv_func_sysmp=no
ac_cv_func_table=no
ac_cv_func_times=yes
ac_cv_func_tmpnam=yes
ac_cv_func_towlower=yes
ac_cv_func_tsearch=yes
ac_cv_func_unsetenv=yes
ac_cv_func_vasprintf=yes
ac_cv_func_vfork=yes
ac_cv_func_vfork_works=yes
ac_cv_func_vfprintf=yes
ac_cv_func_vprintf=yes
ac_cv_func_vsnprintf=yes
ac_cv_func_vsprintf=yes
ac_cv_func_wait3=yes
ac_cv_func_wait4=yes
ac_cv_func_waitpid=yes
ac_cv_func_wmemchr=yes
ac_cv_func_wmemcpy=yes
ac_cv_func_wmempcpy=yes
ac_cv_gnu_library_2_1=yes
ac_cv_have_decl__Exit=yes
ac_cv_have_decl___argv=no
ac_cv_have_decl_accept4=yes
ac_cv_have_decl_accept=yes
ac_cv_have_decl_acosf=yes
ac_cv_have_decl_acosl=yes
ac_cv_have_decl_alarm=yes
ac_cv_have_decl_alphasort=yes
ac_cv_have_decl_asinf=yes
ac_cv_have_decl_asinl=yes
ac_cv_have_decl_asprintf=yes
ac_cv_have_decl_atanf=yes
ac_cv_have_decl_atanl=yes
ac_cv_have_decl_atoll=yes
ac_cv_have_decl_basename_char_p_=yes
ac_cv_have_decl_bind=yes
ac_cv_have_decl_btowc=yes
ac_cv_have_decl_calloc=yes
ac_cv_have_decl_canonicalize_file_name=yes
ac_cv_have_decl_cbrt=yes
ac_cv_have_decl_cbrtf=yes
ac_cv_have_decl_cbrtl=yes
ac_cv_have_decl_ceilf=yes
ac_cv_have_decl_ceill=yes
ac_cv_have_decl_chdir=yes
ac_cv_have_decl_chown=yes
ac_cv_have_decl_closedir=yes
ac_cv_have_decl_connect=yes
ac_cv_have_decl_copysign=yes
ac_cv_have_decl_copysignf=yes
ac_cv_have_decl_copysignl=yes
ac_cv_have_decl_cosf=yes
ac_cv_have_decl_coshf=yes
ac_cv_have_decl_cosl=yes
ac_cv_have_decl_dirfd=yes
ac_cv_have_decl_dprintf=yes
ac_cv_have_decl_dup2=yes
ac_cv_have_decl_dup3=yes
ac_cv_have_decl_dup=yes
ac_cv_have_decl_endusershell=yes
ac_cv_have_decl_environ=yes
ac_cv_have_decl_euidaccess=yes
ac_cv_have_decl_exp2=yes
ac_cv_have_decl_exp2f=yes
ac_cv_have_decl_exp2l=yes
ac_cv_have_decl_expf=yes
ac_cv_have_decl_expl=yes
ac_cv_have_decl_expm1=yes
ac_cv_have_decl_expm1f=yes
ac_cv_have_decl_expm1l=yes
ac_cv_have_decl_fabsf=yes
ac_cv_have_decl_fabsl=yes
ac_cv_have_decl_faccessat=yes
ac_cv_have_decl_fchdir=yes
ac_cv_have_decl_fchmodat=yes
ac_cv_have_decl_fchownat=yes
ac_cv_have_decl_fcntl=yes
ac_cv_have_decl_fdatasync=yes
ac_cv_have_decl_fdopendir=yes
ac_cv_have_decl_ffs=yes
ac_cv_have_decl_ffsl=yes
ac_cv_have_decl_ffsll=yes
ac_cv_have_decl_floorf=yes
ac_cv_have_decl_floorl=yes
ac_cv_have_decl_fma=yes
ac_cv_have_decl_fmaf=yes
ac_cv_have_decl_fmal=yes
ac_cv_have_decl_fmod=yes
ac_cv_have_decl_fmodf=yes
ac_cv_have_decl_fmodl=yes
ac_cv_have_decl_frexpf=yes
ac_cv_have_decl_frexpl=yes
ac_cv_have_decl_fseeko=yes
ac_cv_have_decl_fstat=yes
ac_cv_have_decl_fstatat=yes
ac_cv_have_decl_fsync=yes
ac_cv_have_decl_ftello=yes
ac_cv_have_decl_ftruncate=yes
ac_cv_have_decl_futimens=yes
ac_cv_have_decl_getc_unlocked=yes
ac_cv_have_decl_getcwd=yes
ac_cv_have_decl_getdelim=yes
ac_cv_have_decl_getdomainname=yes
ac_cv_have_decl_getdtablesize=yes
ac_cv_have_decl_getenv=yes
ac_cv_have_decl_getgroups=yes
ac_cv_have_decl_gethostname=yes
ac_cv_have_decl_getline=yes
ac_cv_have_decl_getloadavg=yes
ac_cv_have_decl_getlogin=yes
ac_cv_have_decl_getlogin_r=yes
ac_cv_have_decl_getopt=yes
ac_cv_have_decl_getpagesize=yes
ac_cv_have_decl_getpeername=yes
ac_cv_have_decl_getsockname=yes
ac_cv_have_decl_getsockopt=yes
ac_cv_have_decl_getsubopt=yes
ac_cv_have_decl_gettimeofday=yes
ac_cv_have_decl_getusershell=yes
ac_cv_have_decl_grantpt=yes
ac_cv_have_decl_group_member=yes
ac_cv_have_decl_hypotf=yes
ac_cv_have_decl_hypotl=yes
ac_cv_have_decl_ilogb=yes
ac_cv_have_decl_ilogbf=yes
ac_cv_have_decl_ilogbl=yes
ac_cv_have_decl_imaxabs=yes
ac_cv_have_decl_imaxdiv=yes
ac_cv_have_decl_inet_ntop=yes
ac_cv_have_decl_inet_pton=yes
ac_cv_have_decl_initstate=yes
ac_cv_have_decl_initstate_r=yes
ac_cv_have_decl_isatty=yes
ac_cv_have_decl_isblank=yes
ac_cv_have_decl_iswctype=yes
ac_cv_have_decl_lchmod=yes
ac_cv_have_decl_lchown=yes
ac_cv_have_decl_ldexpf=yes
ac_cv_have_decl_ldexpl=yes
ac_cv_have_decl_link=yes
ac_cv_have_decl_linkat=yes
ac_cv_have_decl_listen=yes
ac_cv_have_decl_localtime_r=yes
ac_cv_have_decl_log10=yes
ac_cv_have_decl_log10f=yes
ac_cv_have_decl_log10l=yes
ac_cv_have_decl_log1p=yes
ac_cv_have_decl_log1pf=yes
ac_cv_have_decl_log1pl=yes
ac_cv_have_decl_log2=yes
ac_cv_have_decl_log2f=yes
ac_cv_have_decl_log2l=yes
ac_cv_have_decl_log=yes
ac_cv_have_decl_logb=yes
ac_cv_have_decl_logbf=yes
ac_cv_have_decl_logbl=yes
ac_cv_have_decl_logf=yes
ac_cv_have_decl_logl=yes
ac_cv_have_decl_lseek=yes
ac_cv_have_decl_lstat=yes
ac_cv_have_decl_malloc=yes
ac_cv_have_decl_mbrlen=yes
ac_cv_have_decl_mbrtowc=yes
ac_cv_have_decl_mbsinit=yes
ac_cv_have_decl_mbsnrtowcs=yes
ac_cv_have_decl_mbsrtowcs=yes
ac_cv_have_decl_memmem=yes
ac_cv_have_decl_mempcpy=yes
ac_cv_have_decl_memrchr=yes
ac_cv_have_decl_mkdirat=yes
ac_cv_have_decl_mkdtemp=yes
ac_cv_have_decl_mkfifo=yes
ac_cv_have_decl_mkfifoat=yes
ac_cv_have_decl_mknod=yes
ac_cv_have_decl_mknodat=yes
ac_cv_have_decl_mkostemp=yes
ac_cv_have_decl_mkostemps=yes
ac_cv_have_decl_mkstemp=yes
ac_cv_have_decl_mkstemps=yes
ac_cv_have_decl_modf=yes
ac_cv_have_decl_modff=yes
ac_cv_have_decl_modfl=yes
ac_cv_have_decl_openat=yes
ac_cv_have_decl_opendir=yes
ac_cv_have_decl_pclose=yes
ac_cv_have_decl_pipe2=yes
ac_cv_have_decl_pipe=yes
ac_cv_have_decl_popen=yes
ac_cv_have_decl_posix_openpt=yes
ac_cv_have_decl_powf=yes
ac_cv_have_decl_pread=yes
ac_cv_have_decl_program_invocation_name=yes
ac_cv_have_decl_program_invocation_short_name=yes
ac_cv_have_decl_pthread_sigmask=yes
ac_cv_have_decl_ptsname=yes
ac_cv_have_decl_ptsname_r=yes
ac_cv_have_decl_pwrite=yes
ac_cv_have_decl_qsort_r=yes
ac_cv_have_decl_random=yes
ac_cv_have_decl_random_r=yes
ac_cv_have_decl_rawmemchr=yes
ac_cv_have_decl_readdir=yes
ac_cv_have_decl_readlink=yes
ac_cv_have_decl_readlinkat=yes
ac_cv_have_decl_realloc=yes
ac_cv_have_decl_realpath=yes
ac_cv_have_decl_recv=yes
ac_cv_have_decl_recvfrom=yes
ac_cv_have_decl_remainder=yes
ac_cv_have_decl_remainderf=yes
ac_cv_have_decl_remainderl=yes
ac_cv_have_decl_renameat=yes
ac_cv_have_decl_rewinddir=yes
ac_cv_have_decl_rint=yes
ac_cv_have_decl_rintf=yes
ac_cv_have_decl_rintl=yes
ac_cv_have_decl_rmdir=yes
ac_cv_have_decl_round=yes
ac_cv_have_decl_roundf=yes
ac_cv_have_decl_roundl=yes
ac_cv_have_decl_rpmatch=yes
ac_cv_have_decl_sbrk=yes
ac_cv_have_decl_scandir=yes
ac_cv_have_decl_secure_getenv=yes
ac_cv_have_decl_send=yes
ac_cv_have_decl_sendto=yes
ac_cv_have_decl_setenv=yes
ac_cv_have_decl_sethostname=yes
ac_cv_have_decl_setsockopt=yes
ac_cv_have_decl_setstate=yes
ac_cv_have_decl_setstate_r=yes
ac_cv_have_decl_setusershell=yes
ac_cv_have_decl_shutdown=yes
ac_cv_have_decl_sigaction=yes
ac_cv_have_decl_sigaddset=yes
ac_cv_have_decl_sigdelset=yes
ac_cv_have_decl_sigemptyset=yes
ac_cv_have_decl_sigfillset=yes
ac_cv_have_decl_sigismember=yes
ac_cv_have_decl_sigpending=yes
ac_cv_have_decl_sigprocmask=yes
ac_cv_have_decl_sinf=yes
ac_cv_have_decl_sinhf=yes
ac_cv_have_decl_sinl=yes
ac_cv_have_decl_sleep=yes
ac_cv_have_decl_snprintf=yes
ac_cv_have_decl_socket=yes
ac_cv_have_decl_sqrtf=yes
ac_cv_have_decl_sqrtl=yes
ac_cv_have_decl_srandom=yes
ac_cv_have_decl_srandom_r=yes
ac_cv_have_decl_stat=yes
ac_cv_have_decl_stpcpy=yes
ac_cv_have_decl_stpncpy=yes
ac_cv_have_decl_strcasestr=yes
ac_cv_have_decl_strchrnul=yes
ac_cv_have_decl_strdup=yes
ac_cv_have_decl_strerror_r=yes
ac_cv_have_decl_strncat=yes
ac_cv_have_decl_strndup=yes
ac_cv_have_decl_strnlen=yes
ac_cv_have_decl_strpbrk=yes
ac_cv_have_decl_strsep=yes
ac_cv_have_decl_strsignal=yes
ac_cv_have_decl_strtod=yes
ac_cv_have_decl_strtoimax=yes
ac_cv_have_decl_strtok_r=yes
ac_cv_have_decl_strtol=yes
ac_cv_have_decl_strtoll=yes
ac_cv_have_decl_strtoul=yes
ac_cv_have_decl_strtoull=yes
ac_cv_have_decl_strtoumax=yes
ac_cv_have_decl_strverscmp=yes
ac_cv_have_decl_symlink=yes
ac_cv_have_decl_symlinkat=yes
ac_cv_have_decl_tanf=yes
ac_cv_have_decl_tanhf=yes
ac_cv_have_decl_tanl=yes
ac_cv_have_decl_tmpfile=yes
ac_cv_have_decl_towctrans=yes
ac_cv_have_decl_trunc=yes
ac_cv_have_decl_truncf=yes
ac_cv_have_decl_truncl=yes
ac_cv_have_decl_ttyname_r=yes
ac_cv_have_decl_unlink=yes
ac_cv_have_decl_unlinkat=yes
ac_cv_have_decl_unlockpt=yes
ac_cv_have_decl_unsetenv=yes
ac_cv_have_decl_usleep=yes
ac_cv_have_decl_utimensat=yes
ac_cv_have_decl_vasprintf=yes
ac_cv_have_decl_vdprintf=yes
ac_cv_have_decl_vsnprintf=yes
ac_cv_have_decl_wcpcpy=yes
ac_cv_have_decl_wcpncpy=yes
ac_cv_have_decl_wcrtomb=yes
ac_cv_have_decl_wcscasecmp=yes
ac_cv_have_decl_wcscat=yes
ac_cv_have_decl_wcschr=yes
ac_cv_have_decl_wcscmp=yes
ac_cv_have_decl_wcscoll=yes
ac_cv_have_decl_wcscpy=yes
ac_cv_have_decl_wcscspn=yes
ac_cv_have_decl_wcsdup=yes
ac_cv_have_decl_wcslen=yes
ac_cv_have_decl_wcsncasecmp=yes
ac_cv_have_decl_wcsncat=yes
ac_cv_have_decl_wcsncmp=yes
ac_cv_have_decl_wcsncpy=yes
ac_cv_have_decl_wcsnlen=yes
ac_cv_have_decl_wcsnrtombs=yes
ac_cv_have_decl_wcspbrk=yes
ac_cv_have_decl_wcsrchr=yes
ac_cv_have_decl_wcsrtombs=yes
ac_cv_have_decl_wcsspn=yes
ac_cv_have_decl_wcsstr=yes
ac_cv_have_decl_wcstok=yes
ac_cv_have_decl_wcswidth=yes
ac_cv_have_decl_wcsxfrm=yes
ac_cv_have_decl_wctob=yes
ac_cv_have_decl_wctrans=yes
ac_cv_have_decl_wctype=yes
ac_cv_have_decl_wcwidth=yes
ac_cv_have_decl_wmemchr=yes
ac_cv_have_decl_wmemcmp=yes
ac_cv_have_decl_wmemcpy=yes
ac_cv_have_decl_wmemmove=yes
ac_cv_have_decl_wmemset=yes
ac_cv_header_alloca_h=yes
ac_cv_header_arpa_inet_h=yes
ac_cv_header_bp_sym_h=no
ac_cv_header_dirent_h=yes
ac_cv_header_dlfcn_h=yes
ac_cv_header_fcntl_h=yes
ac_cv_header_features_h=yes
ac_cv_header_glob_h=yes
ac_cv_header_inttypes_h=yes
ac_cv_header_limits_h=yes
ac_cv_header_machine_hal_sysinfo_h=no
ac_cv_header_malloc_h=yes
ac_cv_header_math_h=yes
ac_cv_header_memory_h=yes
ac_cv_header_minix_config_h=no
ac_cv_header_netdb_h=yes
ac_cv_header_netinet_in_h=yes
ac_cv_header_process_h=no
ac_cv_header_pthread_h=yes
ac_cv_header_search_h=yes
ac_cv_header_stat_broken=no
ac_cv_header_stdbool_h=yes
ac_cv_header_stdc=yes
ac_cv_header_stdint_h=yes
ac_cv_header_stdio_ext_h=yes
ac_cv_header_stdlib_h=yes
ac_cv_header_string_h=yes
ac_cv_header_strings_h=yes
ac_cv_header_sys_cdefs_h=yes
ac_cv_header_sys_file_h=yes
ac_cv_header_sys_mman_h=yes
ac_cv_header_sys_param_h=yes
ac_cv_header_sys_prctl_h=yes
ac_cv_header_sys_pstat_h=no
ac_cv_header_sys_resource_h=yes
ac_cv_header_sys_socket_h=yes
ac_cv_header_sys_stat_h=yes
ac_cv_header_sys_sysctl_h=no
ac_cv_header_sys_sysinfo_h=yes
ac_cv_header_sys_sysmp_h=no
ac_cv_header_sys_systemcfg_h=no
ac_cv_header_sys_table_h=no
ac_cv_header_sys_time_h=yes
ac_cv_header_sys_types_h=yes
ac_cv_header_sys_uio_h=yes
ac_cv_header_sys_wait_h=yes
ac_cv_header_time=yes
ac_cv_header_time_h=yes
ac_cv_header_unistd_h=yes
ac_cv_header_vfork_h=no
ac_cv_header_wchar_h=yes
ac_cv_header_wctype_h=yes
ac_cv_header_windows_h=no
ac_cv_host=arm-unknown-linux-gnu
ac_cv_lib_error_at_line=yes
ac_cv_member_struct_sockaddr_storage_ss_family=yes
ac_cv_objext=o
ac_cv_os_cray=no
ac_cv_path_EGREP='/bin/grep -E'
ac_cv_path_GREP=/bin/grep
ac_cv_path_mkdir=/bin/mkdir
ac_cv_prog_AR=arm-linux-gnueabihf-ar
ac_cv_prog_AWK=gawk
ac_cv_prog_CC=arm-linux-gnueabihf-gcc
ac_cv_prog_CPP='arm-linux-gnueabihf-gcc -E'
ac_cv_prog_MAKEINFO='makeinfo --split-size=5000000'
ac_cv_prog_PERL=perl
ac_cv_prog_RANLIB=true
ac_cv_prog_ac_ct_STRIP=strip
ac_cv_prog_cc_arm_linux_gnueabihf_gcc_c_o=yes
ac_cv_prog_cc_c89=
ac_cv_prog_cc_g=yes
ac_cv_prog_make_make_set=yes
ac_cv_safe_to_define___extensions__=yes
ac_cv_search_dlsym=-ldl
ac_cv_search_inet_ntop='none required'
ac_cv_search_strerror='none required'
ac_cv_should_define__xopen_source=no
ac_cv_sizeof_int=4
ac_cv_sizeof_long=4
ac_cv_sizeof_long_long=8
ac_cv_sizeof_size_t=4
ac_cv_sys_file_offset_bits=64
ac_cv_sys_largefile_CC=no
ac_cv_target=arm-unknown-linux-gnu
ac_cv_type__Bool=yes
ac_cv_type_intptr_t=yes
ac_cv_type_long_long=yes
ac_cv_type_long_long_int=yes
ac_cv_type_max_align_t=yes
ac_cv_type_mbstate_t=yes
ac_cv_type_mode_t=yes
ac_cv_type_nlink_t=yes
ac_cv_type_pid_t=yes
ac_cv_type_pthread_rwlock_t=yes
ac_cv_type_sa_family_t=yes
ac_cv_type_sighandler_t=yes
ac_cv_type_sigset_t=yes
ac_cv_type_size_t=yes
ac_cv_type_socklen_t=yes
ac_cv_type_ssize_t=yes
ac_cv_type_struct_sockaddr_storage=yes
ac_cv_type_uid_t=yes
ac_cv_type_uintptr_t=yes
ac_cv_type_unsigned_long_long_int=yes
ac_cv_type_volatile_sig_atomic_t=yes
ac_cv_working_alloca_h=yes
acl_cv_hardcode_direct=no
acl_cv_hardcode_libdir_flag_spec='${wl}-rpath ${wl}$libdir'
acl_cv_hardcode_libdir_separator=
acl_cv_hardcode_minus_L=no
acl_cv_libext=a
acl_cv_path_LD=arm-linux-gnueabihf-ld
acl_cv_prog_gnu_ld=yes
acl_cv_rpath=done
acl_cv_shlibext=so
acl_cv_wl=-Wl,
acx_cv_prog_cc_pedantic_=yes
acx_cv_prog_cc_warning__W=yes
acx_cv_prog_cc_warning__Wall=yes
acx_cv_prog_cc_warning__Wcpp_compat=yes
acx_cv_prog_cc_warning__Wshadow_local=yes
acx_cv_prog_cc_warning__Wstrict_prototypes=yes
acx_cv_prog_cc_warning__Wwrite_strings=yes
am_cv_CC_dependencies_compiler_type=gcc3
am_cv_ar_interface=ar
am_cv_langinfo_codeset=yes
am_cv_make_support_nested_variables=yes
am_cv_prog_cc_c_o=yes
am_cv_prog_cc_stdc=
gl_cv_C_locale_sans_EILSEQ='guessing no'
gl_cv_c_amsterdam_compiler=no
gl_cv_c_multiarch=no
gl_cv_cc_double_expbit0=unknown
gl_cv_decl_null_works=yes
gl_cv_decl_readlink_works=yes
gl_cv_double_slash_root='unknown, assuming no'
gl_cv_func_dirfd_macro=no
gl_cv_func_dup2_works='guessing yes'
gl_cv_func_dup_works='guessing yes'
gl_cv_func_fcntl_f_dupfd_cloexec='needs runtime check'
gl_cv_func_fcntl_f_dupfd_works='guessing yes'
gl_cv_func_fdopendir_works='guessing yes'
gl_cv_func_fnmatch_gnu='guessing no'
gl_cv_func_frexp_no_libm=yes
gl_cv_func_frexp_works='guessing yes'
gl_cv_func_frexpl_no_libm=yes
gl_cv_func_frexpl_works='guessing yes'
gl_cv_func_fstatat_zero_flag='guessing yes'
gl_cv_func_getcwd_abort_bug=yes
gl_cv_func_getcwd_null='guessing yes'
gl_cv_func_getcwd_path_max='no, but it is partly working'
gl_cv_func_getcwd_posix_signature=yes
gl_cv_func_getdtablesize_works='guessing yes'
gl_cv_func_getlogin_r_works='guessing yes'
gl_cv_func_gettimeofday_clobber='guessing no'
gl_cv_func_gettimeofday_posix_signature=almost
gl_cv_func_isnand_no_libm=yes
gl_cv_func_isnanl_no_libm=yes
gl_cv_func_isnanl_works='guessing yes'
gl_cv_func_iswcntrl_works='guessing yes'
gl_cv_func_itold_works='guessing yes'
gl_cv_func_lstat_dereferences_slashed_symlink='guessing yes'
gl_cv_func_malloc_0_nonnull=1
gl_cv_func_malloc_posix=yes
gl_cv_func_mbrtowc_empty_input='guessing no'
gl_cv_func_mbrtowc_incomplete_state='guessing yes'
gl_cv_func_mbrtowc_nul_retval='guessing yes'
gl_cv_func_mbrtowc_null_arg1='guessing yes'
gl_cv_func_mbrtowc_null_arg2='guessing yes'
gl_cv_func_mbrtowc_retval='guessing yes'
gl_cv_func_mbrtowc_sanitycheck='guessing yes'
gl_cv_func_mbsrtowcs_works='guessing yes'
gl_cv_func_memchr_works='guessing no'
gl_cv_func_memmem_works_always='guessing yes'
gl_cv_func_memmem_works_fast='guessing yes'
gl_cv_func_mkdir_trailing_dot_works='guessing yes'
gl_cv_func_mkdir_trailing_slash_works='guessing yes'
gl_cv_func_open_slash='guessing yes'
gl_cv_func_printf_attribute_flavor=system
gl_cv_func_readlink_works='guessing yes'
gl_cv_func_realpath_works='guessing yes'
gl_cv_func_rename_dest_works='guessing yes'
gl_cv_func_rename_link_works='guessing yes'
gl_cv_func_rename_slash_dst_works='guessing yes'
gl_cv_func_rename_slash_src_works='guessing yes'
gl_cv_func_rmdir_works='guessing yes'
gl_cv_func_setenv_works='guessing yes'
gl_cv_func_stat_dir_slash='guessing yes'
gl_cv_func_stat_file_slash='guessing yes'
gl_cv_func_strchrnul_works='guessing yes'
gl_cv_func_strerror_0_works='guessing yes'
gl_cv_func_strerror_r_posix_signature=no
gl_cv_func_strerror_r_works='guessing no'
gl_cv_func_strtok_r_works='guessing no'
gl_cv_func_unsetenv_works='guessing yes'
gl_cv_func_working_strerror='guessing yes'
gl_cv_gnu_glob_interface_version_1=no
gl_cv_have_arbitrary_file_name_length_limit=yes
gl_cv_have_include_next=yes
gl_cv_have_raw_decl__Exit=yes
gl_cv_have_raw_decl_accept4=yes
gl_cv_have_raw_decl_accept=yes
gl_cv_have_raw_decl_acosf=yes
gl_cv_have_raw_decl_acosl=yes
gl_cv_have_raw_decl_alphasort=yes
gl_cv_have_raw_decl_asinf=yes
gl_cv_have_raw_decl_asinl=yes
gl_cv_have_raw_decl_atanf=yes
gl_cv_have_raw_decl_atanl=yes
gl_cv_have_raw_decl_atoll=yes
gl_cv_have_raw_decl_bind=yes
gl_cv_have_raw_decl_btowc=yes
gl_cv_have_raw_decl_canonicalize_file_name=yes
gl_cv_have_raw_decl_cbrt=yes
gl_cv_have_raw_decl_cbrtf=yes
gl_cv_have_raw_decl_cbrtl=yes
gl_cv_have_raw_decl_ceilf=yes
gl_cv_have_raw_decl_ceill=yes
gl_cv_have_raw_decl_chdir=yes
gl_cv_have_raw_decl_chown=yes
gl_cv_have_raw_decl_closedir=yes
gl_cv_have_raw_decl_connect=yes
gl_cv_have_raw_decl_copysign=yes
gl_cv_have_raw_decl_copysignf=yes
gl_cv_have_raw_decl_copysignl=yes
gl_cv_have_raw_decl_cosf=yes
gl_cv_have_raw_decl_coshf=yes
gl_cv_have_raw_decl_cosl=yes
gl_cv_have_raw_decl_dirfd=yes
gl_cv_have_raw_decl_dprintf=yes
gl_cv_have_raw_decl_dup2=yes
gl_cv_have_raw_decl_dup3=yes
gl_cv_have_raw_decl_dup=yes
gl_cv_have_raw_decl_endusershell=yes
gl_cv_have_raw_decl_environ=yes
gl_cv_have_raw_decl_euidaccess=yes
gl_cv_have_raw_decl_exp2=yes
gl_cv_have_raw_decl_exp2f=yes
gl_cv_have_raw_decl_exp2l=yes
gl_cv_have_raw_decl_expf=yes
gl_cv_have_raw_decl_expl=yes
gl_cv_have_raw_decl_expm1=yes
gl_cv_have_raw_decl_expm1f=yes
gl_cv_have_raw_decl_expm1l=yes
gl_cv_have_raw_decl_fabsf=yes
gl_cv_have_raw_decl_fabsl=yes
gl_cv_have_raw_decl_faccessat=yes
gl_cv_have_raw_decl_fchdir=yes
gl_cv_have_raw_decl_fchmodat=yes
gl_cv_have_raw_decl_fchownat=yes
gl_cv_have_raw_decl_fcntl=yes
gl_cv_have_raw_decl_fdatasync=yes
gl_cv_have_raw_decl_fdopendir=yes
gl_cv_have_raw_decl_ffsl=yes
gl_cv_have_raw_decl_ffsll=yes
gl_cv_have_raw_decl_floorf=yes
gl_cv_have_raw_decl_floorl=yes
gl_cv_have_raw_decl_fma=yes
gl_cv_have_raw_decl_fmaf=yes
gl_cv_have_raw_decl_fmal=yes
gl_cv_have_raw_decl_fmod=yes
gl_cv_have_raw_decl_fmodf=yes
gl_cv_have_raw_decl_fmodl=yes
gl_cv_have_raw_decl_fpurge=no
gl_cv_have_raw_decl_frexpf=yes
gl_cv_have_raw_decl_frexpl=yes
gl_cv_have_raw_decl_fseeko=yes
gl_cv_have_raw_decl_fstat=yes
gl_cv_have_raw_decl_fstatat=yes
gl_cv_have_raw_decl_fsync=yes
gl_cv_have_raw_decl_ftello=yes
gl_cv_have_raw_decl_ftruncate=yes
gl_cv_have_raw_decl_futimens=yes
gl_cv_have_raw_decl_getcwd=yes
gl_cv_have_raw_decl_getdelim=yes
gl_cv_have_raw_decl_getdomainname=yes
gl_cv_have_raw_decl_getdtablesize=yes
gl_cv_have_raw_decl_getgroups=yes
gl_cv_have_raw_decl_gethostname=yes
gl_cv_have_raw_decl_getline=yes
gl_cv_have_raw_decl_getloadavg=yes
gl_cv_have_raw_decl_getlogin=yes
gl_cv_have_raw_decl_getlogin_r=yes
gl_cv_have_raw_decl_getpagesize=yes
gl_cv_have_raw_decl_getpeername=yes
gl_cv_have_raw_decl_gets=no
gl_cv_have_raw_decl_getsockname=yes
gl_cv_have_raw_decl_getsockopt=yes
gl_cv_have_raw_decl_getsubopt=yes
gl_cv_have_raw_decl_gettimeofday=yes
gl_cv_have_raw_decl_getusershell=yes
gl_cv_have_raw_decl_grantpt=yes
gl_cv_have_raw_decl_group_member=yes
gl_cv_have_raw_decl_hypotf=yes
gl_cv_have_raw_decl_hypotl=yes
gl_cv_have_raw_decl_ilogb=yes
gl_cv_have_raw_decl_ilogbf=yes
gl_cv_have_raw_decl_ilogbl=yes
gl_cv_have_raw_decl_imaxabs=yes
gl_cv_have_raw_decl_imaxdiv=yes
gl_cv_have_raw_decl_inet_ntop=yes
gl_cv_have_raw_decl_inet_pton=yes
gl_cv_have_raw_decl_initstate=yes
gl_cv_have_raw_decl_initstate_r=yes
gl_cv_have_raw_decl_isatty=yes
gl_cv_have_raw_decl_iswctype=yes
gl_cv_have_raw_decl_lchmod=yes
gl_cv_have_raw_decl_lchown=yes
gl_cv_have_raw_decl_ldexpf=yes
gl_cv_have_raw_decl_ldexpl=yes
gl_cv_have_raw_decl_link=yes
gl_cv_have_raw_decl_linkat=yes
gl_cv_have_raw_decl_listen=yes
gl_cv_have_raw_decl_log10=yes
gl_cv_have_raw_decl_log10f=yes
gl_cv_have_raw_decl_log10l=yes
gl_cv_have_raw_decl_log1p=yes
gl_cv_have_raw_decl_log1pf=yes
gl_cv_have_raw_decl_log1pl=yes
gl_cv_have_raw_decl_log2=yes
gl_cv_have_raw_decl_log2f=yes
gl_cv_have_raw_decl_log2l=yes
gl_cv_have_raw_decl_log=yes
gl_cv_have_raw_decl_logb=yes
gl_cv_have_raw_decl_logbf=yes
gl_cv_have_raw_decl_logbl=yes
gl_cv_have_raw_decl_logf=yes
gl_cv_have_raw_decl_logl=yes
gl_cv_have_raw_decl_lseek=yes
gl_cv_have_raw_decl_lstat=yes
gl_cv_have_raw_decl_mbrlen=yes
gl_cv_have_raw_decl_mbrtowc=yes
gl_cv_have_raw_decl_mbsinit=yes
gl_cv_have_raw_decl_mbsnrtowcs=yes
gl_cv_have_raw_decl_mbsrtowcs=yes
gl_cv_have_raw_decl_memmem=yes
gl_cv_have_raw_decl_mempcpy=yes
gl_cv_have_raw_decl_memrchr=yes
gl_cv_have_raw_decl_mkdirat=yes
gl_cv_have_raw_decl_mkdtemp=yes
gl_cv_have_raw_decl_mkfifo=yes
gl_cv_have_raw_decl_mkfifoat=yes
gl_cv_have_raw_decl_mknod=yes
gl_cv_have_raw_decl_mknodat=yes
gl_cv_have_raw_decl_mkostemp=yes
gl_cv_have_raw_decl_mkostemps=yes
gl_cv_have_raw_decl_mkstemp=yes
gl_cv_have_raw_decl_mkstemps=yes
gl_cv_have_raw_decl_modf=yes
gl_cv_have_raw_decl_modff=yes
gl_cv_have_raw_decl_modfl=yes
gl_cv_have_raw_decl_openat=yes
gl_cv_have_raw_decl_opendir=yes
gl_cv_have_raw_decl_pclose=yes
gl_cv_have_raw_decl_pipe2=yes
gl_cv_have_raw_decl_pipe=yes
gl_cv_have_raw_decl_popen=yes
gl_cv_have_raw_decl_posix_openpt=yes
gl_cv_have_raw_decl_powf=yes
gl_cv_have_raw_decl_pread=yes
gl_cv_have_raw_decl_pthread_sigmask=yes
gl_cv_have_raw_decl_ptsname=yes
gl_cv_have_raw_decl_ptsname_r=yes
gl_cv_have_raw_decl_pwrite=yes
gl_cv_have_raw_decl_qsort_r=yes
gl_cv_have_raw_decl_random=yes
gl_cv_have_raw_decl_random_r=yes
gl_cv_have_raw_decl_rawmemchr=yes
gl_cv_have_raw_decl_readdir=yes
gl_cv_have_raw_decl_readlink=yes
gl_cv_have_raw_decl_readlinkat=yes
gl_cv_have_raw_decl_realpath=yes
gl_cv_have_raw_decl_recv=yes
gl_cv_have_raw_decl_recvfrom=yes
gl_cv_have_raw_decl_remainder=yes
gl_cv_have_raw_decl_remainderf=yes
gl_cv_have_raw_decl_remainderl=yes
gl_cv_have_raw_decl_renameat=yes
gl_cv_have_raw_decl_rewinddir=yes
gl_cv_have_raw_decl_rint=yes
gl_cv_have_raw_decl_rintf=yes
gl_cv_have_raw_decl_rintl=yes
gl_cv_have_raw_decl_rmdir=yes
gl_cv_have_raw_decl_round=yes
gl_cv_have_raw_decl_roundf=yes
gl_cv_have_raw_decl_roundl=yes
gl_cv_have_raw_decl_rpmatch=yes
gl_cv_have_raw_decl_scandir=yes
gl_cv_have_raw_decl_secure_getenv=yes
gl_cv_have_raw_decl_send=yes
gl_cv_have_raw_decl_sendto=yes
gl_cv_have_raw_decl_setenv=yes
gl_cv_have_raw_decl_sethostname=yes
gl_cv_have_raw_decl_setsockopt=yes
gl_cv_have_raw_decl_setstate=yes
gl_cv_have_raw_decl_setstate_r=yes
gl_cv_have_raw_decl_setusershell=yes
gl_cv_have_raw_decl_shutdown=yes
gl_cv_have_raw_decl_sigaction=yes
gl_cv_have_raw_decl_sigaddset=yes
gl_cv_have_raw_decl_sigdelset=yes
gl_cv_have_raw_decl_sigemptyset=yes
gl_cv_have_raw_decl_sigfillset=yes
gl_cv_have_raw_decl_sigismember=yes
gl_cv_have_raw_decl_sigpending=yes
gl_cv_have_raw_decl_sigprocmask=yes
gl_cv_have_raw_decl_sinf=yes
gl_cv_have_raw_decl_sinhf=yes
gl_cv_have_raw_decl_sinl=yes
gl_cv_have_raw_decl_sleep=yes
gl_cv_have_raw_decl_snprintf=yes
gl_cv_have_raw_decl_socket=yes
gl_cv_have_raw_decl_sqrtf=yes
gl_cv_have_raw_decl_sqrtl=yes
gl_cv_have_raw_decl_srandom=yes
gl_cv_have_raw_decl_srandom_r=yes
gl_cv_have_raw_decl_stat=yes
gl_cv_have_raw_decl_stpcpy=yes
gl_cv_have_raw_decl_stpncpy=yes
gl_cv_have_raw_decl_strcasestr=yes
gl_cv_have_raw_decl_strchrnul=yes
gl_cv_have_raw_decl_strdup=yes
gl_cv_have_raw_decl_strerror_r=yes
gl_cv_have_raw_decl_strncat=yes
gl_cv_have_raw_decl_strndup=yes
gl_cv_have_raw_decl_strnlen=yes
gl_cv_have_raw_decl_strpbrk=yes
gl_cv_have_raw_decl_strsep=yes
gl_cv_have_raw_decl_strsignal=yes
gl_cv_have_raw_decl_strtod=yes
gl_cv_have_raw_decl_strtoimax=yes
gl_cv_have_raw_decl_strtok_r=yes
gl_cv_have_raw_decl_strtoll=yes
gl_cv_have_raw_decl_strtoull=yes
gl_cv_have_raw_decl_strtoumax=yes
gl_cv_have_raw_decl_strverscmp=yes
gl_cv_have_raw_decl_symlink=yes
gl_cv_have_raw_decl_symlinkat=yes
gl_cv_have_raw_decl_tanf=yes
gl_cv_have_raw_decl_tanhf=yes
gl_cv_have_raw_decl_tanl=yes
gl_cv_have_raw_decl_tmpfile=yes
gl_cv_have_raw_decl_towctrans=yes
gl_cv_have_raw_decl_trunc=yes
gl_cv_have_raw_decl_truncf=yes
gl_cv_have_raw_decl_truncl=yes
gl_cv_have_raw_decl_ttyname_r=yes
gl_cv_have_raw_decl_unlink=yes
gl_cv_have_raw_decl_unlinkat=yes
gl_cv_have_raw_decl_unlockpt=yes
gl_cv_have_raw_decl_unsetenv=yes
gl_cv_have_raw_decl_usleep=yes
gl_cv_have_raw_decl_utimensat=yes
gl_cv_have_raw_decl_vdprintf=yes
gl_cv_have_raw_decl_vsnprintf=yes
gl_cv_have_raw_decl_wcpcpy=yes
gl_cv_have_raw_decl_wcpncpy=yes
gl_cv_have_raw_decl_wcrtomb=yes
gl_cv_have_raw_decl_wcscasecmp=yes
gl_cv_have_raw_decl_wcscat=yes
gl_cv_have_raw_decl_wcschr=yes
gl_cv_have_raw_decl_wcscmp=yes
gl_cv_have_raw_decl_wcscoll=yes
gl_cv_have_raw_decl_wcscpy=yes
gl_cv_have_raw_decl_wcscspn=yes
gl_cv_have_raw_decl_wcsdup=yes
gl_cv_have_raw_decl_wcslen=yes
gl_cv_have_raw_decl_wcsncasecmp=yes
gl_cv_have_raw_decl_wcsncat=yes
gl_cv_have_raw_decl_wcsncmp=yes
gl_cv_have_raw_decl_wcsncpy=yes
gl_cv_have_raw_decl_wcsnlen=yes
gl_cv_have_raw_decl_wcsnrtombs=yes
gl_cv_have_raw_decl_wcspbrk=yes
gl_cv_have_raw_decl_wcsrchr=yes
gl_cv_have_raw_decl_wcsrtombs=yes
gl_cv_have_raw_decl_wcsspn=yes
gl_cv_have_raw_decl_wcsstr=yes
gl_cv_have_raw_decl_wcstok=yes
gl_cv_have_raw_decl_wcswidth=yes
gl_cv_have_raw_decl_wcsxfrm=yes
gl_cv_have_raw_decl_wctob=yes
gl_cv_have_raw_decl_wctrans=yes
gl_cv_have_raw_decl_wctype=yes
gl_cv_have_raw_decl_wcwidth=yes
gl_cv_have_raw_decl_wmemchr=yes
gl_cv_have_raw_decl_wmemcmp=yes
gl_cv_have_raw_decl_wmemcpy=yes
gl_cv_have_raw_decl_wmemmove=yes
gl_cv_have_raw_decl_wmemset=yes
gl_cv_have_weak='guessing yes'
gl_cv_header_errno_h_complete=yes
gl_cv_header_limits_width=yes
gl_cv_header_math_huge_val_works=yes
gl_cv_header_math_nan_works=yes
gl_cv_header_netinet_in_h_selfcontained=yes
gl_cv_header_stdint_predates_cxx11_h=no
gl_cv_header_stdint_width=yes
gl_cv_header_sys_socket_h_selfcontained=yes
gl_cv_header_sys_socket_h_shut=yes
gl_cv_header_wchar_h_correct_inline=yes
gl_cv_header_working_fcntl_h=cross-compiling
gl_cv_header_working_stdalign_h=yes
gl_cv_header_working_stdint_h=yes
gl_cv_long_double_equals_double=yes
gl_cv_next_arpa_inet_h='<arpa/inet.h>'
gl_cv_next_dirent_h='<dirent.h>'
gl_cv_next_fcntl_h='<fcntl.h>'
gl_cv_next_inttypes_h='<inttypes.h>'
gl_cv_next_limits_h='<limits.h>'
gl_cv_next_math_h='<math.h>'
gl_cv_next_signal_h='<signal.h>'
gl_cv_next_stdint_h='<stdint.h>'
gl_cv_next_stdio_h='<stdio.h>'
gl_cv_next_stdlib_h='<stdlib.h>'
gl_cv_next_string_h='<string.h>'
gl_cv_next_sys_socket_h='<sys/socket.h>'
gl_cv_next_sys_stat_h='<sys/stat.h>'
gl_cv_next_sys_time_h='<sys/time.h>'
gl_cv_next_sys_types_h='<sys/types.h>'
gl_cv_next_sys_uio_h='<sys/uio.h>'
gl_cv_next_time_h='<time.h>'
gl_cv_next_unistd_h='<unistd.h>'
gl_cv_next_wchar_h='<wchar.h>'
gl_cv_next_wctype_h='<wctype.h>'
gl_cv_pragma_columns=no
gl_cv_promoted_mode_t=mode_t
gl_cv_rpl_alloca=yes
gl_cv_socket_ipv4=yes
gl_cv_socket_ipv6=yes
gl_cv_struct_dirent_d_ino='guessing yes'
gl_cv_struct_dirent_d_type=yes
gl_cv_sys_struct_timespec_in_time_h=yes
gl_cv_sys_struct_timeval=yes
gl_cv_sys_struct_timeval_tv_sec=yes
gl_cv_test_INT32_MAX_LT_INTMAX_MAX=yes
gl_cv_test_INT64_MAX_EQ_LONG_MAX=no
gl_cv_test_UINT32_MAX_LT_UINTMAX_MAX=yes
gl_cv_test_UINT64_MAX_EQ_ULONG_MAX=no
gl_cv_time_r_posix=yes
gl_cv_type_sigset_t=yes
gl_cv_type_wctrans_t=yes
gl_cv_type_wctype_t=yes
gt_cv_c_wchar_t=yes
gt_cv_c_wint_t=yes
gt_cv_func_unsetenv_ret=int
gt_cv_inttypes_pri_broken=no
gt_cv_locale_fr=none
gt_cv_locale_fr_utf8=none
gt_cv_locale_ja=none
gt_cv_locale_zh_CN=none
gt_cv_ssize_t=yes
gt_cv_var_environ_declaration=yes
liberty_cv_uint64=uint64_t
libiberty_cv_decl_needed_canonicalize_file_name=no
libiberty_cv_declare_errno=no
libiberty_cv_var_sys_errlist=yes
libiberty_cv_var_sys_nerr=yes
libiberty_cv_var_sys_siglist=yes

## ----------------- ##
## Output variables. ##
## ----------------- ##

AR='arm-linux-gnueabihf-ar'
BUILD_INFO='info'
CC='arm-linux-gnueabihf-gcc'
CFLAGS='-g -O2'
CHECK='really-check'
CPP='arm-linux-gnueabihf-gcc -E'
CPPFLAGS=''
DEFS='-DHAVE_CONFIG_H'
ECHO_C=''
ECHO_N='-n'
ECHO_T=''
EGREP='/bin/grep -E'
EXEEXT=''
GREP='/bin/grep'
HAVE_PERL=''
INSTALL_DATA='/usr/bin/install -c -m 644'
INSTALL_DEST='libdir'
INSTALL_PROGRAM='/usr/bin/install -c'
INSTALL_SCRIPT='/usr/bin/install -c'
LDFLAGS=' '
LIBOBJS=' ${LIBOBJDIR}./setproctitle$U.o'
LIBS=''
LTLIBOBJS=' ${LIBOBJDIR}./setproctitle$U.lo'
MAINT='#'
MAKEINFO='makeinfo --split-size=5000000'
NOASANFLAG=''
NOTMAINT=''
NO_MINUS_C_MINUS_O=''
OBJEXT='o'
OUTPUT_OPTION='-o $@'
PACKAGE_BUGREPORT=''
PACKAGE_NAME=''
PACKAGE_STRING=''
PACKAGE_TARNAME=''
PACKAGE_URL=''
PACKAGE_VERSION=''
PATH_SEPARATOR=':'
PERL='perl'
PICFLAG=''
RANLIB='true'
SHELL='/bin/sh'
ac_ct_CC=''
ac_libiberty_warn_cflags='-W -Wall -Wwrite-strings -Wc++-compat -Wstrict-prototypes -Wshadow=local -pedantic '
bindir='${exec_prefix}/bin'
build='x86_64-pc-linux-gnu'
build_alias='x86_64-pc-linux-gnu'
build_cpu='x86_64'
build_os='linux-gnu'
build_vendor='pc'
datadir='${datarootdir}'
datarootdir='${prefix}/share'
docdir='${datarootdir}/doc/${PACKAGE}'
dvidir='${docdir}'
exec_prefix='${prefix}'
host='arm-unknown-linux-gnu'
host_alias='arm-linux'
host_cpu='arm'
host_os='linux-gnu'
host_vendor='unknown'
htmldir='${docdir}'
includedir='${prefix}/include'
infodir='${datarootdir}/info'
libdir='${exec_prefix}/lib'
libexecdir='${exec_prefix}/libexec'
libiberty_topdir='/home/koda.xu/github_prj/debug_tools/gdb/gdb-9.1/gdb/gdbserver/../../libiberty/..'
localedir='${datarootdir}/locale'
localstatedir='${prefix}/var'
mandir='${datarootdir}/man'
oldincludedir='/usr/include'
pdfdir='${docdir}'
pexecute='pex-unix'
prefix='/home/koda.xu/github_prj/debug_tools/gdb/output/gdb-9.1/gcc_6.4.0'
program_transform_name='s&^&arm-linux-gnueabihf-6.4.0-&'
psdir='${docdir}'
sbindir='${exec_prefix}/sbin'
sharedstatedir='${prefix}/com'
sysconfdir='${prefix}/etc'
target_alias='arm-linux'
target_header_dir=''

## ------------------- ##
## File substitutions. ##
## ------------------- ##

host_makefile_frag='xhost-mkfrag'

## ----------- ##
## confdefs.h. ##
## ----------- ##

/* confdefs.h */
#define PACKAGE_NAME ""
#define PACKAGE_TARNAME ""
#define PACKAGE_VERSION ""
#define PACKAGE_STRING ""
#define PACKAGE_BUGREPORT ""
#define PACKAGE_URL ""
#define STDC_HEADERS 1
#define HAVE_SYS_TYPES_H 1
#define HAVE_SYS_STAT_H 1
#define HAVE_STDLIB_H 1
#define HAVE_STRING_H 1
#define HAVE_MEMORY_H 1
#define HAVE_STRINGS_H 1
#define HAVE_INTTYPES_H 1
#define HAVE_STDINT_H 1
#define HAVE_UNISTD_H 1
#define __EXTENSIONS__ 1
#define _ALL_SOURCE 1
#define _GNU_SOURCE 1
#define _POSIX_PTHREAD_SEMANTICS 1
#define _TANDEM_SOURCE 1
#define _FILE_OFFSET_BITS 64
#define HAVE_SYS_FILE_H 1
#define HAVE_SYS_PARAM_H 1
#define HAVE_LIMITS_H 1
#define HAVE_STDLIB_H 1
#define HAVE_MALLOC_H 1
#define HAVE_STRING_H 1
#define HAVE_UNISTD_H 1
#define HAVE_STRINGS_H 1
#define HAVE_SYS_TIME_H 1
#define HAVE_TIME_H 1
#define HAVE_SYS_RESOURCE_H 1
#define HAVE_SYS_STAT_H 1
#define HAVE_SYS_MMAN_H 1
#define HAVE_FCNTL_H 1
#define HAVE_ALLOCA_H 1
#define HAVE_SYS_SYSINFO_H 1
#define HAVE_STDINT_H 1
#define HAVE_STDIO_EXT_H 1
#define HAVE_SYS_PRCTL_H 1
#define HAVE_SYS_WAIT_H 1
#define TIME_WITH_SYS_TIME 1
#define SIZEOF_INT 4
#define SIZEOF_LONG 4
#define SIZEOF_SIZE_T 4
#define HAVE_LONG_LONG 1
#define SIZEOF_LONG_LONG 8
#define UNSIGNED_64BIT_TYPE uint64_t
#define HAVE_INTPTR_T 1
#define HAVE_UINTPTR_T 1
#define HAVE_UINTPTR_T 1
#define HAVE_ASPRINTF 1
#define HAVE_ATEXIT 1
#define HAVE_BASENAME 1
#define HAVE_BCMP 1
#define HAVE_BCOPY 1
#define HAVE_BSEARCH 1
#define HAVE_BZERO 1
#define HAVE_CALLOC 1
#define HAVE_CLOCK 1
#define HAVE_FFS 1
#define HAVE_GETCWD 1
#define HAVE_GETPAGESIZE 1
#define HAVE_GETTIMEOFDAY 1
#define HAVE_INDEX 1
#define HAVE_INSQUE 1
#define HAVE_MEMCHR 1
#define HAVE_MEMCMP 1
#define HAVE_MEMCPY 1
#define HAVE_MEMMEM 1
#define HAVE_MEMMOVE 1
#define HAVE_MEMPCPY 1
#define HAVE_MEMSET 1
#define HAVE_MKSTEMPS 1
#define HAVE_PUTENV 1
#define HAVE_RANDOM 1
#define HAVE_RENAME 1
#define HAVE_RINDEX 1
#define HAVE_SETENV 1
#define HAVE_SNPRINTF 1
#define HAVE_SIGSETMASK 1
#define HAVE_STPCPY 1
#define HAVE_STPNCPY 1
#define HAVE_STRCASECMP 1
#define HAVE_STRCHR 1
#define HAVE_STRDUP 1
#define HAVE_STRNCASECMP 1
#define HAVE_STRNDUP 1
#define HAVE_STRNLEN 1
#define HAVE_STRRCHR 1
#define HAVE_STRSTR 1
#define HAVE_STRTOD 1
#define HAVE_STRTOL 1
#define HAVE_STRTOUL 1
#define HAVE_STRTOLL 1
#define HAVE_STRTOULL 1
#define HAVE_STRVERSCMP 1
#define HAVE_TMPNAM 1
#define HAVE_VASPRINTF 1
#define HAVE_VFPRINTF 1
#define HAVE_VPRINTF 1
#define HAVE_VSNPRINTF 1
#define HAVE_VSPRINTF 1
#define HAVE_WAITPID 1
#define STACK_DIRECTION 0
#define HAVE_FORK 1
#define HAVE_VFORK 1
#define HAVE_WORKING_VFORK 1
#define HAVE_WORKING_FORK 1
#define HAVE_SYS_ERRLIST 1
#define HAVE_SYS_NERR 1
#define HAVE_SYS_SIGLIST 1
#define HAVE___FSETLOCKING 1
#define HAVE_CANONICALIZE_FILE_NAME 1
#define HAVE_DUP3 1
#define HAVE_GETRLIMIT 1
#define HAVE_GETRUSAGE 1
#define HAVE_GETTIMEOFDAY 1
#define HAVE_ON_EXIT 1
#define HAVE_PIPE2 1
#define HAVE_PSIGNAL 1
#define HAVE_REALPATH 1
#define HAVE_SETRLIMIT 1
#define HAVE_SBRK 1
#define HAVE_STRERROR 1
#define HAVE_STRSIGNAL 1
#define HAVE_SYSCONF 1
#define HAVE_SYSCTL 1
#define HAVE_TIMES 1
#define HAVE_WAIT3 1
#define HAVE_WAIT4 1
#define HAVE_DECL_BASENAME 1
#define HAVE_DECL_FFS 1
#define HAVE_DECL_ASPRINTF 1
#define HAVE_DECL_VASPRINTF 1
#define HAVE_DECL_SNPRINTF 1
#define HAVE_DECL_VSNPRINTF 1
#define HAVE_DECL_CALLOC 1
#define HAVE_DECL_GETENV 1
#define HAVE_DECL_GETOPT 1
#define HAVE_DECL_MALLOC 1
#define HAVE_DECL_REALLOC 1
#define HAVE_DECL_SBRK 1
#define HAVE_DECL_STRTOL 1
#define HAVE_DECL_STRTOUL 1
#define HAVE_DECL_STRTOLL 1
#define HAVE_DECL_STRTOULL 1
#define HAVE_DECL_STRVERSCMP 1
#define HAVE_DECL_STRNLEN 1
#define HAVE_STDLIB_H 1
#define HAVE_UNISTD_H 1
#define HAVE_SYS_PARAM_H 1

configure: exit 0
