This file contains any messages produced by compilers while
running configure, to aid debugging if configure makes a mistake.

It was created by configure, which was
generated by GNU Autoconf 2.69.  Invocation command line was

  $ /home/koda.xu/github_prj/debug_tools/gdb/gdb-9.1/sim/arm/configure --disable-option-checking --prefix=/home/koda.xu/github_prj/debug_tools/gdb/output/gdb-9.1/gcc_6.4.0 --program-transform-name=s&^&arm-linux-gnueabihf-6.4.0-& --build=x86_64-pc-linux-gnu --host=arm-linux --target=arm-linux build_alias=x86_64-pc-linux-gnu host_alias=arm-linux target_alias=arm-linux CC=arm-linux-gnueabihf-gcc CFLAGS=-g -O2 LDFLAGS=  --cache-file=.././config.cache --srcdir=/home/koda.xu/github_prj/debug_tools/gdb/gdb-9.1/sim/arm

## --------- ##
## Platform. ##
## --------- ##

hostname = szbcl06402
uname -m = x86_64
uname -r = 4.15.0-200-generic
uname -s = Linux
uname -v = #211-Ubuntu SMP Thu Nov 24 18:16:04 UTC 2022

/usr/bin/uname -p = unknown
/bin/uname -X     = unknown

/bin/arch              = unknown
/usr/bin/arch -k       = unknown
/usr/convex/getsysinfo = unknown
/usr/bin/hostinfo      = unknown
/bin/machine           = unknown
/usr/bin/oslevel       = unknown
/bin/universe          = unknown

PATH: /home/koda.xu/tmp/cus_xiaomi/sourcecode/project/cus_toolchain/gcc-linaro-6.4.0-2022.05-x86_64_arm-linux-gnueabihf/bin
PATH: /tools/toolchain/gcc-sigmastar-9.1.0-2020.07-x86_64_arm-linux-gnueabihf/bin/
PATH: /tools/toolchain/gcc-sigmastar-9.1.0-2020.07-x86_64_arm-linux-gnueabihf/bin/
PATH: /home/koda.xu/tmp/cus_xiaomi/sourcecode/project/cus_toolchain/gcc-linaro-6.4.0-2022.05-x86_64_arm-linux-gnueabihf/bin
PATH: /tools/toolchain/gcc-sigmastar-9.1.0-2020.07-x86_64_arm-linux-gnueabihf/bin/
PATH: /home/koda.xu/Qt/Qt5.15.0/qt5.15_lib/bin
PATH: /tools/toolchain/gcc-arm-8.2-2018.08-x86_64-arm-linux-gnueabihf/bin
PATH: /home/koda.xu/tmp/cus_xiaomi/sourcecode/project/cus_toolchain/gcc-linaro-6.4.0-2022.05-x86_64_arm-linux-gnueabihf/bin
PATH: /home/koda.xu/Qt/Qt5.15.0/qt5.15_lib/bin
PATH: /tools/toolchain/gcc-arm-8.2-2018.08-x86_64-arm-linux-gnueabihf/bin
PATH: /tools/bin
PATH: /tools/software/anaconda3/condabin
PATH: /home/koda.xu/Qt/Qt5.15.0/qt5.15_lib/bin
PATH: /tools/toolchain/gcc-arm-8.2-2018.08-x86_64-arm-linux-gnueabihf/bin
PATH: /usr/local/sbin
PATH: /usr/local/bin
PATH: /usr/sbin
PATH: /usr/bin
PATH: /sbin
PATH: /bin
PATH: /usr/games
PATH: /usr/local/games
PATH: /snap/bin


## ----------- ##
## Core tests. ##
## ----------- ##

configure:2276: loading cache .././config.cache
configure:4179: checking for arm-linux-gcc
configure:4206: result: arm-linux-gnueabihf-gcc
configure:4475: checking for C compiler version
configure:4484: arm-linux-gnueabihf-gcc --version >&5
arm-linux-gnueabihf-gcc (GCC) 6.4.0
Copyright (C) 2017 Free Software Foundation, Inc.
This is free software; see the source for copying conditions.  There is NO
warranty; not even for MERCHANTABILITY or FITNESS FOR A PARTICULAR PURPOSE.

configure:4495: $? = 0
configure:4484: arm-linux-gnueabihf-gcc -v >&5
Using built-in specs.
COLLECT_GCC=arm-linux-gnueabihf-gcc
COLLECT_LTO_WRAPPER=/home/koda.xu/tmp/cus_xiaomi/sourcecode/project/cus_toolchain/gcc-linaro-6.4.0-2022.05-x86_64_arm-linux-gnueabihf/bin/../libexec/gcc/arm-linux-gnueabihf/6.4.0/lto-wrapper
Target: arm-linux-gnueabihf
Configured with: '/home/carlson.que/linaro_abe_91/build/snapshots/gcc.git~releases~gcc-9.1.0/configure' SHELL=/bin/bash --with-mpc=/home/carlson.que/linaro_abe_91/build/builds/destdir/x86_64-unknown-linux-gnu --with-mpfr=/home/carlson.que/linaro_abe_91/build/builds/destdir/x86_64-unknown-linux-gnu --with-gmp=/home/carlson.que/linaro_abe_91/build/builds/destdir/x86_64-unknown-linux-gnu --with-gnu-as --with-gnu-ld --disable-libmudflap --enable-lto --enable-shared --without-included-gettext --enable-nls --with-system-zlib --disable-sjlj-exceptions --enable-gnu-unique-object --enable-linker-build-id --disable-libstdcxx-pch --enable-c99 --enable-clocale=gnu --enable-libstdcxx-debug --enable-long-long --with-cloog=no --with-ppl=no --with-isl=no --disable-multilib --with-float=hard --with-fpu=vfpv3-d16 --with-mode=thumb --with-tune=cortex-a9 --with-arch=armv7-a --enable-threads=posix --enable-multiarch --enable-libstdcxx-time=yes --enable-gnu-indirect-function --with-build-sysroot=/home/carlson.que/linaro_abe_91/build/sysroots/arm-linux-gnueabihf --with-sysroot=/home/carlson.que/linaro_abe_91/build/builds/destdir/x86_64-unknown-linux-gnu/arm-linux-gnueabihf/libc --enable-checking=release --disable-bootstrap --enable-languages=c,c++,fortran,lto --build=x86_64-unknown-linux-gnu --host=x86_64-unknown-linux-gnu --target=arm-linux-gnueabihf --prefix=/home/carlson.que/linaro_abe_91/build/builds/destdir/x86_64-unknown-linux-gnu
Thread model: posix
gcc version 6.4.0 (GCC) 
configure:4495: $? = 0
configure:4484: arm-linux-gnueabihf-gcc -V >&5
arm-linux-gnueabihf-gcc: error: unrecognized command line option '-V'
arm-linux-gnueabihf-gcc: fatal error: no input files
compilation terminated.
configure:4495: $? = 1
configure:4484: arm-linux-gnueabihf-gcc -qversion >&5
arm-linux-gnueabihf-gcc: error: unrecognized command line option '-qversion'; did you mean '--version'?
arm-linux-gnueabihf-gcc: fatal error: no input files
compilation terminated.
configure:4495: $? = 1
configure:4515: checking whether the C compiler works
configure:4537: arm-linux-gnueabihf-gcc -g -O2    conftest.c  >&5
configure:4541: $? = 0
configure:4589: result: yes
configure:4592: checking for C compiler default output file name
configure:4594: result: a.out
configure:4600: checking for suffix of executables
configure:4607: arm-linux-gnueabihf-gcc -o conftest -g -O2    conftest.c  >&5
configure:4611: $? = 0
configure:4633: result: 
configure:4655: checking whether we are cross compiling
configure:4693: result: yes
configure:4698: checking for suffix of object files
configure:4745: result: o
configure:4749: checking whether we are using the GNU C compiler
configure:4777: result: yes
configure:4786: checking whether arm-linux-gnueabihf-gcc accepts -g
configure:4847: result: yes
configure:4864: checking for arm-linux-gnueabihf-gcc option to accept ISO C89
configure:4940: result: none needed
configure:4993: checking build system type
configure:5007: result: x86_64-pc-linux-gnu
configure:5027: checking host system type
configure:5040: result: arm-unknown-linux-gnu
configure:5060: checking target system type
configure:5073: result: arm-unknown-linux-gnu
configure:5105: checking how to run the C preprocessor
configure:5175: result: arm-linux-gnueabihf-gcc -E
configure:5195: arm-linux-gnueabihf-gcc -E  conftest.c
configure:5195: $? = 0
configure:5209: arm-linux-gnueabihf-gcc -E  conftest.c
conftest.c:9:28: fatal error: ac_nonexistent.h: No such file or directory
 #include <ac_nonexistent.h>
                            ^
compilation terminated.
configure:5209: $? = 1
configure: failed program was:
| /* confdefs.h */
| #define PACKAGE_NAME ""
| #define PACKAGE_TARNAME ""
| #define PACKAGE_VERSION ""
| #define PACKAGE_STRING ""
| #define PACKAGE_BUGREPORT ""
| #define PACKAGE_URL ""
| /* end confdefs.h.  */
| #include <ac_nonexistent.h>
configure:5238: checking for grep that handles long lines and -e
configure:5296: result: /bin/grep
configure:5301: checking for egrep
configure:5363: result: /bin/grep -E
configure:5368: checking for ANSI C header files
configure:5472: result: yes
configure:5485: checking for sys/types.h
configure:5485: result: yes
configure:5485: checking for sys/stat.h
configure:5485: result: yes
configure:5485: checking for stdlib.h
configure:5485: result: yes
configure:5485: checking for string.h
configure:5485: result: yes
configure:5485: checking for memory.h
configure:5485: result: yes
configure:5485: checking for strings.h
configure:5485: result: yes
configure:5485: checking for inttypes.h
configure:5485: result: yes
configure:5485: checking for stdint.h
configure:5485: result: yes
configure:5485: checking for unistd.h
configure:5485: result: yes
configure:5498: checking for minix/config.h
configure:5498: result: no
configure:5519: checking whether it is safe to define __EXTENSIONS__
configure:5544: result: yes
configure:5582: checking for a BSD-compatible install
configure:5650: result: /usr/bin/install -c
configure:5718: checking how to print strings
configure:5745: result: printf
configure:5766: checking for a sed that does not truncate output
configure:5830: result: /bin/sed
configure:5848: checking for fgrep
configure:5910: result: /bin/grep -F
configure:5945: checking for ld used by arm-linux-gnueabihf-gcc
configure:6012: result: arm-linux-gnueabihf-ld
configure:6019: checking if the linker (arm-linux-gnueabihf-ld) is GNU ld
configure:6034: result: yes
configure:6046: checking for BSD- or MS-compatible name lister (nm)
configure:6095: result: arm-linux-nm
configure:6225: checking the name lister (arm-linux-nm) interface
configure:6245: result: BSD nm
configure:6248: checking whether ln -s works
configure:6252: result: yes
configure:6260: checking the maximum length of command line arguments
configure:6385: result: 1572864
configure:6402: checking whether the shell understands some XSI constructs
configure:6412: result: yes
configure:6416: checking whether the shell understands "+="
configure:6422: result: yes
configure:6457: checking for arm-linux-gnueabihf-ld option to reload object files
configure:6464: result: -r
configure:6493: checking for arm-linux-objdump
configure:6520: result: arm-linux-objdump
configure:6592: checking how to recognize dependent libraries
configure:6793: result: pass_all
configure:6813: checking for arm-linux-ar
configure:6840: result: arm-linux-gnueabihf-ar
configure:6918: checking for arm-linux-strip
configure:6948: result: no
configure:6958: checking for strip
configure:6985: result: strip
configure:6997: WARNING: using cross tools not prefixed with host triplet
configure:7017: checking for arm-linux-ranlib
configure:7044: result: true
configure:7161: checking for gawk
configure:7188: result: gawk
configure:7228: checking command to parse arm-linux-nm output from arm-linux-gnueabihf-gcc object
configure:7448: result: failed
configure:8299: checking for dlfcn.h
configure:8299: result: yes
configure:8317: checking whether byte ordering is bigendian
configure:8523: result: no
configure:8561: checking for arm-linux-ranlib
configure:8588: result: true
configure:8669: checking dependency style of arm-linux-gnueabihf-gcc
configure:8754: result: gcc3
configure:8768: checking for make
configure:8795: result: make
configure:8835: checking whether NLS is requested
configure:8841: result: yes
configure:8847: checking for catalogs to be installed
configure:8879: result: 
configure:8899: checking for stdlib.h
configure:8899: result: yes
configure:8899: checking for string.h
configure:8899: result: yes
configure:8899: checking for strings.h
configure:8899: result: yes
configure:8899: checking for unistd.h
configure:8899: result: yes
configure:8899: checking for time.h
configure:8899: result: yes
configure:8912: checking for sys/time.h
configure:8912: result: yes
configure:8912: checking for sys/times.h
configure:8912: result: yes
configure:8912: checking for sys/resource.h
configure:8912: result: yes
configure:8912: checking for sys/mman.h
configure:8912: result: yes
configure:8925: checking for fcntl.h
configure:8925: result: yes
configure:8925: checking for fpu_control.h
configure:8925: result: yes
configure:8938: checking for dlfcn.h
configure:8938: result: yes
configure:8938: checking for errno.h
configure:8938: result: yes
configure:8938: checking for sys/stat.h
configure:8938: result: yes
configure:8951: checking for getrusage
configure:8951: result: yes
configure:8951: checking for time
configure:8951: result: yes
configure:8951: checking for sigaction
configure:8951: result: yes
configure:8951: checking for __setfpucw
configure:8951: result: no
configure:8963: checking for mmap
configure:8963: result: yes
configure:8963: checking for munmap
configure:8963: result: yes
configure:8963: checking for lstat
configure:8963: result: yes
configure:8963: checking for truncate
configure:8963: result: yes
configure:8963: checking for ftruncate
configure:8963: result: yes
configure:8963: checking for posix_fallocate
configure:8963: result: yes
configure:8972: checking for struct stat.st_dev
configure:8972: result: yes
configure:8987: checking for struct stat.st_ino
configure:8987: result: yes
configure:9002: checking for struct stat.st_mode
configure:9002: result: yes
configure:9017: checking for struct stat.st_nlink
configure:9017: result: yes
configure:9032: checking for struct stat.st_uid
configure:9032: result: yes
configure:9047: checking for struct stat.st_gid
configure:9047: result: yes
configure:9062: checking for struct stat.st_rdev
configure:9062: result: yes
configure:9077: checking for struct stat.st_size
configure:9077: result: yes
configure:9092: checking for struct stat.st_blksize
configure:9092: result: yes
configure:9107: checking for struct stat.st_blocks
configure:9107: result: yes
configure:9122: checking for struct stat.st_atime
configure:9122: result: yes
configure:9137: checking for struct stat.st_mtime
configure:9137: result: yes
configure:9152: checking for struct stat.st_ctime
configure:9152: result: yes
configure:9168: checking for socklen_t
configure:9168: result: yes
configure:9183: checking for bind in -lsocket
configure:9217: result: no
configure:9228: checking for gethostbyname in -lnsl
configure:9262: result: no
configure:9299: checking for dlfcn.h
configure:9299: result: yes
configure:9312: checking for windows.h
configure:9312: result: no
configure:9339: checking for library containing dlsym
configure:9387: result: -ldl
configure:9580: checking for objdir
configure:9595: result: .libs
configure:9866: checking if arm-linux-gnueabihf-gcc supports -fno-rtti -fno-exceptions
configure:9901: result: no
configure:9921: checking for arm-linux-gnueabihf-gcc option to produce PIC
configure:10207: result: -fPIC -DPIC
configure:10219: checking if arm-linux-gnueabihf-gcc PIC flag -fPIC -DPIC works
configure:10254: result: yes
configure:10278: checking if arm-linux-gnueabihf-gcc static flag -static works
configure:10306: result: yes
configure:10321: checking if arm-linux-gnueabihf-gcc supports -c -o file.o
configure:10368: result: yes
configure:10376: checking if arm-linux-gnueabihf-gcc supports -c -o file.o
configure:10423: result: yes
configure:10456: checking whether the arm-linux-gnueabihf-gcc linker (arm-linux-gnueabihf-ld) supports shared libraries
configure:11527: result: yes
configure:11564: checking whether -lc should be explicitly linked in
configure:11607: result: no
configure:11772: checking dynamic linker characteristics
configure:12445: result: GNU/Linux ld.so
configure:12552: checking how to hardcode library paths into programs
configure:12577: result: immediate
configure:12671: checking for shl_load
configure:12671: result: no
configure:12675: checking for shl_load in -ldld
configure:12709: result: no
configure:12714: checking for dlopen
configure:12714: result: yes
configure:12871: checking whether a program can dlopen itself
configure:12972: result: cross
configure:13117: checking whether stripping libraries is possible
configure:13122: result: yes
configure:13157: checking if libtool supports shared libraries
configure:13159: result: yes
configure:13162: checking whether to build shared libraries
configure:13183: result: yes
configure:13186: checking whether to build static libraries
configure:13190: result: yes
configure:13232: checking whether to enable maintainer-specific portions of Makefiles
configure:13241: result: no
configure:13256: checking for sim debug setting
configure:13279: result: 0
configure:13283: checking for sim stdio debug behavior
configure:13299: result: 0
configure:13303: checking for sim trace settings
configure:13330: result: ~TRACE_debug
configure:13334: checking for sim profile settings
configure:13368: result: -1
configure:13373: checking whether to enable sim asserts
configure:13389: result: 1
configure:13393: checking default sim environment setting
configure:13411: result: ALL_ENVIRONMENT
configure:13501: checking return type of signal handlers
configure:13526: result: void
configure:13700: checking compiler warning flags
configure:13721: arm-linux-gnueabihf-gcc -c -g -O2 -Wall  conftest.c >&5
configure:13721: $? = 0
configure:13721: arm-linux-gnueabihf-gcc -c -g -O2 -Wdeclaration-after-statement  conftest.c >&5
configure:13721: $? = 0
configure:13721: arm-linux-gnueabihf-gcc -c -g -O2 -Wpointer-arith  conftest.c >&5
configure:13721: $? = 0
configure:13721: arm-linux-gnueabihf-gcc -c -g -O2 -Wpointer-sign  conftest.c >&5
configure:13721: $? = 0
configure:13721: arm-linux-gnueabihf-gcc -c -g -O2 -Wno-unused  conftest.c >&5
configure:13721: $? = 0
configure:13721: arm-linux-gnueabihf-gcc -c -g -O2 -Wunused-value  conftest.c >&5
configure:13721: $? = 0
configure:13721: arm-linux-gnueabihf-gcc -c -g -O2 -Wunused-function  conftest.c >&5
configure:13721: $? = 0
configure:13721: arm-linux-gnueabihf-gcc -c -g -O2 -Wno-switch  conftest.c >&5
configure:13721: $? = 0
configure:13721: arm-linux-gnueabihf-gcc -c -g -O2 -Wno-char-subscripts  conftest.c >&5
configure:13721: $? = 0
configure:13721: arm-linux-gnueabihf-gcc -c -g -O2 -Wmissing-prototypes  conftest.c >&5
configure:13721: $? = 0
configure:13721: arm-linux-gnueabihf-gcc -c -g -O2 -Wdeclaration-after-statement  conftest.c >&5
configure:13721: $? = 0
configure:13721: arm-linux-gnueabihf-gcc -c -g -O2 -Wempty-body  conftest.c >&5
configure:13721: $? = 0
configure:13721: arm-linux-gnueabihf-gcc -c -g -O2 -Wmissing-parameter-type  conftest.c >&5
configure:13721: $? = 0
configure:13721: arm-linux-gnueabihf-gcc -c -g -O2 -Wold-style-declaration  conftest.c >&5
configure:13721: $? = 0
configure:13721: arm-linux-gnueabihf-gcc -c -g -O2 -Wold-style-definition  conftest.c >&5
conftest.c: In function 'main':
conftest.c:78:1: warning: old-style function definition [-Wold-style-definition]
 main ()
 ^~~~
configure:13721: $? = 0
configure:13721: arm-linux-gnueabihf-gcc -c -g -O2 -Wformat-nonliteral  conftest.c >&5
cc1: warning: -Wformat-nonliteral ignored without -Wformat [-Wformat-nonliteral]
configure:13721: $? = 0
configure:13728: result:  -Wall -Wdeclaration-after-statement -Wpointer-arith -Wpointer-sign -Wno-unused -Wunused-value -Wunused-function -Wno-switch -Wno-char-subscripts -Wmissing-prototypes -Wdeclaration-after-statement -Wempty-body -Wmissing-parameter-type -Wold-style-declaration -Wold-style-definition -Wformat-nonliteral 
configure:13876: creating ./config.status

## ---------------------- ##
## Running config.status. ##
## ---------------------- ##

This file was extended by config.status, which was
generated by GNU Autoconf 2.69.  Invocation command line was

  CONFIG_FILES    = 
  CONFIG_HEADERS  = 
  CONFIG_LINKS    = 
  CONFIG_COMMANDS = 
  $ ./config.status 

on szbcl06402

config.status:1141: creating Makefile.sim
config.status:1141: creating Make-common.sim
config.status:1141: creating .gdbinit
config.status:1141: creating config.h
config.status:1301: config.h is unchanged
config.status:1315: executing depdir commands
config.status:1315: executing libtool commands
config.status:1315: executing Makefile commands
config.status:1315: executing stamp-h commands

## ---------------- ##
## Cache variables. ##
## ---------------- ##

ac_cv_build=x86_64-pc-linux-gnu
ac_cv_c_bigendian=no
ac_cv_c_compiler_gnu=yes
ac_cv_env_CC_set=set
ac_cv_env_CC_value=arm-linux-gnueabihf-gcc
ac_cv_env_CFLAGS_set=set
ac_cv_env_CFLAGS_value='-g -O2'
ac_cv_env_CPPFLAGS_set=
ac_cv_env_CPPFLAGS_value=
ac_cv_env_CPP_set=
ac_cv_env_CPP_value=
ac_cv_env_LDFLAGS_set=set
ac_cv_env_LDFLAGS_value=' '
ac_cv_env_LIBS_set=
ac_cv_env_LIBS_value=
ac_cv_env_build_alias_set=set
ac_cv_env_build_alias_value=x86_64-pc-linux-gnu
ac_cv_env_host_alias_set=set
ac_cv_env_host_alias_value=arm-linux
ac_cv_env_target_alias_set=set
ac_cv_env_target_alias_value=arm-linux
ac_cv_func___setfpucw=no
ac_cv_func_dlopen=yes
ac_cv_func_ftruncate=yes
ac_cv_func_getrusage=yes
ac_cv_func_lstat=yes
ac_cv_func_mmap=yes
ac_cv_func_munmap=yes
ac_cv_func_posix_fallocate=yes
ac_cv_func_shl_load=no
ac_cv_func_sigaction=yes
ac_cv_func_time=yes
ac_cv_func_truncate=yes
ac_cv_header_dlfcn_h=yes
ac_cv_header_errno_h=yes
ac_cv_header_fcntl_h=yes
ac_cv_header_fpu_control_h=yes
ac_cv_header_inttypes_h=yes
ac_cv_header_memory_h=yes
ac_cv_header_minix_config_h=no
ac_cv_header_stdc=yes
ac_cv_header_stdint_h=yes
ac_cv_header_stdlib_h=yes
ac_cv_header_string_h=yes
ac_cv_header_strings_h=yes
ac_cv_header_sys_mman_h=yes
ac_cv_header_sys_resource_h=yes
ac_cv_header_sys_stat_h=yes
ac_cv_header_sys_time_h=yes
ac_cv_header_sys_times_h=yes
ac_cv_header_sys_types_h=yes
ac_cv_header_time_h=yes
ac_cv_header_unistd_h=yes
ac_cv_header_windows_h=no
ac_cv_host=arm-unknown-linux-gnu
ac_cv_lib_dld_shl_load=no
ac_cv_lib_nsl_gethostbyname=no
ac_cv_lib_socket_bind=no
ac_cv_member_struct_stat_st_atime=yes
ac_cv_member_struct_stat_st_blksize=yes
ac_cv_member_struct_stat_st_blocks=yes
ac_cv_member_struct_stat_st_ctime=yes
ac_cv_member_struct_stat_st_dev=yes
ac_cv_member_struct_stat_st_gid=yes
ac_cv_member_struct_stat_st_ino=yes
ac_cv_member_struct_stat_st_mode=yes
ac_cv_member_struct_stat_st_mtime=yes
ac_cv_member_struct_stat_st_nlink=yes
ac_cv_member_struct_stat_st_rdev=yes
ac_cv_member_struct_stat_st_size=yes
ac_cv_member_struct_stat_st_uid=yes
ac_cv_objext=o
ac_cv_path_EGREP='/bin/grep -E'
ac_cv_path_FGREP='/bin/grep -F'
ac_cv_path_GREP=/bin/grep
ac_cv_path_SED=/bin/sed
ac_cv_prog_AR=arm-linux-gnueabihf-ar
ac_cv_prog_AWK=gawk
ac_cv_prog_CC=arm-linux-gnueabihf-gcc
ac_cv_prog_CPP='arm-linux-gnueabihf-gcc -E'
ac_cv_prog_MAKE=make
ac_cv_prog_OBJDUMP=arm-linux-objdump
ac_cv_prog_RANLIB=true
ac_cv_prog_ac_ct_STRIP=strip
ac_cv_prog_cc_c89=
ac_cv_prog_cc_g=yes
ac_cv_safe_to_define___extensions__=yes
ac_cv_search_dlsym=-ldl
ac_cv_target=arm-unknown-linux-gnu
ac_cv_type_signal=void
ac_cv_type_socklen_t=yes
am_cv_CC_dependencies_compiler_type=gcc3
lt_cv_archive_cmds_need_lc=no
lt_cv_deplibs_check_method=pass_all
lt_cv_dlopen=dlopen
lt_cv_dlopen_libs=
lt_cv_dlopen_self=cross
lt_cv_file_magic_cmd='$MAGIC_CMD'
lt_cv_file_magic_test_file=
lt_cv_ld_reload_flag=-r
lt_cv_nm_interface='BSD nm'
lt_cv_objdir=.libs
lt_cv_path_LD=arm-linux-gnueabihf-ld
lt_cv_path_NM=arm-linux-nm
lt_cv_prog_compiler_c_o=yes
lt_cv_prog_compiler_pic_works=yes
lt_cv_prog_compiler_rtti_exceptions=no
lt_cv_prog_compiler_static_works=yes
lt_cv_prog_gnu_ld=yes
lt_cv_shlibpath_overrides_runpath=no
lt_cv_sys_global_symbol_pipe=
lt_cv_sys_global_symbol_to_c_name_address='sed -n -e '\''s/^: \([^ ]*\) $/  {\"\1\", (void *) 0},/p'\'' -e '\''s/^[BCDEGRST]* \([^ ]*\) \([^ ]*\)$/  {"\2", (void *) \&\2},/p'\'''
lt_cv_sys_global_symbol_to_c_name_address_lib_prefix='sed -n -e '\''s/^: \([^ ]*\) $/  {\"\1\", (void *) 0},/p'\'' -e '\''s/^[BCDEGRST]* \([^ ]*\) \(lib[^ ]*\)$/  {"\2", (void *) \&\2},/p'\'' -e '\''s/^[BCDEGRST]* \([^ ]*\) \([^ ]*\)$/  {"lib\2", (void *) \&\2},/p'\'''
lt_cv_sys_global_symbol_to_cdecl=
lt_cv_sys_max_cmd_len=1572864

## ----------------- ##
## Output variables. ##
## ----------------- ##

AR='arm-linux-gnueabihf-ar'
AWK='gawk'
CATALOGS=''
CATOBJEXT='.gmo'
CC='arm-linux-gnueabihf-gcc'
CCDEPMODE='depmode=gcc3'
CC_FOR_BUILD='gcc'
CFLAGS='-g -O2'
CPP='arm-linux-gnueabihf-gcc -E'
CPPFLAGS=''
DATADIRNAME='share'
DEFS='-DHAVE_CONFIG_H'
DEPDIR='.deps'
DSYMUTIL=''
DUMPBIN=''
ECHO_C=''
ECHO_N='-n'
ECHO_T=''
EGREP='/bin/grep -E'
EXEEXT=''
FGREP='/bin/grep -F'
GENCAT='gencat'
GMAKE_FALSE='#'
GMAKE_TRUE=''
GMSGFMT='/usr/bin/msgfmt'
GREP='/bin/grep'
HDEFINES=''
INCINTL=''
INSTALL_DATA='/usr/bin/install -c -m 644'
INSTALL_PROGRAM='/usr/bin/install -c'
INSTALL_SCRIPT='/usr/bin/install -c'
INSTOBJEXT='.mo'
LD='arm-linux-gnueabihf-ld'
LDFLAGS=' '
LIBINTL=''
LIBINTL_DEP=''
LIBOBJS=''
LIBS='-ldl '
LIBTOOL='$(SHELL) $(top_builddir)/libtool'
LIPO=''
LN_S='ln -s'
LTLIBOBJS=''
MAINT='#'
MAINTAINER_MODE_FALSE=''
MAINTAINER_MODE_TRUE='#'
MAKE='make'
NM='arm-linux-nm'
NMEDIT=''
OBJDUMP='arm-linux-objdump'
OBJEXT='o'
OTOOL64=''
OTOOL=''
PACKAGE='sim'
PACKAGE_BUGREPORT=''
PACKAGE_NAME=''
PACKAGE_STRING=''
PACKAGE_TARNAME=''
PACKAGE_URL=''
PACKAGE_VERSION=''
PATH_SEPARATOR=':'
PKGVERSION='(SIM) '
PLUGINS_FALSE='#'
PLUGINS_TRUE=''
POSUB='po'
RANLIB='true'
REPORT_BUGS_TEXI='@uref{http://www.gnu.org/software/gdb/bugs/}'
REPORT_BUGS_TO='<http://www.gnu.org/software/gdb/bugs/>'
SED='/bin/sed'
SHELL='/bin/sh'
STRIP='strip'
USE_NLS='yes'
WARN_CFLAGS=' -Wall -Wdeclaration-after-statement -Wpointer-arith -Wpointer-sign -Wno-unused -Wunused-value -Wunused-function -Wno-switch -Wno-char-subscripts -Wmissing-prototypes -Wdeclaration-after-statement -Wempty-body -Wmissing-parameter-type -Wold-style-declaration -Wold-style-definition -Wformat-nonliteral'
WERROR_CFLAGS=''
XGETTEXT='/usr/bin/xgettext'
ac_ct_CC=''
ac_ct_DUMPBIN=''
am__leading_dot='.'
bindir='${exec_prefix}/bin'
build='x86_64-pc-linux-gnu'
build_alias='x86_64-pc-linux-gnu'
build_cpu='x86_64'
build_os='linux-gnu'
build_vendor='pc'
cgen_breaks=''
datadir='${datarootdir}'
datarootdir='${prefix}/share'
docdir='${datarootdir}/doc/${PACKAGE}'
dvidir='${docdir}'
exec_prefix='${prefix}'
host='arm-unknown-linux-gnu'
host_alias='arm-linux'
host_cpu='arm'
host_os='linux-gnu'
host_vendor='unknown'
htmldir='${docdir}'
includedir='${prefix}/include'
infodir='${datarootdir}/info'
libdir='${exec_prefix}/lib'
libexecdir='${exec_prefix}/libexec'
localedir='${datarootdir}/locale'
localstatedir='${prefix}/var'
lt_cv_dlopen_libs=''
mandir='${datarootdir}/man'
oldincludedir='/usr/include'
pdfdir='${docdir}'
prefix='/home/koda.xu/github_prj/debug_tools/gdb/output/gdb-9.1/gcc_6.4.0'
program_transform_name='s&^&arm-linux-gnueabihf-6.4.0-&'
psdir='${docdir}'
sbindir='${exec_prefix}/sbin'
sharedstatedir='${prefix}/com'
sim_alignment='-DWITH_DEFAULT_ALIGNMENT=STRICT_ALIGNMENT'
sim_bitsize=''
sim_default_model=''
sim_endian=''
sim_float=''
sim_hw=''
sim_hw_cflags=''
sim_hw_objs=''
sim_inline='-DDEFAULT_INLINE=0'
sim_reserved_bits=''
sim_scache=''
sysconfdir='${prefix}/etc'
target='arm-unknown-linux-gnu'
target_alias='arm-linux'
target_cpu='arm'
target_os='linux-gnu'
target_vendor='unknown'
zlibdir='-L$(top_builddir)/../zlib'
zlibinc='-I$(top_srcdir)/../zlib'

## ----------- ##
## confdefs.h. ##
## ----------- ##

/* confdefs.h */
#define PACKAGE_NAME ""
#define PACKAGE_TARNAME ""
#define PACKAGE_VERSION ""
#define PACKAGE_STRING ""
#define PACKAGE_BUGREPORT ""
#define PACKAGE_URL ""
#define STDC_HEADERS 1
#define HAVE_SYS_TYPES_H 1
#define HAVE_SYS_STAT_H 1
#define HAVE_STDLIB_H 1
#define HAVE_STRING_H 1
#define HAVE_MEMORY_H 1
#define HAVE_STRINGS_H 1
#define HAVE_INTTYPES_H 1
#define HAVE_STDINT_H 1
#define HAVE_UNISTD_H 1
#define __EXTENSIONS__ 1
#define _ALL_SOURCE 1
#define _GNU_SOURCE 1
#define _POSIX_PTHREAD_SEMANTICS 1
#define _TANDEM_SOURCE 1
#define HAVE_DLFCN_H 1
#define PACKAGE "sim"
#define ENABLE_NLS 1
#define HAVE_STDLIB_H 1
#define HAVE_STRING_H 1
#define HAVE_STRINGS_H 1
#define HAVE_UNISTD_H 1
#define HAVE_TIME_H 1
#define HAVE_SYS_TIME_H 1
#define HAVE_SYS_TIMES_H 1
#define HAVE_SYS_RESOURCE_H 1
#define HAVE_SYS_MMAN_H 1
#define HAVE_FCNTL_H 1
#define HAVE_FPU_CONTROL_H 1
#define HAVE_DLFCN_H 1
#define HAVE_ERRNO_H 1
#define HAVE_SYS_STAT_H 1
#define HAVE_GETRUSAGE 1
#define HAVE_TIME 1
#define HAVE_SIGACTION 1
#define HAVE_MMAP 1
#define HAVE_MUNMAP 1
#define HAVE_LSTAT 1
#define HAVE_TRUNCATE 1
#define HAVE_FTRUNCATE 1
#define HAVE_POSIX_FALLOCATE 1
#define HAVE_STRUCT_STAT_ST_DEV 1
#define HAVE_STRUCT_STAT_ST_INO 1
#define HAVE_STRUCT_STAT_ST_MODE 1
#define HAVE_STRUCT_STAT_ST_NLINK 1
#define HAVE_STRUCT_STAT_ST_UID 1
#define HAVE_STRUCT_STAT_ST_GID 1
#define HAVE_STRUCT_STAT_ST_RDEV 1
#define HAVE_STRUCT_STAT_ST_SIZE 1
#define HAVE_STRUCT_STAT_ST_BLKSIZE 1
#define HAVE_STRUCT_STAT_ST_BLOCKS 1
#define HAVE_STRUCT_STAT_ST_ATIME 1
#define HAVE_STRUCT_STAT_ST_MTIME 1
#define HAVE_STRUCT_STAT_ST_CTIME 1
#define HAVE_SOCKLEN_T 1
#define HAVE_DLFCN_H 1
#define LT_OBJDIR ".libs/"
#define WITH_DEBUG 0
#define WITH_STDIO 0
#define WITH_TRACE ~TRACE_debug
#define PROFILE 1
#define WITH_PROFILE -1
#define WITH_ASSERT 1
#define WITH_ENVIRONMENT ALL_ENVIRONMENT
#define PKGVERSION "(SIM) "
#define REPORT_BUGS_TO "<http://www.gnu.org/software/gdb/bugs/>"
#define RETSIGTYPE void

configure: exit 0
