This file contains any messages produced by compilers while
running configure, to aid debugging if configure makes a mistake.

It was created by libctf library configure 1.2.0-pre, which was
generated by GNU Autoconf 2.69.  Invocation command line was

  $ /home/koda.xu/github_prj/debug_tools/gdb/gdb-9.1/libctf/configure --srcdir=/home/koda.xu/github_prj/debug_tools/gdb/gdb-9.1/libctf --cache-file=./config.cache --prefix=/home/koda.xu/github_prj/debug_tools/gdb/output/gdb-9.1/gcc_6.4.0 --program-transform-name=s&^&arm-linux-gnueabihf-6.4.0-& --disable-option-checking --build=x86_64-pc-linux-gnu --host=arm-linux --target=arm-linux

## --------- ##
## Platform. ##
## --------- ##

hostname = szbcl06402
uname -m = x86_64
uname -r = 4.15.0-200-generic
uname -s = Linux
uname -v = #211-Ubuntu SMP Thu Nov 24 18:16:04 UTC 2022

/usr/bin/uname -p = unknown
/bin/uname -X     = unknown

/bin/arch              = unknown
/usr/bin/arch -k       = unknown
/usr/convex/getsysinfo = unknown
/usr/bin/hostinfo      = unknown
/bin/machine           = unknown
/usr/bin/oslevel       = unknown
/bin/universe          = unknown

PATH: /home/koda.xu/tmp/cus_xiaomi/sourcecode/project/cus_toolchain/gcc-linaro-6.4.0-2022.05-x86_64_arm-linux-gnueabihf/bin
PATH: /tools/toolchain/gcc-sigmastar-9.1.0-2020.07-x86_64_arm-linux-gnueabihf/bin/
PATH: /tools/toolchain/gcc-sigmastar-9.1.0-2020.07-x86_64_arm-linux-gnueabihf/bin/
PATH: /home/koda.xu/tmp/cus_xiaomi/sourcecode/project/cus_toolchain/gcc-linaro-6.4.0-2022.05-x86_64_arm-linux-gnueabihf/bin
PATH: /tools/toolchain/gcc-sigmastar-9.1.0-2020.07-x86_64_arm-linux-gnueabihf/bin/
PATH: /home/koda.xu/Qt/Qt5.15.0/qt5.15_lib/bin
PATH: /tools/toolchain/gcc-arm-8.2-2018.08-x86_64-arm-linux-gnueabihf/bin
PATH: /home/koda.xu/tmp/cus_xiaomi/sourcecode/project/cus_toolchain/gcc-linaro-6.4.0-2022.05-x86_64_arm-linux-gnueabihf/bin
PATH: /home/koda.xu/Qt/Qt5.15.0/qt5.15_lib/bin
PATH: /tools/toolchain/gcc-arm-8.2-2018.08-x86_64-arm-linux-gnueabihf/bin
PATH: /tools/bin
PATH: /tools/software/anaconda3/condabin
PATH: /home/koda.xu/Qt/Qt5.15.0/qt5.15_lib/bin
PATH: /tools/toolchain/gcc-arm-8.2-2018.08-x86_64-arm-linux-gnueabihf/bin
PATH: /usr/local/sbin
PATH: /usr/local/bin
PATH: /usr/sbin
PATH: /usr/bin
PATH: /sbin
PATH: /bin
PATH: /usr/games
PATH: /usr/local/games
PATH: /snap/bin


## ----------- ##
## Core tests. ##
## ----------- ##

configure:2195: loading cache ./config.cache
configure:2326: checking for arm-linux-gcc
configure:2353: result: arm-linux-gnueabihf-gcc
configure:2622: checking for C compiler version
configure:2631: arm-linux-gnueabihf-gcc --version >&5
arm-linux-gnueabihf-gcc (GCC) 6.4.0
Copyright (C) 2017 Free Software Foundation, Inc.
This is free software; see the source for copying conditions.  There is NO
warranty; not even for MERCHANTABILITY or FITNESS FOR A PARTICULAR PURPOSE.

configure:2642: $? = 0
configure:2631: arm-linux-gnueabihf-gcc -v >&5
Using built-in specs.
COLLECT_GCC=arm-linux-gnueabihf-gcc
COLLECT_LTO_WRAPPER=/home/koda.xu/tmp/cus_xiaomi/sourcecode/project/cus_toolchain/gcc-linaro-6.4.0-2022.05-x86_64_arm-linux-gnueabihf/bin/../libexec/gcc/arm-linux-gnueabihf/6.4.0/lto-wrapper
Target: arm-linux-gnueabihf
Configured with: '/home/carlson.que/linaro_abe_91/build/snapshots/gcc.git~releases~gcc-9.1.0/configure' SHELL=/bin/bash --with-mpc=/home/carlson.que/linaro_abe_91/build/builds/destdir/x86_64-unknown-linux-gnu --with-mpfr=/home/carlson.que/linaro_abe_91/build/builds/destdir/x86_64-unknown-linux-gnu --with-gmp=/home/carlson.que/linaro_abe_91/build/builds/destdir/x86_64-unknown-linux-gnu --with-gnu-as --with-gnu-ld --disable-libmudflap --enable-lto --enable-shared --without-included-gettext --enable-nls --with-system-zlib --disable-sjlj-exceptions --enable-gnu-unique-object --enable-linker-build-id --disable-libstdcxx-pch --enable-c99 --enable-clocale=gnu --enable-libstdcxx-debug --enable-long-long --with-cloog=no --with-ppl=no --with-isl=no --disable-multilib --with-float=hard --with-fpu=vfpv3-d16 --with-mode=thumb --with-tune=cortex-a9 --with-arch=armv7-a --enable-threads=posix --enable-multiarch --enable-libstdcxx-time=yes --enable-gnu-indirect-function --with-build-sysroot=/home/carlson.que/linaro_abe_91/build/sysroots/arm-linux-gnueabihf --with-sysroot=/home/carlson.que/linaro_abe_91/build/builds/destdir/x86_64-unknown-linux-gnu/arm-linux-gnueabihf/libc --enable-checking=release --disable-bootstrap --enable-languages=c,c++,fortran,lto --build=x86_64-unknown-linux-gnu --host=x86_64-unknown-linux-gnu --target=arm-linux-gnueabihf --prefix=/home/carlson.que/linaro_abe_91/build/builds/destdir/x86_64-unknown-linux-gnu
Thread model: posix
gcc version 6.4.0 (GCC) 
configure:2642: $? = 0
configure:2631: arm-linux-gnueabihf-gcc -V >&5
arm-linux-gnueabihf-gcc: error: unrecognized command line option '-V'
arm-linux-gnueabihf-gcc: fatal error: no input files
compilation terminated.
configure:2642: $? = 1
configure:2631: arm-linux-gnueabihf-gcc -qversion >&5
arm-linux-gnueabihf-gcc: error: unrecognized command line option '-qversion'; did you mean '--version'?
arm-linux-gnueabihf-gcc: fatal error: no input files
compilation terminated.
configure:2642: $? = 1
configure:2662: checking whether the C compiler works
configure:2684: arm-linux-gnueabihf-gcc -g -O2    conftest.c  >&5
configure:2688: $? = 0
configure:2736: result: yes
configure:2739: checking for C compiler default output file name
configure:2741: result: a.out
configure:2747: checking for suffix of executables
configure:2754: arm-linux-gnueabihf-gcc -o conftest -g -O2    conftest.c  >&5
configure:2758: $? = 0
configure:2780: result: 
configure:2802: checking whether we are cross compiling
configure:2840: result: yes
configure:2845: checking for suffix of object files
configure:2892: result: o
configure:2896: checking whether we are using the GNU C compiler
configure:2924: result: yes
configure:2933: checking whether arm-linux-gnueabihf-gcc accepts -g
configure:2994: result: yes
configure:3011: checking for arm-linux-gnueabihf-gcc option to accept ISO C89
configure:3087: result: none needed
configure:3112: checking whether arm-linux-gnueabihf-gcc understands -c and -o together
configure:3149: result: yes
configure:3172: checking how to run the C preprocessor
configure:3242: result: arm-linux-gnueabihf-gcc -E
configure:3262: arm-linux-gnueabihf-gcc -E  conftest.c
configure:3262: $? = 0
configure:3276: arm-linux-gnueabihf-gcc -E  conftest.c
conftest.c:9:28: fatal error: ac_nonexistent.h: No such file or directory
 #include <ac_nonexistent.h>
                            ^
compilation terminated.
configure:3276: $? = 1
configure: failed program was:
| /* confdefs.h */
| #define PACKAGE_NAME "libctf library"
| #define PACKAGE_TARNAME "libctf-library"
| #define PACKAGE_VERSION "1.2.0-pre"
| #define PACKAGE_STRING "libctf library 1.2.0-pre"
| #define PACKAGE_BUGREPORT ""
| #define PACKAGE_URL ""
| /* end confdefs.h.  */
| #include <ac_nonexistent.h>
configure:3305: checking for grep that handles long lines and -e
configure:3363: result: /bin/grep
configure:3368: checking for egrep
configure:3430: result: /bin/grep -E
configure:3435: checking for ANSI C header files
configure:3539: result: yes
configure:3552: checking for sys/types.h
configure:3552: result: yes
configure:3552: checking for sys/stat.h
configure:3552: result: yes
configure:3552: checking for stdlib.h
configure:3552: result: yes
configure:3552: checking for string.h
configure:3552: result: yes
configure:3552: checking for memory.h
configure:3552: result: yes
configure:3552: checking for strings.h
configure:3552: result: yes
configure:3552: checking for inttypes.h
configure:3552: result: yes
configure:3552: checking for stdint.h
configure:3552: result: yes
configure:3552: checking for unistd.h
configure:3552: result: yes
configure:3565: checking for minix/config.h
configure:3565: result: no
configure:3586: checking whether it is safe to define __EXTENSIONS__
configure:3611: result: yes
configure:3641: checking for a BSD-compatible install
configure:3709: result: /usr/bin/install -c
configure:3720: checking whether build environment is sane
configure:3775: result: yes
configure:3831: checking for arm-linux-strip
configure:3858: result: strip
configure:3923: checking for a thread-safe mkdir -p
configure:3962: result: /bin/mkdir -p
configure:3969: checking for gawk
configure:3996: result: gawk
configure:4007: checking whether make sets $(MAKE)
configure:4029: result: yes
configure:4059: checking for style of include used by make
configure:4087: result: GNU
configure:4121: checking whether make supports nested variables
configure:4138: result: yes
configure:4223: checking dependency style of arm-linux-gnueabihf-gcc
configure:4334: result: gcc3
configure:4394: checking whether make sets $(MAKE)
configure:4416: result: yes
configure:4433: checking for arm-linux-gcc
configure:4460: result: arm-linux-gnueabihf-gcc
configure:4729: checking for C compiler version
configure:4738: arm-linux-gnueabihf-gcc --version >&5
arm-linux-gnueabihf-gcc (GCC) 6.4.0
Copyright (C) 2017 Free Software Foundation, Inc.
This is free software; see the source for copying conditions.  There is NO
warranty; not even for MERCHANTABILITY or FITNESS FOR A PARTICULAR PURPOSE.

configure:4749: $? = 0
configure:4738: arm-linux-gnueabihf-gcc -v >&5
Using built-in specs.
COLLECT_GCC=arm-linux-gnueabihf-gcc
COLLECT_LTO_WRAPPER=/home/koda.xu/tmp/cus_xiaomi/sourcecode/project/cus_toolchain/gcc-linaro-6.4.0-2022.05-x86_64_arm-linux-gnueabihf/bin/../libexec/gcc/arm-linux-gnueabihf/6.4.0/lto-wrapper
Target: arm-linux-gnueabihf
Configured with: '/home/carlson.que/linaro_abe_91/build/snapshots/gcc.git~releases~gcc-9.1.0/configure' SHELL=/bin/bash --with-mpc=/home/carlson.que/linaro_abe_91/build/builds/destdir/x86_64-unknown-linux-gnu --with-mpfr=/home/carlson.que/linaro_abe_91/build/builds/destdir/x86_64-unknown-linux-gnu --with-gmp=/home/carlson.que/linaro_abe_91/build/builds/destdir/x86_64-unknown-linux-gnu --with-gnu-as --with-gnu-ld --disable-libmudflap --enable-lto --enable-shared --without-included-gettext --enable-nls --with-system-zlib --disable-sjlj-exceptions --enable-gnu-unique-object --enable-linker-build-id --disable-libstdcxx-pch --enable-c99 --enable-clocale=gnu --enable-libstdcxx-debug --enable-long-long --with-cloog=no --with-ppl=no --with-isl=no --disable-multilib --with-float=hard --with-fpu=vfpv3-d16 --with-mode=thumb --with-tune=cortex-a9 --with-arch=armv7-a --enable-threads=posix --enable-multiarch --enable-libstdcxx-time=yes --enable-gnu-indirect-function --with-build-sysroot=/home/carlson.que/linaro_abe_91/build/sysroots/arm-linux-gnueabihf --with-sysroot=/home/carlson.que/linaro_abe_91/build/builds/destdir/x86_64-unknown-linux-gnu/arm-linux-gnueabihf/libc --enable-checking=release --disable-bootstrap --enable-languages=c,c++,fortran,lto --build=x86_64-unknown-linux-gnu --host=x86_64-unknown-linux-gnu --target=arm-linux-gnueabihf --prefix=/home/carlson.que/linaro_abe_91/build/builds/destdir/x86_64-unknown-linux-gnu
Thread model: posix
gcc version 6.4.0 (GCC) 
configure:4749: $? = 0
configure:4738: arm-linux-gnueabihf-gcc -V >&5
arm-linux-gnueabihf-gcc: error: unrecognized command line option '-V'
arm-linux-gnueabihf-gcc: fatal error: no input files
compilation terminated.
configure:4749: $? = 1
configure:4738: arm-linux-gnueabihf-gcc -qversion >&5
arm-linux-gnueabihf-gcc: error: unrecognized command line option '-qversion'; did you mean '--version'?
arm-linux-gnueabihf-gcc: fatal error: no input files
compilation terminated.
configure:4749: $? = 1
configure:4753: checking whether we are using the GNU C compiler
configure:4781: result: yes
configure:4790: checking whether arm-linux-gnueabihf-gcc accepts -g
configure:4851: result: yes
configure:4868: checking for arm-linux-gnueabihf-gcc option to accept ISO C89
configure:4944: result: none needed
configure:4969: checking whether arm-linux-gnueabihf-gcc understands -c and -o together
configure:5006: result: yes
configure:5026: checking for arm-linux-ranlib
configure:5053: result: true
configure:5120: checking for arm-linux-ar
configure:5147: result: arm-linux-gnueabihf-ar
configure:5217: checking the archiver (arm-linux-gnueabihf-ar) interface
configure:5266: result: ar
configure:5348: checking build system type
configure:5362: result: x86_64-pc-linux-gnu
configure:5382: checking host system type
configure:5395: result: arm-unknown-linux-gnu
configure:5436: checking how to print strings
configure:5463: result: printf
configure:5484: checking for a sed that does not truncate output
configure:5548: result: /bin/sed
configure:5566: checking for fgrep
configure:5628: result: /bin/grep -F
configure:5663: checking for ld used by arm-linux-gnueabihf-gcc
configure:5730: result: arm-linux-gnueabihf-ld
configure:5737: checking if the linker (arm-linux-gnueabihf-ld) is GNU ld
configure:5752: result: yes
configure:5764: checking for BSD- or MS-compatible name lister (nm)
configure:5813: result: arm-linux-nm
configure:5943: checking the name lister (arm-linux-nm) interface
configure:5963: result: BSD nm
configure:5966: checking whether ln -s works
configure:5970: result: yes
configure:5978: checking the maximum length of command line arguments
configure:6103: result: 1572864
configure:6120: checking whether the shell understands some XSI constructs
configure:6130: result: yes
configure:6134: checking whether the shell understands "+="
configure:6140: result: yes
configure:6175: checking for arm-linux-gnueabihf-ld option to reload object files
configure:6182: result: -r
configure:6211: checking for arm-linux-objdump
configure:6238: result: arm-linux-objdump
configure:6310: checking how to recognize dependent libraries
configure:6511: result: pass_all
configure:6531: checking for arm-linux-ar
configure:6558: result: arm-linux-gnueabihf-ar
configure:6636: checking for arm-linux-strip
configure:6663: result: strip
configure:6735: checking for arm-linux-ranlib
configure:6762: result: true
configure:6904: checking command to parse arm-linux-nm output from arm-linux-gnueabihf-gcc object
configure:7124: result: failed
configure:7975: checking for dlfcn.h
configure:7975: result: yes
configure:8132: checking for objdir
configure:8147: result: .libs
configure:8418: checking if arm-linux-gnueabihf-gcc supports -fno-rtti -fno-exceptions
configure:8453: result: no
configure:8473: checking for arm-linux-gnueabihf-gcc option to produce PIC
configure:8759: result: -fPIC -DPIC
configure:8771: checking if arm-linux-gnueabihf-gcc PIC flag -fPIC -DPIC works
configure:8806: result: yes
configure:8830: checking if arm-linux-gnueabihf-gcc static flag -static works
configure:8858: result: yes
configure:8873: checking if arm-linux-gnueabihf-gcc supports -c -o file.o
configure:8920: result: yes
configure:8928: checking if arm-linux-gnueabihf-gcc supports -c -o file.o
configure:8975: result: yes
configure:9008: checking whether the arm-linux-gnueabihf-gcc linker (arm-linux-gnueabihf-ld) supports shared libraries
configure:10079: result: yes
configure:10324: checking dynamic linker characteristics
configure:10997: result: GNU/Linux ld.so
configure:11104: checking how to hardcode library paths into programs
configure:11129: result: immediate
configure:11669: checking whether stripping libraries is possible
configure:11674: result: yes
configure:11709: checking if libtool supports shared libraries
configure:11711: result: yes
configure:11714: checking whether to build shared libraries
configure:11735: result: no
configure:11738: checking whether to build static libraries
configure:11742: result: yes
configure:11784: checking for special C compiler options needed for large files
configure:11829: result: no
configure:11835: checking for _FILE_OFFSET_BITS value needed for large files
configure:11892: result: 64
configure:11983: checking for aclocal
configure:12010: result: ${SHELL} /home/koda.xu/github_prj/debug_tools/gdb/gdb-9.1/missing aclocal-1.15
configure:12026: checking for autoconf
configure:12053: result: ${SHELL} /home/koda.xu/github_prj/debug_tools/gdb/gdb-9.1/missing autoconf
configure:12069: checking for autoheader
configure:12096: result: ${SHELL} /home/koda.xu/github_prj/debug_tools/gdb/gdb-9.1/missing autoheader
configure:12130: checking whether arm-linux-gnueabihf-gcc supports -W
configure:12156: result: yes
configure:12130: checking whether arm-linux-gnueabihf-gcc supports -Wall
configure:12156: result: yes
configure:12130: checking whether arm-linux-gnueabihf-gcc supports -Wnarrowing
configure:12156: result: yes
configure:12130: checking whether arm-linux-gnueabihf-gcc supports -Wwrite-strings
configure:12156: result: yes
configure:12130: checking whether arm-linux-gnueabihf-gcc supports -Wmissing-format-attribute
configure:12156: result: yes
configure:12188: checking whether arm-linux-gnueabihf-gcc supports -Wstrict-prototypes
configure:12214: result: yes
configure:12188: checking whether arm-linux-gnueabihf-gcc supports -Wmissing-prototypes
configure:12214: result: yes
configure:12188: checking whether arm-linux-gnueabihf-gcc supports -Wold-style-definition
configure:12214: result: yes
configure:12238: checking whether arm-linux-gnueabihf-gcc supports -pedantic -Wlong-long
configure:12264: result: yes
configure:12308: checking whether to enable maintainer-specific portions of Makefiles
configure:12317: result: no
configure:12345: checking whether to install libbfd
configure:12358: result: no
configure:12403: checking whether arm-linux-gnueabihf-gcc supports -Wall
configure:12429: result: yes
configure:12450: checking for stdlib.h
configure:12450: result: yes
configure:12450: checking for unistd.h
configure:12450: result: yes
configure:12450: checking for sys/param.h
configure:12450: result: yes
configure:12470: checking for getpagesize
configure:12470: result: yes
configure:12479: checking for working mmap
configure:12636: result: no
configure:12646: checking for library containing dlopen
configure:12694: result: -ldl
configure:12732: checking for ELF support in BFD
configure:12759: result: yes
configure:12771: checking whether byte ordering is bigendian
configure:12977: result: no
configure:12998: checking for byteswap.h
configure:12998: result: yes
configure:12998: checking for endian.h
configure:12998: result: yes
configure:13010: checking for pread
configure:13010: result: yes
configure:13020: checking whether asprintf is declared
configure:13020: result: yes
configure:13038: checking for qsort_r
configure:13038: result: yes
configure:13051: checking for qsort_r signature
configure:13111: result: GNU
configure:13134: checking for O_CLOEXEC
configure:13162: result: yes
configure:13340: checking that generated files are newer than configure
configure:13346: result: done
configure:13382: creating ./config.status

## ---------------------- ##
## Running config.status. ##
## ---------------------- ##

This file was extended by libctf library config.status 1.2.0-pre, which was
generated by GNU Autoconf 2.69.  Invocation command line was

  CONFIG_FILES    = 
  CONFIG_HEADERS  = 
  CONFIG_LINKS    = 
  CONFIG_COMMANDS = 
  $ ./config.status 

on szbcl06402

config.status:1109: creating Makefile
config.status:1109: creating config.h
config.status:1275: config.h is unchanged
config.status:1323: executing depfiles commands
config.status:1323: executing libtool commands

## ---------------- ##
## Cache variables. ##
## ---------------- ##

ac_cv_build=x86_64-pc-linux-gnu
ac_cv_c_bigendian=no
ac_cv_c_compiler_gnu=yes
ac_cv_env_CC_set=set
ac_cv_env_CC_value=arm-linux-gnueabihf-gcc
ac_cv_env_CFLAGS_set=set
ac_cv_env_CFLAGS_value='-g -O2'
ac_cv_env_CPPFLAGS_set=
ac_cv_env_CPPFLAGS_value=
ac_cv_env_CPP_set=
ac_cv_env_CPP_value=
ac_cv_env_LDFLAGS_set=set
ac_cv_env_LDFLAGS_value=' '
ac_cv_env_LIBS_set=
ac_cv_env_LIBS_value=
ac_cv_env_build_alias_set=set
ac_cv_env_build_alias_value=x86_64-pc-linux-gnu
ac_cv_env_host_alias_set=set
ac_cv_env_host_alias_value=arm-linux
ac_cv_env_target_alias_set=set
ac_cv_env_target_alias_value=arm-linux
ac_cv_func_getpagesize=yes
ac_cv_func_mmap_fixed_mapped=no
ac_cv_func_pread=yes
ac_cv_func_qsort_r=yes
ac_cv_have_decl_asprintf=yes
ac_cv_header_byteswap_h=yes
ac_cv_header_dlfcn_h=yes
ac_cv_header_endian_h=yes
ac_cv_header_inttypes_h=yes
ac_cv_header_memory_h=yes
ac_cv_header_minix_config_h=no
ac_cv_header_stdc=yes
ac_cv_header_stdint_h=yes
ac_cv_header_stdlib_h=yes
ac_cv_header_string_h=yes
ac_cv_header_strings_h=yes
ac_cv_header_sys_param_h=yes
ac_cv_header_sys_stat_h=yes
ac_cv_header_sys_types_h=yes
ac_cv_header_unistd_h=yes
ac_cv_host=arm-unknown-linux-gnu
ac_cv_libctf_bfd_elf=yes
ac_cv_libctf_macro_O_CLOEXEC=yes
ac_cv_libctf_qsort_r_signature=GNU
ac_cv_objext=o
ac_cv_path_EGREP='/bin/grep -E'
ac_cv_path_FGREP='/bin/grep -F'
ac_cv_path_GREP=/bin/grep
ac_cv_path_SED=/bin/sed
ac_cv_path_mkdir=/bin/mkdir
ac_cv_prog_ACLOCAL='${SHELL} /home/koda.xu/github_prj/debug_tools/gdb/gdb-9.1/missing aclocal-1.15'
ac_cv_prog_AR=arm-linux-gnueabihf-ar
ac_cv_prog_AUTOCONF='${SHELL} /home/koda.xu/github_prj/debug_tools/gdb/gdb-9.1/missing autoconf'
ac_cv_prog_AUTOHEADER='${SHELL} /home/koda.xu/github_prj/debug_tools/gdb/gdb-9.1/missing autoheader'
ac_cv_prog_AWK=gawk
ac_cv_prog_CC=arm-linux-gnueabihf-gcc
ac_cv_prog_CPP='arm-linux-gnueabihf-gcc -E'
ac_cv_prog_OBJDUMP=arm-linux-objdump
ac_cv_prog_RANLIB=true
ac_cv_prog_STRIP=strip
ac_cv_prog_ac_ct_STRIP=strip
ac_cv_prog_cc_c89=
ac_cv_prog_cc_g=yes
ac_cv_prog_make_make_set=yes
ac_cv_safe_to_define___extensions__=yes
ac_cv_search_dlopen=-ldl
ac_cv_sys_file_offset_bits=64
ac_cv_sys_largefile_CC=no
acx_cv_prog_cc_pedantic__Wlong_long=yes
acx_cv_prog_cc_warning__W=yes
acx_cv_prog_cc_warning__Wall=yes
acx_cv_prog_cc_warning__Wmissing_format_attribute=yes
acx_cv_prog_cc_warning__Wmissing_prototypes=yes
acx_cv_prog_cc_warning__Wnarrowing=yes
acx_cv_prog_cc_warning__Wold_style_definition=yes
acx_cv_prog_cc_warning__Wstrict_prototypes=yes
acx_cv_prog_cc_warning__Wwrite_strings=yes
am_cv_CC_dependencies_compiler_type=gcc3
am_cv_ar_interface=ar
am_cv_make_support_nested_variables=yes
am_cv_prog_cc_c_o=yes
lt_cv_deplibs_check_method=pass_all
lt_cv_file_magic_cmd='$MAGIC_CMD'
lt_cv_file_magic_test_file=
lt_cv_ld_reload_flag=-r
lt_cv_nm_interface='BSD nm'
lt_cv_objdir=.libs
lt_cv_path_LD=arm-linux-gnueabihf-ld
lt_cv_path_NM=arm-linux-nm
lt_cv_prog_compiler_c_o=yes
lt_cv_prog_compiler_pic_works=yes
lt_cv_prog_compiler_rtti_exceptions=no
lt_cv_prog_compiler_static_works=yes
lt_cv_prog_gnu_ld=yes
lt_cv_shlibpath_overrides_runpath=no
lt_cv_sys_global_symbol_pipe=
lt_cv_sys_global_symbol_to_c_name_address='sed -n -e '\''s/^: \([^ ]*\) $/  {\"\1\", (void *) 0},/p'\'' -e '\''s/^[BCDEGRST]* \([^ ]*\) \([^ ]*\)$/  {"\2", (void *) \&\2},/p'\'''
lt_cv_sys_global_symbol_to_c_name_address_lib_prefix='sed -n -e '\''s/^: \([^ ]*\) $/  {\"\1\", (void *) 0},/p'\'' -e '\''s/^[BCDEGRST]* \([^ ]*\) \(lib[^ ]*\)$/  {"\2", (void *) \&\2},/p'\'' -e '\''s/^[BCDEGRST]* \([^ ]*\) \([^ ]*\)$/  {"lib\2", (void *) \&\2},/p'\'''
lt_cv_sys_global_symbol_to_cdecl=
lt_cv_sys_max_cmd_len=1572864

## ----------------- ##
## Output variables. ##
## ----------------- ##

ACLOCAL='${SHELL} /home/koda.xu/github_prj/debug_tools/gdb/gdb-9.1/missing aclocal-1.15'
AMDEPBACKSLASH='\'
AMDEP_FALSE='#'
AMDEP_TRUE=''
AMTAR='$${TAR-tar}'
AM_BACKSLASH='\'
AM_DEFAULT_V='$(AM_DEFAULT_VERBOSITY)'
AM_DEFAULT_VERBOSITY='1'
AM_V='$(V)'
AR='arm-linux-gnueabihf-ar'
AUTOCONF='${SHELL} /home/koda.xu/github_prj/debug_tools/gdb/gdb-9.1/missing autoconf'
AUTOHEADER='${SHELL} /home/koda.xu/github_prj/debug_tools/gdb/gdb-9.1/missing autoheader'
AUTOMAKE='${SHELL} /home/koda.xu/github_prj/debug_tools/gdb/gdb-9.1/missing automake-1.15'
AWK='gawk'
BFD_DEPENDENCIES=''
BFD_LIBADD=''
CC='arm-linux-gnueabihf-gcc'
CCDEPMODE='depmode=gcc3'
CFLAGS='-g -O2'
CPP='arm-linux-gnueabihf-gcc -E'
CPPFLAGS=''
CYGPATH_W='echo'
DEFS='-DHAVE_CONFIG_H'
DEPDIR='.deps'
DSYMUTIL=''
DUMPBIN=''
ECHO_C=''
ECHO_N='-n'
ECHO_T=''
EGREP='/bin/grep -E'
EXEEXT=''
FGREP='/bin/grep -F'
GREP='/bin/grep'
INSTALL_DATA='/usr/bin/install -c -m 644'
INSTALL_LIBBFD_FALSE=''
INSTALL_LIBBFD_TRUE='#'
INSTALL_PROGRAM='/usr/bin/install -c'
INSTALL_SCRIPT='/usr/bin/install -c'
INSTALL_STRIP_PROGRAM='$(install_sh) -c -s'
LD='arm-linux-gnueabihf-ld'
LDFLAGS=' '
LIBOBJS=''
LIBS='-ldl '
LIBTOOL='$(SHELL) $(top_builddir)/libtool'
LIPO=''
LN_S='ln -s'
LTLIBOBJS=''
MAINT='#'
MAINTAINER_MODE_FALSE=''
MAINTAINER_MODE_TRUE='#'
MAKEINFO='makeinfo --split-size=5000000'
MKDIR_P='/bin/mkdir -p'
NEED_CTF_QSORT_R_FALSE=''
NEED_CTF_QSORT_R_TRUE='#'
NM='arm-linux-nm'
NMEDIT=''
OBJDUMP='arm-linux-objdump'
OBJEXT='o'
OTOOL64=''
OTOOL=''
PACKAGE='libctf-library'
PACKAGE_BUGREPORT=''
PACKAGE_NAME='libctf library'
PACKAGE_STRING='libctf library 1.2.0-pre'
PACKAGE_TARNAME='libctf-library'
PACKAGE_URL=''
PACKAGE_VERSION='1.2.0-pre'
PATH_SEPARATOR=':'
RANLIB='true'
SED='/bin/sed'
SET_MAKE=''
SHARED_LDFLAGS=''
SHARED_LIBADD=''
SHELL='/bin/sh'
STRIP='strip'
VERSION='1.2.0-pre'
VERSION_FLAGS='-Wl,--version-script='\''/home/koda.xu/github_prj/debug_tools/gdb/gdb-9.1/libctf/libctf.ver'\'''
WARN_PEDANTIC='-pedantic -Wno-long-long'
WERROR=''
ac_ct_AR=''
ac_ct_CC=''
ac_ct_DUMPBIN=''
ac_libctf_warn_cflags='-Wall'
am__EXEEXT_FALSE=''
am__EXEEXT_TRUE='#'
am__fastdepCC_FALSE='#'
am__fastdepCC_TRUE=''
am__include='include'
am__isrc=' -I$(srcdir)'
am__leading_dot='.'
am__nodep='_no'
am__quote=''
am__tar='$${TAR-tar} chof - "$$tardir"'
am__untar='$${TAR-tar} xf -'
bfdincludedir='$(exec_prefix)/$(host_noncanonical)/$(target_noncanonical)/include'
bfdlibdir='$(exec_prefix)/$(host_noncanonical)/$(target_noncanonical)/lib'
bindir='${exec_prefix}/bin'
build='x86_64-pc-linux-gnu'
build_alias='x86_64-pc-linux-gnu'
build_cpu='x86_64'
build_os='linux-gnu'
build_vendor='pc'
c_warn='-Wstrict-prototypes -Wmissing-prototypes -Wold-style-definition'
datadir='${datarootdir}'
datarootdir='${prefix}/share'
docdir='${datarootdir}/doc/${PACKAGE_TARNAME}'
dvidir='${docdir}'
exec_prefix='${prefix}'
host='arm-unknown-linux-gnu'
host_alias='arm-linux'
host_cpu='arm'
host_noncanonical='arm-linux'
host_os='linux-gnu'
host_vendor='unknown'
htmldir='${docdir}'
includedir='${prefix}/include'
infodir='${datarootdir}/info'
install_sh='${SHELL} /home/koda.xu/github_prj/debug_tools/gdb/gdb-9.1/install-sh'
libdir='${exec_prefix}/lib'
libexecdir='${exec_prefix}/libexec'
localedir='${datarootdir}/locale'
localstatedir='${prefix}/var'
mandir='${datarootdir}/man'
mkdir_p='$(MKDIR_P)'
oldincludedir='/usr/include'
pdfdir='${docdir}'
prefix='/home/koda.xu/github_prj/debug_tools/gdb/output/gdb-9.1/gcc_6.4.0'
program_transform_name='s&^&arm-linux-gnueabihf-6.4.0-&'
psdir='${docdir}'
sbindir='${exec_prefix}/sbin'
sharedstatedir='${prefix}/com'
sysconfdir='${prefix}/etc'
target_alias='arm-linux'
target_noncanonical='arm-linux'
warn='-W -Wall -Wno-narrowing -Wwrite-strings -Wmissing-format-attribute'
zlibdir='-L$(top_builddir)/../zlib'
zlibinc='-I$(top_srcdir)/../zlib'

## ----------- ##
## confdefs.h. ##
## ----------- ##

/* confdefs.h */
#define PACKAGE_NAME "libctf library"
#define PACKAGE_TARNAME "libctf-library"
#define PACKAGE_VERSION "1.2.0-pre"
#define PACKAGE_STRING "libctf library 1.2.0-pre"
#define PACKAGE_BUGREPORT ""
#define PACKAGE_URL ""
#define STDC_HEADERS 1
#define HAVE_SYS_TYPES_H 1
#define HAVE_SYS_STAT_H 1
#define HAVE_STDLIB_H 1
#define HAVE_STRING_H 1
#define HAVE_MEMORY_H 1
#define HAVE_STRINGS_H 1
#define HAVE_INTTYPES_H 1
#define HAVE_STDINT_H 1
#define HAVE_UNISTD_H 1
#define __EXTENSIONS__ 1
#define _ALL_SOURCE 1
#define _GNU_SOURCE 1
#define _POSIX_PTHREAD_SEMANTICS 1
#define _TANDEM_SOURCE 1
#define PACKAGE "libctf-library"
#define VERSION "1.2.0-pre"
#define HAVE_DLFCN_H 1
#define LT_OBJDIR ".libs/"
#define _FILE_OFFSET_BITS 64
#define HAVE_STDLIB_H 1
#define HAVE_UNISTD_H 1
#define HAVE_SYS_PARAM_H 1
#define HAVE_GETPAGESIZE 1
#define HAVE_BFD_ELF 1
#define HAVE_BYTESWAP_H 1
#define HAVE_ENDIAN_H 1
#define HAVE_PREAD 1
#define HAVE_DECL_ASPRINTF 1
#define HAVE_QSORT_R 1
#define HAVE_QSORT_R_ARG_LAST 1
#define HAVE_O_CLOEXEC 1

configure: exit 0
