This file contains any messages produced by compilers while
running configure, to aid debugging if configure makes a mistake.

It was created by readline configure UNUSED-VERSION, which was
generated by GNU Autoconf 2.69.  Invocation command line was

  $ /home/koda.xu/github_prj/debug_tools/gdb/gdb-9.1/readline/configure --srcdir=/home/koda.xu/github_prj/debug_tools/gdb/gdb-9.1/readline --cache-file=./config.cache --prefix=/home/koda.xu/github_prj/debug_tools/gdb/output/gdb-9.1/gcc_6.4.0 --program-transform-name=s&^&arm-linux-gnueabihf-6.4.0-& --disable-option-checking --build=x86_64-pc-linux-gnu --host=arm-linux --target=arm-linux

## --------- ##
## Platform. ##
## --------- ##

hostname = szbcl06402
uname -m = x86_64
uname -r = 4.15.0-200-generic
uname -s = Linux
uname -v = #211-Ubuntu SMP Thu Nov 24 18:16:04 UTC 2022

/usr/bin/uname -p = unknown
/bin/uname -X     = unknown

/bin/arch              = unknown
/usr/bin/arch -k       = unknown
/usr/convex/getsysinfo = unknown
/usr/bin/hostinfo      = unknown
/bin/machine           = unknown
/usr/bin/oslevel       = unknown
/bin/universe          = unknown

PATH: /home/koda.xu/tmp/cus_xiaomi/sourcecode/project/cus_toolchain/gcc-linaro-6.4.0-2022.05-x86_64_arm-linux-gnueabihf/bin
PATH: /tools/toolchain/gcc-sigmastar-9.1.0-2020.07-x86_64_arm-linux-gnueabihf/bin/
PATH: /tools/toolchain/gcc-sigmastar-9.1.0-2020.07-x86_64_arm-linux-gnueabihf/bin/
PATH: /home/koda.xu/tmp/cus_xiaomi/sourcecode/project/cus_toolchain/gcc-linaro-6.4.0-2022.05-x86_64_arm-linux-gnueabihf/bin
PATH: /tools/toolchain/gcc-sigmastar-9.1.0-2020.07-x86_64_arm-linux-gnueabihf/bin/
PATH: /home/koda.xu/Qt/Qt5.15.0/qt5.15_lib/bin
PATH: /tools/toolchain/gcc-arm-8.2-2018.08-x86_64-arm-linux-gnueabihf/bin
PATH: /home/koda.xu/tmp/cus_xiaomi/sourcecode/project/cus_toolchain/gcc-linaro-6.4.0-2022.05-x86_64_arm-linux-gnueabihf/bin
PATH: /home/koda.xu/Qt/Qt5.15.0/qt5.15_lib/bin
PATH: /tools/toolchain/gcc-arm-8.2-2018.08-x86_64-arm-linux-gnueabihf/bin
PATH: /tools/bin
PATH: /tools/software/anaconda3/condabin
PATH: /home/koda.xu/Qt/Qt5.15.0/qt5.15_lib/bin
PATH: /tools/toolchain/gcc-arm-8.2-2018.08-x86_64-arm-linux-gnueabihf/bin
PATH: /usr/local/sbin
PATH: /usr/local/bin
PATH: /usr/sbin
PATH: /usr/bin
PATH: /sbin
PATH: /bin
PATH: /usr/games
PATH: /usr/local/games
PATH: /snap/bin


## ----------- ##
## Core tests. ##
## ----------- ##

configure:1633: loading cache ./config.cache
configure:1764: checking for a BSD-compatible install
configure:1832: result: /usr/bin/install -c
configure:1843: checking whether build environment is sane
configure:1898: result: yes
configure:1957: checking for arm-linux-strip
configure:1987: result: no
configure:1997: checking for strip
configure:2024: result: strip
configure:2036: WARNING: using cross tools not prefixed with host triplet
configure:2049: checking for a thread-safe mkdir -p
configure:2088: result: /bin/mkdir -p
configure:2095: checking for gawk
configure:2122: result: gawk
configure:2133: checking whether make sets $(MAKE)
configure:2155: result: yes
configure:2184: checking whether make supports nested variables
configure:2201: result: yes
configure:2319: checking whether to enable maintainer-specific portions of Makefiles
configure:2328: result: no
configure:2493: checking that generated files are newer than configure
configure:2499: result: done
configure:2511: creating ./config.status

## ---------------------- ##
## Running config.status. ##
## ---------------------- ##

This file was extended by readline config.status UNUSED-VERSION, which was
generated by GNU Autoconf 2.69.  Invocation command line was

  CONFIG_FILES    = 
  CONFIG_HEADERS  = 
  CONFIG_LINKS    = 
  CONFIG_COMMANDS = 
  $ ./config.status 

on szbcl06402

config.status:746: creating Makefile
configure:3596: === configuring in readline (/home/koda.xu/github_prj/debug_tools/gdb/gdb-9.1/build/readline/readline)
configure:3659: running /bin/sh /home/koda.xu/github_prj/debug_tools/gdb/gdb-9.1/readline/readline/configure --disable-option-checking '--prefix=/home/koda.xu/github_prj/debug_tools/gdb/output/gdb-9.1/gcc_6.4.0'  '--program-transform-name=s&^&arm-linux-gnueabihf-6.4.0-&' '--build=x86_64-pc-linux-gnu' '--host=arm-linux' '--target=arm-linux' 'build_alias=x86_64-pc-linux-gnu' 'host_alias=arm-linux' 'target_alias=arm-linux' --cache-file=.././config.cache --srcdir=/home/koda.xu/github_prj/debug_tools/gdb/gdb-9.1/readline/readline

## ---------------- ##
## Cache variables. ##
## ---------------- ##

ac_cv_build=x86_64-pc-linux-gnu
ac_cv_c_char_unsigned=yes
ac_cv_c_compiler_gnu=yes
ac_cv_c_const=yes
ac_cv_c_volatile=yes
ac_cv_env_CC_set=set
ac_cv_env_CC_value=arm-linux-gnueabihf-gcc
ac_cv_env_CFLAGS_set=set
ac_cv_env_CFLAGS_value='-g -O2'
ac_cv_env_CPPFLAGS_set=
ac_cv_env_CPPFLAGS_value=
ac_cv_env_CPP_set=
ac_cv_env_CPP_value=
ac_cv_env_LDFLAGS_set=set
ac_cv_env_LDFLAGS_value=' '
ac_cv_env_LIBS_set=
ac_cv_env_LIBS_value=
ac_cv_env_build_alias_set=set
ac_cv_env_build_alias_value=x86_64-pc-linux-gnu
ac_cv_env_host_alias_set=set
ac_cv_env_host_alias_value=arm-linux
ac_cv_env_target_alias_set=set
ac_cv_env_target_alias_value=arm-linux
ac_cv_func_chown_works=no
ac_cv_func_fcntl=yes
ac_cv_func_fnmatch=yes
ac_cv_func_getpwent=yes
ac_cv_func_getpwnam=yes
ac_cv_func_getpwuid=yes
ac_cv_func_isascii=yes
ac_cv_func_iswctype=yes
ac_cv_func_iswlower=yes
ac_cv_func_iswupper=yes
ac_cv_func_isxdigit=yes
ac_cv_func_kill=yes
ac_cv_func_lstat=yes
ac_cv_func_mbrlen=yes
ac_cv_func_mbrtowc=yes
ac_cv_func_mbscasecmp=no
ac_cv_func_mbschr=no
ac_cv_func_mbscmp=no
ac_cv_func_mbsnrtowcs=yes
ac_cv_func_mbsrtowcs=yes
ac_cv_func_memmove=yes
ac_cv_func_pselect=yes
ac_cv_func_putenv=yes
ac_cv_func_readlink=yes
ac_cv_func_select=yes
ac_cv_func_setenv=yes
ac_cv_func_setlocale=yes
ac_cv_func_strcasecmp=yes
ac_cv_func_strcoll_works=no
ac_cv_func_strpbrk=yes
ac_cv_func_tcgetattr=yes
ac_cv_func_tgetent=no
ac_cv_func_towlower=yes
ac_cv_func_towupper=yes
ac_cv_func_vsnprintf=yes
ac_cv_func_wcrtomb=yes
ac_cv_func_wcscoll=yes
ac_cv_func_wcsdup=yes
ac_cv_func_wcswidth=yes
ac_cv_func_wctype=yes
ac_cv_func_wcwidth=yes
ac_cv_have_decl_AUDIT_USER_TTY=yes
ac_cv_have_sig_atomic_t=yes
ac_cv_header_dirent_dirent_h=yes
ac_cv_header_fcntl_h=yes
ac_cv_header_inttypes_h=yes
ac_cv_header_langinfo_h=yes
ac_cv_header_libaudit_h=no
ac_cv_header_limits_h=yes
ac_cv_header_locale_h=yes
ac_cv_header_mbstr_h=no
ac_cv_header_memory_h=yes
ac_cv_header_minix_config_h=no
ac_cv_header_pwd_h=yes
ac_cv_header_stat_broken=no
ac_cv_header_stdarg_h=yes
ac_cv_header_stdbool_h=yes
ac_cv_header_stdc=yes
ac_cv_header_stdint_h=yes
ac_cv_header_stdlib_h=yes
ac_cv_header_string_h=yes
ac_cv_header_strings_h=yes
ac_cv_header_sys_file_h=yes
ac_cv_header_sys_ioctl_h=yes
ac_cv_header_sys_pte_h=no
ac_cv_header_sys_ptem_h=no
ac_cv_header_sys_select_h=yes
ac_cv_header_sys_stat_h=yes
ac_cv_header_sys_stream_h=no
ac_cv_header_sys_types_h=yes
ac_cv_header_termcap_h=no
ac_cv_header_termio_h=yes
ac_cv_header_termios_h=yes
ac_cv_header_unistd_h=yes
ac_cv_header_varargs_h=no
ac_cv_header_wchar_h=yes
ac_cv_header_wctype_h=yes
ac_cv_host=arm-unknown-linux-gnu
ac_cv_lib_curses_tgetent=no
ac_cv_lib_ncurses_tgetent=no
ac_cv_lib_ncursesw_tgetent=no
ac_cv_lib_termcap_tgetent=no
ac_cv_lib_tinfo_tgetent=no
ac_cv_objext=o
ac_cv_path_EGREP='/bin/grep -E'
ac_cv_path_GREP=/bin/grep
ac_cv_path_mkdir=/bin/mkdir
ac_cv_prog_AR=arm-linux-gnueabihf-ar
ac_cv_prog_AWK=gawk
ac_cv_prog_CC=arm-linux-gnueabihf-gcc
ac_cv_prog_CPP='arm-linux-gnueabihf-gcc -E'
ac_cv_prog_RANLIB=true
ac_cv_prog_ac_ct_STRIP=strip
ac_cv_prog_cc_c89=
ac_cv_prog_cc_g=yes
ac_cv_prog_gcc_traditional=no
ac_cv_prog_make_make_set=yes
ac_cv_safe_to_define___extensions__=yes
ac_cv_search_opendir='none required'
ac_cv_sizeof_wchar_t=4
ac_cv_sys_file_offset_bits=64
ac_cv_sys_largefile_CC=no
ac_cv_sys_tiocgwinsz_in_sys_ioctl_h=yes
ac_cv_sys_tiocgwinsz_in_termios_h=no
ac_cv_type_signal=void
ac_cv_type_size_t=yes
ac_cv_type_ssize_t=yes
ac_cv_type_uid_t=yes
am_cv_make_support_nested_variables=yes
bash_cv_dirent_has_d_fileno=yes
bash_cv_dirent_has_dino=yes
bash_cv_fionread_in_ioctl=yes
bash_cv_func_ctype_nonascii=no
bash_cv_func_lstat=yes
bash_cv_func_sigsetjmp=missing
bash_cv_func_strcoll_broken=no
bash_cv_getpw_declared=yes
bash_cv_langinfo_codeset=yes
bash_cv_must_reinstall_sighandlers=no
bash_cv_signal_vintage=posix
bash_cv_speed_t_in_sys_types=no
bash_cv_struct_winsize_header=ioctl_h
bash_cv_termcap_lib=gnutermcap
bash_cv_tiocstat_in_ioctl=no
bash_cv_type_wchar_t=yes
bash_cv_type_wctype_t=yes
bash_cv_type_wint_t=yes
bash_cv_void_sighandler=yes
bash_cv_wcwidth_broken=no

## ----------------- ##
## Output variables. ##
## ----------------- ##

ACLOCAL='${SHELL} /home/koda.xu/github_prj/debug_tools/gdb/gdb-9.1/missing aclocal-1.15'
AMTAR='$${TAR-tar}'
AM_BACKSLASH='\'
AM_DEFAULT_V='$(AM_DEFAULT_VERBOSITY)'
AM_DEFAULT_VERBOSITY='1'
AM_V='$(V)'
AUTOCONF='${SHELL} /home/koda.xu/github_prj/debug_tools/gdb/gdb-9.1/missing autoconf'
AUTOHEADER='${SHELL} /home/koda.xu/github_prj/debug_tools/gdb/gdb-9.1/missing autoheader'
AUTOMAKE='${SHELL} /home/koda.xu/github_prj/debug_tools/gdb/gdb-9.1/missing automake-1.15'
AWK='gawk'
CYGPATH_W='echo'
DEFS='-DPACKAGE_NAME=\"readline\" -DPACKAGE_TARNAME=\"readline\" -DPACKAGE_VERSION=\"UNUSED-VERSION\" -DPACKAGE_STRING=\"readline\ UNUSED-VERSION\" -DPACKAGE_BUGREPORT=\"\" -DPACKAGE_URL=\"\"'
ECHO_C=''
ECHO_N='-n'
ECHO_T=''
INSTALL_DATA='/usr/bin/install -c -m 644'
INSTALL_PROGRAM='/usr/bin/install -c'
INSTALL_SCRIPT='/usr/bin/install -c'
INSTALL_STRIP_PROGRAM='$(install_sh) -c -s'
LIBOBJS=''
LIBS=''
LTLIBOBJS=''
MAINT='#'
MAINTAINER_MODE_FALSE=''
MAINTAINER_MODE_TRUE='#'
MAKEINFO='makeinfo --split-size=5000000'
MKDIR_P='/bin/mkdir -p'
PACKAGE='readline'
PACKAGE_BUGREPORT=''
PACKAGE_NAME='readline'
PACKAGE_STRING='readline UNUSED-VERSION'
PACKAGE_TARNAME='readline'
PACKAGE_URL=''
PACKAGE_VERSION='UNUSED-VERSION'
PATH_SEPARATOR=':'
SET_MAKE=''
SHELL='/bin/sh'
STRIP='strip'
VERSION='UNUSED-VERSION'
am__isrc=' -I$(srcdir)'
am__leading_dot='.'
am__tar='$${TAR-tar} chof - "$$tardir"'
am__untar='$${TAR-tar} xf -'
bindir='${exec_prefix}/bin'
build_alias='x86_64-pc-linux-gnu'
datadir='${datarootdir}'
datarootdir='${prefix}/share'
docdir='${datarootdir}/doc/${PACKAGE_TARNAME}'
dvidir='${docdir}'
exec_prefix='${prefix}'
host_alias='arm-linux'
htmldir='${docdir}'
includedir='${prefix}/include'
infodir='${datarootdir}/info'
install_sh='${SHELL} /home/koda.xu/github_prj/debug_tools/gdb/gdb-9.1/install-sh'
libdir='${exec_prefix}/lib'
libexecdir='${exec_prefix}/libexec'
localedir='${datarootdir}/locale'
localstatedir='${prefix}/var'
mandir='${datarootdir}/man'
mkdir_p='$(MKDIR_P)'
oldincludedir='/usr/include'
pdfdir='${docdir}'
prefix='/home/koda.xu/github_prj/debug_tools/gdb/output/gdb-9.1/gcc_6.4.0'
program_transform_name='s&^&arm-linux-gnueabihf-6.4.0-&'
psdir='${docdir}'
sbindir='${exec_prefix}/sbin'
sharedstatedir='${prefix}/com'
subdirs=' readline'
sysconfdir='${prefix}/etc'
target_alias='arm-linux'

## ----------- ##
## confdefs.h. ##
## ----------- ##

/* confdefs.h */
#define PACKAGE_NAME "readline"
#define PACKAGE_TARNAME "readline"
#define PACKAGE_VERSION "UNUSED-VERSION"
#define PACKAGE_STRING "readline UNUSED-VERSION"
#define PACKAGE_BUGREPORT ""
#define PACKAGE_URL ""

configure: exit 0
