This file contains any messages produced by compilers while
running configure, to aid debugging if configure makes a mistake.

It was created by readline configure 8.0, which was
generated by GNU Autoconf 2.69.  Invocation command line was

  $ /home/koda.xu/github_prj/debug_tools/gdb/gdb-9.1/readline/readline/configure --disable-option-checking --prefix=/home/koda.xu/github_prj/debug_tools/gdb/output/gdb-9.1/gcc_6.4.0 --program-transform-name=s&^&arm-linux-gnueabihf-6.4.0-& --build=x86_64-pc-linux-gnu --host=arm-linux --target=arm-linux build_alias=x86_64-pc-linux-gnu host_alias=arm-linux target_alias=arm-linux --cache-file=.././config.cache --srcdir=/home/koda.xu/github_prj/debug_tools/gdb/gdb-9.1/readline/readline

## --------- ##
## Platform. ##
## --------- ##

hostname = szbcl06402
uname -m = x86_64
uname -r = 4.15.0-200-generic
uname -s = Linux
uname -v = #211-Ubuntu SMP Thu Nov 24 18:16:04 UTC 2022

/usr/bin/uname -p = unknown
/bin/uname -X     = unknown

/bin/arch              = unknown
/usr/bin/arch -k       = unknown
/usr/convex/getsysinfo = unknown
/usr/bin/hostinfo      = unknown
/bin/machine           = unknown
/usr/bin/oslevel       = unknown
/bin/universe          = unknown

PATH: /home/koda.xu/tmp/cus_xiaomi/sourcecode/project/cus_toolchain/gcc-linaro-6.4.0-2022.05-x86_64_arm-linux-gnueabihf/bin
PATH: /tools/toolchain/gcc-sigmastar-9.1.0-2020.07-x86_64_arm-linux-gnueabihf/bin/
PATH: /tools/toolchain/gcc-sigmastar-9.1.0-2020.07-x86_64_arm-linux-gnueabihf/bin/
PATH: /home/koda.xu/tmp/cus_xiaomi/sourcecode/project/cus_toolchain/gcc-linaro-6.4.0-2022.05-x86_64_arm-linux-gnueabihf/bin
PATH: /tools/toolchain/gcc-sigmastar-9.1.0-2020.07-x86_64_arm-linux-gnueabihf/bin/
PATH: /home/koda.xu/Qt/Qt5.15.0/qt5.15_lib/bin
PATH: /tools/toolchain/gcc-arm-8.2-2018.08-x86_64-arm-linux-gnueabihf/bin
PATH: /home/koda.xu/tmp/cus_xiaomi/sourcecode/project/cus_toolchain/gcc-linaro-6.4.0-2022.05-x86_64_arm-linux-gnueabihf/bin
PATH: /home/koda.xu/Qt/Qt5.15.0/qt5.15_lib/bin
PATH: /tools/toolchain/gcc-arm-8.2-2018.08-x86_64-arm-linux-gnueabihf/bin
PATH: /tools/bin
PATH: /tools/software/anaconda3/condabin
PATH: /home/koda.xu/Qt/Qt5.15.0/qt5.15_lib/bin
PATH: /tools/toolchain/gcc-arm-8.2-2018.08-x86_64-arm-linux-gnueabihf/bin
PATH: /usr/local/sbin
PATH: /usr/local/bin
PATH: /usr/sbin
PATH: /usr/bin
PATH: /sbin
PATH: /bin
PATH: /usr/games
PATH: /usr/local/games
PATH: /snap/bin


## ----------- ##
## Core tests. ##
## ----------- ##

configure:2360: loading cache .././config.cache
configure:2486: checking build system type
configure:2500: result: x86_64-pc-linux-gnu
configure:2520: checking host system type
configure:2533: result: arm-unknown-linux-gnu
configure:2627: checking whether make sets $(MAKE)
configure:2649: result: yes
configure:2666: checking for arm-linux-gcc
configure:2693: result: arm-linux-gnueabihf-gcc
configure:2962: checking for C compiler version
configure:2971: arm-linux-gnueabihf-gcc --version >&5
arm-linux-gnueabihf-gcc (GCC) 6.4.0
Copyright (C) 2017 Free Software Foundation, Inc.
This is free software; see the source for copying conditions.  There is NO
warranty; not even for MERCHANTABILITY or FITNESS FOR A PARTICULAR PURPOSE.

configure:2982: $? = 0
configure:2971: arm-linux-gnueabihf-gcc -v >&5
Using built-in specs.
COLLECT_GCC=arm-linux-gnueabihf-gcc
COLLECT_LTO_WRAPPER=/home/koda.xu/tmp/cus_xiaomi/sourcecode/project/cus_toolchain/gcc-linaro-6.4.0-2022.05-x86_64_arm-linux-gnueabihf/bin/../libexec/gcc/arm-linux-gnueabihf/6.4.0/lto-wrapper
Target: arm-linux-gnueabihf
Configured with: '/home/carlson.que/linaro_abe_91/build/snapshots/gcc.git~releases~gcc-9.1.0/configure' SHELL=/bin/bash --with-mpc=/home/carlson.que/linaro_abe_91/build/builds/destdir/x86_64-unknown-linux-gnu --with-mpfr=/home/carlson.que/linaro_abe_91/build/builds/destdir/x86_64-unknown-linux-gnu --with-gmp=/home/carlson.que/linaro_abe_91/build/builds/destdir/x86_64-unknown-linux-gnu --with-gnu-as --with-gnu-ld --disable-libmudflap --enable-lto --enable-shared --without-included-gettext --enable-nls --with-system-zlib --disable-sjlj-exceptions --enable-gnu-unique-object --enable-linker-build-id --disable-libstdcxx-pch --enable-c99 --enable-clocale=gnu --enable-libstdcxx-debug --enable-long-long --with-cloog=no --with-ppl=no --with-isl=no --disable-multilib --with-float=hard --with-fpu=vfpv3-d16 --with-mode=thumb --with-tune=cortex-a9 --with-arch=armv7-a --enable-threads=posix --enable-multiarch --enable-libstdcxx-time=yes --enable-gnu-indirect-function --with-build-sysroot=/home/carlson.que/linaro_abe_91/build/sysroots/arm-linux-gnueabihf --with-sysroot=/home/carlson.que/linaro_abe_91/build/builds/destdir/x86_64-unknown-linux-gnu/arm-linux-gnueabihf/libc --enable-checking=release --disable-bootstrap --enable-languages=c,c++,fortran,lto --build=x86_64-unknown-linux-gnu --host=x86_64-unknown-linux-gnu --target=arm-linux-gnueabihf --prefix=/home/carlson.que/linaro_abe_91/build/builds/destdir/x86_64-unknown-linux-gnu
Thread model: posix
gcc version 6.4.0 (GCC) 
configure:2982: $? = 0
configure:2971: arm-linux-gnueabihf-gcc -V >&5
arm-linux-gnueabihf-gcc: error: unrecognized command line option '-V'
arm-linux-gnueabihf-gcc: fatal error: no input files
compilation terminated.
configure:2982: $? = 1
configure:2971: arm-linux-gnueabihf-gcc -qversion >&5
arm-linux-gnueabihf-gcc: error: unrecognized command line option '-qversion'; did you mean '--version'?
arm-linux-gnueabihf-gcc: fatal error: no input files
compilation terminated.
configure:2982: $? = 1
configure:3002: checking whether the C compiler works
configure:3024: arm-linux-gnueabihf-gcc -g -O2    conftest.c  >&5
configure:3028: $? = 0
configure:3076: result: yes
configure:3079: checking for C compiler default output file name
configure:3081: result: a.out
configure:3087: checking for suffix of executables
configure:3094: arm-linux-gnueabihf-gcc -o conftest -g -O2    conftest.c  >&5
configure:3098: $? = 0
configure:3120: result: 
configure:3142: checking whether we are cross compiling
configure:3180: result: yes
configure:3185: checking for suffix of object files
configure:3232: result: o
configure:3236: checking whether we are using the GNU C compiler
configure:3264: result: yes
configure:3273: checking whether arm-linux-gnueabihf-gcc accepts -g
configure:3334: result: yes
configure:3351: checking for arm-linux-gnueabihf-gcc option to accept ISO C89
configure:3427: result: none needed
configure:3453: checking how to run the C preprocessor
configure:3523: result: arm-linux-gnueabihf-gcc -E
configure:3543: arm-linux-gnueabihf-gcc -E  conftest.c
configure:3543: $? = 0
configure:3557: arm-linux-gnueabihf-gcc -E  conftest.c
conftest.c:9:28: fatal error: ac_nonexistent.h: No such file or directory
 #include <ac_nonexistent.h>
                            ^
compilation terminated.
configure:3557: $? = 1
configure: failed program was:
| /* confdefs.h */
| #define PACKAGE_NAME "readline"
| #define PACKAGE_TARNAME "readline"
| #define PACKAGE_VERSION "8.0"
| #define PACKAGE_STRING "readline 8.0"
| #define PACKAGE_BUGREPORT "bug-readline@gnu.org"
| #define PACKAGE_URL ""
| /* end confdefs.h.  */
| #include <ac_nonexistent.h>
configure:3586: checking for grep that handles long lines and -e
configure:3644: result: /bin/grep
configure:3649: checking for egrep
configure:3711: result: /bin/grep -E
configure:3716: checking for ANSI C header files
configure:3820: result: yes
configure:3833: checking for sys/types.h
configure:3833: result: yes
configure:3833: checking for sys/stat.h
configure:3833: result: yes
configure:3833: checking for stdlib.h
configure:3833: result: yes
configure:3833: checking for string.h
configure:3833: result: yes
configure:3833: checking for memory.h
configure:3833: result: yes
configure:3833: checking for strings.h
configure:3833: result: yes
configure:3833: checking for inttypes.h
configure:3833: result: yes
configure:3833: checking for stdint.h
configure:3833: result: yes
configure:3833: checking for unistd.h
configure:3833: result: yes
configure:3846: checking for minix/config.h
configure:3846: result: no
configure:3867: checking whether it is safe to define __EXTENSIONS__
configure:3892: result: yes
configure:3912: checking whether arm-linux-gnueabihf-gcc needs -traditional
configure:3946: result: no
configure:3967: checking for a BSD-compatible install
configure:4035: result: /usr/bin/install -c
configure:4049: checking for arm-linux-ar
configure:4076: result: arm-linux-gnueabihf-ar
configure:4142: checking for arm-linux-ranlib
configure:4169: result: true
configure:4235: checking for an ANSI C-conforming const
configure:4308: result: yes
configure:4316: checking for function prototypes
configure:4319: result: yes
configure:4332: checking whether char is unsigned
configure:4358: result: yes
configure:4365: checking for working volatile
configure:4391: result: yes
configure:4400: checking return type of signal handlers
configure:4425: result: void
configure:4434: checking for size_t
configure:4434: result: yes
configure:4445: checking for ssize_t
configure:4445: result: yes
configure:4457: checking for ANSI C header files
configure:4561: result: yes
configure:4570: checking whether stat file-mode macros are broken
configure:4604: result: no
configure:4615: checking for dirent.h that defines DIR
configure:4642: result: yes
configure:4655: checking for library containing opendir
configure:4703: result: none required
configure:4774: checking for fcntl
configure:4774: result: yes
configure:4774: checking for kill
configure:4774: result: yes
configure:4774: checking for lstat
configure:4774: result: yes
configure:4774: checking for readlink
configure:4774: result: yes
configure:4787: checking for fnmatch
configure:4787: result: yes
configure:4787: checking for memmove
configure:4787: result: yes
configure:4787: checking for pselect
configure:4787: result: yes
configure:4787: checking for putenv
configure:4787: result: yes
configure:4787: checking for select
configure:4787: result: yes
configure:4787: checking for setenv
configure:4787: result: yes
configure:4787: checking for setlocale
configure:4787: result: yes
configure:4787: checking for strcasecmp
configure:4787: result: yes
configure:4787: checking for strpbrk
configure:4787: result: yes
configure:4787: checking for tcgetattr
configure:4787: result: yes
configure:4787: checking for vsnprintf
configure:4787: result: yes
configure:4799: checking for isascii
configure:4799: result: yes
configure:4799: checking for isxdigit
configure:4799: result: yes
configure:4811: checking for getpwent
configure:4811: result: yes
configure:4811: checking for getpwnam
configure:4811: result: yes
configure:4811: checking for getpwuid
configure:4811: result: yes
configure:4821: checking for uid_t in sys/types.h
configure:4840: result: yes
configure:4853: checking for unistd.h
configure:4853: result: yes
configure:4863: checking for working chown
configure:4908: result: no
configure:4916: checking for working strcoll
configure:4947: result: no
configure:4961: checking for fcntl.h
configure:4961: result: yes
configure:4961: checking for unistd.h
configure:4961: result: yes
configure:4961: checking for stdlib.h
configure:4961: result: yes
configure:4961: checking for varargs.h
configure:4961: result: no
configure:4961: checking for stdarg.h
configure:4961: result: yes
configure:4961: checking for stdbool.h
configure:4961: result: yes
configure:4961: checking for string.h
configure:4961: result: yes
configure:4961: checking for strings.h
configure:4961: result: yes
configure:4961: checking for limits.h
configure:4961: result: yes
configure:4961: checking for locale.h
configure:4961: result: yes
configure:4961: checking for pwd.h
configure:4961: result: yes
configure:4961: checking for memory.h
configure:4961: result: yes
configure:4961: checking for termcap.h
configure:4961: result: no
configure:4961: checking for termios.h
configure:4961: result: yes
configure:4961: checking for termio.h
configure:4961: result: yes
configure:4974: checking for sys/ioctl.h
configure:4974: result: yes
configure:4974: checking for sys/pte.h
configure:4974: result: no
configure:4974: checking for sys/stream.h
configure:4974: result: no
configure:4974: checking for sys/select.h
configure:4974: result: yes
configure:4974: checking for sys/file.h
configure:4974: result: yes
configure:4987: checking for sys/ptem.h
configure:4987: result: no
configure:5010: checking for special C compiler options needed for large files
configure:5055: result: no
configure:5061: checking for _FILE_OFFSET_BITS value needed for large files
configure:5118: result: 64
configure:5205: checking for type of signal functions
configure:5286: result: posix
configure:5301: checking if signal handlers must be reinstalled when invoked
configure:5370: result: no
configure:5379: checking for presence of POSIX-style sigsetjmp/siglongjmp
configure:5442: result: missing
configure:5449: checking for lstat
configure:5476: result: yes
configure:5484: checking whether or not strcoll and strcmp differ
configure:5545: result: no
configure:5553: checking whether the ctype macros accept non-ascii characters
configure:5609: result: no
configure:5617: checking whether getpw functions are declared in pwd.h
configure:5642: result: yes
configure:5650: checking whether termios.h defines TIOCGWINSZ
configure:5673: result: no
configure:5677: checking whether sys/ioctl.h defines TIOCGWINSZ
configure:5700: result: yes
configure:5711: checking for sig_atomic_t in signal.h
configure:5737: result: yes
configure:5754: checking whether signal handlers are of type void
configure:5785: result: yes
configure:5793: checking for TIOCSTAT in sys/ioctl.h
configure:5818: result: no
configure:5825: checking for FIONREAD in sys/ioctl.h
configure:5850: result: yes
configure:5857: checking for speed_t in sys/types.h
configure:5881: result: no
configure:5888: checking for struct winsize in sys/ioctl.h and termios.h
configure:5932: result: sys/ioctl.h
configure:5947: checking for struct dirent.d_ino
configure:5993: result: yes
configure:6001: checking for struct dirent.d_fileno
configure:6047: result: yes
configure:6057: checking for libaudit.h
configure:6057: result: no
configure:6067: checking whether AUDIT_USER_TTY is declared
configure:6067: result: yes
configure:6087: checking which library has the termcap functions
configure:6312: result: using gnutermcap
configure:6369: checking for wctype.h
configure:6369: result: yes
configure:6381: checking for wchar.h
configure:6381: result: yes
configure:6393: checking for langinfo.h
configure:6393: result: yes
configure:6406: checking for mbstr.h
configure:6406: result: no
configure:6417: checking for mbrlen
configure:6417: result: yes
configure:6423: checking for mbscasecmp
configure:6423: result: no
configure:6429: checking for mbscmp
configure:6429: result: no
configure:6435: checking for mbsnrtowcs
configure:6435: result: yes
configure:6441: checking for mbsrtowcs
configure:6441: result: yes
configure:6448: checking for mbschr
configure:6448: result: no
configure:6463: checking for wcrtomb
configure:6463: result: yes
configure:6469: checking for wcscoll
configure:6469: result: yes
configure:6475: checking for wcsdup
configure:6475: result: yes
configure:6481: checking for wcwidth
configure:6481: result: yes
configure:6487: checking for wctype
configure:6487: result: yes
configure:6494: checking for wcswidth
configure:6494: result: yes
configure:6510: checking whether mbrtowc and mbstate_t are properly declared
configure:6538: result: yes
configure:6554: checking for iswlower
configure:6554: result: yes
configure:6554: checking for iswupper
configure:6554: result: yes
configure:6554: checking for towlower
configure:6554: result: yes
configure:6554: checking for towupper
configure:6554: result: yes
configure:6554: checking for iswctype
configure:6554: result: yes
configure:6564: checking for nl_langinfo and CODESET
configure:6588: result: yes
configure:6595: checking for wchar_t in wchar.h
configure:6622: result: yes
configure:6630: checking for wctype_t in wctype.h
configure:6656: result: yes
configure:6664: checking for wint_t in wctype.h
configure:6690: result: yes
configure:6698: checking for wcwidth broken with unicode combining characters
configure:6738: result: no
configure:6767: checking size of wchar_t
configure:6786: result: 4
configure:6814: checking configuration for building shared libraries
configure:6838: result: supported
configure:7020: creating ./config.status

## ---------------------- ##
## Running config.status. ##
## ---------------------- ##

This file was extended by readline config.status 8.0, which was
generated by GNU Autoconf 2.69.  Invocation command line was

  CONFIG_FILES    = 
  CONFIG_HEADERS  = 
  CONFIG_LINKS    = 
  CONFIG_COMMANDS = 
  $ ./config.status 

on szbcl06402

config.status:936: creating Makefile
config.status:936: creating doc/Makefile
config.status:936: creating examples/Makefile
config.status:936: creating shlib/Makefile
config.status:936: creating readline.pc
config.status:936: creating config.h
config.status:1096: config.h is unchanged
config.status:1110: executing default commands

## ---------------- ##
## Cache variables. ##
## ---------------- ##

ac_cv_build=x86_64-pc-linux-gnu
ac_cv_c_char_unsigned=yes
ac_cv_c_compiler_gnu=yes
ac_cv_c_const=yes
ac_cv_c_volatile=yes
ac_cv_env_CC_set=set
ac_cv_env_CC_value=arm-linux-gnueabihf-gcc
ac_cv_env_CFLAGS_set=set
ac_cv_env_CFLAGS_value='-g -O2'
ac_cv_env_CPPFLAGS_set=
ac_cv_env_CPPFLAGS_value=
ac_cv_env_CPP_set=
ac_cv_env_CPP_value=
ac_cv_env_LDFLAGS_set=set
ac_cv_env_LDFLAGS_value=' '
ac_cv_env_LIBS_set=
ac_cv_env_LIBS_value=
ac_cv_env_build_alias_set=set
ac_cv_env_build_alias_value=x86_64-pc-linux-gnu
ac_cv_env_host_alias_set=set
ac_cv_env_host_alias_value=arm-linux
ac_cv_env_target_alias_set=set
ac_cv_env_target_alias_value=arm-linux
ac_cv_func_chown_works=no
ac_cv_func_fcntl=yes
ac_cv_func_fnmatch=yes
ac_cv_func_getpwent=yes
ac_cv_func_getpwnam=yes
ac_cv_func_getpwuid=yes
ac_cv_func_isascii=yes
ac_cv_func_iswctype=yes
ac_cv_func_iswlower=yes
ac_cv_func_iswupper=yes
ac_cv_func_isxdigit=yes
ac_cv_func_kill=yes
ac_cv_func_lstat=yes
ac_cv_func_mbrlen=yes
ac_cv_func_mbrtowc=yes
ac_cv_func_mbscasecmp=no
ac_cv_func_mbschr=no
ac_cv_func_mbscmp=no
ac_cv_func_mbsnrtowcs=yes
ac_cv_func_mbsrtowcs=yes
ac_cv_func_memmove=yes
ac_cv_func_pselect=yes
ac_cv_func_putenv=yes
ac_cv_func_readlink=yes
ac_cv_func_select=yes
ac_cv_func_setenv=yes
ac_cv_func_setlocale=yes
ac_cv_func_strcasecmp=yes
ac_cv_func_strcoll_works=no
ac_cv_func_strpbrk=yes
ac_cv_func_tcgetattr=yes
ac_cv_func_tgetent=no
ac_cv_func_towlower=yes
ac_cv_func_towupper=yes
ac_cv_func_vsnprintf=yes
ac_cv_func_wcrtomb=yes
ac_cv_func_wcscoll=yes
ac_cv_func_wcsdup=yes
ac_cv_func_wcswidth=yes
ac_cv_func_wctype=yes
ac_cv_func_wcwidth=yes
ac_cv_have_decl_AUDIT_USER_TTY=yes
ac_cv_have_sig_atomic_t=yes
ac_cv_header_dirent_dirent_h=yes
ac_cv_header_fcntl_h=yes
ac_cv_header_inttypes_h=yes
ac_cv_header_langinfo_h=yes
ac_cv_header_libaudit_h=no
ac_cv_header_limits_h=yes
ac_cv_header_locale_h=yes
ac_cv_header_mbstr_h=no
ac_cv_header_memory_h=yes
ac_cv_header_minix_config_h=no
ac_cv_header_pwd_h=yes
ac_cv_header_stat_broken=no
ac_cv_header_stdarg_h=yes
ac_cv_header_stdbool_h=yes
ac_cv_header_stdc=yes
ac_cv_header_stdint_h=yes
ac_cv_header_stdlib_h=yes
ac_cv_header_string_h=yes
ac_cv_header_strings_h=yes
ac_cv_header_sys_file_h=yes
ac_cv_header_sys_ioctl_h=yes
ac_cv_header_sys_pte_h=no
ac_cv_header_sys_ptem_h=no
ac_cv_header_sys_select_h=yes
ac_cv_header_sys_stat_h=yes
ac_cv_header_sys_stream_h=no
ac_cv_header_sys_types_h=yes
ac_cv_header_termcap_h=no
ac_cv_header_termio_h=yes
ac_cv_header_termios_h=yes
ac_cv_header_unistd_h=yes
ac_cv_header_varargs_h=no
ac_cv_header_wchar_h=yes
ac_cv_header_wctype_h=yes
ac_cv_host=arm-unknown-linux-gnu
ac_cv_lib_curses_tgetent=no
ac_cv_lib_ncurses_tgetent=no
ac_cv_lib_ncursesw_tgetent=no
ac_cv_lib_termcap_tgetent=no
ac_cv_lib_tinfo_tgetent=no
ac_cv_objext=o
ac_cv_path_EGREP='/bin/grep -E'
ac_cv_path_GREP=/bin/grep
ac_cv_path_mkdir=/bin/mkdir
ac_cv_prog_AR=arm-linux-gnueabihf-ar
ac_cv_prog_AWK=gawk
ac_cv_prog_CC=arm-linux-gnueabihf-gcc
ac_cv_prog_CPP='arm-linux-gnueabihf-gcc -E'
ac_cv_prog_RANLIB=true
ac_cv_prog_ac_ct_STRIP=strip
ac_cv_prog_cc_c89=
ac_cv_prog_cc_g=yes
ac_cv_prog_gcc_traditional=no
ac_cv_prog_make_make_set=yes
ac_cv_safe_to_define___extensions__=yes
ac_cv_search_opendir='none required'
ac_cv_sizeof_wchar_t=4
ac_cv_sys_file_offset_bits=64
ac_cv_sys_largefile_CC=no
ac_cv_sys_tiocgwinsz_in_sys_ioctl_h=yes
ac_cv_sys_tiocgwinsz_in_termios_h=no
ac_cv_type_signal=void
ac_cv_type_size_t=yes
ac_cv_type_ssize_t=yes
ac_cv_type_uid_t=yes
am_cv_make_support_nested_variables=yes
bash_cv_dirent_has_d_fileno=yes
bash_cv_dirent_has_dino=yes
bash_cv_fionread_in_ioctl=yes
bash_cv_func_ctype_nonascii=no
bash_cv_func_lstat=yes
bash_cv_func_sigsetjmp=missing
bash_cv_func_strcoll_broken=no
bash_cv_getpw_declared=yes
bash_cv_langinfo_codeset=yes
bash_cv_must_reinstall_sighandlers=no
bash_cv_signal_vintage=posix
bash_cv_speed_t_in_sys_types=no
bash_cv_struct_winsize_header=ioctl_h
bash_cv_termcap_lib=gnutermcap
bash_cv_tiocstat_in_ioctl=no
bash_cv_type_wchar_t=yes
bash_cv_type_wctype_t=yes
bash_cv_type_wint_t=yes
bash_cv_void_sighandler=yes
bash_cv_wcwidth_broken=no

## ----------------- ##
## Output variables. ##
## ----------------- ##

AR='arm-linux-gnueabihf-ar'
ARFLAGS='cr'
BUILD_DIR='/home/koda.xu/github_prj/debug_tools/gdb/gdb-9.1/build/readline/readline'
CC='arm-linux-gnueabihf-gcc'
CFLAGS='-g -O2'
CPP='arm-linux-gnueabihf-gcc -E'
CPPFLAGS=''
CROSS_COMPILE='-DCROSS_COMPILING'
DEFS='-DHAVE_CONFIG_H'
ECHO_C=''
ECHO_N='-n'
ECHO_T=''
EGREP='/bin/grep -E'
EXAMPLES_INSTALL_TARGET=''
EXEEXT=''
GREP='/bin/grep'
INSTALL_DATA='/usr/bin/install -c -m 644'
INSTALL_PROGRAM='/usr/bin/install -c'
INSTALL_SCRIPT='/usr/bin/install -c'
LDFLAGS='  -L./lib/termcap'
LIBOBJS=' ${LIBOBJDIR}mbschr$U.o'
LIBS=''
LIBVERSION='8.0'
LOCAL_CFLAGS=''
LOCAL_DEFS=''
LOCAL_LDFLAGS=''
LTLIBOBJS=' ${LIBOBJDIR}mbschr$U.lo'
MAKE_SHELL='/bin/sh'
OBJEXT='o'
PACKAGE_BUGREPORT='bug-readline@gnu.org'
PACKAGE_NAME='readline'
PACKAGE_STRING='readline 8.0'
PACKAGE_TARNAME='readline'
PACKAGE_URL=''
PACKAGE_VERSION='8.0'
PATH_SEPARATOR=':'
RANLIB='true'
SET_MAKE=''
SHARED_INSTALL_TARGET=''
SHARED_TARGET=''
SHELL='/bin/sh'
SHLIB_DLLVERSION='$(SHLIB_MAJOR)'
SHLIB_DOT='.'
SHLIB_LIBPREF='lib'
SHLIB_LIBS=''
SHLIB_LIBSUFF='so'
SHLIB_LIBVERSION='$(SHLIB_LIBSUFF).$(SHLIB_MAJOR)$(SHLIB_MINOR)'
SHLIB_MAJOR='8'
SHLIB_MINOR='0'
SHLIB_STATUS='supported'
SHLIB_XLDFLAGS='-Wl,-rpath,$(libdir) -Wl,-soname,`basename $@ $(SHLIB_MINOR)`'
SHOBJ_CC='arm-linux-gnueabihf-gcc'
SHOBJ_CFLAGS='-fPIC'
SHOBJ_LD='${CC}'
SHOBJ_LDFLAGS='-shared -Wl,-soname,$@'
SHOBJ_LIBS=''
SHOBJ_STATUS='supported'
SHOBJ_XLDFLAGS=''
STATIC_INSTALL_TARGET='install-static'
STATIC_TARGET='static'
TERMCAP_LIB='-ltermcap'
TERMCAP_PKG_CONFIG_LIB='termcap'
ac_ct_CC=''
bindir='${exec_prefix}/bin'
build='x86_64-pc-linux-gnu'
build_alias='x86_64-pc-linux-gnu'
build_cpu='x86_64'
build_os='linux-gnu'
build_vendor='pc'
datadir='${datarootdir}'
datarootdir='${prefix}/share'
docdir='${datarootdir}/doc/${PACKAGE_TARNAME}'
dvidir='${docdir}'
exec_prefix='${prefix}'
host='arm-unknown-linux-gnu'
host_alias='arm-linux'
host_cpu='arm'
host_os='linux-gnu'
host_vendor='unknown'
htmldir='${docdir}'
includedir='${prefix}/include'
infodir='${datarootdir}/info'
libdir='${exec_prefix}/lib'
libexecdir='${exec_prefix}/libexec'
localedir='${datarootdir}/locale'
localstatedir='${prefix}/var'
mandir='${datarootdir}/man'
oldincludedir='/usr/include'
pdfdir='${docdir}'
prefix='/home/koda.xu/github_prj/debug_tools/gdb/output/gdb-9.1/gcc_6.4.0'
program_transform_name='s&^&arm-linux-gnueabihf-6.4.0-&'
psdir='${docdir}'
sbindir='${exec_prefix}/sbin'
sharedstatedir='${prefix}/com'
sysconfdir='${prefix}/etc'
target_alias='arm-linux'

## ----------- ##
## confdefs.h. ##
## ----------- ##

/* confdefs.h */
#define PACKAGE_NAME "readline"
#define PACKAGE_TARNAME "readline"
#define PACKAGE_VERSION "8.0"
#define PACKAGE_STRING "readline 8.0"
#define PACKAGE_BUGREPORT "bug-readline@gnu.org"
#define PACKAGE_URL ""
#define STDC_HEADERS 1
#define HAVE_SYS_TYPES_H 1
#define HAVE_SYS_STAT_H 1
#define HAVE_STDLIB_H 1
#define HAVE_STRING_H 1
#define HAVE_MEMORY_H 1
#define HAVE_STRINGS_H 1
#define HAVE_INTTYPES_H 1
#define HAVE_STDINT_H 1
#define HAVE_UNISTD_H 1
#define __EXTENSIONS__ 1
#define _ALL_SOURCE 1
#define _GNU_SOURCE 1
#define _POSIX_PTHREAD_SEMANTICS 1
#define _TANDEM_SOURCE 1
#define PROTOTYPES 1
#define __PROTOTYPES 1
#define RETSIGTYPE void
#define STDC_HEADERS 1
#define HAVE_DIRENT_H 1
#define HAVE_FCNTL 1
#define HAVE_KILL 1
#define HAVE_LSTAT 1
#define HAVE_READLINK 1
#define HAVE_FNMATCH 1
#define HAVE_MEMMOVE 1
#define HAVE_PSELECT 1
#define HAVE_PUTENV 1
#define HAVE_SELECT 1
#define HAVE_SETENV 1
#define HAVE_SETLOCALE 1
#define HAVE_STRCASECMP 1
#define HAVE_STRPBRK 1
#define HAVE_TCGETATTR 1
#define HAVE_VSNPRINTF 1
#define HAVE_ISASCII 1
#define HAVE_ISXDIGIT 1
#define HAVE_GETPWENT 1
#define HAVE_GETPWNAM 1
#define HAVE_GETPWUID 1
#define HAVE_UNISTD_H 1
#define HAVE_FCNTL_H 1
#define HAVE_UNISTD_H 1
#define HAVE_STDLIB_H 1
#define HAVE_STDARG_H 1
#define HAVE_STDBOOL_H 1
#define HAVE_STRING_H 1
#define HAVE_STRINGS_H 1
#define HAVE_LIMITS_H 1
#define HAVE_LOCALE_H 1
#define HAVE_PWD_H 1
#define HAVE_MEMORY_H 1
#define HAVE_TERMIOS_H 1
#define HAVE_TERMIO_H 1
#define HAVE_SYS_IOCTL_H 1
#define HAVE_SYS_SELECT_H 1
#define HAVE_SYS_FILE_H 1
#define _FILE_OFFSET_BITS 64
#define HAVE_POSIX_SIGNALS 1
#define HAVE_LSTAT 1
#define HAVE_GETPW_DECLS 1
#define GWINSZ_IN_SYS_IOCTL 1
#define VOID_SIGHANDLER 1
#define FIONREAD_IN_SYS_IOCTL 1
#define STRUCT_WINSIZE_IN_SYS_IOCTL 1
#define HAVE_STRUCT_DIRENT_D_INO 1
#define HAVE_STRUCT_DIRENT_D_FILENO 1
#define HAVE_DECL_AUDIT_USER_TTY 1
#define HAVE_WCTYPE_H 1
#define HAVE_WCHAR_H 1
#define HAVE_LANGINFO_H 1
#define HAVE_MBRLEN 1
#define HAVE_MBSNRTOWCS 1
#define HAVE_MBSRTOWCS 1
#define HAVE_WCRTOMB 1
#define HAVE_WCSCOLL 1
#define HAVE_WCSDUP 1
#define HAVE_WCWIDTH 1
#define HAVE_WCTYPE 1
#define HAVE_WCSWIDTH 1
#define HAVE_MBRTOWC 1
#define HAVE_MBSTATE_T 1
#define HAVE_ISWLOWER 1
#define HAVE_ISWUPPER 1
#define HAVE_TOWLOWER 1
#define HAVE_TOWUPPER 1
#define HAVE_ISWCTYPE 1
#define HAVE_LANGINFO_CODESET 1
#define HAVE_WCHAR_T 1
#define HAVE_WCTYPE_T 1
#define HAVE_WINT_T 1
#define SIZEOF_WCHAR_T 4

configure: exit 0
