This file contains any messages produced by compilers while
running configure, to aid debugging if configure makes a mistake.

It was created by configure, which was
generated by GNU Autoconf 2.69.  Invocation command line was

  $ /home/koda.xu/github_prj/debug_tools/gdb/gdb-9.1/libiberty/configure --srcdir=/home/koda.xu/github_prj/debug_tools/gdb/gdb-9.1/libiberty --cache-file=./config.cache --prefix=/home/koda.xu/github_prj/debug_tools/gdb/output/gdb-9.1/gcc_6.4.0 --program-transform-name=s&^&arm-linux-gnueabihf-6.4.0-& --disable-option-checking --build=x86_64-pc-linux-gnu --host=arm-linux --target=arm-linux

## --------- ##
## Platform. ##
## --------- ##

hostname = szbcl06402
uname -m = x86_64
uname -r = 4.15.0-200-generic
uname -s = Linux
uname -v = #211-Ubuntu SMP Thu Nov 24 18:16:04 UTC 2022

/usr/bin/uname -p = unknown
/bin/uname -X     = unknown

/bin/arch              = unknown
/usr/bin/arch -k       = unknown
/usr/convex/getsysinfo = unknown
/usr/bin/hostinfo      = unknown
/bin/machine           = unknown
/usr/bin/oslevel       = unknown
/bin/universe          = unknown

PATH: /home/koda.xu/tmp/cus_xiaomi/sourcecode/project/cus_toolchain/gcc-linaro-6.4.0-2022.05-x86_64_arm-linux-gnueabihf/bin
PATH: /tools/toolchain/gcc-sigmastar-9.1.0-2020.07-x86_64_arm-linux-gnueabihf/bin/
PATH: /tools/toolchain/gcc-sigmastar-9.1.0-2020.07-x86_64_arm-linux-gnueabihf/bin/
PATH: /home/koda.xu/tmp/cus_xiaomi/sourcecode/project/cus_toolchain/gcc-linaro-6.4.0-2022.05-x86_64_arm-linux-gnueabihf/bin
PATH: /tools/toolchain/gcc-sigmastar-9.1.0-2020.07-x86_64_arm-linux-gnueabihf/bin/
PATH: /home/koda.xu/Qt/Qt5.15.0/qt5.15_lib/bin
PATH: /tools/toolchain/gcc-arm-8.2-2018.08-x86_64-arm-linux-gnueabihf/bin
PATH: /home/koda.xu/tmp/cus_xiaomi/sourcecode/project/cus_toolchain/gcc-linaro-6.4.0-2022.05-x86_64_arm-linux-gnueabihf/bin
PATH: /home/koda.xu/Qt/Qt5.15.0/qt5.15_lib/bin
PATH: /tools/toolchain/gcc-arm-8.2-2018.08-x86_64-arm-linux-gnueabihf/bin
PATH: /tools/bin
PATH: /tools/software/anaconda3/condabin
PATH: /home/koda.xu/Qt/Qt5.15.0/qt5.15_lib/bin
PATH: /tools/toolchain/gcc-arm-8.2-2018.08-x86_64-arm-linux-gnueabihf/bin
PATH: /usr/local/sbin
PATH: /usr/local/bin
PATH: /usr/sbin
PATH: /usr/bin
PATH: /sbin
PATH: /bin
PATH: /usr/games
PATH: /usr/local/games
PATH: /snap/bin


## ----------- ##
## Core tests. ##
## ----------- ##

configure:2372: loading cache ./config.cache
configure:2540: checking whether to enable maintainer-specific portions of Makefiles
configure:2550: result: no
configure:2565: checking for makeinfo
configure:2592: result: makeinfo --split-size=5000000
configure:2632: checking for perl
configure:2659: result: perl
configure:2678: checking build system type
configure:2692: result: x86_64-pc-linux-gnu
configure:2712: checking host system type
configure:2725: result: arm-unknown-linux-gnu
configure:2750: checking for arm-linux-ar
configure:2777: result: arm-linux-gnueabihf-ar
configure:2842: checking for arm-linux-ranlib
configure:2869: result: true
configure:2954: checking whether to install libiberty headers and static library
configure:2977: result: no
configure:2979: target_header_dir = 
configure:2991: checking for arm-linux-gcc
configure:3018: result: arm-linux-gnueabihf-gcc
configure:3287: checking for C compiler version
configure:3296: arm-linux-gnueabihf-gcc --version >&5
arm-linux-gnueabihf-gcc (GCC) 6.4.0
Copyright (C) 2017 Free Software Foundation, Inc.
This is free software; see the source for copying conditions.  There is NO
warranty; not even for MERCHANTABILITY or FITNESS FOR A PARTICULAR PURPOSE.

configure:3307: $? = 0
configure:3296: arm-linux-gnueabihf-gcc -v >&5
Using built-in specs.
COLLECT_GCC=arm-linux-gnueabihf-gcc
COLLECT_LTO_WRAPPER=/home/koda.xu/tmp/cus_xiaomi/sourcecode/project/cus_toolchain/gcc-linaro-6.4.0-2022.05-x86_64_arm-linux-gnueabihf/bin/../libexec/gcc/arm-linux-gnueabihf/6.4.0/lto-wrapper
Target: arm-linux-gnueabihf
Configured with: '/home/carlson.que/linaro_abe_91/build/snapshots/gcc.git~releases~gcc-9.1.0/configure' SHELL=/bin/bash --with-mpc=/home/carlson.que/linaro_abe_91/build/builds/destdir/x86_64-unknown-linux-gnu --with-mpfr=/home/carlson.que/linaro_abe_91/build/builds/destdir/x86_64-unknown-linux-gnu --with-gmp=/home/carlson.que/linaro_abe_91/build/builds/destdir/x86_64-unknown-linux-gnu --with-gnu-as --with-gnu-ld --disable-libmudflap --enable-lto --enable-shared --without-included-gettext --enable-nls --with-system-zlib --disable-sjlj-exceptions --enable-gnu-unique-object --enable-linker-build-id --disable-libstdcxx-pch --enable-c99 --enable-clocale=gnu --enable-libstdcxx-debug --enable-long-long --with-cloog=no --with-ppl=no --with-isl=no --disable-multilib --with-float=hard --with-fpu=vfpv3-d16 --with-mode=thumb --with-tune=cortex-a9 --with-arch=armv7-a --enable-threads=posix --enable-multiarch --enable-libstdcxx-time=yes --enable-gnu-indirect-function --with-build-sysroot=/home/carlson.que/linaro_abe_91/build/sysroots/arm-linux-gnueabihf --with-sysroot=/home/carlson.que/linaro_abe_91/build/builds/destdir/x86_64-unknown-linux-gnu/arm-linux-gnueabihf/libc --enable-checking=release --disable-bootstrap --enable-languages=c,c++,fortran,lto --build=x86_64-unknown-linux-gnu --host=x86_64-unknown-linux-gnu --target=arm-linux-gnueabihf --prefix=/home/carlson.que/linaro_abe_91/build/builds/destdir/x86_64-unknown-linux-gnu
Thread model: posix
gcc version 6.4.0 (GCC) 
configure:3307: $? = 0
configure:3296: arm-linux-gnueabihf-gcc -V >&5
arm-linux-gnueabihf-gcc: error: unrecognized command line option '-V'
arm-linux-gnueabihf-gcc: fatal error: no input files
compilation terminated.
configure:3307: $? = 1
configure:3296: arm-linux-gnueabihf-gcc -qversion >&5
arm-linux-gnueabihf-gcc: error: unrecognized command line option '-qversion'; did you mean '--version'?
arm-linux-gnueabihf-gcc: fatal error: no input files
compilation terminated.
configure:3307: $? = 1
configure:3323: arm-linux-gnueabihf-gcc -o conftest -g -O2    conftest.c  >&5
configure:3326: $? = 0
configure:3355: checking whether the C compiler works
configure:3377: arm-linux-gnueabihf-gcc -g -O2    conftest.c  >&5
configure:3381: $? = 0
configure:3429: result: yes
configure:3432: checking for C compiler default output file name
configure:3434: result: a.out
configure:3440: checking for suffix of executables
configure:3447: arm-linux-gnueabihf-gcc -o conftest -g -O2    conftest.c  >&5
configure:3451: $? = 0
configure:3473: result: 
configure:3495: checking whether we are cross compiling
configure:3533: result: yes
configure:3539: checking for suffix of object files
configure:3586: result: o
configure:3590: checking whether we are using the GNU C compiler
configure:3618: result: yes
configure:3627: checking whether arm-linux-gnueabihf-gcc accepts -g
configure:3688: result: yes
configure:3705: checking for arm-linux-gnueabihf-gcc option to accept ISO C89
configure:3781: result: none needed
configure:3807: checking how to run the C preprocessor
configure:3877: result: arm-linux-gnueabihf-gcc -E
configure:3897: arm-linux-gnueabihf-gcc -E  conftest.c
configure:3897: $? = 0
configure:3911: arm-linux-gnueabihf-gcc -E  conftest.c
conftest.c:9:28: fatal error: ac_nonexistent.h: No such file or directory
 #include <ac_nonexistent.h>
                            ^
compilation terminated.
configure:3911: $? = 1
configure: failed program was:
| /* confdefs.h */
| #define PACKAGE_NAME ""
| #define PACKAGE_TARNAME ""
| #define PACKAGE_VERSION ""
| #define PACKAGE_STRING ""
| #define PACKAGE_BUGREPORT ""
| #define PACKAGE_URL ""
| /* end confdefs.h.  */
| #include <ac_nonexistent.h>
configure:3940: checking for grep that handles long lines and -e
configure:3998: result: /bin/grep
configure:4003: checking for egrep
configure:4065: result: /bin/grep -E
configure:4070: checking for ANSI C header files
configure:4174: result: yes
configure:4187: checking for sys/types.h
configure:4187: result: yes
configure:4187: checking for sys/stat.h
configure:4187: result: yes
configure:4187: checking for stdlib.h
configure:4187: result: yes
configure:4187: checking for string.h
configure:4187: result: yes
configure:4187: checking for memory.h
configure:4187: result: yes
configure:4187: checking for strings.h
configure:4187: result: yes
configure:4187: checking for inttypes.h
configure:4187: result: yes
configure:4187: checking for stdint.h
configure:4187: result: yes
configure:4187: checking for unistd.h
configure:4187: result: yes
configure:4200: checking for minix/config.h
configure:4200: result: no
configure:4221: checking whether it is safe to define __EXTENSIONS__
configure:4246: result: yes
configure:4268: checking for special C compiler options needed for large files
configure:4313: result: no
configure:4319: checking for _FILE_OFFSET_BITS value needed for large files
configure:4376: result: 64
configure:4483: checking whether arm-linux-gnueabihf-gcc supports -W
configure:4509: result: yes
configure:4483: checking whether arm-linux-gnueabihf-gcc supports -Wall
configure:4509: result: yes
configure:4483: checking whether arm-linux-gnueabihf-gcc supports -Wwrite-strings
configure:4509: result: yes
configure:4483: checking whether arm-linux-gnueabihf-gcc supports -Wc++-compat
configure:4509: result: yes
configure:4483: checking whether arm-linux-gnueabihf-gcc supports -Wstrict-prototypes
configure:4509: result: yes
configure:4483: checking whether arm-linux-gnueabihf-gcc supports -Wshadow=local
configure:4509: result: yes
configure:4532: checking whether arm-linux-gnueabihf-gcc supports -pedantic 
configure:4558: result: yes
configure:4574: checking whether arm-linux-gnueabihf-gcc and cc understand -c and -o together
configure:4674: result: yes
configure:4693: checking for an ANSI C-conforming const
configure:4766: result: yes
configure:4774: checking for inline
configure:4798: result: inline
configure:4816: checking whether byte ordering is bigendian
configure:5022: result: no
configure:5061: checking for a BSD-compatible install
configure:5129: result: /usr/bin/install -c
configure:5294: checking for sys/file.h
configure:5294: result: yes
configure:5294: checking for sys/param.h
configure:5294: result: yes
configure:5294: checking for limits.h
configure:5294: result: yes
configure:5294: checking for stdlib.h
configure:5294: result: yes
configure:5294: checking for malloc.h
configure:5294: result: yes
configure:5294: checking for string.h
configure:5294: result: yes
configure:5294: checking for unistd.h
configure:5294: result: yes
configure:5294: checking for strings.h
configure:5294: result: yes
configure:5294: checking for sys/time.h
configure:5294: result: yes
configure:5294: checking for time.h
configure:5294: result: yes
configure:5294: checking for sys/resource.h
configure:5294: result: yes
configure:5294: checking for sys/stat.h
configure:5294: result: yes
configure:5294: checking for sys/mman.h
configure:5294: result: yes
configure:5294: checking for fcntl.h
configure:5294: result: yes
configure:5294: checking for alloca.h
configure:5294: result: yes
configure:5294: checking for sys/pstat.h
configure:5294: result: no
configure:5294: checking for sys/sysmp.h
configure:5294: result: no
configure:5294: checking for sys/sysinfo.h
configure:5294: result: yes
configure:5294: checking for machine/hal_sysinfo.h
configure:5294: result: no
configure:5294: checking for sys/table.h
configure:5294: result: no
configure:5294: checking for sys/sysctl.h
configure:5294: result: no
configure:5294: checking for sys/systemcfg.h
configure:5294: result: no
configure:5294: checking for stdint.h
configure:5294: result: yes
configure:5294: checking for stdio_ext.h
configure:5294: result: yes
configure:5294: checking for process.h
configure:5294: result: no
configure:5294: checking for sys/prctl.h
configure:5294: result: yes
configure:5303: checking for sys/wait.h that is POSIX.1 compatible
configure:5336: result: yes
configure:5344: checking whether time.h and sys/time.h may both be included
configure:5371: result: yes
configure:5380: checking whether errno must be declared
configure:5403: result: no
configure:5417: checking size of int
configure:5436: result: 4
configure:5450: checking size of long
configure:5469: result: 4
configure:5483: checking size of size_t
configure:5502: result: 4
configure:5514: checking for long long
configure:5514: result: yes
configure:5522: checking size of long long
configure:5541: result: 8
configure:5555: checking for a 64-bit type
configure:5623: result: uint64_t
configure:5634: checking for intptr_t
configure:5634: result: yes
configure:5670: checking for uintptr_t
configure:5670: result: yes
configure:5706: checking for ssize_t
configure:5706: result: yes
configure:5725: checking for pid_t
configure:5725: result: yes
configure:6407: checking for library containing strerror
configure:6458: result: none required
configure:6469: checking for asprintf
configure:6469: result: yes
configure:6469: checking for atexit
configure:6469: result: yes
configure:6469: checking for basename
configure:6469: result: yes
configure:6469: checking for bcmp
configure:6469: result: yes
configure:6469: checking for bcopy
configure:6469: result: yes
configure:6469: checking for bsearch
configure:6469: result: yes
configure:6469: checking for bzero
configure:6469: result: yes
configure:6469: checking for calloc
configure:6469: result: yes
configure:6469: checking for clock
configure:6469: result: yes
configure:6469: checking for ffs
configure:6469: result: yes
configure:6469: checking for getcwd
configure:6469: result: yes
configure:6469: checking for getpagesize
configure:6469: result: yes
configure:6469: checking for gettimeofday
configure:6469: result: yes
configure:6469: checking for index
configure:6469: result: yes
configure:6469: checking for insque
configure:6469: result: yes
configure:6469: checking for memchr
configure:6469: result: yes
configure:6469: checking for memcmp
configure:6469: result: yes
configure:6469: checking for memcpy
configure:6469: result: yes
configure:6469: checking for memmem
configure:6469: result: yes
configure:6469: checking for memmove
configure:6469: result: yes
configure:6469: checking for mempcpy
configure:6469: result: yes
configure:6469: checking for memset
configure:6469: result: yes
configure:6469: checking for mkstemps
configure:6469: result: yes
configure:6469: checking for putenv
configure:6469: result: yes
configure:6469: checking for random
configure:6469: result: yes
configure:6469: checking for rename
configure:6469: result: yes
configure:6469: checking for rindex
configure:6469: result: yes
configure:6469: checking for setenv
configure:6469: result: yes
configure:6469: checking for snprintf
configure:6469: result: yes
configure:6469: checking for sigsetmask
configure:6469: result: yes
configure:6469: checking for stpcpy
configure:6469: result: yes
configure:6469: checking for stpncpy
configure:6469: result: yes
configure:6469: checking for strcasecmp
configure:6469: result: yes
configure:6469: checking for strchr
configure:6469: result: yes
configure:6469: checking for strdup
configure:6469: result: yes
configure:6469: checking for strncasecmp
configure:6469: result: yes
configure:6469: checking for strndup
configure:6469: result: yes
configure:6469: checking for strnlen
configure:6469: result: yes
configure:6469: checking for strrchr
configure:6469: result: yes
configure:6469: checking for strstr
configure:6469: result: yes
configure:6469: checking for strtod
configure:6469: result: yes
configure:6469: checking for strtol
configure:6469: result: yes
configure:6469: checking for strtoul
configure:6469: result: yes
configure:6469: checking for strtoll
configure:6469: result: yes
configure:6469: checking for strtoull
configure:6469: result: yes
configure:6469: checking for strverscmp
configure:6469: result: yes
configure:6469: checking for tmpnam
configure:6469: result: yes
configure:6469: checking for vasprintf
configure:6469: result: yes
configure:6469: checking for vfprintf
configure:6469: result: yes
configure:6469: checking for vprintf
configure:6469: result: yes
configure:6469: checking for vsnprintf
configure:6469: result: yes
configure:6469: checking for vsprintf
configure:6469: result: yes
configure:6469: checking for waitpid
configure:6469: result: yes
configure:6469: checking for setproctitle
configure:6469: result: no
configure:6485: checking whether alloca needs Cray hooks
configure:6508: result: no
configure:6525: checking stack direction for C alloca
configure:6562: result: 0
configure:6572: checking for vfork.h
configure:6572: result: no
configure:6584: checking for fork
configure:6584: result: yes
configure:6584: checking for vfork
configure:6584: result: yes
configure:6594: checking for working fork
configure:6626: result: yes
configure:6647: checking for working vfork
configure:6757: result: yes
configure:6811: checking for _doprnt
configure:6811: result: no
configure:6823: checking for sys_errlist
configure:6852: result: yes
configure:6823: checking for sys_nerr
configure:6852: result: yes
configure:6823: checking for sys_siglist
configure:6852: result: yes
configure:6867: checking for external symbol _system_configuration
configure:6880: arm-linux-gnueabihf-gcc -c -g -O2  conftest.c >&5
conftest.c:116:27: fatal error: sys/systemcfg.h: No such file or directory
 #include <sys/systemcfg.h>
                           ^
compilation terminated.
configure:6880: $? = 1
configure: failed program was:
| /* confdefs.h */
| #define PACKAGE_NAME ""
| #define PACKAGE_TARNAME ""
| #define PACKAGE_VERSION ""
| #define PACKAGE_STRING ""
| #define PACKAGE_BUGREPORT ""
| #define PACKAGE_URL ""
| #define STDC_HEADERS 1
| #define HAVE_SYS_TYPES_H 1
| #define HAVE_SYS_STAT_H 1
| #define HAVE_STDLIB_H 1
| #define HAVE_STRING_H 1
| #define HAVE_MEMORY_H 1
| #define HAVE_STRINGS_H 1
| #define HAVE_INTTYPES_H 1
| #define HAVE_STDINT_H 1
| #define HAVE_UNISTD_H 1
| #define __EXTENSIONS__ 1
| #define _ALL_SOURCE 1
| #define _GNU_SOURCE 1
| #define _POSIX_PTHREAD_SEMANTICS 1
| #define _TANDEM_SOURCE 1
| #define _FILE_OFFSET_BITS 64
| #define HAVE_SYS_FILE_H 1
| #define HAVE_SYS_PARAM_H 1
| #define HAVE_LIMITS_H 1
| #define HAVE_STDLIB_H 1
| #define HAVE_MALLOC_H 1
| #define HAVE_STRING_H 1
| #define HAVE_UNISTD_H 1
| #define HAVE_STRINGS_H 1
| #define HAVE_SYS_TIME_H 1
| #define HAVE_TIME_H 1
| #define HAVE_SYS_RESOURCE_H 1
| #define HAVE_SYS_STAT_H 1
| #define HAVE_SYS_MMAN_H 1
| #define HAVE_FCNTL_H 1
| #define HAVE_ALLOCA_H 1
| #define HAVE_SYS_SYSINFO_H 1
| #define HAVE_STDINT_H 1
| #define HAVE_STDIO_EXT_H 1
| #define HAVE_SYS_PRCTL_H 1
| #define HAVE_SYS_WAIT_H 1
| #define TIME_WITH_SYS_TIME 1
| #define SIZEOF_INT 4
| #define SIZEOF_LONG 4
| #define SIZEOF_SIZE_T 4
| #define HAVE_LONG_LONG 1
| #define SIZEOF_LONG_LONG 8
| #define UNSIGNED_64BIT_TYPE uint64_t
| #define HAVE_INTPTR_T 1
| #define HAVE_UINTPTR_T 1
| #define HAVE_UINTPTR_T 1
| #define HAVE_ASPRINTF 1
| #define HAVE_ATEXIT 1
| #define HAVE_BASENAME 1
| #define HAVE_BCMP 1
| #define HAVE_BCOPY 1
| #define HAVE_BSEARCH 1
| #define HAVE_BZERO 1
| #define HAVE_CALLOC 1
| #define HAVE_CLOCK 1
| #define HAVE_FFS 1
| #define HAVE_GETCWD 1
| #define HAVE_GETPAGESIZE 1
| #define HAVE_GETTIMEOFDAY 1
| #define HAVE_INDEX 1
| #define HAVE_INSQUE 1
| #define HAVE_MEMCHR 1
| #define HAVE_MEMCMP 1
| #define HAVE_MEMCPY 1
| #define HAVE_MEMMEM 1
| #define HAVE_MEMMOVE 1
| #define HAVE_MEMPCPY 1
| #define HAVE_MEMSET 1
| #define HAVE_MKSTEMPS 1
| #define HAVE_PUTENV 1
| #define HAVE_RANDOM 1
| #define HAVE_RENAME 1
| #define HAVE_RINDEX 1
| #define HAVE_SETENV 1
| #define HAVE_SNPRINTF 1
| #define HAVE_SIGSETMASK 1
| #define HAVE_STPCPY 1
| #define HAVE_STPNCPY 1
| #define HAVE_STRCASECMP 1
| #define HAVE_STRCHR 1
| #define HAVE_STRDUP 1
| #define HAVE_STRNCASECMP 1
| #define HAVE_STRNDUP 1
| #define HAVE_STRNLEN 1
| #define HAVE_STRRCHR 1
| #define HAVE_STRSTR 1
| #define HAVE_STRTOD 1
| #define HAVE_STRTOL 1
| #define HAVE_STRTOUL 1
| #define HAVE_STRTOLL 1
| #define HAVE_STRTOULL 1
| #define HAVE_STRVERSCMP 1
| #define HAVE_TMPNAM 1
| #define HAVE_VASPRINTF 1
| #define HAVE_VFPRINTF 1
| #define HAVE_VPRINTF 1
| #define HAVE_VSNPRINTF 1
| #define HAVE_VSPRINTF 1
| #define HAVE_WAITPID 1
| #define STACK_DIRECTION 0
| #define HAVE_FORK 1
| #define HAVE_VFORK 1
| #define HAVE_WORKING_VFORK 1
| #define HAVE_WORKING_FORK 1
| #define HAVE_SYS_ERRLIST 1
| #define HAVE_SYS_NERR 1
| #define HAVE_SYS_SIGLIST 1
| /* end confdefs.h.  */
| #include <sys/systemcfg.h>
| int
| main ()
| {
| double x = _system_configuration.physmem;
|   ;
|   return 0;
| }
configure:6887: result: no
configure:6895: checking for __fsetlocking
configure:6895: result: yes
configure:6895: checking for canonicalize_file_name
configure:6895: result: yes
configure:6895: checking for dup3
configure:6895: result: yes
configure:6895: checking for getrlimit
configure:6895: result: yes
configure:6895: checking for getrusage
configure:6895: result: yes
configure:6895: checking for getsysinfo
configure:6895: result: no
configure:6895: checking for gettimeofday
configure:6895: result: yes
configure:6895: checking for on_exit
configure:6895: result: yes
configure:6895: checking for pipe2
configure:6895: result: yes
configure:6895: checking for psignal
configure:6895: result: yes
configure:6895: checking for pstat_getdynamic
configure:6895: result: no
configure:6895: checking for pstat_getstatic
configure:6895: result: no
configure:6895: checking for realpath
configure:6895: result: yes
configure:6895: checking for setrlimit
configure:6895: result: yes
configure:6895: checking for sbrk
configure:6895: result: yes
configure:6895: checking for spawnve
configure:6895: result: no
configure:6895: checking for spawnvpe
configure:6895: result: no
configure:6895: checking for strerror
configure:6895: result: yes
configure:6895: checking for strsignal
configure:6895: result: yes
configure:6895: checking for sysconf
configure:6895: result: yes
configure:6895: checking for sysctl
configure:6895: result: yes
configure:6895: checking for sysmp
configure:6895: result: no
configure:6895: checking for table
configure:6895: result: no
configure:6895: checking for times
configure:6895: result: yes
configure:6895: checking for wait3
configure:6895: result: yes
configure:6895: checking for wait4
configure:6895: result: yes
configure:6905: checking whether basename is declared
configure:6905: result: yes
configure:6915: checking whether ffs is declared
configure:6915: result: yes
configure:6925: checking whether asprintf is declared
configure:6925: result: yes
configure:6935: checking whether vasprintf is declared
configure:6935: result: yes
configure:6945: checking whether snprintf is declared
configure:6945: result: yes
configure:6955: checking whether vsnprintf is declared
configure:6955: result: yes
configure:6966: checking whether calloc is declared
configure:6966: result: yes
configure:6976: checking whether getenv is declared
configure:6976: result: yes
configure:6986: checking whether getopt is declared
configure:6986: result: yes
configure:6996: checking whether malloc is declared
configure:6996: result: yes
configure:7006: checking whether realloc is declared
configure:7006: result: yes
configure:7016: checking whether sbrk is declared
configure:7016: result: yes
configure:7027: checking whether strtol is declared
configure:7027: result: yes
configure:7037: checking whether strtoul is declared
configure:7037: result: yes
configure:7047: checking whether strtoll is declared
configure:7047: result: yes
configure:7057: checking whether strtoull is declared
configure:7057: result: yes
configure:7068: checking whether strverscmp is declared
configure:7068: result: yes
configure:7079: checking whether strnlen is declared
configure:7079: result: yes
configure:7090: checking whether canonicalize_file_name must be declared
configure:7129: result: no
configure:7154: checking for stdlib.h
configure:7154: result: yes
configure:7154: checking for unistd.h
configure:7154: result: yes
configure:7154: checking for sys/param.h
configure:7154: result: yes
configure:7355: checking for working strncmp
configure:7438: result: yes
configure:7593: creating ./config.status

## ---------------------- ##
## Running config.status. ##
## ---------------------- ##

This file was extended by config.status, which was
generated by GNU Autoconf 2.69.  Invocation command line was

  CONFIG_FILES    = 
  CONFIG_HEADERS  = 
  CONFIG_LINKS    = 
  CONFIG_COMMANDS = 
  $ ./config.status 

on szbcl06402

config.status:1011: creating Makefile
config.status:1011: creating testsuite/Makefile
config.status:1011: creating config.h
config.status:1176: config.h is unchanged
config.status:1190: executing default commands

## ---------------- ##
## Cache variables. ##
## ---------------- ##

ac_cv_build=x86_64-pc-linux-gnu
ac_cv_c_bigendian=no
ac_cv_c_compiler_gnu=yes
ac_cv_c_const=yes
ac_cv_c_inline=inline
ac_cv_c_stack_direction=0
ac_cv_env_CC_set=set
ac_cv_env_CC_value=arm-linux-gnueabihf-gcc
ac_cv_env_CFLAGS_set=set
ac_cv_env_CFLAGS_value='-g -O2'
ac_cv_env_CPPFLAGS_set=
ac_cv_env_CPPFLAGS_value=
ac_cv_env_CPP_set=
ac_cv_env_CPP_value=
ac_cv_env_LDFLAGS_set=set
ac_cv_env_LDFLAGS_value=' '
ac_cv_env_LIBS_set=
ac_cv_env_LIBS_value=
ac_cv_env_build_alias_set=set
ac_cv_env_build_alias_value=x86_64-pc-linux-gnu
ac_cv_env_host_alias_set=set
ac_cv_env_host_alias_value=arm-linux
ac_cv_env_target_alias_set=set
ac_cv_env_target_alias_value=arm-linux
ac_cv_func___fsetlocking=yes
ac_cv_func__doprnt=no
ac_cv_func_asprintf=yes
ac_cv_func_atexit=yes
ac_cv_func_basename=yes
ac_cv_func_bcmp=yes
ac_cv_func_bcopy=yes
ac_cv_func_bsearch=yes
ac_cv_func_bzero=yes
ac_cv_func_calloc=yes
ac_cv_func_canonicalize_file_name=yes
ac_cv_func_clock=yes
ac_cv_func_dup3=yes
ac_cv_func_ffs=yes
ac_cv_func_fork=yes
ac_cv_func_fork_works=yes
ac_cv_func_getcwd=yes
ac_cv_func_getpagesize=yes
ac_cv_func_getrlimit=yes
ac_cv_func_getrusage=yes
ac_cv_func_getsysinfo=no
ac_cv_func_gettimeofday=yes
ac_cv_func_index=yes
ac_cv_func_insque=yes
ac_cv_func_memchr=yes
ac_cv_func_memcmp=yes
ac_cv_func_memcpy=yes
ac_cv_func_memmem=yes
ac_cv_func_memmove=yes
ac_cv_func_mempcpy=yes
ac_cv_func_memset=yes
ac_cv_func_mkstemps=yes
ac_cv_func_mmap_fixed_mapped=no
ac_cv_func_on_exit=yes
ac_cv_func_pipe2=yes
ac_cv_func_psignal=yes
ac_cv_func_pstat_getdynamic=no
ac_cv_func_pstat_getstatic=no
ac_cv_func_putenv=yes
ac_cv_func_random=yes
ac_cv_func_realpath=yes
ac_cv_func_rename=yes
ac_cv_func_rindex=yes
ac_cv_func_sbrk=yes
ac_cv_func_setenv=yes
ac_cv_func_setproctitle=no
ac_cv_func_setrlimit=yes
ac_cv_func_sigsetmask=yes
ac_cv_func_snprintf=yes
ac_cv_func_spawnve=no
ac_cv_func_spawnvpe=no
ac_cv_func_stpcpy=yes
ac_cv_func_stpncpy=yes
ac_cv_func_strcasecmp=yes
ac_cv_func_strchr=yes
ac_cv_func_strdup=yes
ac_cv_func_strerror=yes
ac_cv_func_strncasecmp=yes
ac_cv_func_strncmp_works=yes
ac_cv_func_strndup=yes
ac_cv_func_strnlen=yes
ac_cv_func_strrchr=yes
ac_cv_func_strsignal=yes
ac_cv_func_strstr=yes
ac_cv_func_strtod=yes
ac_cv_func_strtol=yes
ac_cv_func_strtoll=yes
ac_cv_func_strtoul=yes
ac_cv_func_strtoull=yes
ac_cv_func_strverscmp=yes
ac_cv_func_sysconf=yes
ac_cv_func_sysctl=yes
ac_cv_func_sysmp=no
ac_cv_func_table=no
ac_cv_func_times=yes
ac_cv_func_tmpnam=yes
ac_cv_func_vasprintf=yes
ac_cv_func_vfork=yes
ac_cv_func_vfork_works=yes
ac_cv_func_vfprintf=yes
ac_cv_func_vprintf=yes
ac_cv_func_vsnprintf=yes
ac_cv_func_vsprintf=yes
ac_cv_func_wait3=yes
ac_cv_func_wait4=yes
ac_cv_func_waitpid=yes
ac_cv_have_decl_asprintf=yes
ac_cv_have_decl_basename_char_p_=yes
ac_cv_have_decl_calloc=yes
ac_cv_have_decl_ffs=yes
ac_cv_have_decl_getenv=yes
ac_cv_have_decl_getopt=yes
ac_cv_have_decl_malloc=yes
ac_cv_have_decl_realloc=yes
ac_cv_have_decl_sbrk=yes
ac_cv_have_decl_snprintf=yes
ac_cv_have_decl_strnlen=yes
ac_cv_have_decl_strtol=yes
ac_cv_have_decl_strtoll=yes
ac_cv_have_decl_strtoul=yes
ac_cv_have_decl_strtoull=yes
ac_cv_have_decl_strverscmp=yes
ac_cv_have_decl_vasprintf=yes
ac_cv_have_decl_vsnprintf=yes
ac_cv_header_alloca_h=yes
ac_cv_header_fcntl_h=yes
ac_cv_header_inttypes_h=yes
ac_cv_header_limits_h=yes
ac_cv_header_machine_hal_sysinfo_h=no
ac_cv_header_malloc_h=yes
ac_cv_header_memory_h=yes
ac_cv_header_minix_config_h=no
ac_cv_header_process_h=no
ac_cv_header_stdc=yes
ac_cv_header_stdint_h=yes
ac_cv_header_stdio_ext_h=yes
ac_cv_header_stdlib_h=yes
ac_cv_header_string_h=yes
ac_cv_header_strings_h=yes
ac_cv_header_sys_file_h=yes
ac_cv_header_sys_mman_h=yes
ac_cv_header_sys_param_h=yes
ac_cv_header_sys_prctl_h=yes
ac_cv_header_sys_pstat_h=no
ac_cv_header_sys_resource_h=yes
ac_cv_header_sys_stat_h=yes
ac_cv_header_sys_sysctl_h=no
ac_cv_header_sys_sysinfo_h=yes
ac_cv_header_sys_sysmp_h=no
ac_cv_header_sys_systemcfg_h=no
ac_cv_header_sys_table_h=no
ac_cv_header_sys_time_h=yes
ac_cv_header_sys_types_h=yes
ac_cv_header_sys_wait_h=yes
ac_cv_header_time=yes
ac_cv_header_time_h=yes
ac_cv_header_unistd_h=yes
ac_cv_header_vfork_h=no
ac_cv_host=arm-unknown-linux-gnu
ac_cv_objext=o
ac_cv_os_cray=no
ac_cv_path_EGREP='/bin/grep -E'
ac_cv_path_GREP=/bin/grep
ac_cv_prog_AR=arm-linux-gnueabihf-ar
ac_cv_prog_CC=arm-linux-gnueabihf-gcc
ac_cv_prog_CPP='arm-linux-gnueabihf-gcc -E'
ac_cv_prog_MAKEINFO='makeinfo --split-size=5000000'
ac_cv_prog_PERL=perl
ac_cv_prog_RANLIB=true
ac_cv_prog_cc_arm_linux_gnueabihf_gcc_c_o=yes
ac_cv_prog_cc_c89=
ac_cv_prog_cc_g=yes
ac_cv_safe_to_define___extensions__=yes
ac_cv_search_strerror='none required'
ac_cv_sizeof_int=4
ac_cv_sizeof_long=4
ac_cv_sizeof_long_long=8
ac_cv_sizeof_size_t=4
ac_cv_sys_file_offset_bits=64
ac_cv_sys_largefile_CC=no
ac_cv_type_intptr_t=yes
ac_cv_type_long_long=yes
ac_cv_type_pid_t=yes
ac_cv_type_ssize_t=yes
ac_cv_type_uintptr_t=yes
acx_cv_prog_cc_pedantic_=yes
acx_cv_prog_cc_warning__W=yes
acx_cv_prog_cc_warning__Wall=yes
acx_cv_prog_cc_warning__Wcpp_compat=yes
acx_cv_prog_cc_warning__Wshadow_local=yes
acx_cv_prog_cc_warning__Wstrict_prototypes=yes
acx_cv_prog_cc_warning__Wwrite_strings=yes
liberty_cv_uint64=uint64_t
libiberty_cv_decl_needed_canonicalize_file_name=no
libiberty_cv_declare_errno=no
libiberty_cv_var_sys_errlist=yes
libiberty_cv_var_sys_nerr=yes
libiberty_cv_var_sys_siglist=yes

## ----------------- ##
## Output variables. ##
## ----------------- ##

AR='arm-linux-gnueabihf-ar'
BUILD_INFO='info'
CC='arm-linux-gnueabihf-gcc'
CFLAGS='-g -O2'
CHECK='really-check'
CPP='arm-linux-gnueabihf-gcc -E'
CPPFLAGS=''
DEFS='-DHAVE_CONFIG_H'
ECHO_C=''
ECHO_N='-n'
ECHO_T=''
EGREP='/bin/grep -E'
EXEEXT=''
GREP='/bin/grep'
HAVE_PERL=''
INSTALL_DATA='/usr/bin/install -c -m 644'
INSTALL_DEST='libdir'
INSTALL_PROGRAM='/usr/bin/install -c'
INSTALL_SCRIPT='/usr/bin/install -c'
LDFLAGS=' '
LIBOBJS=' ${LIBOBJDIR}./setproctitle$U.o'
LIBS=''
LTLIBOBJS=' ${LIBOBJDIR}./setproctitle$U.lo'
MAINT='#'
MAKEINFO='makeinfo --split-size=5000000'
NOASANFLAG=''
NOTMAINT=''
NO_MINUS_C_MINUS_O=''
OBJEXT='o'
OUTPUT_OPTION='-o $@'
PACKAGE_BUGREPORT=''
PACKAGE_NAME=''
PACKAGE_STRING=''
PACKAGE_TARNAME=''
PACKAGE_URL=''
PACKAGE_VERSION=''
PATH_SEPARATOR=':'
PERL='perl'
PICFLAG=''
RANLIB='true'
SHELL='/bin/sh'
ac_ct_CC=''
ac_libiberty_warn_cflags='-W -Wall -Wwrite-strings -Wc++-compat -Wstrict-prototypes -Wshadow=local -pedantic '
bindir='${exec_prefix}/bin'
build='x86_64-pc-linux-gnu'
build_alias='x86_64-pc-linux-gnu'
build_cpu='x86_64'
build_os='linux-gnu'
build_vendor='pc'
datadir='${datarootdir}'
datarootdir='${prefix}/share'
docdir='${datarootdir}/doc/${PACKAGE}'
dvidir='${docdir}'
exec_prefix='${prefix}'
host='arm-unknown-linux-gnu'
host_alias='arm-linux'
host_cpu='arm'
host_os='linux-gnu'
host_vendor='unknown'
htmldir='${docdir}'
includedir='${prefix}/include'
infodir='${datarootdir}/info'
libdir='${exec_prefix}/lib'
libexecdir='${exec_prefix}/libexec'
libiberty_topdir='/home/koda.xu/github_prj/debug_tools/gdb/gdb-9.1/libiberty/..'
localedir='${datarootdir}/locale'
localstatedir='${prefix}/var'
mandir='${datarootdir}/man'
oldincludedir='/usr/include'
pdfdir='${docdir}'
pexecute='pex-unix'
prefix='/home/koda.xu/github_prj/debug_tools/gdb/output/gdb-9.1/gcc_6.4.0'
program_transform_name='s&^&arm-linux-gnueabihf-6.4.0-&'
psdir='${docdir}'
sbindir='${exec_prefix}/sbin'
sharedstatedir='${prefix}/com'
sysconfdir='${prefix}/etc'
target_alias='arm-linux'
target_header_dir=''

## ------------------- ##
## File substitutions. ##
## ------------------- ##

host_makefile_frag='xhost-mkfrag'

## ----------- ##
## confdefs.h. ##
## ----------- ##

/* confdefs.h */
#define PACKAGE_NAME ""
#define PACKAGE_TARNAME ""
#define PACKAGE_VERSION ""
#define PACKAGE_STRING ""
#define PACKAGE_BUGREPORT ""
#define PACKAGE_URL ""
#define STDC_HEADERS 1
#define HAVE_SYS_TYPES_H 1
#define HAVE_SYS_STAT_H 1
#define HAVE_STDLIB_H 1
#define HAVE_STRING_H 1
#define HAVE_MEMORY_H 1
#define HAVE_STRINGS_H 1
#define HAVE_INTTYPES_H 1
#define HAVE_STDINT_H 1
#define HAVE_UNISTD_H 1
#define __EXTENSIONS__ 1
#define _ALL_SOURCE 1
#define _GNU_SOURCE 1
#define _POSIX_PTHREAD_SEMANTICS 1
#define _TANDEM_SOURCE 1
#define _FILE_OFFSET_BITS 64
#define HAVE_SYS_FILE_H 1
#define HAVE_SYS_PARAM_H 1
#define HAVE_LIMITS_H 1
#define HAVE_STDLIB_H 1
#define HAVE_MALLOC_H 1
#define HAVE_STRING_H 1
#define HAVE_UNISTD_H 1
#define HAVE_STRINGS_H 1
#define HAVE_SYS_TIME_H 1
#define HAVE_TIME_H 1
#define HAVE_SYS_RESOURCE_H 1
#define HAVE_SYS_STAT_H 1
#define HAVE_SYS_MMAN_H 1
#define HAVE_FCNTL_H 1
#define HAVE_ALLOCA_H 1
#define HAVE_SYS_SYSINFO_H 1
#define HAVE_STDINT_H 1
#define HAVE_STDIO_EXT_H 1
#define HAVE_SYS_PRCTL_H 1
#define HAVE_SYS_WAIT_H 1
#define TIME_WITH_SYS_TIME 1
#define SIZEOF_INT 4
#define SIZEOF_LONG 4
#define SIZEOF_SIZE_T 4
#define HAVE_LONG_LONG 1
#define SIZEOF_LONG_LONG 8
#define UNSIGNED_64BIT_TYPE uint64_t
#define HAVE_INTPTR_T 1
#define HAVE_UINTPTR_T 1
#define HAVE_UINTPTR_T 1
#define HAVE_ASPRINTF 1
#define HAVE_ATEXIT 1
#define HAVE_BASENAME 1
#define HAVE_BCMP 1
#define HAVE_BCOPY 1
#define HAVE_BSEARCH 1
#define HAVE_BZERO 1
#define HAVE_CALLOC 1
#define HAVE_CLOCK 1
#define HAVE_FFS 1
#define HAVE_GETCWD 1
#define HAVE_GETPAGESIZE 1
#define HAVE_GETTIMEOFDAY 1
#define HAVE_INDEX 1
#define HAVE_INSQUE 1
#define HAVE_MEMCHR 1
#define HAVE_MEMCMP 1
#define HAVE_MEMCPY 1
#define HAVE_MEMMEM 1
#define HAVE_MEMMOVE 1
#define HAVE_MEMPCPY 1
#define HAVE_MEMSET 1
#define HAVE_MKSTEMPS 1
#define HAVE_PUTENV 1
#define HAVE_RANDOM 1
#define HAVE_RENAME 1
#define HAVE_RINDEX 1
#define HAVE_SETENV 1
#define HAVE_SNPRINTF 1
#define HAVE_SIGSETMASK 1
#define HAVE_STPCPY 1
#define HAVE_STPNCPY 1
#define HAVE_STRCASECMP 1
#define HAVE_STRCHR 1
#define HAVE_STRDUP 1
#define HAVE_STRNCASECMP 1
#define HAVE_STRNDUP 1
#define HAVE_STRNLEN 1
#define HAVE_STRRCHR 1
#define HAVE_STRSTR 1
#define HAVE_STRTOD 1
#define HAVE_STRTOL 1
#define HAVE_STRTOUL 1
#define HAVE_STRTOLL 1
#define HAVE_STRTOULL 1
#define HAVE_STRVERSCMP 1
#define HAVE_TMPNAM 1
#define HAVE_VASPRINTF 1
#define HAVE_VFPRINTF 1
#define HAVE_VPRINTF 1
#define HAVE_VSNPRINTF 1
#define HAVE_VSPRINTF 1
#define HAVE_WAITPID 1
#define STACK_DIRECTION 0
#define HAVE_FORK 1
#define HAVE_VFORK 1
#define HAVE_WORKING_VFORK 1
#define HAVE_WORKING_FORK 1
#define HAVE_SYS_ERRLIST 1
#define HAVE_SYS_NERR 1
#define HAVE_SYS_SIGLIST 1
#define HAVE___FSETLOCKING 1
#define HAVE_CANONICALIZE_FILE_NAME 1
#define HAVE_DUP3 1
#define HAVE_GETRLIMIT 1
#define HAVE_GETRUSAGE 1
#define HAVE_GETTIMEOFDAY 1
#define HAVE_ON_EXIT 1
#define HAVE_PIPE2 1
#define HAVE_PSIGNAL 1
#define HAVE_REALPATH 1
#define HAVE_SETRLIMIT 1
#define HAVE_SBRK 1
#define HAVE_STRERROR 1
#define HAVE_STRSIGNAL 1
#define HAVE_SYSCONF 1
#define HAVE_SYSCTL 1
#define HAVE_TIMES 1
#define HAVE_WAIT3 1
#define HAVE_WAIT4 1
#define HAVE_DECL_BASENAME 1
#define HAVE_DECL_FFS 1
#define HAVE_DECL_ASPRINTF 1
#define HAVE_DECL_VASPRINTF 1
#define HAVE_DECL_SNPRINTF 1
#define HAVE_DECL_VSNPRINTF 1
#define HAVE_DECL_CALLOC 1
#define HAVE_DECL_GETENV 1
#define HAVE_DECL_GETOPT 1
#define HAVE_DECL_MALLOC 1
#define HAVE_DECL_REALLOC 1
#define HAVE_DECL_SBRK 1
#define HAVE_DECL_STRTOL 1
#define HAVE_DECL_STRTOUL 1
#define HAVE_DECL_STRTOLL 1
#define HAVE_DECL_STRTOULL 1
#define HAVE_DECL_STRVERSCMP 1
#define HAVE_DECL_STRNLEN 1
#define HAVE_STDLIB_H 1
#define HAVE_UNISTD_H 1
#define HAVE_SYS_PARAM_H 1

configure: exit 0
