This file contains any messages produced by compilers while
running configure, to aid debugging if configure makes a mistake.

It was created by configure, which was
generated by GNU Autoconf 2.69.  Invocation command line was

  $ /home/koda.xu/github_prj/debug_tools/gdb/gdb-9.1/gdb/configure --srcdir=/home/koda.xu/github_prj/debug_tools/gdb/gdb-9.1/gdb --cache-file=./config.cache --prefix=/home/koda.xu/github_prj/debug_tools/gdb/output/gdb-9.1/gcc_6.4.0 --program-transform-name=s&^&arm-linux-gnueabihf-6.4.0-& --disable-option-checking --build=x86_64-pc-linux-gnu --host=arm-linux --target=arm-linux

## --------- ##
## Platform. ##
## --------- ##

hostname = szbcl06402
uname -m = x86_64
uname -r = 4.15.0-200-generic
uname -s = Linux
uname -v = #211-Ubuntu SMP Thu Nov 24 18:16:04 UTC 2022

/usr/bin/uname -p = unknown
/bin/uname -X     = unknown

/bin/arch              = unknown
/usr/bin/arch -k       = unknown
/usr/convex/getsysinfo = unknown
/usr/bin/hostinfo      = unknown
/bin/machine           = unknown
/usr/bin/oslevel       = unknown
/bin/universe          = unknown

PATH: /home/koda.xu/tmp/cus_xiaomi/sourcecode/project/cus_toolchain/gcc-linaro-6.4.0-2022.05-x86_64_arm-linux-gnueabihf/bin
PATH: /tools/toolchain/gcc-sigmastar-9.1.0-2020.07-x86_64_arm-linux-gnueabihf/bin/
PATH: /tools/toolchain/gcc-sigmastar-9.1.0-2020.07-x86_64_arm-linux-gnueabihf/bin/
PATH: /home/koda.xu/tmp/cus_xiaomi/sourcecode/project/cus_toolchain/gcc-linaro-6.4.0-2022.05-x86_64_arm-linux-gnueabihf/bin
PATH: /tools/toolchain/gcc-sigmastar-9.1.0-2020.07-x86_64_arm-linux-gnueabihf/bin/
PATH: /home/koda.xu/Qt/Qt5.15.0/qt5.15_lib/bin
PATH: /tools/toolchain/gcc-arm-8.2-2018.08-x86_64-arm-linux-gnueabihf/bin
PATH: /home/koda.xu/tmp/cus_xiaomi/sourcecode/project/cus_toolchain/gcc-linaro-6.4.0-2022.05-x86_64_arm-linux-gnueabihf/bin
PATH: /home/koda.xu/Qt/Qt5.15.0/qt5.15_lib/bin
PATH: /tools/toolchain/gcc-arm-8.2-2018.08-x86_64-arm-linux-gnueabihf/bin
PATH: /tools/bin
PATH: /tools/software/anaconda3/condabin
PATH: /home/koda.xu/Qt/Qt5.15.0/qt5.15_lib/bin
PATH: /tools/toolchain/gcc-arm-8.2-2018.08-x86_64-arm-linux-gnueabihf/bin
PATH: /usr/local/sbin
PATH: /usr/local/bin
PATH: /usr/sbin
PATH: /usr/bin
PATH: /sbin
PATH: /bin
PATH: /usr/games
PATH: /usr/local/games
PATH: /snap/bin


## ----------- ##
## Core tests. ##
## ----------- ##

configure:2861: loading cache ./config.cache
configure:2951: checking whether to enable maintainer-specific portions of Makefiles
configure:2960: result: no
configure:2985: checking for arm-linux-gcc
configure:3012: result: arm-linux-gnueabihf-gcc
configure:3281: checking for C compiler version
configure:3290: arm-linux-gnueabihf-gcc --version >&5
arm-linux-gnueabihf-gcc (GCC) 6.4.0
Copyright (C) 2017 Free Software Foundation, Inc.
This is free software; see the source for copying conditions.  There is NO
warranty; not even for MERCHANTABILITY or FITNESS FOR A PARTICULAR PURPOSE.

configure:3301: $? = 0
configure:3290: arm-linux-gnueabihf-gcc -v >&5
Using built-in specs.
COLLECT_GCC=arm-linux-gnueabihf-gcc
COLLECT_LTO_WRAPPER=/home/koda.xu/tmp/cus_xiaomi/sourcecode/project/cus_toolchain/gcc-linaro-6.4.0-2022.05-x86_64_arm-linux-gnueabihf/bin/../libexec/gcc/arm-linux-gnueabihf/6.4.0/lto-wrapper
Target: arm-linux-gnueabihf
Configured with: '/home/carlson.que/linaro_abe_91/build/snapshots/gcc.git~releases~gcc-9.1.0/configure' SHELL=/bin/bash --with-mpc=/home/carlson.que/linaro_abe_91/build/builds/destdir/x86_64-unknown-linux-gnu --with-mpfr=/home/carlson.que/linaro_abe_91/build/builds/destdir/x86_64-unknown-linux-gnu --with-gmp=/home/carlson.que/linaro_abe_91/build/builds/destdir/x86_64-unknown-linux-gnu --with-gnu-as --with-gnu-ld --disable-libmudflap --enable-lto --enable-shared --without-included-gettext --enable-nls --with-system-zlib --disable-sjlj-exceptions --enable-gnu-unique-object --enable-linker-build-id --disable-libstdcxx-pch --enable-c99 --enable-clocale=gnu --enable-libstdcxx-debug --enable-long-long --with-cloog=no --with-ppl=no --with-isl=no --disable-multilib --with-float=hard --with-fpu=vfpv3-d16 --with-mode=thumb --with-tune=cortex-a9 --with-arch=armv7-a --enable-threads=posix --enable-multiarch --enable-libstdcxx-time=yes --enable-gnu-indirect-function --with-build-sysroot=/home/carlson.que/linaro_abe_91/build/sysroots/arm-linux-gnueabihf --with-sysroot=/home/carlson.que/linaro_abe_91/build/builds/destdir/x86_64-unknown-linux-gnu/arm-linux-gnueabihf/libc --enable-checking=release --disable-bootstrap --enable-languages=c,c++,fortran,lto --build=x86_64-unknown-linux-gnu --host=x86_64-unknown-linux-gnu --target=arm-linux-gnueabihf --prefix=/home/carlson.que/linaro_abe_91/build/builds/destdir/x86_64-unknown-linux-gnu
Thread model: posix
gcc version 6.4.0 (GCC) 
configure:3301: $? = 0
configure:3290: arm-linux-gnueabihf-gcc -V >&5
arm-linux-gnueabihf-gcc: error: unrecognized command line option '-V'
arm-linux-gnueabihf-gcc: fatal error: no input files
compilation terminated.
configure:3301: $? = 1
configure:3290: arm-linux-gnueabihf-gcc -qversion >&5
arm-linux-gnueabihf-gcc: error: unrecognized command line option '-qversion'; did you mean '--version'?
arm-linux-gnueabihf-gcc: fatal error: no input files
compilation terminated.
configure:3301: $? = 1
configure:3321: checking whether the C compiler works
configure:3343: arm-linux-gnueabihf-gcc -g -O2    conftest.c  >&5
configure:3347: $? = 0
configure:3395: result: yes
configure:3398: checking for C compiler default output file name
configure:3400: result: a.out
configure:3406: checking for suffix of executables
configure:3413: arm-linux-gnueabihf-gcc -o conftest -g -O2    conftest.c  >&5
configure:3417: $? = 0
configure:3439: result: 
configure:3461: checking whether we are cross compiling
configure:3499: result: yes
configure:3504: checking for suffix of object files
configure:3551: result: o
configure:3555: checking whether we are using the GNU C compiler
configure:3583: result: yes
configure:3592: checking whether arm-linux-gnueabihf-gcc accepts -g
configure:3653: result: yes
configure:3670: checking for arm-linux-gnueabihf-gcc option to accept ISO C89
configure:3746: result: none needed
configure:3878: checking for C++ compiler version
configure:3887: arm-linux-gnueabihf-g++ --version >&5
arm-linux-gnueabihf-g++ (GCC) 6.4.0
Copyright (C) 2017 Free Software Foundation, Inc.
This is free software; see the source for copying conditions.  There is NO
warranty; not even for MERCHANTABILITY or FITNESS FOR A PARTICULAR PURPOSE.

configure:3898: $? = 0
configure:3887: arm-linux-gnueabihf-g++ -v >&5
Using built-in specs.
COLLECT_GCC=arm-linux-gnueabihf-g++
COLLECT_LTO_WRAPPER=/home/koda.xu/tmp/cus_xiaomi/sourcecode/project/cus_toolchain/gcc-linaro-6.4.0-2022.05-x86_64_arm-linux-gnueabihf/bin/../libexec/gcc/arm-linux-gnueabihf/6.4.0/lto-wrapper
Target: arm-linux-gnueabihf
Configured with: '/home/carlson.que/linaro_abe_91/build/snapshots/gcc.git~releases~gcc-9.1.0/configure' SHELL=/bin/bash --with-mpc=/home/carlson.que/linaro_abe_91/build/builds/destdir/x86_64-unknown-linux-gnu --with-mpfr=/home/carlson.que/linaro_abe_91/build/builds/destdir/x86_64-unknown-linux-gnu --with-gmp=/home/carlson.que/linaro_abe_91/build/builds/destdir/x86_64-unknown-linux-gnu --with-gnu-as --with-gnu-ld --disable-libmudflap --enable-lto --enable-shared --without-included-gettext --enable-nls --with-system-zlib --disable-sjlj-exceptions --enable-gnu-unique-object --enable-linker-build-id --disable-libstdcxx-pch --enable-c99 --enable-clocale=gnu --enable-libstdcxx-debug --enable-long-long --with-cloog=no --with-ppl=no --with-isl=no --disable-multilib --with-float=hard --with-fpu=vfpv3-d16 --with-mode=thumb --with-tune=cortex-a9 --with-arch=armv7-a --enable-threads=posix --enable-multiarch --enable-libstdcxx-time=yes --enable-gnu-indirect-function --with-build-sysroot=/home/carlson.que/linaro_abe_91/build/sysroots/arm-linux-gnueabihf --with-sysroot=/home/carlson.que/linaro_abe_91/build/builds/destdir/x86_64-unknown-linux-gnu/arm-linux-gnueabihf/libc --enable-checking=release --disable-bootstrap --enable-languages=c,c++,fortran,lto --build=x86_64-unknown-linux-gnu --host=x86_64-unknown-linux-gnu --target=arm-linux-gnueabihf --prefix=/home/carlson.que/linaro_abe_91/build/builds/destdir/x86_64-unknown-linux-gnu
Thread model: posix
gcc version 6.4.0 (GCC) 
configure:3898: $? = 0
configure:3887: arm-linux-gnueabihf-g++ -V >&5
arm-linux-gnueabihf-g++: error: unrecognized command line option '-V'
arm-linux-gnueabihf-g++: fatal error: no input files
compilation terminated.
configure:3898: $? = 1
configure:3887: arm-linux-gnueabihf-g++ -qversion >&5
arm-linux-gnueabihf-g++: error: unrecognized command line option '-qversion'; did you mean '--version'?
arm-linux-gnueabihf-g++: fatal error: no input files
compilation terminated.
configure:3898: $? = 1
configure:3902: checking whether we are using the GNU C++ compiler
configure:3930: result: yes
configure:3939: checking whether arm-linux-gnueabihf-g++ accepts -g
configure:4000: result: yes
configure:4030: checking how to run the C preprocessor
configure:4100: result: arm-linux-gnueabihf-gcc -E
configure:4120: arm-linux-gnueabihf-gcc -E  conftest.c
configure:4120: $? = 0
configure:4134: arm-linux-gnueabihf-gcc -E  conftest.c
conftest.c:9:28: fatal error: ac_nonexistent.h: No such file or directory
 #include <ac_nonexistent.h>
                            ^
compilation terminated.
configure:4134: $? = 1
configure: failed program was:
| /* confdefs.h */
| #define PACKAGE_NAME ""
| #define PACKAGE_TARNAME ""
| #define PACKAGE_VERSION ""
| #define PACKAGE_STRING ""
| #define PACKAGE_BUGREPORT ""
| #define PACKAGE_URL ""
| /* end confdefs.h.  */
| #include <ac_nonexistent.h>
configure:4163: checking for grep that handles long lines and -e
configure:4221: result: /bin/grep
configure:4226: checking for egrep
configure:4288: result: /bin/grep -E
configure:4293: checking for ANSI C header files
configure:4397: result: yes
configure:4410: checking for sys/types.h
configure:4410: result: yes
configure:4410: checking for sys/stat.h
configure:4410: result: yes
configure:4410: checking for stdlib.h
configure:4410: result: yes
configure:4410: checking for string.h
configure:4410: result: yes
configure:4410: checking for memory.h
configure:4410: result: yes
configure:4410: checking for strings.h
configure:4410: result: yes
configure:4410: checking for inttypes.h
configure:4410: result: yes
configure:4410: checking for stdint.h
configure:4410: result: yes
configure:4410: checking for unistd.h
configure:4410: result: yes
configure:4423: checking for minix/config.h
configure:4423: result: no
configure:4444: checking whether it is safe to define __EXTENSIONS__
configure:4469: result: yes
configure:4516: checking build system type
configure:4530: result: x86_64-pc-linux-gnu
configure:4550: checking host system type
configure:4563: result: arm-unknown-linux-gnu
configure:4583: checking target system type
configure:4596: result: arm-unknown-linux-gnu
configure:4635: checking for dlfcn.h
configure:4635: result: yes
configure:4648: checking for windows.h
configure:4648: result: no
configure:4675: checking for library containing dlsym
configure:4723: result: -ldl
configure:4754: checking for special C compiler options needed for large files
configure:4799: result: no
configure:4805: checking for _FILE_OFFSET_BITS value needed for large files
configure:4862: result: 64
configure:4951: checking for arm-linux-gnueabihf-gcc option to accept ANSI C
configure:5019: result: none needed
configure:5050: checking for arm-linux-strip
configure:5080: result: no
configure:5090: checking for strip
configure:5117: result: strip
configure:5129: WARNING: using cross tools not prefixed with host triplet
configure:5195: checking whether arm-linux-gnueabihf-g++ supports C++11 features by default
configure:5496: result: yes
configure:6186: checking dependency style of arm-linux-gnueabihf-gcc
configure:6271: result: gcc3
configure:6304: checking whether NLS is requested
configure:6310: result: yes
configure:6316: checking for catalogs to be installed
configure:6348: result: 
configure:6386: checking whether makeinfo --split-size=5000000 supports @click
configure:6398: result: yes
configure:6538: checking for default auto-load directory
configure:6560: result: $debugdir:$datadir/auto-load
configure:6563: checking for default auto-load safe-path
configure:6587: result: $debugdir:$datadir/auto-load
configure:6854: checking for libunwind-ia64.h
configure:6854: result: no
configure:6922: checking for monstartup
configure:6922: result: yes
configure:6922: checking for _mcleanup
configure:6922: result: yes
configure:6931: checking for _etext
configure:6957: result: yes
configure:6964: checking for etext
configure:6990: result: yes
configure:7110: checking for gawk
configure:7137: result: gawk
configure:7162: checking for a BSD-compatible install
configure:7230: result: /usr/bin/install -c
configure:7241: checking whether ln -s works
configure:7245: result: yes
configure:7255: checking for arm-linux-ranlib
configure:7282: result: true
configure:7348: checking for bison
configure:7375: result: bison -y
configure:7391: checking for arm-linux-ar
configure:7418: result: arm-linux-gnueabihf-ar
configure:7483: checking for arm-linux-dlltool
configure:7510: result: arm-linux-dlltool
configure:7575: checking for arm-linux-windres
configure:7602: result: arm-linux-windres
configure:7771: checking for main in -lm
configure:7799: result: yes
configure:7812: checking for library containing gethostbyname
configure:7860: result: none required
configure:7870: checking for library containing socketpair
configure:7918: result: none required
configure:7948: checking for library containing kinfo_getvmmap
configure:7996: result: no
configure:8008: checking for library containing kinfo_getfile
configure:8056: result: no
configure:8107: checking for ld used by GCC
configure:8170: result: arm-linux-gnueabihf-ld
configure:8177: checking if the linker (arm-linux-gnueabihf-ld) is GNU ld
configure:8189: result: yes
configure:8195: checking for shared library run path origin
configure:8208: result: done
configure:8613: checking for iconv
configure:8711: result: yes
configure:8754: checking for iconv declaration
configure:8794: result: 
         extern size_t iconv (iconv_t cd, char * *inbuf, size_t *inbytesleft, char * *outbuf, size_t *outbytesleft);
configure:8870: checking for library containing waddstr
configure:8918: result: no
configure:8945: WARNING: no enhanced curses library found; disabling TUI
configure:8968: checking for library containing tgetent
configure:9016: result: no
configure:9093: checking size of unsigned long long
configure:9112: result: 8
configure:9126: checking size of unsigned long
configure:9145: result: 4
configure:9159: checking size of unsigned __int128
configure:9178: result: 0
configure:9203: checking for library containing dlopen
configure:9251: result: none required
configure:9315: checking whether to use expat
configure:9317: result: auto
configure:9735: checking for libexpat
configure:9764: result: no
configure:9791: WARNING: expat is missing or unusable; some features may be unavailable.
configure:9820: checking whether to use MPFR
configure:9822: result: auto
configure:10240: checking for libmpfr
configure:10270: result: no
configure:10297: WARNING: MPFR is missing or unusable; some features may be unavailable.
configure:10319: checking whether to use python
configure:10321: result: auto
configure:10556: checking for python
configure:10574: arm-linux-gnueabihf-gcc -o conftest -g -O2     conftest.c -lpython2.7  -lm -ldl  >&5
conftest.c:52:20: fatal error: Python.h: No such file or directory
 #include "Python.h"
                    ^
compilation terminated.
configure:10574: $? = 1
configure: failed program was:
| /* confdefs.h */
| #define PACKAGE_NAME ""
| #define PACKAGE_TARNAME ""
| #define PACKAGE_VERSION ""
| #define PACKAGE_STRING ""
| #define PACKAGE_BUGREPORT ""
| #define PACKAGE_URL ""
| #define STDC_HEADERS 1
| #define HAVE_SYS_TYPES_H 1
| #define HAVE_SYS_STAT_H 1
| #define HAVE_STDLIB_H 1
| #define HAVE_STRING_H 1
| #define HAVE_MEMORY_H 1
| #define HAVE_STRINGS_H 1
| #define HAVE_INTTYPES_H 1
| #define HAVE_STDINT_H 1
| #define HAVE_UNISTD_H 1
| #define __EXTENSIONS__ 1
| #define _ALL_SOURCE 1
| #define _GNU_SOURCE 1
| #define _POSIX_PTHREAD_SEMANTICS 1
| #define _TANDEM_SOURCE 1
| #define HAVE_DLFCN_H 1
| #define _FILE_OFFSET_BITS 64
| #define HAVE_CXX11 1
| #define ENABLE_NLS 1
| #define PACKAGE "gdb"
| #define DEBUGDIR "/home/koda.xu/github_prj/debug_tools/gdb/output/gdb-9.1/gcc_6.4.0/lib/debug"
| #define DEBUGDIR_RELOCATABLE 1
| #define BINDIR "/home/koda.xu/github_prj/debug_tools/gdb/output/gdb-9.1/gcc_6.4.0/bin"
| #define GDB_DATADIR "/home/koda.xu/github_prj/debug_tools/gdb/output/gdb-9.1/gcc_6.4.0/share/gdb"
| #define GDB_DATADIR_RELOCATABLE 1
| #define AUTO_LOAD_DIR "$debugdir:$datadir/auto-load"
| #define AUTO_LOAD_SAFE_PATH "$debugdir:$datadir/auto-load"
| #define DEFAULT_BFD_ARCH bfd_arm_arch
| #define DEFAULT_BFD_VEC arm_elf32_le_vec
| #define HAVE_MONSTARTUP 1
| #define HAVE__MCLEANUP 1
| #define HAVE__ETEXT 1
| #define HAVE_ETEXT 1
| #define PKGVERSION "(GDB) "
| #define REPORT_BUGS_TO "<http://www.gnu.org/software/gdb/bugs/>"
| #define HAVE_LIBM 1
| #define HAVE_ICONV 1
| #define ICONV_CONST 
| #define SIZEOF_UNSIGNED_LONG_LONG 8
| #define SIZEOF_UNSIGNED_LONG 4
| #define SIZEOF_UNSIGNED___INT128 0
| #define JIT_READER_DIR "/home/koda.xu/github_prj/debug_tools/gdb/output/gdb-9.1/gcc_6.4.0/lib/gdb"
| #define JIT_READER_DIR_RELOCATABLE 1
| /* end confdefs.h.  */
| #include "Python.h"
| int
| main ()
| {
| Py_Initialize ();
|   ;
|   return 0;
| }
configure:10584: result: no
configure:10593: checking for python
configure:10611: arm-linux-gnueabihf-gcc -o conftest -g -O2     conftest.c -lpython2.6  -lm -ldl  >&5
conftest.c:52:20: fatal error: Python.h: No such file or directory
 #include "Python.h"
                    ^
compilation terminated.
configure:10611: $? = 1
configure: failed program was:
| /* confdefs.h */
| #define PACKAGE_NAME ""
| #define PACKAGE_TARNAME ""
| #define PACKAGE_VERSION ""
| #define PACKAGE_STRING ""
| #define PACKAGE_BUGREPORT ""
| #define PACKAGE_URL ""
| #define STDC_HEADERS 1
| #define HAVE_SYS_TYPES_H 1
| #define HAVE_SYS_STAT_H 1
| #define HAVE_STDLIB_H 1
| #define HAVE_STRING_H 1
| #define HAVE_MEMORY_H 1
| #define HAVE_STRINGS_H 1
| #define HAVE_INTTYPES_H 1
| #define HAVE_STDINT_H 1
| #define HAVE_UNISTD_H 1
| #define __EXTENSIONS__ 1
| #define _ALL_SOURCE 1
| #define _GNU_SOURCE 1
| #define _POSIX_PTHREAD_SEMANTICS 1
| #define _TANDEM_SOURCE 1
| #define HAVE_DLFCN_H 1
| #define _FILE_OFFSET_BITS 64
| #define HAVE_CXX11 1
| #define ENABLE_NLS 1
| #define PACKAGE "gdb"
| #define DEBUGDIR "/home/koda.xu/github_prj/debug_tools/gdb/output/gdb-9.1/gcc_6.4.0/lib/debug"
| #define DEBUGDIR_RELOCATABLE 1
| #define BINDIR "/home/koda.xu/github_prj/debug_tools/gdb/output/gdb-9.1/gcc_6.4.0/bin"
| #define GDB_DATADIR "/home/koda.xu/github_prj/debug_tools/gdb/output/gdb-9.1/gcc_6.4.0/share/gdb"
| #define GDB_DATADIR_RELOCATABLE 1
| #define AUTO_LOAD_DIR "$debugdir:$datadir/auto-load"
| #define AUTO_LOAD_SAFE_PATH "$debugdir:$datadir/auto-load"
| #define DEFAULT_BFD_ARCH bfd_arm_arch
| #define DEFAULT_BFD_VEC arm_elf32_le_vec
| #define HAVE_MONSTARTUP 1
| #define HAVE__MCLEANUP 1
| #define HAVE__ETEXT 1
| #define HAVE_ETEXT 1
| #define PKGVERSION "(GDB) "
| #define REPORT_BUGS_TO "<http://www.gnu.org/software/gdb/bugs/>"
| #define HAVE_LIBM 1
| #define HAVE_ICONV 1
| #define ICONV_CONST 
| #define SIZEOF_UNSIGNED_LONG_LONG 8
| #define SIZEOF_UNSIGNED_LONG 4
| #define SIZEOF_UNSIGNED___INT128 0
| #define JIT_READER_DIR "/home/koda.xu/github_prj/debug_tools/gdb/output/gdb-9.1/gcc_6.4.0/lib/gdb"
| #define JIT_READER_DIR_RELOCATABLE 1
| /* end confdefs.h.  */
| #include "Python.h"
| int
| main ()
| {
| Py_Initialize ();
|   ;
|   return 0;
| }
configure:10621: result: no
configure:10633: WARNING: python is missing or unusable; some features may be unavailable.
configure:10782: checking whether to use guile
configure:10784: result: auto
configure:10789: checking for pkg-config
configure:10820: result: /usr/bin/pkg-config
configure:10847: checking for usable guile from /usr/bin/pkg-config
configure:10916: result: no
configure:11338: checking for the source-highlight library
configure:11362: result: no
configure:11381: checking whether to use intel pt
configure:11383: result: auto
configure:11400: arm-linux-gnueabihf-gcc -E  conftest.c
configure:11400: $? = 0
configure:11825: checking for libipt
configure:11854: result: no
configure:11881: WARNING: libipt is missing or unusable; some features may be unavailable.
configure:11927: checking for ANSI C header files
configure:12031: result: yes
configure:12048: checking for nlist.h
configure:12048: result: no
configure:12048: checking for machine/reg.h
configure:12048: result: no
configure:12048: checking for poll.h
configure:12048: result: yes
configure:12048: checking for sys/poll.h
configure:12048: result: yes
configure:12048: checking for proc_service.h
configure:12048: result: yes
configure:12048: checking for thread_db.h
configure:12048: result: yes
configure:12048: checking for linux/elf.h
configure:12048: result: yes
configure:12048: checking for sys/file.h
configure:12048: result: yes
configure:12048: checking for sys/filio.h
configure:12048: result: no
configure:12048: checking for sys/ioctl.h
configure:12048: result: yes
configure:12048: checking for sys/param.h
configure:12048: result: yes
configure:12048: checking for sys/resource.h
configure:12048: result: yes
configure:12048: checking for sys/procfs.h
configure:12048: result: yes
configure:12048: checking for sys/ptrace.h
configure:12048: result: yes
configure:12048: checking for ptrace.h
configure:12048: result: no
configure:12048: checking for sys/reg.h
configure:12048: result: no
configure:12048: checking for sys/debugreg.h
configure:12048: result: no
configure:12048: checking for sys/select.h
configure:12048: result: yes
configure:12048: checking for termios.h
configure:12048: result: yes
configure:12048: checking for elf_hp.h
configure:12048: result: no
configure:12060: checking for sys/user.h
configure:12060: result: yes
configure:12078: checking for curses.h
configure:12078: result: no
configure:12078: checking for cursesX.h
configure:12078: result: no
configure:12078: checking for ncurses.h
configure:12078: result: no
configure:12078: checking for ncursesw/ncurses.h
configure:12078: result: no
configure:12078: checking for ncurses/ncurses.h
configure:12078: result: no
configure:12078: checking for ncurses/term.h
configure:12078: result: no
configure:12090: checking for term.h
configure:12090: result: no
configure:12111: checking for long long
configure:12111: result: yes
configure:12122: checking size of long long
configure:12141: result: 8
configure:12155: checking whether basename is declared
configure:12155: result: yes
configure:12165: checking whether ffs is declared
configure:12165: result: yes
configure:12175: checking whether asprintf is declared
configure:12175: result: yes
configure:12185: checking whether vasprintf is declared
configure:12185: result: yes
configure:12195: checking whether snprintf is declared
configure:12195: result: yes
configure:12205: checking whether vsnprintf is declared
configure:12205: result: yes
configure:12216: checking whether strtol is declared
configure:12216: result: yes
configure:12226: checking whether strtoul is declared
configure:12226: result: yes
configure:12236: checking whether strtoll is declared
configure:12236: result: yes
configure:12246: checking whether strtoull is declared
configure:12246: result: yes
configure:12257: checking whether strverscmp is declared
configure:12257: result: yes
configure:12270: checking whether snprintf is declared
configure:12270: result: yes
configure:12282: checking for LC_MESSAGES
configure:12306: result: yes
configure:12319: checking for struct stat.st_blocks
configure:12319: result: yes
configure:12328: checking for struct stat.st_blksize
configure:12328: result: yes
configure:12343: checking for socklen_t
configure:12343: result: yes
configure:12361: checking for an ANSI C-conforming const
configure:12434: result: yes
configure:12442: checking for inline
configure:12466: result: inline
configure:12484: checking whether byte ordering is bigendian
configure:12690: result: no
configure:12719: checking for stdlib.h
configure:12719: result: yes
configure:12719: checking for unistd.h
configure:12719: result: yes
configure:12719: checking for sys/param.h
configure:12719: result: yes
configure:12739: checking for getpagesize
configure:12739: result: yes
configure:12748: checking for working mmap
configure:12905: result: no
configure:12914: checking for pid_t
configure:12914: result: yes
configure:12927: checking for vfork.h
configure:12927: result: no
configure:12940: checking for fork
configure:12940: result: yes
configure:12940: checking for vfork
configure:12940: result: yes
configure:12950: checking for working fork
configure:12982: result: yes
configure:13003: checking for working vfork
configure:13113: result: yes
configure:13147: checking for getauxval
configure:13147: result: yes
configure:13147: checking for getrusage
configure:13147: result: yes
configure:13147: checking for getuid
configure:13147: result: yes
configure:13147: checking for getgid
configure:13147: result: yes
configure:13147: checking for pipe
configure:13147: result: yes
configure:13147: checking for poll
configure:13147: result: yes
configure:13147: checking for pread
configure:13147: result: yes
configure:13147: checking for pread64
configure:13147: result: yes
configure:13147: checking for pwrite
configure:13147: result: yes
configure:13147: checking for resize_term
configure:13147: result: no
configure:13147: checking for sbrk
configure:13147: result: yes
configure:13147: checking for getpgid
configure:13147: result: yes
configure:13147: checking for setpgid
configure:13147: result: yes
configure:13147: checking for setpgrp
configure:13147: result: yes
configure:13147: checking for setsid
configure:13147: result: yes
configure:13147: checking for sigaction
configure:13147: result: yes
configure:13147: checking for sigsetmask
configure:13147: result: yes
configure:13147: checking for socketpair
configure:13147: result: yes
configure:13147: checking for ttrace
configure:13147: result: no
configure:13147: checking for wborder
configure:13147: result: no
configure:13147: checking for wresize
configure:13147: result: no
configure:13147: checking for setlocale
configure:13147: result: yes
configure:13147: checking for iconvlist
configure:13147: result: no
configure:13147: checking for libiconvlist
configure:13147: result: no
configure:13147: checking for btowc
configure:13147: result: yes
configure:13147: checking for setrlimit
configure:13147: result: yes
configure:13147: checking for getrlimit
configure:13147: result: yes
configure:13147: checking for posix_madvise
configure:13147: result: yes
configure:13147: checking for waitpid
configure:13147: result: yes
configure:13147: checking for ptrace64
configure:13147: result: no
configure:13147: checking for sigaltstack
configure:13147: result: yes
configure:13147: checking for setns
configure:13147: result: yes
configure:13147: checking for use_default_colors
configure:13147: result: no
configure:13157: checking for nl_langinfo and CODESET
configure:13182: result: yes
configure:13190: checking for size_t
configure:13190: result: yes
configure:13201: checking for a sed that does not truncate output
configure:13265: result: /bin/sed
configure:13271: checking for ANSI C header files
configure:13375: result: yes
configure:13385: checking for working alloca.h
configure:13410: result: yes
configure:13418: checking for alloca
configure:13463: result: yes
configure:13571: checking for nl_langinfo and CODESET
configure:13596: result: yes
configure:13608: checking for linux/perf_event.h
configure:13608: result: yes
configure:13608: checking for locale.h
configure:13608: result: yes
configure:13608: checking for memory.h
configure:13608: result: yes
configure:13608: checking for signal.h
configure:13608: result: yes
configure:13608: checking for sys/resource.h
configure:13608: result: yes
configure:13608: checking for sys/socket.h
configure:13608: result: yes
configure:13608: checking for sys/un.h
configure:13608: result: yes
configure:13608: checking for sys/wait.h
configure:13608: result: yes
configure:13608: checking for thread_db.h
configure:13608: result: yes
configure:13608: checking for wait.h
configure:13608: result: yes
configure:13608: checking for termios.h
configure:13608: result: yes
configure:13608: checking for dlfcn.h
configure:13608: result: yes
configure:13623: checking for fdwalk
configure:13623: result: no
configure:13623: checking for getrlimit
configure:13623: result: yes
configure:13623: checking for pipe
configure:13623: result: yes
configure:13623: checking for pipe2
configure:13623: result: yes
configure:13623: checking for socketpair
configure:13623: result: yes
configure:13623: checking for sigaction
configure:13623: result: yes
configure:13623: checking for sigprocmask
configure:13623: result: yes
configure:13633: checking whether strstr is declared
configure:13633: result: yes
configure:13836: checking whether arm-linux-gnueabihf-gcc is Clang
configure:13861: result: no
configure:13984: checking whether pthreads work with -pthread
configure:14078: arm-linux-gnueabihf-gcc -o conftest -g -O2 -pthread    conftest.c  -lm -ldl  >&5
configure:14078: $? = 0
configure:14087: result: yes
configure:14106: checking for joinable pthread attribute
configure:14132: result: PTHREAD_CREATE_JOINABLE
configure:14146: checking whether more special flags are required for pthreads
configure:14159: result: no
configure:14167: checking for PTHREAD_PRIO_INHERIT
configure:14192: result: yes
configure:14297: checking for std::thread
configure:14321: result: yes
configure:14329: checking for pthread_sigmask
configure:14329: result: yes
configure:14329: checking for pthread_setname_np
configure:14329: result: yes
configure:14354: checking for sigsetjmp
configure:14379: result: yes
configure:14394: checking for sys/ptrace.h
configure:14394: result: yes
configure:14394: checking for ptrace.h
configure:14394: result: no
configure:14415: checking whether ptrace is declared
configure:14415: result: yes
configure:14437: checking return type of ptrace
configure:14476: result: long
configure:14484: checking types of arguments for ptrace
configure:14560: result: enum __ptrace_request,int,long,long
configure:14632: checking whether setpgrp takes no argument
configure:14662: result: yes
configure:14675: checking for GNU regex
configure:14701: result: yes
configure:14722: checking for struct thread.td_pcb
configure:14722: result: no
configure:14737: checking for struct lwp
configure:14762: result: no
configure:14771: checking for struct reg in machine/reg.h
configure:14795: result: no
configure:14805: checking for struct reg.r_fs
configure:14805: result: no
configure:14816: checking for struct reg.r_gs
configure:14816: result: no
configure:14832: checking for struct user_regs_struct.fs_base
configure:14832: result: no
configure:14843: checking for struct user_regs_struct.gs_base
configure:14843: result: no
configure:14857: checking for PTRACE_GETREGS
configure:14881: result: yes
configure:14890: checking for PTRACE_GETFPXREGS
configure:14914: result: no
configure:14923: checking for PT_GETDBREGS
configure:14948: result: no
configure:14957: checking for PT_GETXMMREGS
configure:14982: result: no
configure:14993: checking for struct ptrace_lwpinfo.pl_tdname
configure:14993: result: no
configure:15008: checking for struct ptrace_lwpinfo.pl_syscall_code
configure:15008: result: no
configure:15021: checking for gregset_t in sys/procfs.h
configure:15055: result: no
configure:15058: checking for fpregset_t in sys/procfs.h
configure:15092: result: no
configure:15095: checking for prgregset_t in sys/procfs.h
configure:15129: result: yes
configure:15132: checking for prfpregset_t in sys/procfs.h
configure:15166: result: yes
configure:15169: checking for prgregset32_t in sys/procfs.h
configure:15203: result: no
configure:15206: checking for lwpid_t in sys/procfs.h
configure:15240: result: yes
configure:15243: checking for psaddr_t in sys/procfs.h
configure:15277: result: yes
configure:15280: checking for elf_fpregset_t in sys/procfs.h
configure:15314: result: yes
configure:15321: checking for long long support in compiler
configure:15344: result: yes
configure:15353: checking for long long support in printf
configure:15389: result: no
configure:15399: checking for decfloat support in printf
configure:15433: result: no
configure:15446: checking for long double support in compiler
configure:15462: result: yes
configure:15472: checking for long double support in printf
configure:15504: result: no
configure:15514: checking for long double support in scanf
configure:15546: result: no
configure:15597: checking for the dynamic export flag
configure:15620: arm-linux-gnueabihf-gcc -o conftest -g -O2    -Wl,--dynamic-list=/home/koda.xu/github_prj/debug_tools/gdb/gdb-9.1/gdb/proc-service.list conftest.c -lm -ldl  >&5
configure:15620: $? = 0
configure:15681: result: -Wl,--dynamic-list
configure:15743: checking whether <thread_db.h> has TD_NOTALLOC
configure:15768: result: yes
configure:15770: checking whether <thread_db.h> has TD_VERSION
configure:15795: result: yes
configure:15797: checking whether <thread_db.h> has TD_NOTLS
configure:15822: result: yes
configure:15841: checking whether ADDR_NO_RANDOMIZE is declared
configure:15841: result: yes
configure:15873: arm-linux-gnueabihf-gcc -o conftest -g -O2    conftest.c -lm -ldl  >&5
configure:15873: $? = 0
configure:16170: checking compiler warning flags
configure:16232: arm-linux-gnueabihf-g++ -c -g -O2 -Werror -Wall  conftest.cpp >&5
configure:16232: $? = 0
configure:16232: arm-linux-gnueabihf-g++ -c -g -O2 -Werror -Wpointer-arith  conftest.cpp >&5
configure:16232: $? = 0
configure:16232: arm-linux-gnueabihf-g++ -c -g -O2 -Werror -Wunused  conftest.cpp >&5
configure:16232: $? = 0
configure:16232: arm-linux-gnueabihf-g++ -c -g -O2 -Werror -Wunused-value  conftest.cpp >&5
configure:16232: $? = 0
configure:16216: arm-linux-gnueabihf-g++ -c -g -O2 -Werror -Wunused-variable  conftest.cpp >&5
configure:16216: $? = 0
configure:16232: arm-linux-gnueabihf-g++ -c -g -O2 -Werror -Wunused-function  conftest.cpp >&5
configure:16232: $? = 0
configure:16232: arm-linux-gnueabihf-g++ -c -g -O2 -Werror -Wswitch  conftest.cpp >&5
configure:16232: $? = 0
configure:16232: arm-linux-gnueabihf-g++ -c -g -O2 -Werror -Wchar-subscripts  conftest.cpp >&5
configure:16232: $? = 0
configure:16232: arm-linux-gnueabihf-g++ -c -g -O2 -Werror -Wempty-body  conftest.cpp >&5
configure:16232: $? = 0
configure:16232: arm-linux-gnueabihf-g++ -c -g -O2 -Werror -Wunused-but-set-parameter  conftest.cpp >&5
configure:16232: $? = 0
configure:16232: arm-linux-gnueabihf-g++ -c -g -O2 -Werror -Wunused-but-set-variable  conftest.cpp >&5
configure:16232: $? = 0
configure:16232: arm-linux-gnueabihf-g++ -c -g -O2 -Werror -Wsign-compare  conftest.cpp >&5
configure:16232: $? = 0
configure:16232: arm-linux-gnueabihf-g++ -c -g -O2 -Werror -Werror=maybe-uninitialized  conftest.cpp >&5
configure:16232: $? = 0
configure:16232: arm-linux-gnueabihf-g++ -c -g -O2 -Werror -Wmismatched-tags  conftest.cpp >&5
arm-linux-gnueabihf-g++: error: unrecognized command line option '-Wmismatched-tags'
configure:16232: $? = 1
configure: failed program was:
| /* confdefs.h */
| #define PACKAGE_NAME ""
| #define PACKAGE_TARNAME ""
| #define PACKAGE_VERSION ""
| #define PACKAGE_STRING ""
| #define PACKAGE_BUGREPORT ""
| #define PACKAGE_URL ""
| #define STDC_HEADERS 1
| #define HAVE_SYS_TYPES_H 1
| #define HAVE_SYS_STAT_H 1
| #define HAVE_STDLIB_H 1
| #define HAVE_STRING_H 1
| #define HAVE_MEMORY_H 1
| #define HAVE_STRINGS_H 1
| #define HAVE_INTTYPES_H 1
| #define HAVE_STDINT_H 1
| #define HAVE_UNISTD_H 1
| #define __EXTENSIONS__ 1
| #define _ALL_SOURCE 1
| #define _GNU_SOURCE 1
| #define _POSIX_PTHREAD_SEMANTICS 1
| #define _TANDEM_SOURCE 1
| #define HAVE_DLFCN_H 1
| #define _FILE_OFFSET_BITS 64
| #define HAVE_CXX11 1
| #define ENABLE_NLS 1
| #define PACKAGE "gdb"
| #define DEBUGDIR "/home/koda.xu/github_prj/debug_tools/gdb/output/gdb-9.1/gcc_6.4.0/lib/debug"
| #define DEBUGDIR_RELOCATABLE 1
| #define BINDIR "/home/koda.xu/github_prj/debug_tools/gdb/output/gdb-9.1/gcc_6.4.0/bin"
| #define GDB_DATADIR "/home/koda.xu/github_prj/debug_tools/gdb/output/gdb-9.1/gcc_6.4.0/share/gdb"
| #define GDB_DATADIR_RELOCATABLE 1
| #define AUTO_LOAD_DIR "$debugdir:$datadir/auto-load"
| #define AUTO_LOAD_SAFE_PATH "$debugdir:$datadir/auto-load"
| #define DEFAULT_BFD_ARCH bfd_arm_arch
| #define DEFAULT_BFD_VEC arm_elf32_le_vec
| #define HAVE_MONSTARTUP 1
| #define HAVE__MCLEANUP 1
| #define HAVE__ETEXT 1
| #define HAVE_ETEXT 1
| #define PKGVERSION "(GDB) "
| #define REPORT_BUGS_TO "<http://www.gnu.org/software/gdb/bugs/>"
| #define HAVE_LIBM 1
| #define HAVE_ICONV 1
| #define ICONV_CONST 
| #define SIZEOF_UNSIGNED_LONG_LONG 8
| #define SIZEOF_UNSIGNED_LONG 4
| #define SIZEOF_UNSIGNED___INT128 0
| #define JIT_READER_DIR "/home/koda.xu/github_prj/debug_tools/gdb/output/gdb-9.1/gcc_6.4.0/lib/gdb"
| #define JIT_READER_DIR_RELOCATABLE 1
| #define STDC_HEADERS 1
| #define HAVE_POLL_H 1
| #define HAVE_SYS_POLL_H 1
| #define HAVE_PROC_SERVICE_H 1
| #define HAVE_THREAD_DB_H 1
| #define HAVE_LINUX_ELF_H 1
| #define HAVE_SYS_FILE_H 1
| #define HAVE_SYS_IOCTL_H 1
| #define HAVE_SYS_PARAM_H 1
| #define HAVE_SYS_RESOURCE_H 1
| #define HAVE_SYS_PROCFS_H 1
| #define HAVE_SYS_PTRACE_H 1
| #define HAVE_SYS_SELECT_H 1
| #define HAVE_TERMIOS_H 1
| #define HAVE_SYS_USER_H 1
| #define HAVE_LONG_LONG 1
| #define SIZEOF_LONG_LONG 8
| #define HAVE_DECL_BASENAME 1
| #define HAVE_DECL_FFS 1
| #define HAVE_DECL_ASPRINTF 1
| #define HAVE_DECL_VASPRINTF 1
| #define HAVE_DECL_SNPRINTF 1
| #define HAVE_DECL_VSNPRINTF 1
| #define HAVE_DECL_STRTOL 1
| #define HAVE_DECL_STRTOUL 1
| #define HAVE_DECL_STRTOLL 1
| #define HAVE_DECL_STRTOULL 1
| #define HAVE_DECL_STRVERSCMP 1
| #define HAVE_DECL_SNPRINTF 1
| #define HAVE_LC_MESSAGES 1
| #define HAVE_STRUCT_STAT_ST_BLOCKS 1
| #define HAVE_STRUCT_STAT_ST_BLKSIZE 1
| #define HAVE_SOCKLEN_T 1
| #define HAVE_STDLIB_H 1
| #define HAVE_UNISTD_H 1
| #define HAVE_SYS_PARAM_H 1
| #define HAVE_GETPAGESIZE 1
| #define HAVE_FORK 1
| #define HAVE_VFORK 1
| #define HAVE_WORKING_VFORK 1
| #define HAVE_WORKING_FORK 1
| #define HAVE_GETAUXVAL 1
| #define HAVE_GETRUSAGE 1
| #define HAVE_GETUID 1
| #define HAVE_GETGID 1
| #define HAVE_PIPE 1
| #define HAVE_POLL 1
| #define HAVE_PREAD 1
| #define HAVE_PREAD64 1
| #define HAVE_PWRITE 1
| #define HAVE_SBRK 1
| #define HAVE_GETPGID 1
| #define HAVE_SETPGID 1
| #define HAVE_SETPGRP 1
| #define HAVE_SETSID 1
| #define HAVE_SIGACTION 1
| #define HAVE_SIGSETMASK 1
| #define HAVE_SOCKETPAIR 1
| #define HAVE_SETLOCALE 1
| #define HAVE_BTOWC 1
| #define HAVE_SETRLIMIT 1
| #define HAVE_GETRLIMIT 1
| #define HAVE_POSIX_MADVISE 1
| #define HAVE_WAITPID 1
| #define HAVE_SIGALTSTACK 1
| #define HAVE_SETNS 1
| #define HAVE_LANGINFO_CODESET 1
| #define STDC_HEADERS 1
| #define HAVE_ALLOCA_H 1
| #define HAVE_ALLOCA 1
| #define HAVE_LANGINFO_CODESET 1
| #define HAVE_LINUX_PERF_EVENT_H 1
| #define HAVE_LOCALE_H 1
| #define HAVE_MEMORY_H 1
| #define HAVE_SIGNAL_H 1
| #define HAVE_SYS_RESOURCE_H 1
| #define HAVE_SYS_SOCKET_H 1
| #define HAVE_SYS_UN_H 1
| #define HAVE_SYS_WAIT_H 1
| #define HAVE_THREAD_DB_H 1
| #define HAVE_WAIT_H 1
| #define HAVE_TERMIOS_H 1
| #define HAVE_DLFCN_H 1
| #define HAVE_GETRLIMIT 1
| #define HAVE_PIPE 1
| #define HAVE_PIPE2 1
| #define HAVE_SOCKETPAIR 1
| #define HAVE_SIGACTION 1
| #define HAVE_SIGPROCMASK 1
| #define HAVE_DECL_STRSTR 1
| #define HAVE_PTHREAD_PRIO_INHERIT 1
| #define HAVE_PTHREAD_SIGMASK 1
| #define HAVE_PTHREAD_SETNAME_NP 1
| #define CXX_STD_THREAD 1
| #define HAVE_SIGSETJMP 1
| #define HAVE_SYS_PTRACE_H 1
| #define HAVE_DECL_PTRACE 1
| #define PTRACE_TYPE_RET long
| #define PTRACE_TYPE_ARG1 enum __ptrace_request
| #define PTRACE_TYPE_ARG3 long
| #define PTRACE_TYPE_ARG4 long
| #define SETPGRP_VOID 1
| #define HAVE_PTRACE_GETREGS 1
| #define HAVE_PRGREGSET_T 1
| #define HAVE_PRFPREGSET_T 1
| #define HAVE_LWPID_T 1
| #define HAVE_PSADDR_T 1
| #define HAVE_ELF_FPREGSET_T 1
| #define HAVE_LONG_DOUBLE 1
| #define THREAD_DB_HAS_TD_NOTALLOC 1
| #define THREAD_DB_HAS_TD_VERSION 1
| #define THREAD_DB_HAS_TD_NOTLS 1
| #define HAVE_DECL_ADDR_NO_RANDOMIZE 1
| #define HAVE_PERSONALITY 1
| #define GDBINIT ".gdbinit"
| #define TARGET_SYSTEM_ROOT ""
| #define TARGET_SYSTEM_ROOT_RELOCATABLE 0
| #define SYSTEM_GDBINIT ""
| #define SYSTEM_GDBINIT_RELOCATABLE 0
| #define SYSTEM_GDBINIT_DIR ""
| #define SYSTEM_GDBINIT_DIR_RELOCATABLE 0
| /* end confdefs.h.  */
| 
| int
| main ()
| {
| 
|   ;
|   return 0;
| }
configure:16232: arm-linux-gnueabihf-g++ -c -g -O2 -Werror -Werror=deprecated-register  conftest.cpp >&5
cc1plus: error: -Werror=deprecated-register: no option -Wdeprecated-register
configure:16232: $? = 1
configure: failed program was:
| /* confdefs.h */
| #define PACKAGE_NAME ""
| #define PACKAGE_TARNAME ""
| #define PACKAGE_VERSION ""
| #define PACKAGE_STRING ""
| #define PACKAGE_BUGREPORT ""
| #define PACKAGE_URL ""
| #define STDC_HEADERS 1
| #define HAVE_SYS_TYPES_H 1
| #define HAVE_SYS_STAT_H 1
| #define HAVE_STDLIB_H 1
| #define HAVE_STRING_H 1
| #define HAVE_MEMORY_H 1
| #define HAVE_STRINGS_H 1
| #define HAVE_INTTYPES_H 1
| #define HAVE_STDINT_H 1
| #define HAVE_UNISTD_H 1
| #define __EXTENSIONS__ 1
| #define _ALL_SOURCE 1
| #define _GNU_SOURCE 1
| #define _POSIX_PTHREAD_SEMANTICS 1
| #define _TANDEM_SOURCE 1
| #define HAVE_DLFCN_H 1
| #define _FILE_OFFSET_BITS 64
| #define HAVE_CXX11 1
| #define ENABLE_NLS 1
| #define PACKAGE "gdb"
| #define DEBUGDIR "/home/koda.xu/github_prj/debug_tools/gdb/output/gdb-9.1/gcc_6.4.0/lib/debug"
| #define DEBUGDIR_RELOCATABLE 1
| #define BINDIR "/home/koda.xu/github_prj/debug_tools/gdb/output/gdb-9.1/gcc_6.4.0/bin"
| #define GDB_DATADIR "/home/koda.xu/github_prj/debug_tools/gdb/output/gdb-9.1/gcc_6.4.0/share/gdb"
| #define GDB_DATADIR_RELOCATABLE 1
| #define AUTO_LOAD_DIR "$debugdir:$datadir/auto-load"
| #define AUTO_LOAD_SAFE_PATH "$debugdir:$datadir/auto-load"
| #define DEFAULT_BFD_ARCH bfd_arm_arch
| #define DEFAULT_BFD_VEC arm_elf32_le_vec
| #define HAVE_MONSTARTUP 1
| #define HAVE__MCLEANUP 1
| #define HAVE__ETEXT 1
| #define HAVE_ETEXT 1
| #define PKGVERSION "(GDB) "
| #define REPORT_BUGS_TO "<http://www.gnu.org/software/gdb/bugs/>"
| #define HAVE_LIBM 1
| #define HAVE_ICONV 1
| #define ICONV_CONST 
| #define SIZEOF_UNSIGNED_LONG_LONG 8
| #define SIZEOF_UNSIGNED_LONG 4
| #define SIZEOF_UNSIGNED___INT128 0
| #define JIT_READER_DIR "/home/koda.xu/github_prj/debug_tools/gdb/output/gdb-9.1/gcc_6.4.0/lib/gdb"
| #define JIT_READER_DIR_RELOCATABLE 1
| #define STDC_HEADERS 1
| #define HAVE_POLL_H 1
| #define HAVE_SYS_POLL_H 1
| #define HAVE_PROC_SERVICE_H 1
| #define HAVE_THREAD_DB_H 1
| #define HAVE_LINUX_ELF_H 1
| #define HAVE_SYS_FILE_H 1
| #define HAVE_SYS_IOCTL_H 1
| #define HAVE_SYS_PARAM_H 1
| #define HAVE_SYS_RESOURCE_H 1
| #define HAVE_SYS_PROCFS_H 1
| #define HAVE_SYS_PTRACE_H 1
| #define HAVE_SYS_SELECT_H 1
| #define HAVE_TERMIOS_H 1
| #define HAVE_SYS_USER_H 1
| #define HAVE_LONG_LONG 1
| #define SIZEOF_LONG_LONG 8
| #define HAVE_DECL_BASENAME 1
| #define HAVE_DECL_FFS 1
| #define HAVE_DECL_ASPRINTF 1
| #define HAVE_DECL_VASPRINTF 1
| #define HAVE_DECL_SNPRINTF 1
| #define HAVE_DECL_VSNPRINTF 1
| #define HAVE_DECL_STRTOL 1
| #define HAVE_DECL_STRTOUL 1
| #define HAVE_DECL_STRTOLL 1
| #define HAVE_DECL_STRTOULL 1
| #define HAVE_DECL_STRVERSCMP 1
| #define HAVE_DECL_SNPRINTF 1
| #define HAVE_LC_MESSAGES 1
| #define HAVE_STRUCT_STAT_ST_BLOCKS 1
| #define HAVE_STRUCT_STAT_ST_BLKSIZE 1
| #define HAVE_SOCKLEN_T 1
| #define HAVE_STDLIB_H 1
| #define HAVE_UNISTD_H 1
| #define HAVE_SYS_PARAM_H 1
| #define HAVE_GETPAGESIZE 1
| #define HAVE_FORK 1
| #define HAVE_VFORK 1
| #define HAVE_WORKING_VFORK 1
| #define HAVE_WORKING_FORK 1
| #define HAVE_GETAUXVAL 1
| #define HAVE_GETRUSAGE 1
| #define HAVE_GETUID 1
| #define HAVE_GETGID 1
| #define HAVE_PIPE 1
| #define HAVE_POLL 1
| #define HAVE_PREAD 1
| #define HAVE_PREAD64 1
| #define HAVE_PWRITE 1
| #define HAVE_SBRK 1
| #define HAVE_GETPGID 1
| #define HAVE_SETPGID 1
| #define HAVE_SETPGRP 1
| #define HAVE_SETSID 1
| #define HAVE_SIGACTION 1
| #define HAVE_SIGSETMASK 1
| #define HAVE_SOCKETPAIR 1
| #define HAVE_SETLOCALE 1
| #define HAVE_BTOWC 1
| #define HAVE_SETRLIMIT 1
| #define HAVE_GETRLIMIT 1
| #define HAVE_POSIX_MADVISE 1
| #define HAVE_WAITPID 1
| #define HAVE_SIGALTSTACK 1
| #define HAVE_SETNS 1
| #define HAVE_LANGINFO_CODESET 1
| #define STDC_HEADERS 1
| #define HAVE_ALLOCA_H 1
| #define HAVE_ALLOCA 1
| #define HAVE_LANGINFO_CODESET 1
| #define HAVE_LINUX_PERF_EVENT_H 1
| #define HAVE_LOCALE_H 1
| #define HAVE_MEMORY_H 1
| #define HAVE_SIGNAL_H 1
| #define HAVE_SYS_RESOURCE_H 1
| #define HAVE_SYS_SOCKET_H 1
| #define HAVE_SYS_UN_H 1
| #define HAVE_SYS_WAIT_H 1
| #define HAVE_THREAD_DB_H 1
| #define HAVE_WAIT_H 1
| #define HAVE_TERMIOS_H 1
| #define HAVE_DLFCN_H 1
| #define HAVE_GETRLIMIT 1
| #define HAVE_PIPE 1
| #define HAVE_PIPE2 1
| #define HAVE_SOCKETPAIR 1
| #define HAVE_SIGACTION 1
| #define HAVE_SIGPROCMASK 1
| #define HAVE_DECL_STRSTR 1
| #define HAVE_PTHREAD_PRIO_INHERIT 1
| #define HAVE_PTHREAD_SIGMASK 1
| #define HAVE_PTHREAD_SETNAME_NP 1
| #define CXX_STD_THREAD 1
| #define HAVE_SIGSETJMP 1
| #define HAVE_SYS_PTRACE_H 1
| #define HAVE_DECL_PTRACE 1
| #define PTRACE_TYPE_RET long
| #define PTRACE_TYPE_ARG1 enum __ptrace_request
| #define PTRACE_TYPE_ARG3 long
| #define PTRACE_TYPE_ARG4 long
| #define SETPGRP_VOID 1
| #define HAVE_PTRACE_GETREGS 1
| #define HAVE_PRGREGSET_T 1
| #define HAVE_PRFPREGSET_T 1
| #define HAVE_LWPID_T 1
| #define HAVE_PSADDR_T 1
| #define HAVE_ELF_FPREGSET_T 1
| #define HAVE_LONG_DOUBLE 1
| #define THREAD_DB_HAS_TD_NOTALLOC 1
| #define THREAD_DB_HAS_TD_VERSION 1
| #define THREAD_DB_HAS_TD_NOTLS 1
| #define HAVE_DECL_ADDR_NO_RANDOMIZE 1
| #define HAVE_PERSONALITY 1
| #define GDBINIT ".gdbinit"
| #define TARGET_SYSTEM_ROOT ""
| #define TARGET_SYSTEM_ROOT_RELOCATABLE 0
| #define SYSTEM_GDBINIT ""
| #define SYSTEM_GDBINIT_RELOCATABLE 0
| #define SYSTEM_GDBINIT_DIR ""
| #define SYSTEM_GDBINIT_DIR_RELOCATABLE 0
| /* end confdefs.h.  */
| 
| int
| main ()
| {
| 
|   ;
|   return 0;
| }
configure:16232: arm-linux-gnueabihf-g++ -c -g -O2 -Werror -Wsuggest-override  conftest.cpp >&5
configure:16232: $? = 0
configure:16232: arm-linux-gnueabihf-g++ -c -g -O2 -Werror -Wimplicit-fallthrough=3  conftest.cpp >&5
arm-linux-gnueabihf-g++: error: unrecognized command line option '-Wimplicit-fallthrough=3'; did you mean '-Wno-fallthrough'?
configure:16232: $? = 1
configure: failed program was:
| /* confdefs.h */
| #define PACKAGE_NAME ""
| #define PACKAGE_TARNAME ""
| #define PACKAGE_VERSION ""
| #define PACKAGE_STRING ""
| #define PACKAGE_BUGREPORT ""
| #define PACKAGE_URL ""
| #define STDC_HEADERS 1
| #define HAVE_SYS_TYPES_H 1
| #define HAVE_SYS_STAT_H 1
| #define HAVE_STDLIB_H 1
| #define HAVE_STRING_H 1
| #define HAVE_MEMORY_H 1
| #define HAVE_STRINGS_H 1
| #define HAVE_INTTYPES_H 1
| #define HAVE_STDINT_H 1
| #define HAVE_UNISTD_H 1
| #define __EXTENSIONS__ 1
| #define _ALL_SOURCE 1
| #define _GNU_SOURCE 1
| #define _POSIX_PTHREAD_SEMANTICS 1
| #define _TANDEM_SOURCE 1
| #define HAVE_DLFCN_H 1
| #define _FILE_OFFSET_BITS 64
| #define HAVE_CXX11 1
| #define ENABLE_NLS 1
| #define PACKAGE "gdb"
| #define DEBUGDIR "/home/koda.xu/github_prj/debug_tools/gdb/output/gdb-9.1/gcc_6.4.0/lib/debug"
| #define DEBUGDIR_RELOCATABLE 1
| #define BINDIR "/home/koda.xu/github_prj/debug_tools/gdb/output/gdb-9.1/gcc_6.4.0/bin"
| #define GDB_DATADIR "/home/koda.xu/github_prj/debug_tools/gdb/output/gdb-9.1/gcc_6.4.0/share/gdb"
| #define GDB_DATADIR_RELOCATABLE 1
| #define AUTO_LOAD_DIR "$debugdir:$datadir/auto-load"
| #define AUTO_LOAD_SAFE_PATH "$debugdir:$datadir/auto-load"
| #define DEFAULT_BFD_ARCH bfd_arm_arch
| #define DEFAULT_BFD_VEC arm_elf32_le_vec
| #define HAVE_MONSTARTUP 1
| #define HAVE__MCLEANUP 1
| #define HAVE__ETEXT 1
| #define HAVE_ETEXT 1
| #define PKGVERSION "(GDB) "
| #define REPORT_BUGS_TO "<http://www.gnu.org/software/gdb/bugs/>"
| #define HAVE_LIBM 1
| #define HAVE_ICONV 1
| #define ICONV_CONST 
| #define SIZEOF_UNSIGNED_LONG_LONG 8
| #define SIZEOF_UNSIGNED_LONG 4
| #define SIZEOF_UNSIGNED___INT128 0
| #define JIT_READER_DIR "/home/koda.xu/github_prj/debug_tools/gdb/output/gdb-9.1/gcc_6.4.0/lib/gdb"
| #define JIT_READER_DIR_RELOCATABLE 1
| #define STDC_HEADERS 1
| #define HAVE_POLL_H 1
| #define HAVE_SYS_POLL_H 1
| #define HAVE_PROC_SERVICE_H 1
| #define HAVE_THREAD_DB_H 1
| #define HAVE_LINUX_ELF_H 1
| #define HAVE_SYS_FILE_H 1
| #define HAVE_SYS_IOCTL_H 1
| #define HAVE_SYS_PARAM_H 1
| #define HAVE_SYS_RESOURCE_H 1
| #define HAVE_SYS_PROCFS_H 1
| #define HAVE_SYS_PTRACE_H 1
| #define HAVE_SYS_SELECT_H 1
| #define HAVE_TERMIOS_H 1
| #define HAVE_SYS_USER_H 1
| #define HAVE_LONG_LONG 1
| #define SIZEOF_LONG_LONG 8
| #define HAVE_DECL_BASENAME 1
| #define HAVE_DECL_FFS 1
| #define HAVE_DECL_ASPRINTF 1
| #define HAVE_DECL_VASPRINTF 1
| #define HAVE_DECL_SNPRINTF 1
| #define HAVE_DECL_VSNPRINTF 1
| #define HAVE_DECL_STRTOL 1
| #define HAVE_DECL_STRTOUL 1
| #define HAVE_DECL_STRTOLL 1
| #define HAVE_DECL_STRTOULL 1
| #define HAVE_DECL_STRVERSCMP 1
| #define HAVE_DECL_SNPRINTF 1
| #define HAVE_LC_MESSAGES 1
| #define HAVE_STRUCT_STAT_ST_BLOCKS 1
| #define HAVE_STRUCT_STAT_ST_BLKSIZE 1
| #define HAVE_SOCKLEN_T 1
| #define HAVE_STDLIB_H 1
| #define HAVE_UNISTD_H 1
| #define HAVE_SYS_PARAM_H 1
| #define HAVE_GETPAGESIZE 1
| #define HAVE_FORK 1
| #define HAVE_VFORK 1
| #define HAVE_WORKING_VFORK 1
| #define HAVE_WORKING_FORK 1
| #define HAVE_GETAUXVAL 1
| #define HAVE_GETRUSAGE 1
| #define HAVE_GETUID 1
| #define HAVE_GETGID 1
| #define HAVE_PIPE 1
| #define HAVE_POLL 1
| #define HAVE_PREAD 1
| #define HAVE_PREAD64 1
| #define HAVE_PWRITE 1
| #define HAVE_SBRK 1
| #define HAVE_GETPGID 1
| #define HAVE_SETPGID 1
| #define HAVE_SETPGRP 1
| #define HAVE_SETSID 1
| #define HAVE_SIGACTION 1
| #define HAVE_SIGSETMASK 1
| #define HAVE_SOCKETPAIR 1
| #define HAVE_SETLOCALE 1
| #define HAVE_BTOWC 1
| #define HAVE_SETRLIMIT 1
| #define HAVE_GETRLIMIT 1
| #define HAVE_POSIX_MADVISE 1
| #define HAVE_WAITPID 1
| #define HAVE_SIGALTSTACK 1
| #define HAVE_SETNS 1
| #define HAVE_LANGINFO_CODESET 1
| #define STDC_HEADERS 1
| #define HAVE_ALLOCA_H 1
| #define HAVE_ALLOCA 1
| #define HAVE_LANGINFO_CODESET 1
| #define HAVE_LINUX_PERF_EVENT_H 1
| #define HAVE_LOCALE_H 1
| #define HAVE_MEMORY_H 1
| #define HAVE_SIGNAL_H 1
| #define HAVE_SYS_RESOURCE_H 1
| #define HAVE_SYS_SOCKET_H 1
| #define HAVE_SYS_UN_H 1
| #define HAVE_SYS_WAIT_H 1
| #define HAVE_THREAD_DB_H 1
| #define HAVE_WAIT_H 1
| #define HAVE_TERMIOS_H 1
| #define HAVE_DLFCN_H 1
| #define HAVE_GETRLIMIT 1
| #define HAVE_PIPE 1
| #define HAVE_PIPE2 1
| #define HAVE_SOCKETPAIR 1
| #define HAVE_SIGACTION 1
| #define HAVE_SIGPROCMASK 1
| #define HAVE_DECL_STRSTR 1
| #define HAVE_PTHREAD_PRIO_INHERIT 1
| #define HAVE_PTHREAD_SIGMASK 1
| #define HAVE_PTHREAD_SETNAME_NP 1
| #define CXX_STD_THREAD 1
| #define HAVE_SIGSETJMP 1
| #define HAVE_SYS_PTRACE_H 1
| #define HAVE_DECL_PTRACE 1
| #define PTRACE_TYPE_RET long
| #define PTRACE_TYPE_ARG1 enum __ptrace_request
| #define PTRACE_TYPE_ARG3 long
| #define PTRACE_TYPE_ARG4 long
| #define SETPGRP_VOID 1
| #define HAVE_PTRACE_GETREGS 1
| #define HAVE_PRGREGSET_T 1
| #define HAVE_PRFPREGSET_T 1
| #define HAVE_LWPID_T 1
| #define HAVE_PSADDR_T 1
| #define HAVE_ELF_FPREGSET_T 1
| #define HAVE_LONG_DOUBLE 1
| #define THREAD_DB_HAS_TD_NOTALLOC 1
| #define THREAD_DB_HAS_TD_VERSION 1
| #define THREAD_DB_HAS_TD_NOTLS 1
| #define HAVE_DECL_ADDR_NO_RANDOMIZE 1
| #define HAVE_PERSONALITY 1
| #define GDBINIT ".gdbinit"
| #define TARGET_SYSTEM_ROOT ""
| #define TARGET_SYSTEM_ROOT_RELOCATABLE 0
| #define SYSTEM_GDBINIT ""
| #define SYSTEM_GDBINIT_RELOCATABLE 0
| #define SYSTEM_GDBINIT_DIR ""
| #define SYSTEM_GDBINIT_DIR_RELOCATABLE 0
| /* end confdefs.h.  */
| 
| int
| main ()
| {
| 
|   ;
|   return 0;
| }
configure:16232: arm-linux-gnueabihf-g++ -c -g -O2 -Werror -Wduplicated-cond  conftest.cpp >&5
configure:16232: $? = 0
configure:16232: arm-linux-gnueabihf-g++ -c -g -O2 -Werror -Wshadow=local  conftest.cpp >&5
arm-linux-gnueabihf-g++: error: unrecognized command line option '-Wshadow=local'; did you mean '-Wshadow-ivar'?
configure:16232: $? = 1
configure: failed program was:
| /* confdefs.h */
| #define PACKAGE_NAME ""
| #define PACKAGE_TARNAME ""
| #define PACKAGE_VERSION ""
| #define PACKAGE_STRING ""
| #define PACKAGE_BUGREPORT ""
| #define PACKAGE_URL ""
| #define STDC_HEADERS 1
| #define HAVE_SYS_TYPES_H 1
| #define HAVE_SYS_STAT_H 1
| #define HAVE_STDLIB_H 1
| #define HAVE_STRING_H 1
| #define HAVE_MEMORY_H 1
| #define HAVE_STRINGS_H 1
| #define HAVE_INTTYPES_H 1
| #define HAVE_STDINT_H 1
| #define HAVE_UNISTD_H 1
| #define __EXTENSIONS__ 1
| #define _ALL_SOURCE 1
| #define _GNU_SOURCE 1
| #define _POSIX_PTHREAD_SEMANTICS 1
| #define _TANDEM_SOURCE 1
| #define HAVE_DLFCN_H 1
| #define _FILE_OFFSET_BITS 64
| #define HAVE_CXX11 1
| #define ENABLE_NLS 1
| #define PACKAGE "gdb"
| #define DEBUGDIR "/home/koda.xu/github_prj/debug_tools/gdb/output/gdb-9.1/gcc_6.4.0/lib/debug"
| #define DEBUGDIR_RELOCATABLE 1
| #define BINDIR "/home/koda.xu/github_prj/debug_tools/gdb/output/gdb-9.1/gcc_6.4.0/bin"
| #define GDB_DATADIR "/home/koda.xu/github_prj/debug_tools/gdb/output/gdb-9.1/gcc_6.4.0/share/gdb"
| #define GDB_DATADIR_RELOCATABLE 1
| #define AUTO_LOAD_DIR "$debugdir:$datadir/auto-load"
| #define AUTO_LOAD_SAFE_PATH "$debugdir:$datadir/auto-load"
| #define DEFAULT_BFD_ARCH bfd_arm_arch
| #define DEFAULT_BFD_VEC arm_elf32_le_vec
| #define HAVE_MONSTARTUP 1
| #define HAVE__MCLEANUP 1
| #define HAVE__ETEXT 1
| #define HAVE_ETEXT 1
| #define PKGVERSION "(GDB) "
| #define REPORT_BUGS_TO "<http://www.gnu.org/software/gdb/bugs/>"
| #define HAVE_LIBM 1
| #define HAVE_ICONV 1
| #define ICONV_CONST 
| #define SIZEOF_UNSIGNED_LONG_LONG 8
| #define SIZEOF_UNSIGNED_LONG 4
| #define SIZEOF_UNSIGNED___INT128 0
| #define JIT_READER_DIR "/home/koda.xu/github_prj/debug_tools/gdb/output/gdb-9.1/gcc_6.4.0/lib/gdb"
| #define JIT_READER_DIR_RELOCATABLE 1
| #define STDC_HEADERS 1
| #define HAVE_POLL_H 1
| #define HAVE_SYS_POLL_H 1
| #define HAVE_PROC_SERVICE_H 1
| #define HAVE_THREAD_DB_H 1
| #define HAVE_LINUX_ELF_H 1
| #define HAVE_SYS_FILE_H 1
| #define HAVE_SYS_IOCTL_H 1
| #define HAVE_SYS_PARAM_H 1
| #define HAVE_SYS_RESOURCE_H 1
| #define HAVE_SYS_PROCFS_H 1
| #define HAVE_SYS_PTRACE_H 1
| #define HAVE_SYS_SELECT_H 1
| #define HAVE_TERMIOS_H 1
| #define HAVE_SYS_USER_H 1
| #define HAVE_LONG_LONG 1
| #define SIZEOF_LONG_LONG 8
| #define HAVE_DECL_BASENAME 1
| #define HAVE_DECL_FFS 1
| #define HAVE_DECL_ASPRINTF 1
| #define HAVE_DECL_VASPRINTF 1
| #define HAVE_DECL_SNPRINTF 1
| #define HAVE_DECL_VSNPRINTF 1
| #define HAVE_DECL_STRTOL 1
| #define HAVE_DECL_STRTOUL 1
| #define HAVE_DECL_STRTOLL 1
| #define HAVE_DECL_STRTOULL 1
| #define HAVE_DECL_STRVERSCMP 1
| #define HAVE_DECL_SNPRINTF 1
| #define HAVE_LC_MESSAGES 1
| #define HAVE_STRUCT_STAT_ST_BLOCKS 1
| #define HAVE_STRUCT_STAT_ST_BLKSIZE 1
| #define HAVE_SOCKLEN_T 1
| #define HAVE_STDLIB_H 1
| #define HAVE_UNISTD_H 1
| #define HAVE_SYS_PARAM_H 1
| #define HAVE_GETPAGESIZE 1
| #define HAVE_FORK 1
| #define HAVE_VFORK 1
| #define HAVE_WORKING_VFORK 1
| #define HAVE_WORKING_FORK 1
| #define HAVE_GETAUXVAL 1
| #define HAVE_GETRUSAGE 1
| #define HAVE_GETUID 1
| #define HAVE_GETGID 1
| #define HAVE_PIPE 1
| #define HAVE_POLL 1
| #define HAVE_PREAD 1
| #define HAVE_PREAD64 1
| #define HAVE_PWRITE 1
| #define HAVE_SBRK 1
| #define HAVE_GETPGID 1
| #define HAVE_SETPGID 1
| #define HAVE_SETPGRP 1
| #define HAVE_SETSID 1
| #define HAVE_SIGACTION 1
| #define HAVE_SIGSETMASK 1
| #define HAVE_SOCKETPAIR 1
| #define HAVE_SETLOCALE 1
| #define HAVE_BTOWC 1
| #define HAVE_SETRLIMIT 1
| #define HAVE_GETRLIMIT 1
| #define HAVE_POSIX_MADVISE 1
| #define HAVE_WAITPID 1
| #define HAVE_SIGALTSTACK 1
| #define HAVE_SETNS 1
| #define HAVE_LANGINFO_CODESET 1
| #define STDC_HEADERS 1
| #define HAVE_ALLOCA_H 1
| #define HAVE_ALLOCA 1
| #define HAVE_LANGINFO_CODESET 1
| #define HAVE_LINUX_PERF_EVENT_H 1
| #define HAVE_LOCALE_H 1
| #define HAVE_MEMORY_H 1
| #define HAVE_SIGNAL_H 1
| #define HAVE_SYS_RESOURCE_H 1
| #define HAVE_SYS_SOCKET_H 1
| #define HAVE_SYS_UN_H 1
| #define HAVE_SYS_WAIT_H 1
| #define HAVE_THREAD_DB_H 1
| #define HAVE_WAIT_H 1
| #define HAVE_TERMIOS_H 1
| #define HAVE_DLFCN_H 1
| #define HAVE_GETRLIMIT 1
| #define HAVE_PIPE 1
| #define HAVE_PIPE2 1
| #define HAVE_SOCKETPAIR 1
| #define HAVE_SIGACTION 1
| #define HAVE_SIGPROCMASK 1
| #define HAVE_DECL_STRSTR 1
| #define HAVE_PTHREAD_PRIO_INHERIT 1
| #define HAVE_PTHREAD_SIGMASK 1
| #define HAVE_PTHREAD_SETNAME_NP 1
| #define CXX_STD_THREAD 1
| #define HAVE_SIGSETJMP 1
| #define HAVE_SYS_PTRACE_H 1
| #define HAVE_DECL_PTRACE 1
| #define PTRACE_TYPE_RET long
| #define PTRACE_TYPE_ARG1 enum __ptrace_request
| #define PTRACE_TYPE_ARG3 long
| #define PTRACE_TYPE_ARG4 long
| #define SETPGRP_VOID 1
| #define HAVE_PTRACE_GETREGS 1
| #define HAVE_PRGREGSET_T 1
| #define HAVE_PRFPREGSET_T 1
| #define HAVE_LWPID_T 1
| #define HAVE_PSADDR_T 1
| #define HAVE_ELF_FPREGSET_T 1
| #define HAVE_LONG_DOUBLE 1
| #define THREAD_DB_HAS_TD_NOTALLOC 1
| #define THREAD_DB_HAS_TD_VERSION 1
| #define THREAD_DB_HAS_TD_NOTLS 1
| #define HAVE_DECL_ADDR_NO_RANDOMIZE 1
| #define HAVE_PERSONALITY 1
| #define GDBINIT ".gdbinit"
| #define TARGET_SYSTEM_ROOT ""
| #define TARGET_SYSTEM_ROOT_RELOCATABLE 0
| #define SYSTEM_GDBINIT ""
| #define SYSTEM_GDBINIT_RELOCATABLE 0
| #define SYSTEM_GDBINIT_DIR ""
| #define SYSTEM_GDBINIT_DIR_RELOCATABLE 0
| /* end confdefs.h.  */
| 
| int
| main ()
| {
| 
|   ;
|   return 0;
| }
configure:16232: arm-linux-gnueabihf-g++ -c -g -O2 -Werror -Wdeprecated-copy  conftest.cpp >&5
arm-linux-gnueabihf-g++: error: unrecognized command line option '-Wdeprecated-copy'; did you mean '-Wdeprecated'?
configure:16232: $? = 1
configure: failed program was:
| /* confdefs.h */
| #define PACKAGE_NAME ""
| #define PACKAGE_TARNAME ""
| #define PACKAGE_VERSION ""
| #define PACKAGE_STRING ""
| #define PACKAGE_BUGREPORT ""
| #define PACKAGE_URL ""
| #define STDC_HEADERS 1
| #define HAVE_SYS_TYPES_H 1
| #define HAVE_SYS_STAT_H 1
| #define HAVE_STDLIB_H 1
| #define HAVE_STRING_H 1
| #define HAVE_MEMORY_H 1
| #define HAVE_STRINGS_H 1
| #define HAVE_INTTYPES_H 1
| #define HAVE_STDINT_H 1
| #define HAVE_UNISTD_H 1
| #define __EXTENSIONS__ 1
| #define _ALL_SOURCE 1
| #define _GNU_SOURCE 1
| #define _POSIX_PTHREAD_SEMANTICS 1
| #define _TANDEM_SOURCE 1
| #define HAVE_DLFCN_H 1
| #define _FILE_OFFSET_BITS 64
| #define HAVE_CXX11 1
| #define ENABLE_NLS 1
| #define PACKAGE "gdb"
| #define DEBUGDIR "/home/koda.xu/github_prj/debug_tools/gdb/output/gdb-9.1/gcc_6.4.0/lib/debug"
| #define DEBUGDIR_RELOCATABLE 1
| #define BINDIR "/home/koda.xu/github_prj/debug_tools/gdb/output/gdb-9.1/gcc_6.4.0/bin"
| #define GDB_DATADIR "/home/koda.xu/github_prj/debug_tools/gdb/output/gdb-9.1/gcc_6.4.0/share/gdb"
| #define GDB_DATADIR_RELOCATABLE 1
| #define AUTO_LOAD_DIR "$debugdir:$datadir/auto-load"
| #define AUTO_LOAD_SAFE_PATH "$debugdir:$datadir/auto-load"
| #define DEFAULT_BFD_ARCH bfd_arm_arch
| #define DEFAULT_BFD_VEC arm_elf32_le_vec
| #define HAVE_MONSTARTUP 1
| #define HAVE__MCLEANUP 1
| #define HAVE__ETEXT 1
| #define HAVE_ETEXT 1
| #define PKGVERSION "(GDB) "
| #define REPORT_BUGS_TO "<http://www.gnu.org/software/gdb/bugs/>"
| #define HAVE_LIBM 1
| #define HAVE_ICONV 1
| #define ICONV_CONST 
| #define SIZEOF_UNSIGNED_LONG_LONG 8
| #define SIZEOF_UNSIGNED_LONG 4
| #define SIZEOF_UNSIGNED___INT128 0
| #define JIT_READER_DIR "/home/koda.xu/github_prj/debug_tools/gdb/output/gdb-9.1/gcc_6.4.0/lib/gdb"
| #define JIT_READER_DIR_RELOCATABLE 1
| #define STDC_HEADERS 1
| #define HAVE_POLL_H 1
| #define HAVE_SYS_POLL_H 1
| #define HAVE_PROC_SERVICE_H 1
| #define HAVE_THREAD_DB_H 1
| #define HAVE_LINUX_ELF_H 1
| #define HAVE_SYS_FILE_H 1
| #define HAVE_SYS_IOCTL_H 1
| #define HAVE_SYS_PARAM_H 1
| #define HAVE_SYS_RESOURCE_H 1
| #define HAVE_SYS_PROCFS_H 1
| #define HAVE_SYS_PTRACE_H 1
| #define HAVE_SYS_SELECT_H 1
| #define HAVE_TERMIOS_H 1
| #define HAVE_SYS_USER_H 1
| #define HAVE_LONG_LONG 1
| #define SIZEOF_LONG_LONG 8
| #define HAVE_DECL_BASENAME 1
| #define HAVE_DECL_FFS 1
| #define HAVE_DECL_ASPRINTF 1
| #define HAVE_DECL_VASPRINTF 1
| #define HAVE_DECL_SNPRINTF 1
| #define HAVE_DECL_VSNPRINTF 1
| #define HAVE_DECL_STRTOL 1
| #define HAVE_DECL_STRTOUL 1
| #define HAVE_DECL_STRTOLL 1
| #define HAVE_DECL_STRTOULL 1
| #define HAVE_DECL_STRVERSCMP 1
| #define HAVE_DECL_SNPRINTF 1
| #define HAVE_LC_MESSAGES 1
| #define HAVE_STRUCT_STAT_ST_BLOCKS 1
| #define HAVE_STRUCT_STAT_ST_BLKSIZE 1
| #define HAVE_SOCKLEN_T 1
| #define HAVE_STDLIB_H 1
| #define HAVE_UNISTD_H 1
| #define HAVE_SYS_PARAM_H 1
| #define HAVE_GETPAGESIZE 1
| #define HAVE_FORK 1
| #define HAVE_VFORK 1
| #define HAVE_WORKING_VFORK 1
| #define HAVE_WORKING_FORK 1
| #define HAVE_GETAUXVAL 1
| #define HAVE_GETRUSAGE 1
| #define HAVE_GETUID 1
| #define HAVE_GETGID 1
| #define HAVE_PIPE 1
| #define HAVE_POLL 1
| #define HAVE_PREAD 1
| #define HAVE_PREAD64 1
| #define HAVE_PWRITE 1
| #define HAVE_SBRK 1
| #define HAVE_GETPGID 1
| #define HAVE_SETPGID 1
| #define HAVE_SETPGRP 1
| #define HAVE_SETSID 1
| #define HAVE_SIGACTION 1
| #define HAVE_SIGSETMASK 1
| #define HAVE_SOCKETPAIR 1
| #define HAVE_SETLOCALE 1
| #define HAVE_BTOWC 1
| #define HAVE_SETRLIMIT 1
| #define HAVE_GETRLIMIT 1
| #define HAVE_POSIX_MADVISE 1
| #define HAVE_WAITPID 1
| #define HAVE_SIGALTSTACK 1
| #define HAVE_SETNS 1
| #define HAVE_LANGINFO_CODESET 1
| #define STDC_HEADERS 1
| #define HAVE_ALLOCA_H 1
| #define HAVE_ALLOCA 1
| #define HAVE_LANGINFO_CODESET 1
| #define HAVE_LINUX_PERF_EVENT_H 1
| #define HAVE_LOCALE_H 1
| #define HAVE_MEMORY_H 1
| #define HAVE_SIGNAL_H 1
| #define HAVE_SYS_RESOURCE_H 1
| #define HAVE_SYS_SOCKET_H 1
| #define HAVE_SYS_UN_H 1
| #define HAVE_SYS_WAIT_H 1
| #define HAVE_THREAD_DB_H 1
| #define HAVE_WAIT_H 1
| #define HAVE_TERMIOS_H 1
| #define HAVE_DLFCN_H 1
| #define HAVE_GETRLIMIT 1
| #define HAVE_PIPE 1
| #define HAVE_PIPE2 1
| #define HAVE_SOCKETPAIR 1
| #define HAVE_SIGACTION 1
| #define HAVE_SIGPROCMASK 1
| #define HAVE_DECL_STRSTR 1
| #define HAVE_PTHREAD_PRIO_INHERIT 1
| #define HAVE_PTHREAD_SIGMASK 1
| #define HAVE_PTHREAD_SETNAME_NP 1
| #define CXX_STD_THREAD 1
| #define HAVE_SIGSETJMP 1
| #define HAVE_SYS_PTRACE_H 1
| #define HAVE_DECL_PTRACE 1
| #define PTRACE_TYPE_RET long
| #define PTRACE_TYPE_ARG1 enum __ptrace_request
| #define PTRACE_TYPE_ARG3 long
| #define PTRACE_TYPE_ARG4 long
| #define SETPGRP_VOID 1
| #define HAVE_PTRACE_GETREGS 1
| #define HAVE_PRGREGSET_T 1
| #define HAVE_PRFPREGSET_T 1
| #define HAVE_LWPID_T 1
| #define HAVE_PSADDR_T 1
| #define HAVE_ELF_FPREGSET_T 1
| #define HAVE_LONG_DOUBLE 1
| #define THREAD_DB_HAS_TD_NOTALLOC 1
| #define THREAD_DB_HAS_TD_VERSION 1
| #define THREAD_DB_HAS_TD_NOTLS 1
| #define HAVE_DECL_ADDR_NO_RANDOMIZE 1
| #define HAVE_PERSONALITY 1
| #define GDBINIT ".gdbinit"
| #define TARGET_SYSTEM_ROOT ""
| #define TARGET_SYSTEM_ROOT_RELOCATABLE 0
| #define SYSTEM_GDBINIT ""
| #define SYSTEM_GDBINIT_RELOCATABLE 0
| #define SYSTEM_GDBINIT_DIR ""
| #define SYSTEM_GDBINIT_DIR_RELOCATABLE 0
| /* end confdefs.h.  */
| 
| int
| main ()
| {
| 
|   ;
|   return 0;
| }
configure:16232: arm-linux-gnueabihf-g++ -c -g -O2 -Werror -Wdeprecated-copy-dtor  conftest.cpp >&5
arm-linux-gnueabihf-g++: error: unrecognized command line option '-Wdeprecated-copy-dtor'; did you mean '-Wduplicated-cond'?
configure:16232: $? = 1
configure: failed program was:
| /* confdefs.h */
| #define PACKAGE_NAME ""
| #define PACKAGE_TARNAME ""
| #define PACKAGE_VERSION ""
| #define PACKAGE_STRING ""
| #define PACKAGE_BUGREPORT ""
| #define PACKAGE_URL ""
| #define STDC_HEADERS 1
| #define HAVE_SYS_TYPES_H 1
| #define HAVE_SYS_STAT_H 1
| #define HAVE_STDLIB_H 1
| #define HAVE_STRING_H 1
| #define HAVE_MEMORY_H 1
| #define HAVE_STRINGS_H 1
| #define HAVE_INTTYPES_H 1
| #define HAVE_STDINT_H 1
| #define HAVE_UNISTD_H 1
| #define __EXTENSIONS__ 1
| #define _ALL_SOURCE 1
| #define _GNU_SOURCE 1
| #define _POSIX_PTHREAD_SEMANTICS 1
| #define _TANDEM_SOURCE 1
| #define HAVE_DLFCN_H 1
| #define _FILE_OFFSET_BITS 64
| #define HAVE_CXX11 1
| #define ENABLE_NLS 1
| #define PACKAGE "gdb"
| #define DEBUGDIR "/home/koda.xu/github_prj/debug_tools/gdb/output/gdb-9.1/gcc_6.4.0/lib/debug"
| #define DEBUGDIR_RELOCATABLE 1
| #define BINDIR "/home/koda.xu/github_prj/debug_tools/gdb/output/gdb-9.1/gcc_6.4.0/bin"
| #define GDB_DATADIR "/home/koda.xu/github_prj/debug_tools/gdb/output/gdb-9.1/gcc_6.4.0/share/gdb"
| #define GDB_DATADIR_RELOCATABLE 1
| #define AUTO_LOAD_DIR "$debugdir:$datadir/auto-load"
| #define AUTO_LOAD_SAFE_PATH "$debugdir:$datadir/auto-load"
| #define DEFAULT_BFD_ARCH bfd_arm_arch
| #define DEFAULT_BFD_VEC arm_elf32_le_vec
| #define HAVE_MONSTARTUP 1
| #define HAVE__MCLEANUP 1
| #define HAVE__ETEXT 1
| #define HAVE_ETEXT 1
| #define PKGVERSION "(GDB) "
| #define REPORT_BUGS_TO "<http://www.gnu.org/software/gdb/bugs/>"
| #define HAVE_LIBM 1
| #define HAVE_ICONV 1
| #define ICONV_CONST 
| #define SIZEOF_UNSIGNED_LONG_LONG 8
| #define SIZEOF_UNSIGNED_LONG 4
| #define SIZEOF_UNSIGNED___INT128 0
| #define JIT_READER_DIR "/home/koda.xu/github_prj/debug_tools/gdb/output/gdb-9.1/gcc_6.4.0/lib/gdb"
| #define JIT_READER_DIR_RELOCATABLE 1
| #define STDC_HEADERS 1
| #define HAVE_POLL_H 1
| #define HAVE_SYS_POLL_H 1
| #define HAVE_PROC_SERVICE_H 1
| #define HAVE_THREAD_DB_H 1
| #define HAVE_LINUX_ELF_H 1
| #define HAVE_SYS_FILE_H 1
| #define HAVE_SYS_IOCTL_H 1
| #define HAVE_SYS_PARAM_H 1
| #define HAVE_SYS_RESOURCE_H 1
| #define HAVE_SYS_PROCFS_H 1
| #define HAVE_SYS_PTRACE_H 1
| #define HAVE_SYS_SELECT_H 1
| #define HAVE_TERMIOS_H 1
| #define HAVE_SYS_USER_H 1
| #define HAVE_LONG_LONG 1
| #define SIZEOF_LONG_LONG 8
| #define HAVE_DECL_BASENAME 1
| #define HAVE_DECL_FFS 1
| #define HAVE_DECL_ASPRINTF 1
| #define HAVE_DECL_VASPRINTF 1
| #define HAVE_DECL_SNPRINTF 1
| #define HAVE_DECL_VSNPRINTF 1
| #define HAVE_DECL_STRTOL 1
| #define HAVE_DECL_STRTOUL 1
| #define HAVE_DECL_STRTOLL 1
| #define HAVE_DECL_STRTOULL 1
| #define HAVE_DECL_STRVERSCMP 1
| #define HAVE_DECL_SNPRINTF 1
| #define HAVE_LC_MESSAGES 1
| #define HAVE_STRUCT_STAT_ST_BLOCKS 1
| #define HAVE_STRUCT_STAT_ST_BLKSIZE 1
| #define HAVE_SOCKLEN_T 1
| #define HAVE_STDLIB_H 1
| #define HAVE_UNISTD_H 1
| #define HAVE_SYS_PARAM_H 1
| #define HAVE_GETPAGESIZE 1
| #define HAVE_FORK 1
| #define HAVE_VFORK 1
| #define HAVE_WORKING_VFORK 1
| #define HAVE_WORKING_FORK 1
| #define HAVE_GETAUXVAL 1
| #define HAVE_GETRUSAGE 1
| #define HAVE_GETUID 1
| #define HAVE_GETGID 1
| #define HAVE_PIPE 1
| #define HAVE_POLL 1
| #define HAVE_PREAD 1
| #define HAVE_PREAD64 1
| #define HAVE_PWRITE 1
| #define HAVE_SBRK 1
| #define HAVE_GETPGID 1
| #define HAVE_SETPGID 1
| #define HAVE_SETPGRP 1
| #define HAVE_SETSID 1
| #define HAVE_SIGACTION 1
| #define HAVE_SIGSETMASK 1
| #define HAVE_SOCKETPAIR 1
| #define HAVE_SETLOCALE 1
| #define HAVE_BTOWC 1
| #define HAVE_SETRLIMIT 1
| #define HAVE_GETRLIMIT 1
| #define HAVE_POSIX_MADVISE 1
| #define HAVE_WAITPID 1
| #define HAVE_SIGALTSTACK 1
| #define HAVE_SETNS 1
| #define HAVE_LANGINFO_CODESET 1
| #define STDC_HEADERS 1
| #define HAVE_ALLOCA_H 1
| #define HAVE_ALLOCA 1
| #define HAVE_LANGINFO_CODESET 1
| #define HAVE_LINUX_PERF_EVENT_H 1
| #define HAVE_LOCALE_H 1
| #define HAVE_MEMORY_H 1
| #define HAVE_SIGNAL_H 1
| #define HAVE_SYS_RESOURCE_H 1
| #define HAVE_SYS_SOCKET_H 1
| #define HAVE_SYS_UN_H 1
| #define HAVE_SYS_WAIT_H 1
| #define HAVE_THREAD_DB_H 1
| #define HAVE_WAIT_H 1
| #define HAVE_TERMIOS_H 1
| #define HAVE_DLFCN_H 1
| #define HAVE_GETRLIMIT 1
| #define HAVE_PIPE 1
| #define HAVE_PIPE2 1
| #define HAVE_SOCKETPAIR 1
| #define HAVE_SIGACTION 1
| #define HAVE_SIGPROCMASK 1
| #define HAVE_DECL_STRSTR 1
| #define HAVE_PTHREAD_PRIO_INHERIT 1
| #define HAVE_PTHREAD_SIGMASK 1
| #define HAVE_PTHREAD_SETNAME_NP 1
| #define CXX_STD_THREAD 1
| #define HAVE_SIGSETJMP 1
| #define HAVE_SYS_PTRACE_H 1
| #define HAVE_DECL_PTRACE 1
| #define PTRACE_TYPE_RET long
| #define PTRACE_TYPE_ARG1 enum __ptrace_request
| #define PTRACE_TYPE_ARG3 long
| #define PTRACE_TYPE_ARG4 long
| #define SETPGRP_VOID 1
| #define HAVE_PTRACE_GETREGS 1
| #define HAVE_PRGREGSET_T 1
| #define HAVE_PRFPREGSET_T 1
| #define HAVE_LWPID_T 1
| #define HAVE_PSADDR_T 1
| #define HAVE_ELF_FPREGSET_T 1
| #define HAVE_LONG_DOUBLE 1
| #define THREAD_DB_HAS_TD_NOTALLOC 1
| #define THREAD_DB_HAS_TD_VERSION 1
| #define THREAD_DB_HAS_TD_NOTLS 1
| #define HAVE_DECL_ADDR_NO_RANDOMIZE 1
| #define HAVE_PERSONALITY 1
| #define GDBINIT ".gdbinit"
| #define TARGET_SYSTEM_ROOT ""
| #define TARGET_SYSTEM_ROOT_RELOCATABLE 0
| #define SYSTEM_GDBINIT ""
| #define SYSTEM_GDBINIT_RELOCATABLE 0
| #define SYSTEM_GDBINIT_DIR ""
| #define SYSTEM_GDBINIT_DIR_RELOCATABLE 0
| /* end confdefs.h.  */
| 
| int
| main ()
| {
| 
|   ;
|   return 0;
| }
configure:16232: arm-linux-gnueabihf-g++ -c -g -O2 -Werror -Wredundant-move  conftest.cpp >&5
arm-linux-gnueabihf-g++: error: unrecognized command line option '-Wredundant-move'; did you mean '-Wredundant-decls'?
configure:16232: $? = 1
configure: failed program was:
| /* confdefs.h */
| #define PACKAGE_NAME ""
| #define PACKAGE_TARNAME ""
| #define PACKAGE_VERSION ""
| #define PACKAGE_STRING ""
| #define PACKAGE_BUGREPORT ""
| #define PACKAGE_URL ""
| #define STDC_HEADERS 1
| #define HAVE_SYS_TYPES_H 1
| #define HAVE_SYS_STAT_H 1
| #define HAVE_STDLIB_H 1
| #define HAVE_STRING_H 1
| #define HAVE_MEMORY_H 1
| #define HAVE_STRINGS_H 1
| #define HAVE_INTTYPES_H 1
| #define HAVE_STDINT_H 1
| #define HAVE_UNISTD_H 1
| #define __EXTENSIONS__ 1
| #define _ALL_SOURCE 1
| #define _GNU_SOURCE 1
| #define _POSIX_PTHREAD_SEMANTICS 1
| #define _TANDEM_SOURCE 1
| #define HAVE_DLFCN_H 1
| #define _FILE_OFFSET_BITS 64
| #define HAVE_CXX11 1
| #define ENABLE_NLS 1
| #define PACKAGE "gdb"
| #define DEBUGDIR "/home/koda.xu/github_prj/debug_tools/gdb/output/gdb-9.1/gcc_6.4.0/lib/debug"
| #define DEBUGDIR_RELOCATABLE 1
| #define BINDIR "/home/koda.xu/github_prj/debug_tools/gdb/output/gdb-9.1/gcc_6.4.0/bin"
| #define GDB_DATADIR "/home/koda.xu/github_prj/debug_tools/gdb/output/gdb-9.1/gcc_6.4.0/share/gdb"
| #define GDB_DATADIR_RELOCATABLE 1
| #define AUTO_LOAD_DIR "$debugdir:$datadir/auto-load"
| #define AUTO_LOAD_SAFE_PATH "$debugdir:$datadir/auto-load"
| #define DEFAULT_BFD_ARCH bfd_arm_arch
| #define DEFAULT_BFD_VEC arm_elf32_le_vec
| #define HAVE_MONSTARTUP 1
| #define HAVE__MCLEANUP 1
| #define HAVE__ETEXT 1
| #define HAVE_ETEXT 1
| #define PKGVERSION "(GDB) "
| #define REPORT_BUGS_TO "<http://www.gnu.org/software/gdb/bugs/>"
| #define HAVE_LIBM 1
| #define HAVE_ICONV 1
| #define ICONV_CONST 
| #define SIZEOF_UNSIGNED_LONG_LONG 8
| #define SIZEOF_UNSIGNED_LONG 4
| #define SIZEOF_UNSIGNED___INT128 0
| #define JIT_READER_DIR "/home/koda.xu/github_prj/debug_tools/gdb/output/gdb-9.1/gcc_6.4.0/lib/gdb"
| #define JIT_READER_DIR_RELOCATABLE 1
| #define STDC_HEADERS 1
| #define HAVE_POLL_H 1
| #define HAVE_SYS_POLL_H 1
| #define HAVE_PROC_SERVICE_H 1
| #define HAVE_THREAD_DB_H 1
| #define HAVE_LINUX_ELF_H 1
| #define HAVE_SYS_FILE_H 1
| #define HAVE_SYS_IOCTL_H 1
| #define HAVE_SYS_PARAM_H 1
| #define HAVE_SYS_RESOURCE_H 1
| #define HAVE_SYS_PROCFS_H 1
| #define HAVE_SYS_PTRACE_H 1
| #define HAVE_SYS_SELECT_H 1
| #define HAVE_TERMIOS_H 1
| #define HAVE_SYS_USER_H 1
| #define HAVE_LONG_LONG 1
| #define SIZEOF_LONG_LONG 8
| #define HAVE_DECL_BASENAME 1
| #define HAVE_DECL_FFS 1
| #define HAVE_DECL_ASPRINTF 1
| #define HAVE_DECL_VASPRINTF 1
| #define HAVE_DECL_SNPRINTF 1
| #define HAVE_DECL_VSNPRINTF 1
| #define HAVE_DECL_STRTOL 1
| #define HAVE_DECL_STRTOUL 1
| #define HAVE_DECL_STRTOLL 1
| #define HAVE_DECL_STRTOULL 1
| #define HAVE_DECL_STRVERSCMP 1
| #define HAVE_DECL_SNPRINTF 1
| #define HAVE_LC_MESSAGES 1
| #define HAVE_STRUCT_STAT_ST_BLOCKS 1
| #define HAVE_STRUCT_STAT_ST_BLKSIZE 1
| #define HAVE_SOCKLEN_T 1
| #define HAVE_STDLIB_H 1
| #define HAVE_UNISTD_H 1
| #define HAVE_SYS_PARAM_H 1
| #define HAVE_GETPAGESIZE 1
| #define HAVE_FORK 1
| #define HAVE_VFORK 1
| #define HAVE_WORKING_VFORK 1
| #define HAVE_WORKING_FORK 1
| #define HAVE_GETAUXVAL 1
| #define HAVE_GETRUSAGE 1
| #define HAVE_GETUID 1
| #define HAVE_GETGID 1
| #define HAVE_PIPE 1
| #define HAVE_POLL 1
| #define HAVE_PREAD 1
| #define HAVE_PREAD64 1
| #define HAVE_PWRITE 1
| #define HAVE_SBRK 1
| #define HAVE_GETPGID 1
| #define HAVE_SETPGID 1
| #define HAVE_SETPGRP 1
| #define HAVE_SETSID 1
| #define HAVE_SIGACTION 1
| #define HAVE_SIGSETMASK 1
| #define HAVE_SOCKETPAIR 1
| #define HAVE_SETLOCALE 1
| #define HAVE_BTOWC 1
| #define HAVE_SETRLIMIT 1
| #define HAVE_GETRLIMIT 1
| #define HAVE_POSIX_MADVISE 1
| #define HAVE_WAITPID 1
| #define HAVE_SIGALTSTACK 1
| #define HAVE_SETNS 1
| #define HAVE_LANGINFO_CODESET 1
| #define STDC_HEADERS 1
| #define HAVE_ALLOCA_H 1
| #define HAVE_ALLOCA 1
| #define HAVE_LANGINFO_CODESET 1
| #define HAVE_LINUX_PERF_EVENT_H 1
| #define HAVE_LOCALE_H 1
| #define HAVE_MEMORY_H 1
| #define HAVE_SIGNAL_H 1
| #define HAVE_SYS_RESOURCE_H 1
| #define HAVE_SYS_SOCKET_H 1
| #define HAVE_SYS_UN_H 1
| #define HAVE_SYS_WAIT_H 1
| #define HAVE_THREAD_DB_H 1
| #define HAVE_WAIT_H 1
| #define HAVE_TERMIOS_H 1
| #define HAVE_DLFCN_H 1
| #define HAVE_GETRLIMIT 1
| #define HAVE_PIPE 1
| #define HAVE_PIPE2 1
| #define HAVE_SOCKETPAIR 1
| #define HAVE_SIGACTION 1
| #define HAVE_SIGPROCMASK 1
| #define HAVE_DECL_STRSTR 1
| #define HAVE_PTHREAD_PRIO_INHERIT 1
| #define HAVE_PTHREAD_SIGMASK 1
| #define HAVE_PTHREAD_SETNAME_NP 1
| #define CXX_STD_THREAD 1
| #define HAVE_SIGSETJMP 1
| #define HAVE_SYS_PTRACE_H 1
| #define HAVE_DECL_PTRACE 1
| #define PTRACE_TYPE_RET long
| #define PTRACE_TYPE_ARG1 enum __ptrace_request
| #define PTRACE_TYPE_ARG3 long
| #define PTRACE_TYPE_ARG4 long
| #define SETPGRP_VOID 1
| #define HAVE_PTRACE_GETREGS 1
| #define HAVE_PRGREGSET_T 1
| #define HAVE_PRFPREGSET_T 1
| #define HAVE_LWPID_T 1
| #define HAVE_PSADDR_T 1
| #define HAVE_ELF_FPREGSET_T 1
| #define HAVE_LONG_DOUBLE 1
| #define THREAD_DB_HAS_TD_NOTALLOC 1
| #define THREAD_DB_HAS_TD_VERSION 1
| #define THREAD_DB_HAS_TD_NOTLS 1
| #define HAVE_DECL_ADDR_NO_RANDOMIZE 1
| #define HAVE_PERSONALITY 1
| #define GDBINIT ".gdbinit"
| #define TARGET_SYSTEM_ROOT ""
| #define TARGET_SYSTEM_ROOT_RELOCATABLE 0
| #define SYSTEM_GDBINIT ""
| #define SYSTEM_GDBINIT_RELOCATABLE 0
| #define SYSTEM_GDBINIT_DIR ""
| #define SYSTEM_GDBINIT_DIR_RELOCATABLE 0
| /* end confdefs.h.  */
| 
| int
| main ()
| {
| 
|   ;
|   return 0;
| }
configure:16232: arm-linux-gnueabihf-g++ -c -g -O2 -Werror -Wformat -Wformat-nonliteral  conftest.cpp >&5
configure:16232: $? = 0
configure:16241: result:  -Wall -Wpointer-arith -Wno-unused -Wunused-value -Wunused-variable -Wunused-function -Wno-switch -Wno-char-subscripts -Wempty-body -Wunused-but-set-parameter -Wunused-but-set-variable -Wno-sign-compare -Wno-error=maybe-uninitialized -Wsuggest-override -Wduplicated-cond -Wformat -Wformat-nonliteral 
configure:16313: checking for cygwin
configure:16334: result: no
configure:16381: checking for ELF support in BFD
configure:16408: result: yes
configure:16420: checking for library containing dlopen
configure:16468: result: none required
configure:16492: checking for Mach-O support in BFD
configure:16519: result: no
configure:16541: checking whether to use lzma
configure:16543: result: auto
configure:16957: checking for liblzma
configure:16988: result: no
configure:17544: checking for X
configure:17722: result: no
configure:17861: checking whether gdbserver is supported on this host
configure:17864: result: yes
configure:17890: checking whether to use babeltrace
configure:17892: result: auto
configure:18317: checking for libbabeltrace
configure:18357: result: no
configure:18386: WARNING: babeltrace is missing or unusable; GDB is unable to read CTF data.
configure:18813: checking for libxxhash
configure:18843: result: no
configure:18876: checking whether to use xxhash
configure:18878: result: no
configure:18904: checking for xsltproc
configure:18934: result: /usr/bin/xsltproc
configure:19137: creating ./config.status

## ---------------------- ##
## Running config.status. ##
## ---------------------- ##

This file was extended by config.status, which was
generated by GNU Autoconf 2.69.  Invocation command line was

  CONFIG_FILES    = 
  CONFIG_HEADERS  = 
  CONFIG_LINKS    = 
  CONFIG_COMMANDS = 
  $ ./config.status 

on szbcl06402

config.status:1199: creating jit-reader.h
config.status:1199: creating gcore
config.status:1199: creating Makefile
config.status:1199: creating gdb-gdb.gdb
config.status:1199: creating gdb-gdb.py
config.status:1199: creating doc/Makefile
config.status:1199: creating data-directory/Makefile
config.status:1199: creating config.h
config.status:1390: linking /home/koda.xu/github_prj/debug_tools/gdb/gdb-9.1/gdb/config/nm-linux.h to nm.h
config.status:1409: executing depdir commands
configure:20472: === configuring in testsuite (/home/koda.xu/github_prj/debug_tools/gdb/gdb-9.1/build/gdb/testsuite)
configure:20535: running /bin/sh /home/koda.xu/github_prj/debug_tools/gdb/gdb-9.1/gdb/testsuite/configure --disable-option-checking '--prefix=/home/koda.xu/github_prj/debug_tools/gdb/output/gdb-9.1/gcc_6.4.0'  '--program-transform-name=s&^&arm-linux-gnueabihf-6.4.0-&' '--build=x86_64-pc-linux-gnu' '--host=arm-linux' '--target=arm-linux' 'build_alias=x86_64-pc-linux-gnu' 'host_alias=arm-linux' 'target_alias=arm-linux' 'CC=arm-linux-gnueabihf-gcc' 'CFLAGS=-g -O2' 'LDFLAGS= ' 'CXX=arm-linux-gnueabihf-g++' 'CXXFLAGS=-g -O2' 'MAKEINFO=makeinfo --split-size=5000000' 'YACC=bison -y' --cache-file=.././config.cache --srcdir=/home/koda.xu/github_prj/debug_tools/gdb/gdb-9.1/gdb/testsuite
configure:20472: === configuring in gdbserver (/home/koda.xu/github_prj/debug_tools/gdb/gdb-9.1/build/gdb/gdbserver)
configure:20535: running /bin/sh /home/koda.xu/github_prj/debug_tools/gdb/gdb-9.1/gdb/gdbserver/configure --disable-option-checking '--prefix=/home/koda.xu/github_prj/debug_tools/gdb/output/gdb-9.1/gcc_6.4.0'  '--program-transform-name=s&^&arm-linux-gnueabihf-6.4.0-&' '--build=x86_64-pc-linux-gnu' '--host=arm-linux' '--target=arm-linux' 'build_alias=x86_64-pc-linux-gnu' 'host_alias=arm-linux' 'target_alias=arm-linux' 'CC=arm-linux-gnueabihf-gcc' 'CFLAGS=-g -O2' 'LDFLAGS= ' 'CXX=arm-linux-gnueabihf-g++' 'CXXFLAGS=-g -O2' 'MAKEINFO=makeinfo --split-size=5000000' 'YACC=bison -y' --cache-file=.././config.cache --srcdir=/home/koda.xu/github_prj/debug_tools/gdb/gdb-9.1/gdb/gdbserver

## ---------------- ##
## Cache variables. ##
## ---------------- ##

ac_cv_build=x86_64-pc-linux-gnu
ac_cv_c_bigendian=no
ac_cv_c_compiler_gnu=yes
ac_cv_c_const=yes
ac_cv_c_inline=inline
ac_cv_cxx_compiler_gnu=yes
ac_cv_env_CCC_set=
ac_cv_env_CCC_value=
ac_cv_env_CC_set=set
ac_cv_env_CC_value=arm-linux-gnueabihf-gcc
ac_cv_env_CFLAGS_set=set
ac_cv_env_CFLAGS_value='-g -O2'
ac_cv_env_CPPFLAGS_set=
ac_cv_env_CPPFLAGS_value=
ac_cv_env_CPP_set=
ac_cv_env_CPP_value=
ac_cv_env_CXXFLAGS_set=set
ac_cv_env_CXXFLAGS_value='-g -O2'
ac_cv_env_CXX_set=set
ac_cv_env_CXX_value=arm-linux-gnueabihf-g++
ac_cv_env_LDFLAGS_set=set
ac_cv_env_LDFLAGS_value=' '
ac_cv_env_LIBS_set=
ac_cv_env_LIBS_value=
ac_cv_env_MAKEINFOFLAGS_set=
ac_cv_env_MAKEINFOFLAGS_value=
ac_cv_env_MAKEINFO_set=set
ac_cv_env_MAKEINFO_value='makeinfo --split-size=5000000'
ac_cv_env_XMKMF_set=
ac_cv_env_XMKMF_value=
ac_cv_env_YACC_set=set
ac_cv_env_YACC_value='bison -y'
ac_cv_env_YFLAGS_set=
ac_cv_env_YFLAGS_value=
ac_cv_env_build_alias_set=set
ac_cv_env_build_alias_value=x86_64-pc-linux-gnu
ac_cv_env_host_alias_set=set
ac_cv_env_host_alias_value=arm-linux
ac_cv_env_target_alias_set=set
ac_cv_env_target_alias_value=arm-linux
ac_cv_func__mcleanup=yes
ac_cv_func_alloca_works=yes
ac_cv_func_btowc=yes
ac_cv_func_dladdr=yes
ac_cv_func_fdwalk=no
ac_cv_func_fork=yes
ac_cv_func_fork_works=yes
ac_cv_func_getauxval=yes
ac_cv_func_getgid=yes
ac_cv_func_getpagesize=yes
ac_cv_func_getpgid=yes
ac_cv_func_getrlimit=yes
ac_cv_func_getrusage=yes
ac_cv_func_getuid=yes
ac_cv_func_iconvlist=no
ac_cv_func_libiconvlist=no
ac_cv_func_mmap_fixed_mapped=no
ac_cv_func_monstartup=yes
ac_cv_func_pipe2=yes
ac_cv_func_pipe=yes
ac_cv_func_poll=yes
ac_cv_func_posix_madvise=yes
ac_cv_func_pread64=yes
ac_cv_func_pread=yes
ac_cv_func_pthread_setname_np=yes
ac_cv_func_pthread_sigmask=yes
ac_cv_func_ptrace64=no
ac_cv_func_pwrite=yes
ac_cv_func_resize_term=no
ac_cv_func_sbrk=yes
ac_cv_func_setlocale=yes
ac_cv_func_setns=yes
ac_cv_func_setpgid=yes
ac_cv_func_setpgrp=yes
ac_cv_func_setpgrp_void=yes
ac_cv_func_setrlimit=yes
ac_cv_func_setsid=yes
ac_cv_func_sigaction=yes
ac_cv_func_sigaltstack=yes
ac_cv_func_sigprocmask=yes
ac_cv_func_sigsetmask=yes
ac_cv_func_socketpair=yes
ac_cv_func_ttrace=no
ac_cv_func_use_default_colors=no
ac_cv_func_vfork=yes
ac_cv_func_vfork_works=yes
ac_cv_func_waitpid=yes
ac_cv_func_wborder=no
ac_cv_func_wresize=no
ac_cv_have_decl_ADDR_NO_RANDOMIZE=yes
ac_cv_have_decl_asprintf=yes
ac_cv_have_decl_basename_char_p_=yes
ac_cv_have_decl_ffs=yes
ac_cv_have_decl_perror=yes
ac_cv_have_decl_ptrace=yes
ac_cv_have_decl_snprintf=yes
ac_cv_have_decl_strstr=yes
ac_cv_have_decl_strtol=yes
ac_cv_have_decl_strtoll=yes
ac_cv_have_decl_strtoul=yes
ac_cv_have_decl_strtoull=yes
ac_cv_have_decl_strverscmp=yes
ac_cv_have_decl_vasprintf=yes
ac_cv_have_decl_vsnprintf=yes
ac_cv_have_x=have_x=no
ac_cv_header_arpa_inet_h=yes
ac_cv_header_cursesX_h=no
ac_cv_header_curses_h=no
ac_cv_header_dlfcn_h=yes
ac_cv_header_elf_hp_h=no
ac_cv_header_fcntl_h=yes
ac_cv_header_inttypes_h=yes
ac_cv_header_libunwind_ia64_h=no
ac_cv_header_linux_elf_h=yes
ac_cv_header_linux_perf_event_h=yes
ac_cv_header_locale_h=yes
ac_cv_header_machine_reg_h=no
ac_cv_header_memory_h=yes
ac_cv_header_minix_config_h=no
ac_cv_header_ncurses_h=no
ac_cv_header_ncurses_ncurses_h=no
ac_cv_header_ncurses_term_h=no
ac_cv_header_ncursesw_ncurses_h=no
ac_cv_header_netdb_h=yes
ac_cv_header_netinet_in_h=yes
ac_cv_header_netinet_tcp_h=yes
ac_cv_header_nlist_h=no
ac_cv_header_poll_h=yes
ac_cv_header_proc_service_h=yes
ac_cv_header_pthread_h=yes
ac_cv_header_ptrace_h=no
ac_cv_header_signal_h=yes
ac_cv_header_stdc=yes
ac_cv_header_stdint_h=yes
ac_cv_header_stdlib_h=yes
ac_cv_header_string_h=yes
ac_cv_header_strings_h=yes
ac_cv_header_sys_debugreg_h=no
ac_cv_header_sys_file_h=yes
ac_cv_header_sys_filio_h=no
ac_cv_header_sys_ioctl_h=yes
ac_cv_header_sys_param_h=yes
ac_cv_header_sys_poll_h=yes
ac_cv_header_sys_procfs_h=yes
ac_cv_header_sys_ptrace_h=yes
ac_cv_header_sys_reg_h=no
ac_cv_header_sys_resource_h=yes
ac_cv_header_sys_select_h=yes
ac_cv_header_sys_socket_h=yes
ac_cv_header_sys_stat_h=yes
ac_cv_header_sys_types_h=yes
ac_cv_header_sys_un_h=yes
ac_cv_header_sys_user_h=yes
ac_cv_header_sys_wait_h=yes
ac_cv_header_term_h=no
ac_cv_header_termios_h=yes
ac_cv_header_thread_db_h=yes
ac_cv_header_unistd_h=yes
ac_cv_header_vfork_h=no
ac_cv_header_wait_h=yes
ac_cv_header_windows_h=no
ac_cv_host=arm-unknown-linux-gnu
ac_cv_lib_dl_dlopen=yes
ac_cv_lib_m_main=yes
ac_cv_libbabeltrace=no
ac_cv_libexpat=no
ac_cv_libipt=no
ac_cv_liblzma=no
ac_cv_libmpfr=no
ac_cv_libxxhash=no
ac_cv_member_struct_ptrace_lwpinfo_pl_syscall_code=no
ac_cv_member_struct_ptrace_lwpinfo_pl_tdname=no
ac_cv_member_struct_reg_r_fs=no
ac_cv_member_struct_reg_r_gs=no
ac_cv_member_struct_stat_st_blksize=yes
ac_cv_member_struct_stat_st_blocks=yes
ac_cv_member_struct_thread_td_pcb=no
ac_cv_member_struct_user_regs_struct_fs_base=no
ac_cv_member_struct_user_regs_struct_gs_base=no
ac_cv_objext=o
ac_cv_path_EGREP='/bin/grep -E'
ac_cv_path_GREP=/bin/grep
ac_cv_path_SED=/bin/sed
ac_cv_path_XSLTPROC=/usr/bin/xsltproc
ac_cv_path_pkg_config_prog_path=/usr/bin/pkg-config
ac_cv_prog_AR=arm-linux-gnueabihf-ar
ac_cv_prog_AWK=gawk
ac_cv_prog_CC=arm-linux-gnueabihf-gcc
ac_cv_prog_CPP='arm-linux-gnueabihf-gcc -E'
ac_cv_prog_DLLTOOL=arm-linux-dlltool
ac_cv_prog_RANLIB=true
ac_cv_prog_WINDRES=arm-linux-windres
ac_cv_prog_YACC='bison -y'
ac_cv_prog_ac_ct_STRIP=strip
ac_cv_prog_cc_c89=
ac_cv_prog_cc_g=yes
ac_cv_prog_cxx_g=yes
ac_cv_safe_to_define___extensions__=yes
ac_cv_search_dlopen='none required'
ac_cv_search_dlsym=-ldl
ac_cv_search_gethostbyname='none required'
ac_cv_search_kinfo_getfile=no
ac_cv_search_kinfo_getvmmap=no
ac_cv_search_socketpair='none required'
ac_cv_search_tgetent=no
ac_cv_search_waddstr=no
ac_cv_sizeof_long_long=8
ac_cv_sizeof_unsigned___int128=0
ac_cv_sizeof_unsigned_long=4
ac_cv_sizeof_unsigned_long_long=8
ac_cv_sys_file_offset_bits=64
ac_cv_sys_largefile_CC=no
ac_cv_target=arm-unknown-linux-gnu
ac_cv_type_Elf32_auxv_t=yes
ac_cv_type_Elf64_auxv_t=yes
ac_cv_type_long_long=yes
ac_cv_type_pid_t=yes
ac_cv_type_size_t=yes
ac_cv_type_socklen_t=yes
ac_cv_var__etext=yes
ac_cv_var_etext=yes
ac_cv_working_alloca_h=yes
acl_cv_hardcode_direct=no
acl_cv_hardcode_libdir_flag_spec='${wl}-rpath ${wl}$libdir'
acl_cv_hardcode_libdir_separator=
acl_cv_hardcode_minus_L=no
acl_cv_libext=a
acl_cv_path_LD=arm-linux-gnueabihf-ld
acl_cv_prog_gnu_ld=yes
acl_cv_rpath=done
acl_cv_shlibext=so
acl_cv_wl=-Wl,
am_cv_CC_dependencies_compiler_type=gcc3
am_cv_func_iconv=yes
am_cv_langinfo_codeset=yes
am_cv_lib_iconv=no
am_cv_prog_cc_stdc=
am_cv_proto_iconv='extern size_t iconv (iconv_t cd, char * *inbuf, size_t *inbytesleft, char * *outbuf, size_t *outbytesleft);'
am_cv_proto_iconv_arg1=
am_cv_val_LC_MESSAGES=yes
ax_cv_PTHREAD_CLANG=no
ax_cv_PTHREAD_JOINABLE_ATTR=PTHREAD_CREATE_JOINABLE
ax_cv_PTHREAD_PRIO_INHERIT=yes
ax_cv_PTHREAD_SPECIAL_FLAGS=no
ax_cv_cxx_compile_cxx11=yes
bfd_cv_have_sys_procfs_type_elf_fpregset_t=yes
bfd_cv_have_sys_procfs_type_fpregset_t=no
bfd_cv_have_sys_procfs_type_gregset_t=no
bfd_cv_have_sys_procfs_type_lwpid_t=yes
bfd_cv_have_sys_procfs_type_prfpregset_t=yes
bfd_cv_have_sys_procfs_type_prgregset32_t=no
bfd_cv_have_sys_procfs_type_prgregset_t=yes
bfd_cv_have_sys_procfs_type_psaddr_t=yes
gdb_cv_c_long_double=yes
gdb_cv_c_long_long=yes
gdb_cv_cxx_std_thread=yes
gdb_cv_func_ptrace_args='enum __ptrace_request,int,long,long'
gdb_cv_func_ptrace_ret=long
gdb_cv_func_sigsetjmp=yes
gdb_cv_have_gnu_regex=yes
gdb_cv_have_makeinfo_click=yes
gdb_cv_have_pt_getdbregs=no
gdb_cv_have_pt_getxmmregs=no
gdb_cv_have_ptrace_getfpxregs=no
gdb_cv_have_ptrace_getregs=yes
gdb_cv_os_cygwin=no
gdb_cv_printf_has_decfloat=no
gdb_cv_printf_has_long_double=no
gdb_cv_printf_has_long_long=no
gdb_cv_scanf_has_long_double=no
gdb_cv_struct_lwp=no
gdb_cv_struct_reg=no
gdb_cv_thread_db_h_has_td_notalloc=yes
gdb_cv_thread_db_h_has_td_notls=yes
gdb_cv_thread_db_h_has_td_version=yes
gdb_cv_var_elf=yes
gdb_cv_var_macho=no
gdbsrv_cv_have_personality=true
gdbsrv_cv_have_ptrace_getfpxregs=no
gdbsrv_cv_have_ptrace_getregs=yes
gdbsrv_cv_have_sync_builtins=yes
gdbsrv_cv_have_td_version=yes
gdbsrv_cv_have_visibility_hidden=yes

## ----------------- ##
## Output variables. ##
## ----------------- ##

		linux-thread-db.o linux-nat.o nat/linux-osdata.o linux-fork.o \
		nat/linux-personality.o nat/linux-namespaces.o arm-linux-nat.o 		aarch32-linux-nat.o'
		nat/linux-procfs.o nat/linux-ptrace.o nat/linux-waitpid.o \
		proc-service.o \
ALLOCA=''
AR='arm-linux-gnueabihf-ar'
AWK='gawk'
CATALOGS=''
CATOBJEXT='.gmo'
CC='arm-linux-gnueabihf-gcc'
CCDEPMODE='depmode=gcc3'
CFLAGS='-g -O2'
CODESIGN_CERT=''
CONFIG_ALL=' all-po'
CONFIG_CLEAN=' clean-po'
CONFIG_DEPS=' $(SUBDIR_MI_DEPS)'
CONFIG_INSTALL=' install-po'
CONFIG_LDFLAGS=''
CONFIG_OBS=' $(SUBDIR_MI_OBS) stub-termcap.o python/python.o guile/guile.o elfread.o stap-probe.o dtrace-probe.o posix-hdep.o'
CONFIG_SRCS=' $(SUBDIR_MI_SRCS) python/python.c guile/guile.c'
CONFIG_UNINSTALL=' uninstall-po'
CPP='arm-linux-gnueabihf-gcc -E'
CPPFLAGS=''
CXX='arm-linux-gnueabihf-g++'
CXXFLAGS='-g -O2'
CXX_DIALECT=''
DATADIRNAME='share'
DEBUGDIR='${exec_prefix}/lib/debug'
DEFS='-DHAVE_CONFIG_H'
DEPDIR='.deps'
DLLTOOL='arm-linux-dlltool'
ECHO_C=''
ECHO_N='-n'
ECHO_T=''
EGREP='/bin/grep -E'
ENABLE_CFLAGS=' $(SUBDIR_MI_CFLAGS)'
EXEEXT=''
GCORE_TRANSFORM_NAME='arm-linux-gnueabihf-6.4.0-gcore'
GDBTKLIBS=''
GDBTK_CFLAGS=''
GDBTK_SRC_DIR=''
GDB_DATADIR='${datarootdir}/gdb'
GDB_NM_FILE='config/nm-linux.h'
GDB_TRANSFORM_NAME='arm-linux-gnueabihf-6.4.0-gdb'
GENCAT='gencat'
GMSGFMT='/usr/bin/msgfmt'
GREP='/bin/grep'
GUILD=''
GUILD_TARGET_FLAG=''
GUILE_CPPFLAGS=''
GUILE_LIBS=''
GUI_CFLAGS_X='-I/home/koda.xu/github_prj/debug_tools/gdb/gdb-9.1/gdb/../libgui/src'
HAVE_CXX11='1'
HAVE_GUILE_FALSE=''
HAVE_GUILE_TRUE='#'
HAVE_LIBBABELTRACE='no'
HAVE_LIBEXPAT='no'
HAVE_LIBIPT='no'
HAVE_LIBLZMA='no'
HAVE_LIBMPFR='no'
HAVE_LIBXXHASH='no'
HAVE_NATIVE_GCORE_HOST=''
HAVE_NATIVE_GCORE_TARGET='1'
HAVE_PYTHON_FALSE=''
HAVE_PYTHON_TRUE='#'
INCINTL=''
INSTALL_DATA='/usr/bin/install -c -m 644'
INSTALL_PROGRAM='/usr/bin/install -c'
INSTALL_SCRIPT='/usr/bin/install -c'
INSTALL_STRIP_PROGRAM='$(install_sh) -c -s'
INSTOBJEXT='.mo'
JIT_READER_DIR='${exec_prefix}/lib/gdb'
LDFLAGS=' '
LIBBABELTRACE=''
LIBEXPAT=''
LIBGUI='../libgui/src/libgui.a'
LIBICONV=''
LIBINTL=''
LIBINTL_DEP=''
LIBIPT=''
LIBLZMA=''
LIBMPFR=''
LIBOBJS=''
LIBS='-lm -ldl '
LIBXXHASH=''
LN_S='ln -s'
LOADLIBES='-ldl $(RDYNAMIC)'
LTLIBBABELTRACE=''
LTLIBEXPAT=''
LTLIBICONV=''
LTLIBIPT=''
LTLIBLZMA=''
LTLIBMPFR=''
LTLIBOBJS=''
LTLIBXXHASH=''
MAINT='#'
MAINTAINER_MODE_FALSE=''
MAINTAINER_MODE_TRUE='#'
MAKEINFO='makeinfo --split-size=5000000'
MAKEINFOFLAGS=''
MAKEINFO_EXTRA_FLAGS=' -DHAVE_MAKEINFO_CLICK'
MH_CFLAGS=''
MIG=''
NATDEPFILES='inf-ptrace.o fork-child.o nat/fork-inferior.o \
NAT_CDEPS='$(srcdir)/proc-service.list'
NAT_FILE='config/nm-linux.h'
NAT_GENERATED_FILES=''
NM_H='nm.h'
OBJEXT='o'
PACKAGE='gdb'
PACKAGE_BUGREPORT=''
PACKAGE_NAME=''
PACKAGE_STRING=''
PACKAGE_TARNAME=''
PACKAGE_URL=''
PACKAGE_VERSION=''
PATH_SEPARATOR=':'
PKGVERSION='(GDB) '
POSUB='po'
PROFILE_CFLAGS=''
PTHREAD_CC='arm-linux-gnueabihf-gcc'
PTHREAD_CFLAGS='-pthread'
PTHREAD_LIBS=''
PYTHON_CFLAGS=''
PYTHON_CPPFLAGS=''
PYTHON_LIBS=''
RANLIB='true'
RDYNAMIC='-Wl,--dynamic-list=$(srcdir)/proc-service.list'
READLINE='$(READLINE_DIR)/libreadline.a'
READLINE_CFLAGS='-I$(READLINE_SRC)/..'
READLINE_DEPS='$(READLINE)'
READLINE_TEXI_INCFLAG='-I $(READLINE_DIR)'
REPORT_BUGS_TEXI='@uref{http://www.gnu.org/software/gdb/bugs/}'
REPORT_BUGS_TO='<http://www.gnu.org/software/gdb/bugs/>'
SED='/bin/sed'
SER_HARDWIRE='ser-base.o ser-unix.o ser-pipe.o ser-tcp.o ser-uds.o'
SHELL='/bin/sh'
SIM=''
SIM_OBS=''
SRCHIGH_CFLAGS=''
SRCHIGH_LIBS=''
STRIP='strip'
SYSTEM_GDBINIT=''
SYSTEM_GDBINIT_DIR=''
TARGET_OBS=' aarch32-tdep.o arch/aarch32.o arch/arm.o arch/arm-get-next-pcs.o arm-tdep.o arch/arm-linux.o arm-linux-tdep.o glibc-tdep.o solib-svr4.o symfile-mem.o linux-tdep.o linux-record.o'
TARGET_PTR='unsigned long long'
TARGET_SYSTEM_ROOT=''
TCL_BIN_DIR=''
TCL_DEPS=''
TCL_INCLUDE=''
TCL_LIBRARY=''
TCL_LIB_FILE=''
TCL_LIB_FLAG=''
TCL_LIB_SPEC=''
TCL_PATCH_LEVEL=''
TCL_SRC_DIR=''
TCL_STUB_LIB_FILE=''
TCL_STUB_LIB_FLAG=''
TCL_STUB_LIB_SPEC=''
TCL_VERSION=''
TK_BIN_DIR=''
TK_DEPS=''
TK_INCLUDE=''
TK_LIBRARY=''
TK_LIB_FILE=''
TK_LIB_FLAG=''
TK_LIB_SPEC=''
TK_SRC_DIR=''
TK_STUB_LIB_FILE=''
TK_STUB_LIB_FLAG=''
TK_STUB_LIB_SPEC=''
TK_VERSION=''
TK_XINCLUDES=''
USE_NLS='yes'
WARN_CFLAGS=' -Wall -Wpointer-arith -Wno-unused -Wunused-value -Wunused-variable -Wunused-function -Wno-switch -Wno-char-subscripts -Wempty-body -Wunused-but-set-parameter -Wunused-but-set-variable -Wno-sign-compare -Wno-error=maybe-uninitialized -Wsuggest-override -Wduplicated-cond -Wformat -Wformat-nonliteral'
WERROR_CFLAGS=''
WIN32LDAPP=''
WIN32LIBS=''
WINDRES='arm-linux-windres'
XGETTEXT='/usr/bin/xgettext'
XMKMF=''
XM_CLIBS=''
XSLTPROC='/usr/bin/xsltproc'
X_CFLAGS=''
X_LDFLAGS=''
X_LIBS=''
YACC='bison -y'
YFLAGS=''
ac_ct_CC=''
ac_ct_CXX=''
am__leading_dot='.'
ax_pthread_config=''
bindir='${exec_prefix}/bin'
build='x86_64-pc-linux-gnu'
build_alias='x86_64-pc-linux-gnu'
build_cpu='x86_64'
build_os='linux-gnu'
build_vendor='pc'
datadir='${datarootdir}'
datarootdir='${prefix}/share'
docdir='${datarootdir}/doc/${PACKAGE}'
dvidir='${docdir}'
exec_prefix='${prefix}'
host='arm-unknown-linux-gnu'
host_alias='arm-linux'
host_cpu='arm'
host_os='linux-gnu'
host_vendor='unknown'
htmldir='${docdir}'
includedir='${prefix}/include'
infodir='${datarootdir}/info'
install_sh='${SHELL} /home/koda.xu/github_prj/debug_tools/gdb/gdb-9.1/install-sh'
libdir='${exec_prefix}/lib'
libexecdir='${exec_prefix}/libexec'
localedir='${datadir}/locale'
localstatedir='${prefix}/var'
mandir='${datarootdir}/man'
oldincludedir='/usr/include'
pdfdir='${docdir}'
pkg_config_prog_path='/usr/bin/pkg-config'
prefix='/home/koda.xu/github_prj/debug_tools/gdb/output/gdb-9.1/gcc_6.4.0'
program_transform_name='s&^&arm-linux-gnueabihf-6.4.0-&'
psdir='${docdir}'
python_prog_path=''
sbindir='${exec_prefix}/sbin'
sharedstatedir='${prefix}/com'
subdirs=' testsuite gdbserver'
sysconfdir='${prefix}/etc'
target='arm-unknown-linux-gnu'
target_alias='arm-linux'
target_cpu='arm'
target_os='linux-gnu'
target_subdir=''
target_vendor='unknown'
zlibdir='-L$(top_builddir)/../zlib'
zlibinc='-I$(top_srcdir)/../zlib'

## ------------------- ##
## File substitutions. ##
## ------------------- ##

nat_makefile_frag='/dev/null'

## ----------- ##
## confdefs.h. ##
## ----------- ##

/* confdefs.h */
#define PACKAGE_NAME ""
#define PACKAGE_TARNAME ""
#define PACKAGE_VERSION ""
#define PACKAGE_STRING ""
#define PACKAGE_BUGREPORT ""
#define PACKAGE_URL ""
#define STDC_HEADERS 1
#define HAVE_SYS_TYPES_H 1
#define HAVE_SYS_STAT_H 1
#define HAVE_STDLIB_H 1
#define HAVE_STRING_H 1
#define HAVE_MEMORY_H 1
#define HAVE_STRINGS_H 1
#define HAVE_INTTYPES_H 1
#define HAVE_STDINT_H 1
#define HAVE_UNISTD_H 1
#define __EXTENSIONS__ 1
#define _ALL_SOURCE 1
#define _GNU_SOURCE 1
#define _POSIX_PTHREAD_SEMANTICS 1
#define _TANDEM_SOURCE 1
#define HAVE_DLFCN_H 1
#define _FILE_OFFSET_BITS 64
#define HAVE_CXX11 1
#define ENABLE_NLS 1
#define PACKAGE "gdb"
#define DEBUGDIR "/home/koda.xu/github_prj/debug_tools/gdb/output/gdb-9.1/gcc_6.4.0/lib/debug"
#define DEBUGDIR_RELOCATABLE 1
#define BINDIR "/home/koda.xu/github_prj/debug_tools/gdb/output/gdb-9.1/gcc_6.4.0/bin"
#define GDB_DATADIR "/home/koda.xu/github_prj/debug_tools/gdb/output/gdb-9.1/gcc_6.4.0/share/gdb"
#define GDB_DATADIR_RELOCATABLE 1
#define AUTO_LOAD_DIR "$debugdir:$datadir/auto-load"
#define AUTO_LOAD_SAFE_PATH "$debugdir:$datadir/auto-load"
#define DEFAULT_BFD_ARCH bfd_arm_arch
#define DEFAULT_BFD_VEC arm_elf32_le_vec
#define HAVE_MONSTARTUP 1
#define HAVE__MCLEANUP 1
#define HAVE__ETEXT 1
#define HAVE_ETEXT 1
#define PKGVERSION "(GDB) "
#define REPORT_BUGS_TO "<http://www.gnu.org/software/gdb/bugs/>"
#define HAVE_LIBM 1
#define HAVE_ICONV 1
#define ICONV_CONST 
#define SIZEOF_UNSIGNED_LONG_LONG 8
#define SIZEOF_UNSIGNED_LONG 4
#define SIZEOF_UNSIGNED___INT128 0
#define JIT_READER_DIR "/home/koda.xu/github_prj/debug_tools/gdb/output/gdb-9.1/gcc_6.4.0/lib/gdb"
#define JIT_READER_DIR_RELOCATABLE 1
#define STDC_HEADERS 1
#define HAVE_POLL_H 1
#define HAVE_SYS_POLL_H 1
#define HAVE_PROC_SERVICE_H 1
#define HAVE_THREAD_DB_H 1
#define HAVE_LINUX_ELF_H 1
#define HAVE_SYS_FILE_H 1
#define HAVE_SYS_IOCTL_H 1
#define HAVE_SYS_PARAM_H 1
#define HAVE_SYS_RESOURCE_H 1
#define HAVE_SYS_PROCFS_H 1
#define HAVE_SYS_PTRACE_H 1
#define HAVE_SYS_SELECT_H 1
#define HAVE_TERMIOS_H 1
#define HAVE_SYS_USER_H 1
#define HAVE_LONG_LONG 1
#define SIZEOF_LONG_LONG 8
#define HAVE_DECL_BASENAME 1
#define HAVE_DECL_FFS 1
#define HAVE_DECL_ASPRINTF 1
#define HAVE_DECL_VASPRINTF 1
#define HAVE_DECL_SNPRINTF 1
#define HAVE_DECL_VSNPRINTF 1
#define HAVE_DECL_STRTOL 1
#define HAVE_DECL_STRTOUL 1
#define HAVE_DECL_STRTOLL 1
#define HAVE_DECL_STRTOULL 1
#define HAVE_DECL_STRVERSCMP 1
#define HAVE_DECL_SNPRINTF 1
#define HAVE_LC_MESSAGES 1
#define HAVE_STRUCT_STAT_ST_BLOCKS 1
#define HAVE_STRUCT_STAT_ST_BLKSIZE 1
#define HAVE_SOCKLEN_T 1
#define HAVE_STDLIB_H 1
#define HAVE_UNISTD_H 1
#define HAVE_SYS_PARAM_H 1
#define HAVE_GETPAGESIZE 1
#define HAVE_FORK 1
#define HAVE_VFORK 1
#define HAVE_WORKING_VFORK 1
#define HAVE_WORKING_FORK 1
#define HAVE_GETAUXVAL 1
#define HAVE_GETRUSAGE 1
#define HAVE_GETUID 1
#define HAVE_GETGID 1
#define HAVE_PIPE 1
#define HAVE_POLL 1
#define HAVE_PREAD 1
#define HAVE_PREAD64 1
#define HAVE_PWRITE 1
#define HAVE_SBRK 1
#define HAVE_GETPGID 1
#define HAVE_SETPGID 1
#define HAVE_SETPGRP 1
#define HAVE_SETSID 1
#define HAVE_SIGACTION 1
#define HAVE_SIGSETMASK 1
#define HAVE_SOCKETPAIR 1
#define HAVE_SETLOCALE 1
#define HAVE_BTOWC 1
#define HAVE_SETRLIMIT 1
#define HAVE_GETRLIMIT 1
#define HAVE_POSIX_MADVISE 1
#define HAVE_WAITPID 1
#define HAVE_SIGALTSTACK 1
#define HAVE_SETNS 1
#define HAVE_LANGINFO_CODESET 1
#define STDC_HEADERS 1
#define HAVE_ALLOCA_H 1
#define HAVE_ALLOCA 1
#define HAVE_LANGINFO_CODESET 1
#define HAVE_LINUX_PERF_EVENT_H 1
#define HAVE_LOCALE_H 1
#define HAVE_MEMORY_H 1
#define HAVE_SIGNAL_H 1
#define HAVE_SYS_RESOURCE_H 1
#define HAVE_SYS_SOCKET_H 1
#define HAVE_SYS_UN_H 1
#define HAVE_SYS_WAIT_H 1
#define HAVE_THREAD_DB_H 1
#define HAVE_WAIT_H 1
#define HAVE_TERMIOS_H 1
#define HAVE_DLFCN_H 1
#define HAVE_GETRLIMIT 1
#define HAVE_PIPE 1
#define HAVE_PIPE2 1
#define HAVE_SOCKETPAIR 1
#define HAVE_SIGACTION 1
#define HAVE_SIGPROCMASK 1
#define HAVE_DECL_STRSTR 1
#define HAVE_PTHREAD_PRIO_INHERIT 1
#define HAVE_PTHREAD_SIGMASK 1
#define HAVE_PTHREAD_SETNAME_NP 1
#define CXX_STD_THREAD 1
#define HAVE_SIGSETJMP 1
#define HAVE_SYS_PTRACE_H 1
#define HAVE_DECL_PTRACE 1
#define PTRACE_TYPE_RET long
#define PTRACE_TYPE_ARG1 enum __ptrace_request
#define PTRACE_TYPE_ARG3 long
#define PTRACE_TYPE_ARG4 long
#define SETPGRP_VOID 1
#define HAVE_PTRACE_GETREGS 1
#define HAVE_PRGREGSET_T 1
#define HAVE_PRFPREGSET_T 1
#define HAVE_LWPID_T 1
#define HAVE_PSADDR_T 1
#define HAVE_ELF_FPREGSET_T 1
#define HAVE_LONG_DOUBLE 1
#define THREAD_DB_HAS_TD_NOTALLOC 1
#define THREAD_DB_HAS_TD_VERSION 1
#define THREAD_DB_HAS_TD_NOTLS 1
#define HAVE_DECL_ADDR_NO_RANDOMIZE 1
#define HAVE_PERSONALITY 1
#define GDBINIT ".gdbinit"
#define TARGET_SYSTEM_ROOT ""
#define TARGET_SYSTEM_ROOT_RELOCATABLE 0
#define SYSTEM_GDBINIT ""
#define SYSTEM_GDBINIT_RELOCATABLE 0
#define SYSTEM_GDBINIT_DIR ""
#define SYSTEM_GDBINIT_DIR_RELOCATABLE 0
#define HAVE_ELF 1
#define GDB_HOST_FLOAT_FORMAT 0
#define GDB_HOST_DOUBLE_FORMAT 0
#define GDB_HOST_LONG_DOUBLE_FORMAT 0
#define GDB_OSABI_DEFAULT GDB_OSABI_LINUX
#define GDB_NM_FILE "config/nm-linux.h"
#define GDB_DEFAULT_HOST_CHARSET "UTF-8"

configure: exit 0
